**** The Simulator log: stage 2
0.0,OOP_Ex0_Elevator_Simulator
0.0,Simulated Building, ex0.simulator.Builging_A [-2,10]
0) ex0.simulator.Elevator_A, Elev_0, speed: 1.0, open/close: 2.0,  start/stop: 3.0
1) ex0.simulator.Elevator_A, Elev_1, speed: 1.0, open/close: 2.0,  start/stop: 3.0
0.0,Simulated Period starTime,0.0,  endTime,1000.0,  dt,1.0
0.0,Simulated  calls,Elevetor log, size: 100
0.0,**** Simulation starts!! ****
5.0,Elevator call,4.374727290393253,0,-1,1,0, got allocated to elevator, 0
5.0, elevID,0,  pos,-2,  cmd, goto,0
17.0,Elevator call,16.957882888088932,-1,0,1,1, got allocated to elevator, 1
17.0,Elev,0,  arrived at src, 0, Elevator call,4.374727290393253,0,-1,2,0
17.0, elevID,0,  pos,0,  cmd, goto,0
17.0, elevID,0,  pos,0,  cmd, goto,-1
17.0, elevID,1,  pos,-2,  cmd, goto,-1
23.0,Elevator call,22.094056301593582,0,-1,1,1, got allocated to elevator, 1
28.0,Elev,0,  arrived at dest, -1, this call is done!, Elevator call,4.374727290393253,0,-1,3,0, Done, dt, 23.625272709606747
28.0, elevID,0,  pos,-1,  cmd, goto,0
28.0,Elev,1,  arrived at src, -1, Elevator call,16.957882888088932,-1,0,2,1
28.0, elevID,1,  pos,-1,  cmd, goto,-1
28.0, elevID,1,  pos,-1,  cmd, goto,0
39.0, elevID,0,  pos,0,  cmd, goto,0
39.0, elevID,0,  pos,0,  cmd, goto,-1
39.0,Elev,1,  arrived at dest, 0, this call is done!, Elevator call,16.957882888088932,-1,0,3,1, Done, dt, 22.042117111911068
39.0,Elev,1,  arrived at src, 0, Elevator call,22.094056301593582,0,-1,2,1
39.0, elevID,1,  pos,0,  cmd, goto,-1
50.0, elevID,0,  pos,-1,  cmd, goto,0
50.0,Elev,1,  arrived at dest, -1, this call is done!, Elevator call,22.094056301593582,0,-1,3,1, Done, dt, 27.905943698406418
50.0, elevID,1,  pos,-1,  cmd, goto,-1
50.0, elevID,1,  pos,-1,  cmd, goto,0
61.0, elevID,0,  pos,0,  cmd, goto,0
61.0, elevID,0,  pos,0,  cmd, goto,-1
61.0, elevID,1,  pos,0,  cmd, goto,-1
72.0, elevID,0,  pos,-1,  cmd, goto,0
72.0, elevID,1,  pos,-1,  cmd, goto,-1
72.0, elevID,1,  pos,-1,  cmd, goto,0
83.0, elevID,0,  pos,0,  cmd, goto,0
83.0, elevID,0,  pos,0,  cmd, goto,-1
83.0, elevID,1,  pos,0,  cmd, goto,-1
86.0,Elevator call,85.5209666204754,3,2,1,0, got allocated to elevator, 0
92.0,Elevator call,91.21019413453945,-1,-2,1,1, got allocated to elevator, 1
94.0, elevID,0,  pos,-1,  cmd, goto,0
94.0,Elev,1,  arrived at src, -1, Elevator call,91.21019413453945,-1,-2,2,1
94.0, elevID,1,  pos,-1,  cmd, goto,-1
94.0, elevID,1,  pos,-1,  cmd, goto,0
105.0,Elevator call,104.13701241869234,0,4,1,0, got allocated to elevator, 0
105.0,Elev,0,  arrived at src, 0, Elevator call,104.13701241869234,0,4,2,0
105.0, elevID,0,  pos,0,  cmd, goto,0
105.0, elevID,0,  pos,0,  cmd, goto,-1
105.0, elevID,1,  pos,0,  cmd, goto,-1
110.0,Elevator call,109.21352909346587,-1,0,1,1, got allocated to elevator, 1
115.0,Elevator call,114.39235096774041,3,0,1,0, got allocated to elevator, 0
116.0, elevID,0,  pos,-1,  cmd, goto,0
116.0,Elev,1,  arrived at src, -1, Elevator call,109.21352909346587,-1,0,2,1
116.0, elevID,1,  pos,-1,  cmd, goto,-1
116.0, elevID,1,  pos,-1,  cmd, goto,0
125.0,Elevator call,124.42557095980362,0,9,1,1, got allocated to elevator, 1
127.0, elevID,0,  pos,0,  cmd, goto,0
127.0, elevID,0,  pos,0,  cmd, goto,-1
127.0,Elev,1,  arrived at dest, 0, this call is done!, Elevator call,109.21352909346587,-1,0,3,1, Done, dt, 17.786470906534134
127.0,Elev,1,  arrived at src, 0, Elevator call,124.42557095980362,0,9,2,1
127.0, elevID,1,  pos,0,  cmd, goto,-1
131.0,Elevator call,130.02495678190564,8,10,1,0, got allocated to elevator, 0
131.0,Elevator call,130.224911275492,-1,1,1,1, got allocated to elevator, 1
138.0,Elevator call,137.9515274326701,0,4,1,1, got allocated to elevator, 1
138.0, elevID,0,  pos,-1,  cmd, goto,0
138.0,Elev,1,  arrived at src, -1, Elevator call,130.224911275492,-1,1,2,1
138.0, elevID,1,  pos,-1,  cmd, goto,-1
, elevID,1,  pos,-1,  WRONG cmd, stop,0,  the elevator is not moving!
138.0, elevID,1,  pos,-1,  cmd, goto,0
, elevID,1,  pos,-1,  WRONG cmd, stop,0,  the elevator is not moving!
, elevID,1,  pos,-1,  WRONG cmd, stop,0,  the elevator is not moving!
, elevID,1,  pos,-1,  WRONG cmd, stop,0,  the elevator is not moving!
, elevID,1,  pos,-1,  WRONG cmd, stop,0,  the elevator is not moving!
, elevID,1,  pos,-1,  WRONG cmd, stop,0,  the elevator is not moving!
144.0,Elevator call,143.91335838799415,0,6,1,0, got allocated to elevator, 0
, elevID,1,  pos,0,  WRONG cmd, stop,0,  the elevator is not moving!
, elevID,1,  pos,0,  WRONG cmd, stop,0,  the elevator is not moving!
, elevID,1,  pos,0,  WRONG cmd, stop,0,  the elevator is not moving!
, elevID,1,  pos,0,  WRONG cmd, stop,0,  the elevator is not moving!
, elevID,1,  pos,0,  WRONG cmd, stop,0,  the elevator is not moving!
149.0,Elev,0,  arrived at src, 0, Elevator call,143.91335838799415,0,6,2,0
149.0, elevID,0,  pos,0,  cmd, goto,0
149.0, elevID,0,  pos,0,  cmd, goto,-1
149.0,Elev,1,  arrived at src, 0, Elevator call,137.9515274326701,0,4,2,1
149.0, elevID,1,  pos,0,  cmd, goto,-1
, elevID,1,  pos,0,  cmd, stop,0
, elevID,1,  pos,0,  WRONG cmd, stop,0,  the elevator is not moving!
, elevID,1,  pos,0,  WRONG cmd, stop,0,  the elevator is not moving!
, elevID,1,  pos,0,  WRONG cmd, stop,0,  the elevator is not moving!
, elevID,1,  pos,0,  WRONG cmd, stop,0,  the elevator is not moving!
, elevID,1,  pos,0,  WRONG cmd, stop,0,  the elevator is not moving!
, elevID,1,  pos,0,  WRONG cmd, stop,0,  the elevator is not moving!
, elevID,1,  pos,0,  WRONG cmd, stop,0,  the elevator is not moving!
, elevID,1,  pos,0,  WRONG cmd, stop,0,  the elevator is not moving!
, elevID,1,  pos,0,  WRONG cmd, stop,0,  the elevator is not moving!
159.0, elevID,1,  pos,0,  cmd, goto,-1
, elevID,1,  pos,0,  cmd, stop,0
160.0, elevID,0,  pos,-1,  cmd, goto,0
, elevID,1,  pos,0,  WRONG cmd, stop,0,  the elevator is not moving!
, elevID,1,  pos,0,  WRONG cmd, stop,0,  the elevator is not moving!
, elevID,1,  pos,0,  WRONG cmd, stop,0,  the elevator is not moving!
, elevID,1,  pos,0,  WRONG cmd, stop,0,  the elevator is not moving!
, elevID,1,  pos,0,  WRONG cmd, stop,0,  the elevator is not moving!
, elevID,1,  pos,0,  WRONG cmd, stop,0,  the elevator is not moving!
, elevID,1,  pos,0,  WRONG cmd, stop,0,  the elevator is not moving!
, elevID,1,  pos,0,  WRONG cmd, stop,0,  the elevator is not moving!
, elevID,1,  pos,0,  WRONG cmd, stop,0,  the elevator is not moving!
169.0, elevID,1,  pos,0,  cmd, goto,-1
, elevID,1,  pos,0,  cmd, stop,0
170.0,Elevator call,169.78458339380109,-1,0,1,0, got allocated to elevator, 0
, elevID,1,  pos,0,  WRONG cmd, stop,0,  the elevator is not moving!
171.0,Elevator call,170.0099620835246,0,6,1,1, got allocated to elevator, 1
171.0, elevID,0,  pos,0,  cmd, goto,0
171.0, elevID,0,  pos,0,  cmd, goto,-1
, elevID,1,  pos,0,  WRONG cmd, stop,0,  the elevator is not moving!
172.0,Elevator call,171.21173315221364,-1,8,1,0, got allocated to elevator, 0
, elevID,1,  pos,0,  WRONG cmd, stop,0,  the elevator is not moving!
, elevID,1,  pos,0,  WRONG cmd, stop,0,  the elevator is not moving!
, elevID,1,  pos,0,  WRONG cmd, stop,0,  the elevator is not moving!
175.0,Elevator call,174.84385152106802,0,-1,1,1, got allocated to elevator, 1
, elevID,1,  pos,0,  WRONG cmd, stop,0,  the elevator is not moving!
, elevID,1,  pos,0,  WRONG cmd, stop,0,  the elevator is not moving!
, elevID,1,  pos,0,  WRONG cmd, stop,0,  the elevator is not moving!
, elevID,1,  pos,0,  WRONG cmd, stop,0,  the elevator is not moving!
179.0,Elev,1,  arrived at src, 0, Elevator call,170.0099620835246,0,6,2,1
179.0,Elev,1,  arrived at src, 0, Elevator call,174.84385152106802,0,-1,2,1
179.0, elevID,1,  pos,0,  cmd, goto,-1
, elevID,1,  pos,0,  cmd, stop,0
, elevID,1,  pos,0,  WRONG cmd, stop,0,  the elevator is not moving!
, elevID,1,  pos,0,  WRONG cmd, stop,0,  the elevator is not moving!
182.0,Elev,0,  arrived at src, -1, Elevator call,169.78458339380109,-1,0,2,0
182.0,Elev,0,  arrived at src, -1, Elevator call,171.21173315221364,-1,8,2,0
182.0, elevID,0,  pos,-1,  cmd, goto,0
, elevID,1,  pos,0,  WRONG cmd, stop,0,  the elevator is not moving!
, elevID,1,  pos,0,  WRONG cmd, stop,0,  the elevator is not moving!
, elevID,1,  pos,0,  WRONG cmd, stop,0,  the elevator is not moving!
, elevID,1,  pos,0,  WRONG cmd, stop,0,  the elevator is not moving!
, elevID,1,  pos,0,  WRONG cmd, stop,0,  the elevator is not moving!
, elevID,1,  pos,0,  WRONG cmd, stop,0,  the elevator is not moving!
188.0,Elevator call,187.11678617348463,-1,-2,1,1, got allocated to elevator, 1
188.0,Elevator call,187.7299317966884,-1,-2,1,1, got allocated to elevator, 1
, elevID,1,  pos,0,  WRONG cmd, stop,0,  the elevator is not moving!
189.0, elevID,1,  pos,0,  cmd, goto,-1
, elevID,1,  pos,0,  cmd, stop,0
, elevID,1,  pos,0,  WRONG cmd, stop,0,  the elevator is not moving!
, elevID,1,  pos,0,  WRONG cmd, stop,0,  the elevator is not moving!
, elevID,1,  pos,0,  WRONG cmd, stop,0,  the elevator is not moving!
193.0,Elev,0,  arrived at dest, 0, this call is done!, Elevator call,169.78458339380109,-1,0,3,0, Done, dt, 23.215416606198914
193.0, elevID,0,  pos,0,  cmd, goto,0
193.0, elevID,0,  pos,0,  cmd, goto,-1
, elevID,1,  pos,0,  WRONG cmd, stop,0,  the elevator is not moving!
, elevID,1,  pos,0,  WRONG cmd, stop,0,  the elevator is not moving!
, elevID,1,  pos,0,  WRONG cmd, stop,0,  the elevator is not moving!
196.0,Elevator call,195.90869649656992,0,7,1,0, got allocated to elevator, 0
, elevID,1,  pos,0,  WRONG cmd, stop,0,  the elevator is not moving!
, elevID,1,  pos,0,  WRONG cmd, stop,0,  the elevator is not moving!
198.0,Elevator call,197.5359191292572,-1,1,1,0, got allocated to elevator, 0
, elevID,1,  pos,0,  WRONG cmd, stop,0,  the elevator is not moving!
199.0, elevID,1,  pos,0,  cmd, goto,-1
, elevID,1,  pos,0,  cmd, stop,0
, elevID,1,  pos,0,  WRONG cmd, stop,0,  the elevator is not moving!
, elevID,1,  pos,0,  WRONG cmd, stop,0,  the elevator is not moving!
, elevID,1,  pos,0,  WRONG cmd, stop,0,  the elevator is not moving!
, elevID,1,  pos,0,  WRONG cmd, stop,0,  the elevator is not moving!
204.0,Elev,0,  arrived at src, -1, Elevator call,197.5359191292572,-1,1,2,0
204.0, elevID,0,  pos,-1,  cmd, goto,0
, elevID,1,  pos,0,  WRONG cmd, stop,0,  the elevator is not moving!
, elevID,1,  pos,0,  WRONG cmd, stop,0,  the elevator is not moving!
206.0,Elevator call,205.9895199338651,-1,0,1,1, got allocated to elevator, 1
, elevID,1,  pos,0,  WRONG cmd, stop,0,  the elevator is not moving!
, elevID,1,  pos,0,  WRONG cmd, stop,0,  the elevator is not moving!
, elevID,1,  pos,0,  WRONG cmd, stop,0,  the elevator is not moving!
209.0, elevID,1,  pos,0,  cmd, goto,-1
, elevID,1,  pos,0,  cmd, stop,0
, elevID,1,  pos,0,  WRONG cmd, stop,0,  the elevator is not moving!
, elevID,1,  pos,0,  WRONG cmd, stop,0,  the elevator is not moving!
, elevID,1,  pos,0,  WRONG cmd, stop,0,  the elevator is not moving!
, elevID,1,  pos,0,  WRONG cmd, stop,0,  the elevator is not moving!
, elevID,1,  pos,0,  WRONG cmd, stop,0,  the elevator is not moving!
215.0,Elev,0,  arrived at src, 0, Elevator call,195.90869649656992,0,7,2,0
215.0, elevID,0,  pos,0,  cmd, goto,0
215.0, elevID,0,  pos,0,  cmd, goto,-1
, elevID,1,  pos,0,  WRONG cmd, stop,0,  the elevator is not moving!
, elevID,1,  pos,0,  WRONG cmd, stop,0,  the elevator is not moving!
, elevID,1,  pos,0,  WRONG cmd, stop,0,  the elevator is not moving!
, elevID,1,  pos,0,  WRONG cmd, stop,0,  the elevator is not moving!
219.0, elevID,1,  pos,0,  cmd, goto,-1
, elevID,1,  pos,0,  cmd, stop,0
, elevID,1,  pos,0,  WRONG cmd, stop,0,  the elevator is not moving!
, elevID,1,  pos,0,  WRONG cmd, stop,0,  the elevator is not moving!
, elevID,1,  pos,0,  WRONG cmd, stop,0,  the elevator is not moving!
, elevID,1,  pos,0,  WRONG cmd, stop,0,  the elevator is not moving!
, elevID,1,  pos,0,  WRONG cmd, stop,0,  the elevator is not moving!
, elevID,1,  pos,0,  WRONG cmd, stop,0,  the elevator is not moving!
226.0, elevID,0,  pos,-1,  cmd, goto,0
, elevID,1,  pos,0,  WRONG cmd, stop,0,  the elevator is not moving!
, elevID,1,  pos,0,  WRONG cmd, stop,0,  the elevator is not moving!
228.0,Elevator call,227.0798304557929,-1,5,1,0, got allocated to elevator, 0
, elevID,1,  pos,0,  WRONG cmd, stop,0,  the elevator is not moving!
229.0, elevID,1,  pos,0,  cmd, goto,-1
, elevID,1,  pos,0,  cmd, stop,0
, elevID,1,  pos,0,  WRONG cmd, stop,0,  the elevator is not moving!
, elevID,1,  pos,0,  WRONG cmd, stop,0,  the elevator is not moving!
232.0,Elevator call,231.51578817426258,-1,0,1,1, got allocated to elevator, 1
, elevID,1,  pos,0,  WRONG cmd, stop,0,  the elevator is not moving!
233.0,Elevator call,232.95043623946805,0,-1,1,0, got allocated to elevator, 0
, elevID,1,  pos,0,  WRONG cmd, stop,0,  the elevator is not moving!
, elevID,1,  pos,0,  WRONG cmd, stop,0,  the elevator is not moving!
, elevID,1,  pos,0,  WRONG cmd, stop,0,  the elevator is not moving!
, elevID,1,  pos,0,  WRONG cmd, stop,0,  the elevator is not moving!
237.0,Elev,0,  arrived at src, 0, Elevator call,232.95043623946805,0,-1,2,0
237.0, elevID,0,  pos,0,  cmd, goto,0
237.0, elevID,0,  pos,0,  cmd, goto,-1
, elevID,1,  pos,0,  WRONG cmd, stop,0,  the elevator is not moving!
, elevID,1,  pos,0,  WRONG cmd, stop,0,  the elevator is not moving!
239.0, elevID,1,  pos,0,  cmd, goto,-1
, elevID,1,  pos,0,  cmd, stop,0
, elevID,1,  pos,0,  WRONG cmd, stop,0,  the elevator is not moving!
, elevID,1,  pos,0,  WRONG cmd, stop,0,  the elevator is not moving!
, elevID,1,  pos,0,  WRONG cmd, stop,0,  the elevator is not moving!
, elevID,1,  pos,0,  WRONG cmd, stop,0,  the elevator is not moving!
, elevID,1,  pos,0,  WRONG cmd, stop,0,  the elevator is not moving!
, elevID,1,  pos,0,  WRONG cmd, stop,0,  the elevator is not moving!
, elevID,1,  pos,0,  WRONG cmd, stop,0,  the elevator is not moving!
, elevID,1,  pos,0,  WRONG cmd, stop,0,  the elevator is not moving!
248.0,Elev,0,  arrived at src, -1, Elevator call,227.0798304557929,-1,5,2,0
248.0,Elev,0,  arrived at dest, -1, this call is done!, Elevator call,232.95043623946805,0,-1,3,0, Done, dt, 15.049563760531953
248.0, elevID,0,  pos,-1,  cmd, goto,0
, elevID,1,  pos,0,  WRONG cmd, stop,0,  the elevator is not moving!
249.0, elevID,1,  pos,0,  cmd, goto,-1
, elevID,1,  pos,0,  cmd, stop,0
, elevID,1,  pos,0,  WRONG cmd, stop,0,  the elevator is not moving!
, elevID,1,  pos,0,  WRONG cmd, stop,0,  the elevator is not moving!
252.0,Elevator call,251.10444690749756,-1,-2,1,1, got allocated to elevator, 1
252.0,Elevator call,251.23593354161653,0,9,1,0, got allocated to elevator, 0
, elevID,1,  pos,0,  WRONG cmd, stop,0,  the elevator is not moving!
, elevID,1,  pos,0,  WRONG cmd, stop,0,  the elevator is not moving!
, elevID,1,  pos,0,  WRONG cmd, stop,0,  the elevator is not moving!
255.0,Elevator call,254.69771525200505,3,4,1,0, got allocated to elevator, 0
, elevID,1,  pos,0,  WRONG cmd, stop,0,  the elevator is not moving!
, elevID,1,  pos,0,  WRONG cmd, stop,0,  the elevator is not moving!
, elevID,1,  pos,0,  WRONG cmd, stop,0,  the elevator is not moving!
258.0,Elevator call,257.7974435335086,-1,0,1,1, got allocated to elevator, 1
, elevID,1,  pos,0,  WRONG cmd, stop,0,  the elevator is not moving!
259.0,Elev,0,  arrived at src, 0, Elevator call,251.23593354161653,0,9,2,0
259.0, elevID,0,  pos,0,  cmd, goto,0
259.0, elevID,0,  pos,0,  cmd, goto,-1
259.0, elevID,1,  pos,0,  cmd, goto,-1
, elevID,1,  pos,0,  cmd, stop,0
, elevID,1,  pos,0,  WRONG cmd, stop,0,  the elevator is not moving!
, elevID,1,  pos,0,  WRONG cmd, stop,0,  the elevator is not moving!
, elevID,1,  pos,0,  WRONG cmd, stop,0,  the elevator is not moving!
, elevID,1,  pos,0,  WRONG cmd, stop,0,  the elevator is not moving!
, elevID,1,  pos,0,  WRONG cmd, stop,0,  the elevator is not moving!
, elevID,1,  pos,0,  WRONG cmd, stop,0,  the elevator is not moving!
, elevID,1,  pos,0,  WRONG cmd, stop,0,  the elevator is not moving!
, elevID,1,  pos,0,  WRONG cmd, stop,0,  the elevator is not moving!
, elevID,1,  pos,0,  WRONG cmd, stop,0,  the elevator is not moving!
269.0, elevID,1,  pos,0,  cmd, goto,-1
, elevID,1,  pos,0,  cmd, stop,0
270.0, elevID,0,  pos,-1,  cmd, goto,0
, elevID,1,  pos,0,  WRONG cmd, stop,0,  the elevator is not moving!
, elevID,1,  pos,0,  WRONG cmd, stop,0,  the elevator is not moving!
, elevID,1,  pos,0,  WRONG cmd, stop,0,  the elevator is not moving!
, elevID,1,  pos,0,  WRONG cmd, stop,0,  the elevator is not moving!
, elevID,1,  pos,0,  WRONG cmd, stop,0,  the elevator is not moving!
, elevID,1,  pos,0,  WRONG cmd, stop,0,  the elevator is not moving!
, elevID,1,  pos,0,  WRONG cmd, stop,0,  the elevator is not moving!
, elevID,1,  pos,0,  WRONG cmd, stop,0,  the elevator is not moving!
, elevID,1,  pos,0,  WRONG cmd, stop,0,  the elevator is not moving!
279.0, elevID,1,  pos,0,  cmd, goto,-1
, elevID,1,  pos,0,  cmd, stop,0
, elevID,1,  pos,0,  WRONG cmd, stop,0,  the elevator is not moving!
281.0, elevID,0,  pos,0,  cmd, goto,0
281.0, elevID,0,  pos,0,  cmd, goto,-1
, elevID,1,  pos,0,  WRONG cmd, stop,0,  the elevator is not moving!
, elevID,1,  pos,0,  WRONG cmd, stop,0,  the elevator is not moving!
, elevID,1,  pos,0,  WRONG cmd, stop,0,  the elevator is not moving!
, elevID,1,  pos,0,  WRONG cmd, stop,0,  the elevator is not moving!
, elevID,1,  pos,0,  WRONG cmd, stop,0,  the elevator is not moving!
, elevID,1,  pos,0,  WRONG cmd, stop,0,  the elevator is not moving!
, elevID,1,  pos,0,  WRONG cmd, stop,0,  the elevator is not moving!
, elevID,1,  pos,0,  WRONG cmd, stop,0,  the elevator is not moving!
289.0, elevID,1,  pos,0,  cmd, goto,-1
, elevID,1,  pos,0,  cmd, stop,0
, elevID,1,  pos,0,  WRONG cmd, stop,0,  the elevator is not moving!
, elevID,1,  pos,0,  WRONG cmd, stop,0,  the elevator is not moving!
292.0, elevID,0,  pos,-1,  cmd, goto,0
, elevID,1,  pos,0,  WRONG cmd, stop,0,  the elevator is not moving!
, elevID,1,  pos,0,  WRONG cmd, stop,0,  the elevator is not moving!
, elevID,1,  pos,0,  WRONG cmd, stop,0,  the elevator is not moving!
, elevID,1,  pos,0,  WRONG cmd, stop,0,  the elevator is not moving!
296.0,Elevator call,295.7943356681491,0,1,1,0, got allocated to elevator, 0
, elevID,1,  pos,0,  WRONG cmd, stop,0,  the elevator is not moving!
, elevID,1,  pos,0,  WRONG cmd, stop,0,  the elevator is not moving!
, elevID,1,  pos,0,  WRONG cmd, stop,0,  the elevator is not moving!
299.0, elevID,1,  pos,0,  cmd, goto,-1
, elevID,1,  pos,0,  cmd, stop,0
, elevID,1,  pos,0,  WRONG cmd, stop,0,  the elevator is not moving!
, elevID,1,  pos,0,  WRONG cmd, stop,0,  the elevator is not moving!
, elevID,1,  pos,0,  WRONG cmd, stop,0,  the elevator is not moving!
303.0,Elev,0,  arrived at src, 0, Elevator call,295.7943356681491,0,1,2,0
303.0, elevID,0,  pos,0,  cmd, goto,0
303.0, elevID,0,  pos,0,  cmd, goto,-1
, elevID,1,  pos,0,  WRONG cmd, stop,0,  the elevator is not moving!
, elevID,1,  pos,0,  WRONG cmd, stop,0,  the elevator is not moving!
305.0,Elevator call,304.99843880775313,6,0,1,1, got allocated to elevator, 1
, elevID,1,  pos,0,  WRONG cmd, stop,0,  the elevator is not moving!
, elevID,1,  pos,0,  WRONG cmd, stop,0,  the elevator is not moving!
, elevID,1,  pos,0,  WRONG cmd, stop,0,  the elevator is not moving!
, elevID,1,  pos,0,  WRONG cmd, stop,0,  the elevator is not moving!
309.0, elevID,1,  pos,0,  cmd, goto,-1
, elevID,1,  pos,0,  cmd, stop,0
310.0,Elevator call,309.30053828560517,0,-1,1,1, got allocated to elevator, 1
, elevID,1,  pos,0,  WRONG cmd, stop,0,  the elevator is not moving!
, elevID,1,  pos,0,  WRONG cmd, stop,0,  the elevator is not moving!
, elevID,1,  pos,0,  WRONG cmd, stop,0,  the elevator is not moving!
313.0,Elevator call,312.30185564398687,0,-1,1,0, got allocated to elevator, 0
, elevID,1,  pos,0,  WRONG cmd, stop,0,  the elevator is not moving!
314.0, elevID,0,  pos,-1,  cmd, goto,0
, elevID,1,  pos,0,  WRONG cmd, stop,0,  the elevator is not moving!
, elevID,1,  pos,0,  WRONG cmd, stop,0,  the elevator is not moving!
, elevID,1,  pos,0,  WRONG cmd, stop,0,  the elevator is not moving!
317.0,Elevator call,316.03237827404377,0,-1,1,1, got allocated to elevator, 1
, elevID,1,  pos,0,  WRONG cmd, stop,0,  the elevator is not moving!
, elevID,1,  pos,0,  WRONG cmd, stop,0,  the elevator is not moving!
319.0,Elev,1,  arrived at src, 0, Elevator call,309.30053828560517,0,-1,2,1
319.0,Elev,1,  arrived at src, 0, Elevator call,316.03237827404377,0,-1,2,1
319.0, elevID,1,  pos,0,  cmd, goto,-1
, elevID,1,  pos,0,  cmd, stop,0
320.0,Elevator call,319.90520204415634,6,5,1,0, got allocated to elevator, 0
, elevID,1,  pos,0,  WRONG cmd, stop,0,  the elevator is not moving!
321.0,Elevator call,320.97607492210807,-1,0,1,1, got allocated to elevator, 1
, elevID,1,  pos,0,  WRONG cmd, stop,0,  the elevator is not moving!
322.0,Elevator call,321.37040904796595,7,-1,1,0, got allocated to elevator, 0
, elevID,1,  pos,0,  WRONG cmd, stop,0,  the elevator is not moving!
, elevID,1,  pos,0,  WRONG cmd, stop,0,  the elevator is not moving!
, elevID,1,  pos,0,  WRONG cmd, stop,0,  the elevator is not moving!
325.0,Elev,0,  arrived at src, 0, Elevator call,312.30185564398687,0,-1,2,0
325.0, elevID,0,  pos,0,  cmd, goto,0
325.0, elevID,0,  pos,0,  cmd, goto,-1
, elevID,1,  pos,0,  WRONG cmd, stop,0,  the elevator is not moving!
, elevID,1,  pos,0,  WRONG cmd, stop,0,  the elevator is not moving!
, elevID,1,  pos,0,  WRONG cmd, stop,0,  the elevator is not moving!
, elevID,1,  pos,0,  WRONG cmd, stop,0,  the elevator is not moving!
329.0, elevID,1,  pos,0,  cmd, goto,-1
, elevID,1,  pos,0,  cmd, stop,0
, elevID,1,  pos,0,  WRONG cmd, stop,0,  the elevator is not moving!
, elevID,1,  pos,0,  WRONG cmd, stop,0,  the elevator is not moving!
, elevID,1,  pos,0,  WRONG cmd, stop,0,  the elevator is not moving!
333.0,Elevator call,332.4267319393355,0,10,1,0, got allocated to elevator, 0
, elevID,1,  pos,0,  WRONG cmd, stop,0,  the elevator is not moving!
, elevID,1,  pos,0,  WRONG cmd, stop,0,  the elevator is not moving!
, elevID,1,  pos,0,  WRONG cmd, stop,0,  the elevator is not moving!
336.0,Elev,0,  arrived at dest, -1, this call is done!, Elevator call,312.30185564398687,0,-1,3,0, Done, dt, 23.69814435601313
336.0, elevID,0,  pos,-1,  cmd, goto,0
, elevID,1,  pos,0,  WRONG cmd, stop,0,  the elevator is not moving!
337.0,Elevator call,336.93043046159545,-1,0,1,1, got allocated to elevator, 1
, elevID,1,  pos,0,  WRONG cmd, stop,0,  the elevator is not moving!
, elevID,1,  pos,0,  WRONG cmd, stop,0,  the elevator is not moving!
339.0, elevID,1,  pos,0,  cmd, goto,-1
, elevID,1,  pos,0,  cmd, stop,0
, elevID,1,  pos,0,  WRONG cmd, stop,0,  the elevator is not moving!
, elevID,1,  pos,0,  WRONG cmd, stop,0,  the elevator is not moving!
, elevID,1,  pos,0,  WRONG cmd, stop,0,  the elevator is not moving!
, elevID,1,  pos,0,  WRONG cmd, stop,0,  the elevator is not moving!
, elevID,1,  pos,0,  WRONG cmd, stop,0,  the elevator is not moving!
, elevID,1,  pos,0,  WRONG cmd, stop,0,  the elevator is not moving!
, elevID,1,  pos,0,  WRONG cmd, stop,0,  the elevator is not moving!
347.0,Elev,0,  arrived at src, 0, Elevator call,332.4267319393355,0,10,2,0
347.0, elevID,0,  pos,0,  cmd, goto,0
347.0, elevID,0,  pos,0,  cmd, goto,-1
, elevID,1,  pos,0,  WRONG cmd, stop,0,  the elevator is not moving!
, elevID,1,  pos,0,  WRONG cmd, stop,0,  the elevator is not moving!
349.0, elevID,1,  pos,0,  cmd, goto,-1
, elevID,1,  pos,0,  cmd, stop,0
, elevID,1,  pos,0,  WRONG cmd, stop,0,  the elevator is not moving!
, elevID,1,  pos,0,  WRONG cmd, stop,0,  the elevator is not moving!
, elevID,1,  pos,0,  WRONG cmd, stop,0,  the elevator is not moving!
, elevID,1,  pos,0,  WRONG cmd, stop,0,  the elevator is not moving!
, elevID,1,  pos,0,  WRONG cmd, stop,0,  the elevator is not moving!
, elevID,1,  pos,0,  WRONG cmd, stop,0,  the elevator is not moving!
, elevID,1,  pos,0,  WRONG cmd, stop,0,  the elevator is not moving!
, elevID,1,  pos,0,  WRONG cmd, stop,0,  the elevator is not moving!
358.0, elevID,0,  pos,-1,  cmd, goto,0
, elevID,1,  pos,0,  WRONG cmd, stop,0,  the elevator is not moving!
359.0, elevID,1,  pos,0,  cmd, goto,-1
, elevID,1,  pos,0,  cmd, stop,0
, elevID,1,  pos,0,  WRONG cmd, stop,0,  the elevator is not moving!
, elevID,1,  pos,0,  WRONG cmd, stop,0,  the elevator is not moving!
, elevID,1,  pos,0,  WRONG cmd, stop,0,  the elevator is not moving!
, elevID,1,  pos,0,  WRONG cmd, stop,0,  the elevator is not moving!
, elevID,1,  pos,0,  WRONG cmd, stop,0,  the elevator is not moving!
, elevID,1,  pos,0,  WRONG cmd, stop,0,  the elevator is not moving!
, elevID,1,  pos,0,  WRONG cmd, stop,0,  the elevator is not moving!
, elevID,1,  pos,0,  WRONG cmd, stop,0,  the elevator is not moving!
, elevID,1,  pos,0,  WRONG cmd, stop,0,  the elevator is not moving!
369.0, elevID,0,  pos,0,  cmd, goto,0
369.0, elevID,0,  pos,0,  cmd, goto,-1
369.0, elevID,1,  pos,0,  cmd, goto,-1
, elevID,1,  pos,0,  cmd, stop,0
, elevID,1,  pos,0,  WRONG cmd, stop,0,  the elevator is not moving!
, elevID,1,  pos,0,  WRONG cmd, stop,0,  the elevator is not moving!
, elevID,1,  pos,0,  WRONG cmd, stop,0,  the elevator is not moving!
, elevID,1,  pos,0,  WRONG cmd, stop,0,  the elevator is not moving!
, elevID,1,  pos,0,  WRONG cmd, stop,0,  the elevator is not moving!
, elevID,1,  pos,0,  WRONG cmd, stop,0,  the elevator is not moving!
376.0,Elevator call,375.49048095381363,1,0,1,1, got allocated to elevator, 1
, elevID,1,  pos,0,  WRONG cmd, stop,0,  the elevator is not moving!
, elevID,1,  pos,0,  WRONG cmd, stop,0,  the elevator is not moving!
, elevID,1,  pos,0,  WRONG cmd, stop,0,  the elevator is not moving!
379.0, elevID,1,  pos,0,  cmd, goto,-1
, elevID,1,  pos,0,  cmd, stop,0
380.0, elevID,0,  pos,-1,  cmd, goto,0
, elevID,1,  pos,0,  WRONG cmd, stop,0,  the elevator is not moving!
, elevID,1,  pos,0,  WRONG cmd, stop,0,  the elevator is not moving!
, elevID,1,  pos,0,  WRONG cmd, stop,0,  the elevator is not moving!
, elevID,1,  pos,0,  WRONG cmd, stop,0,  the elevator is not moving!
, elevID,1,  pos,0,  WRONG cmd, stop,0,  the elevator is not moving!
, elevID,1,  pos,0,  WRONG cmd, stop,0,  the elevator is not moving!
, elevID,1,  pos,0,  WRONG cmd, stop,0,  the elevator is not moving!
, elevID,1,  pos,0,  WRONG cmd, stop,0,  the elevator is not moving!
, elevID,1,  pos,0,  WRONG cmd, stop,0,  the elevator is not moving!
389.0, elevID,1,  pos,0,  cmd, goto,-1
, elevID,1,  pos,0,  cmd, stop,0
, elevID,1,  pos,0,  WRONG cmd, stop,0,  the elevator is not moving!
391.0, elevID,0,  pos,0,  cmd, goto,0
391.0, elevID,0,  pos,0,  cmd, goto,-1
, elevID,1,  pos,0,  WRONG cmd, stop,0,  the elevator is not moving!
, elevID,1,  pos,0,  WRONG cmd, stop,0,  the elevator is not moving!
393.0,Elevator call,392.5160764870397,0,5,1,1, got allocated to elevator, 1
, elevID,1,  pos,0,  WRONG cmd, stop,0,  the elevator is not moving!
, elevID,1,  pos,0,  WRONG cmd, stop,0,  the elevator is not moving!
, elevID,1,  pos,0,  WRONG cmd, stop,0,  the elevator is not moving!
, elevID,1,  pos,0,  WRONG cmd, stop,0,  the elevator is not moving!
, elevID,1,  pos,0,  WRONG cmd, stop,0,  the elevator is not moving!
, elevID,1,  pos,0,  WRONG cmd, stop,0,  the elevator is not moving!
399.0,Elev,1,  arrived at src, 0, Elevator call,392.5160764870397,0,5,2,1
399.0, elevID,1,  pos,0,  cmd, goto,-1
, elevID,1,  pos,0,  cmd, stop,0
, elevID,1,  pos,0,  WRONG cmd, stop,0,  the elevator is not moving!
, elevID,1,  pos,0,  WRONG cmd, stop,0,  the elevator is not moving!
402.0, elevID,0,  pos,-1,  cmd, goto,0
, elevID,1,  pos,0,  WRONG cmd, stop,0,  the elevator is not moving!
, elevID,1,  pos,0,  WRONG cmd, stop,0,  the elevator is not moving!
, elevID,1,  pos,0,  WRONG cmd, stop,0,  the elevator is not moving!
, elevID,1,  pos,0,  WRONG cmd, stop,0,  the elevator is not moving!
406.0,Elevator call,405.1821140884023,-1,10,1,0, got allocated to elevator, 0
, elevID,1,  pos,0,  WRONG cmd, stop,0,  the elevator is not moving!
, elevID,1,  pos,0,  WRONG cmd, stop,0,  the elevator is not moving!
, elevID,1,  pos,0,  WRONG cmd, stop,0,  the elevator is not moving!
409.0, elevID,1,  pos,0,  cmd, goto,-1
, elevID,1,  pos,0,  cmd, stop,0
, elevID,1,  pos,0,  WRONG cmd, stop,0,  the elevator is not moving!
, elevID,1,  pos,0,  WRONG cmd, stop,0,  the elevator is not moving!
, elevID,1,  pos,0,  WRONG cmd, stop,0,  the elevator is not moving!
413.0, elevID,0,  pos,0,  cmd, goto,0
413.0, elevID,0,  pos,0,  cmd, goto,-1
, elevID,1,  pos,0,  WRONG cmd, stop,0,  the elevator is not moving!
, elevID,1,  pos,0,  WRONG cmd, stop,0,  the elevator is not moving!
, elevID,1,  pos,0,  WRONG cmd, stop,0,  the elevator is not moving!
, elevID,1,  pos,0,  WRONG cmd, stop,0,  the elevator is not moving!
, elevID,1,  pos,0,  WRONG cmd, stop,0,  the elevator is not moving!
, elevID,1,  pos,0,  WRONG cmd, stop,0,  the elevator is not moving!
419.0, elevID,1,  pos,0,  cmd, goto,-1
, elevID,1,  pos,0,  cmd, stop,0
, elevID,1,  pos,0,  WRONG cmd, stop,0,  the elevator is not moving!
, elevID,1,  pos,0,  WRONG cmd, stop,0,  the elevator is not moving!
, elevID,1,  pos,0,  WRONG cmd, stop,0,  the elevator is not moving!
, elevID,1,  pos,0,  WRONG cmd, stop,0,  the elevator is not moving!
424.0,Elev,0,  arrived at src, -1, Elevator call,405.1821140884023,-1,10,2,0
424.0, elevID,0,  pos,-1,  cmd, goto,0
, elevID,1,  pos,0,  WRONG cmd, stop,0,  the elevator is not moving!
, elevID,1,  pos,0,  WRONG cmd, stop,0,  the elevator is not moving!
, elevID,1,  pos,0,  WRONG cmd, stop,0,  the elevator is not moving!
427.0,Elevator call,426.8615805478589,2,0,1,1, got allocated to elevator, 1
, elevID,1,  pos,0,  WRONG cmd, stop,0,  the elevator is not moving!
, elevID,1,  pos,0,  WRONG cmd, stop,0,  the elevator is not moving!
429.0, elevID,1,  pos,0,  cmd, goto,-1
, elevID,1,  pos,0,  cmd, stop,0
, elevID,1,  pos,0,  WRONG cmd, stop,0,  the elevator is not moving!
, elevID,1,  pos,0,  WRONG cmd, stop,0,  the elevator is not moving!
, elevID,1,  pos,0,  WRONG cmd, stop,0,  the elevator is not moving!
, elevID,1,  pos,0,  WRONG cmd, stop,0,  the elevator is not moving!
, elevID,1,  pos,0,  WRONG cmd, stop,0,  the elevator is not moving!
435.0, elevID,0,  pos,0,  cmd, goto,0
435.0, elevID,0,  pos,0,  cmd, goto,-1
, elevID,1,  pos,0,  WRONG cmd, stop,0,  the elevator is not moving!
, elevID,1,  pos,0,  WRONG cmd, stop,0,  the elevator is not moving!
, elevID,1,  pos,0,  WRONG cmd, stop,0,  the elevator is not moving!
438.0,Elevator call,437.17111576125836,1,0,1,0, got allocated to elevator, 0
, elevID,1,  pos,0,  WRONG cmd, stop,0,  the elevator is not moving!
439.0, elevID,1,  pos,0,  cmd, goto,-1
, elevID,1,  pos,0,  cmd, stop,0
, elevID,1,  pos,0,  WRONG cmd, stop,0,  the elevator is not moving!
, elevID,1,  pos,0,  WRONG cmd, stop,0,  the elevator is not moving!
, elevID,1,  pos,0,  WRONG cmd, stop,0,  the elevator is not moving!
, elevID,1,  pos,0,  WRONG cmd, stop,0,  the elevator is not moving!
, elevID,1,  pos,0,  WRONG cmd, stop,0,  the elevator is not moving!
, elevID,1,  pos,0,  WRONG cmd, stop,0,  the elevator is not moving!
446.0, elevID,0,  pos,-1,  cmd, goto,0
, elevID,1,  pos,0,  WRONG cmd, stop,0,  the elevator is not moving!
, elevID,1,  pos,0,  WRONG cmd, stop,0,  the elevator is not moving!
, elevID,1,  pos,0,  WRONG cmd, stop,0,  the elevator is not moving!
449.0, elevID,1,  pos,0,  cmd, goto,-1
, elevID,1,  pos,0,  cmd, stop,0
, elevID,1,  pos,0,  WRONG cmd, stop,0,  the elevator is not moving!
, elevID,1,  pos,0,  WRONG cmd, stop,0,  the elevator is not moving!
, elevID,1,  pos,0,  WRONG cmd, stop,0,  the elevator is not moving!
, elevID,1,  pos,0,  WRONG cmd, stop,0,  the elevator is not moving!
, elevID,1,  pos,0,  WRONG cmd, stop,0,  the elevator is not moving!
, elevID,1,  pos,0,  WRONG cmd, stop,0,  the elevator is not moving!
, elevID,1,  pos,0,  WRONG cmd, stop,0,  the elevator is not moving!
457.0, elevID,0,  pos,0,  cmd, goto,0
457.0, elevID,0,  pos,0,  cmd, goto,-1
, elevID,1,  pos,0,  WRONG cmd, stop,0,  the elevator is not moving!
, elevID,1,  pos,0,  WRONG cmd, stop,0,  the elevator is not moving!
459.0, elevID,1,  pos,0,  cmd, goto,-1
, elevID,1,  pos,0,  cmd, stop,0
, elevID,1,  pos,0,  WRONG cmd, stop,0,  the elevator is not moving!
, elevID,1,  pos,0,  WRONG cmd, stop,0,  the elevator is not moving!
, elevID,1,  pos,0,  WRONG cmd, stop,0,  the elevator is not moving!
, elevID,1,  pos,0,  WRONG cmd, stop,0,  the elevator is not moving!
, elevID,1,  pos,0,  WRONG cmd, stop,0,  the elevator is not moving!
, elevID,1,  pos,0,  WRONG cmd, stop,0,  the elevator is not moving!
, elevID,1,  pos,0,  WRONG cmd, stop,0,  the elevator is not moving!
, elevID,1,  pos,0,  WRONG cmd, stop,0,  the elevator is not moving!
468.0, elevID,0,  pos,-1,  cmd, goto,0
, elevID,1,  pos,0,  WRONG cmd, stop,0,  the elevator is not moving!
469.0, elevID,1,  pos,0,  cmd, goto,-1
, elevID,1,  pos,0,  cmd, stop,0
, elevID,1,  pos,0,  WRONG cmd, stop,0,  the elevator is not moving!
, elevID,1,  pos,0,  WRONG cmd, stop,0,  the elevator is not moving!
, elevID,1,  pos,0,  WRONG cmd, stop,0,  the elevator is not moving!
473.0,Elevator call,472.7445473930129,10,-1,1,1, got allocated to elevator, 1
, elevID,1,  pos,0,  WRONG cmd, stop,0,  the elevator is not moving!
, elevID,1,  pos,0,  WRONG cmd, stop,0,  the elevator is not moving!
, elevID,1,  pos,0,  WRONG cmd, stop,0,  the elevator is not moving!
, elevID,1,  pos,0,  WRONG cmd, stop,0,  the elevator is not moving!
, elevID,1,  pos,0,  WRONG cmd, stop,0,  the elevator is not moving!
, elevID,1,  pos,0,  WRONG cmd, stop,0,  the elevator is not moving!
479.0, elevID,0,  pos,0,  cmd, goto,0
479.0, elevID,0,  pos,0,  cmd, goto,-1
479.0, elevID,1,  pos,0,  cmd, goto,-1
, elevID,1,  pos,0,  cmd, stop,0
, elevID,1,  pos,0,  WRONG cmd, stop,0,  the elevator is not moving!
, elevID,1,  pos,0,  WRONG cmd, stop,0,  the elevator is not moving!
, elevID,1,  pos,0,  WRONG cmd, stop,0,  the elevator is not moving!
, elevID,1,  pos,0,  WRONG cmd, stop,0,  the elevator is not moving!
, elevID,1,  pos,0,  WRONG cmd, stop,0,  the elevator is not moving!
, elevID,1,  pos,0,  WRONG cmd, stop,0,  the elevator is not moving!
, elevID,1,  pos,0,  WRONG cmd, stop,0,  the elevator is not moving!
, elevID,1,  pos,0,  WRONG cmd, stop,0,  the elevator is not moving!
, elevID,1,  pos,0,  WRONG cmd, stop,0,  the elevator is not moving!
489.0, elevID,1,  pos,0,  cmd, goto,-1
, elevID,1,  pos,0,  cmd, stop,0
490.0, elevID,0,  pos,-1,  cmd, goto,0
, elevID,1,  pos,0,  WRONG cmd, stop,0,  the elevator is not moving!
, elevID,1,  pos,0,  WRONG cmd, stop,0,  the elevator is not moving!
, elevID,1,  pos,0,  WRONG cmd, stop,0,  the elevator is not moving!
, elevID,1,  pos,0,  WRONG cmd, stop,0,  the elevator is not moving!
, elevID,1,  pos,0,  WRONG cmd, stop,0,  the elevator is not moving!
, elevID,1,  pos,0,  WRONG cmd, stop,0,  the elevator is not moving!
, elevID,1,  pos,0,  WRONG cmd, stop,0,  the elevator is not moving!
, elevID,1,  pos,0,  WRONG cmd, stop,0,  the elevator is not moving!
, elevID,1,  pos,0,  WRONG cmd, stop,0,  the elevator is not moving!
499.0, elevID,1,  pos,0,  cmd, goto,-1
, elevID,1,  pos,0,  cmd, stop,0
, elevID,1,  pos,0,  WRONG cmd, stop,0,  the elevator is not moving!
501.0,Elevator call,500.3712044996745,8,-1,1,0, got allocated to elevator, 0
501.0, elevID,0,  pos,0,  cmd, goto,0
501.0, elevID,0,  pos,0,  cmd, goto,-1
, elevID,1,  pos,0,  WRONG cmd, stop,0,  the elevator is not moving!
, elevID,1,  pos,0,  WRONG cmd, stop,0,  the elevator is not moving!
, elevID,1,  pos,0,  WRONG cmd, stop,0,  the elevator is not moving!
504.0,Elevator call,503.13847841893045,1,-1,1,1, got allocated to elevator, 1
, elevID,1,  pos,0,  WRONG cmd, stop,0,  the elevator is not moving!
505.0,Elevator call,504.4317942159655,0,-1,1,0, got allocated to elevator, 0
, elevID,1,  pos,0,  WRONG cmd, stop,0,  the elevator is not moving!
, elevID,1,  pos,0,  WRONG cmd, stop,0,  the elevator is not moving!
, elevID,1,  pos,0,  WRONG cmd, stop,0,  the elevator is not moving!
, elevID,1,  pos,0,  WRONG cmd, stop,0,  the elevator is not moving!
509.0, elevID,1,  pos,0,  cmd, goto,-1
, elevID,1,  pos,0,  cmd, stop,0
, elevID,1,  pos,0,  WRONG cmd, stop,0,  the elevator is not moving!
, elevID,1,  pos,0,  WRONG cmd, stop,0,  the elevator is not moving!
512.0, elevID,0,  pos,-1,  cmd, goto,0
, elevID,1,  pos,0,  WRONG cmd, stop,0,  the elevator is not moving!
, elevID,1,  pos,0,  WRONG cmd, stop,0,  the elevator is not moving!
, elevID,1,  pos,0,  WRONG cmd, stop,0,  the elevator is not moving!
, elevID,1,  pos,0,  WRONG cmd, stop,0,  the elevator is not moving!
, elevID,1,  pos,0,  WRONG cmd, stop,0,  the elevator is not moving!
, elevID,1,  pos,0,  WRONG cmd, stop,0,  the elevator is not moving!
, elevID,1,  pos,0,  WRONG cmd, stop,0,  the elevator is not moving!
519.0, elevID,1,  pos,0,  cmd, goto,-1
, elevID,1,  pos,0,  cmd, stop,0
, elevID,1,  pos,0,  WRONG cmd, stop,0,  the elevator is not moving!
, elevID,1,  pos,0,  WRONG cmd, stop,0,  the elevator is not moving!
, elevID,1,  pos,0,  WRONG cmd, stop,0,  the elevator is not moving!
523.0,Elev,0,  arrived at src, 0, Elevator call,504.4317942159655,0,-1,2,0
523.0, elevID,0,  pos,0,  cmd, goto,0
523.0, elevID,0,  pos,0,  cmd, goto,-1
, elevID,1,  pos,0,  WRONG cmd, stop,0,  the elevator is not moving!
, elevID,1,  pos,0,  WRONG cmd, stop,0,  the elevator is not moving!
, elevID,1,  pos,0,  WRONG cmd, stop,0,  the elevator is not moving!
, elevID,1,  pos,0,  WRONG cmd, stop,0,  the elevator is not moving!
, elevID,1,  pos,0,  WRONG cmd, stop,0,  the elevator is not moving!
, elevID,1,  pos,0,  WRONG cmd, stop,0,  the elevator is not moving!
529.0, elevID,1,  pos,0,  cmd, goto,-1
, elevID,1,  pos,0,  cmd, stop,0
530.0,Elevator call,529.6277472128405,3,-1,1,1, got allocated to elevator, 1
, elevID,1,  pos,0,  WRONG cmd, stop,0,  the elevator is not moving!
, elevID,1,  pos,0,  WRONG cmd, stop,0,  the elevator is not moving!
, elevID,1,  pos,0,  WRONG cmd, stop,0,  the elevator is not moving!
, elevID,1,  pos,0,  WRONG cmd, stop,0,  the elevator is not moving!
534.0,Elev,0,  arrived at dest, -1, this call is done!, Elevator call,504.4317942159655,0,-1,3,0, Done, dt, 29.56820578403449
534.0, elevID,0,  pos,-1,  cmd, goto,0
, elevID,1,  pos,0,  WRONG cmd, stop,0,  the elevator is not moving!
, elevID,1,  pos,0,  WRONG cmd, stop,0,  the elevator is not moving!
, elevID,1,  pos,0,  WRONG cmd, stop,0,  the elevator is not moving!
, elevID,1,  pos,0,  WRONG cmd, stop,0,  the elevator is not moving!
538.0,Elevator call,537.7866883694313,-1,6,1,0, got allocated to elevator, 0
, elevID,1,  pos,0,  WRONG cmd, stop,0,  the elevator is not moving!
539.0, elevID,1,  pos,0,  cmd, goto,-1
, elevID,1,  pos,0,  cmd, stop,0
, elevID,1,  pos,0,  WRONG cmd, stop,0,  the elevator is not moving!
, elevID,1,  pos,0,  WRONG cmd, stop,0,  the elevator is not moving!
, elevID,1,  pos,0,  WRONG cmd, stop,0,  the elevator is not moving!
, elevID,1,  pos,0,  WRONG cmd, stop,0,  the elevator is not moving!
, elevID,1,  pos,0,  WRONG cmd, stop,0,  the elevator is not moving!
545.0,Elevator call,544.7880392034898,6,-1,1,1, got allocated to elevator, 1
545.0, elevID,0,  pos,0,  cmd, goto,0
545.0, elevID,0,  pos,0,  cmd, goto,-1
, elevID,1,  pos,0,  WRONG cmd, stop,0,  the elevator is not moving!
, elevID,1,  pos,0,  WRONG cmd, stop,0,  the elevator is not moving!
, elevID,1,  pos,0,  WRONG cmd, stop,0,  the elevator is not moving!
, elevID,1,  pos,0,  WRONG cmd, stop,0,  the elevator is not moving!
549.0, elevID,1,  pos,0,  cmd, goto,-1
, elevID,1,  pos,0,  cmd, stop,0
, elevID,1,  pos,0,  WRONG cmd, stop,0,  the elevator is not moving!
, elevID,1,  pos,0,  WRONG cmd, stop,0,  the elevator is not moving!
, elevID,1,  pos,0,  WRONG cmd, stop,0,  the elevator is not moving!
, elevID,1,  pos,0,  WRONG cmd, stop,0,  the elevator is not moving!
, elevID,1,  pos,0,  WRONG cmd, stop,0,  the elevator is not moving!
555.0,Elevator call,554.0892922920482,4,0,1,0, got allocated to elevator, 0
, elevID,1,  pos,0,  WRONG cmd, stop,0,  the elevator is not moving!
556.0,Elev,0,  arrived at src, -1, Elevator call,537.7866883694313,-1,6,2,0
556.0, elevID,0,  pos,-1,  cmd, goto,0
, elevID,1,  pos,0,  WRONG cmd, stop,0,  the elevator is not moving!
, elevID,1,  pos,0,  WRONG cmd, stop,0,  the elevator is not moving!
558.0,Elevator call,557.2441390036331,10,0,1,1, got allocated to elevator, 1
, elevID,1,  pos,0,  WRONG cmd, stop,0,  the elevator is not moving!
559.0, elevID,1,  pos,0,  cmd, goto,-1
, elevID,1,  pos,0,  cmd, stop,0
, elevID,1,  pos,0,  WRONG cmd, stop,0,  the elevator is not moving!
, elevID,1,  pos,0,  WRONG cmd, stop,0,  the elevator is not moving!
, elevID,1,  pos,0,  WRONG cmd, stop,0,  the elevator is not moving!
, elevID,1,  pos,0,  WRONG cmd, stop,0,  the elevator is not moving!
, elevID,1,  pos,0,  WRONG cmd, stop,0,  the elevator is not moving!
, elevID,1,  pos,0,  WRONG cmd, stop,0,  the elevator is not moving!
566.0,Elevator call,565.0195521745534,0,-1,1,0, got allocated to elevator, 0
, elevID,1,  pos,0,  WRONG cmd, stop,0,  the elevator is not moving!
567.0,Elev,0,  arrived at src, 0, Elevator call,565.0195521745534,0,-1,2,0
567.0, elevID,0,  pos,0,  cmd, goto,0
567.0, elevID,0,  pos,0,  cmd, goto,-1
, elevID,1,  pos,0,  WRONG cmd, stop,0,  the elevator is not moving!
, elevID,1,  pos,0,  WRONG cmd, stop,0,  the elevator is not moving!
569.0, elevID,1,  pos,0,  cmd, goto,-1
, elevID,1,  pos,0,  cmd, stop,0
, elevID,1,  pos,0,  WRONG cmd, stop,0,  the elevator is not moving!
, elevID,1,  pos,0,  WRONG cmd, stop,0,  the elevator is not moving!
, elevID,1,  pos,0,  WRONG cmd, stop,0,  the elevator is not moving!
, elevID,1,  pos,0,  WRONG cmd, stop,0,  the elevator is not moving!
, elevID,1,  pos,0,  WRONG cmd, stop,0,  the elevator is not moving!
, elevID,1,  pos,0,  WRONG cmd, stop,0,  the elevator is not moving!
, elevID,1,  pos,0,  WRONG cmd, stop,0,  the elevator is not moving!
, elevID,1,  pos,0,  WRONG cmd, stop,0,  the elevator is not moving!
578.0,Elev,0,  arrived at dest, -1, this call is done!, Elevator call,565.0195521745534,0,-1,3,0, Done, dt, 12.980447825446618
578.0, elevID,0,  pos,-1,  cmd, goto,0
, elevID,1,  pos,0,  WRONG cmd, stop,0,  the elevator is not moving!
579.0, elevID,1,  pos,0,  cmd, goto,-1
, elevID,1,  pos,0,  cmd, stop,0
, elevID,1,  pos,0,  WRONG cmd, stop,0,  the elevator is not moving!
, elevID,1,  pos,0,  WRONG cmd, stop,0,  the elevator is not moving!
582.0,Elevator call,581.8703090238192,0,3,1,0, got allocated to elevator, 0
, elevID,1,  pos,0,  WRONG cmd, stop,0,  the elevator is not moving!
, elevID,1,  pos,0,  WRONG cmd, stop,0,  the elevator is not moving!
, elevID,1,  pos,0,  WRONG cmd, stop,0,  the elevator is not moving!
, elevID,1,  pos,0,  WRONG cmd, stop,0,  the elevator is not moving!
, elevID,1,  pos,0,  WRONG cmd, stop,0,  the elevator is not moving!
, elevID,1,  pos,0,  WRONG cmd, stop,0,  the elevator is not moving!
, elevID,1,  pos,0,  WRONG cmd, stop,0,  the elevator is not moving!
589.0,Elev,0,  arrived at src, 0, Elevator call,581.8703090238192,0,3,2,0
589.0, elevID,0,  pos,0,  cmd, goto,0
589.0, elevID,0,  pos,0,  cmd, goto,-1
589.0, elevID,1,  pos,0,  cmd, goto,-1
, elevID,1,  pos,0,  cmd, stop,0
, elevID,1,  pos,0,  WRONG cmd, stop,0,  the elevator is not moving!
, elevID,1,  pos,0,  WRONG cmd, stop,0,  the elevator is not moving!
, elevID,1,  pos,0,  WRONG cmd, stop,0,  the elevator is not moving!
, elevID,1,  pos,0,  WRONG cmd, stop,0,  the elevator is not moving!
, elevID,1,  pos,0,  WRONG cmd, stop,0,  the elevator is not moving!
, elevID,1,  pos,0,  WRONG cmd, stop,0,  the elevator is not moving!
, elevID,1,  pos,0,  WRONG cmd, stop,0,  the elevator is not moving!
597.0,Elevator call,596.1232022872633,8,0,1,1, got allocated to elevator, 1
, elevID,1,  pos,0,  WRONG cmd, stop,0,  the elevator is not moving!
, elevID,1,  pos,0,  WRONG cmd, stop,0,  the elevator is not moving!
599.0, elevID,1,  pos,0,  cmd, goto,-1
, elevID,1,  pos,0,  cmd, stop,0
600.0, elevID,0,  pos,-1,  cmd, goto,0
, elevID,1,  pos,0,  WRONG cmd, stop,0,  the elevator is not moving!
601.0,Elevator call,600.9312879686208,1,0,1,0, got allocated to elevator, 0
, elevID,1,  pos,0,  WRONG cmd, stop,0,  the elevator is not moving!
, elevID,1,  pos,0,  WRONG cmd, stop,0,  the elevator is not moving!
, elevID,1,  pos,0,  WRONG cmd, stop,0,  the elevator is not moving!
604.0,Elevator call,603.9342326983083,7,0,1,1, got allocated to elevator, 1
, elevID,1,  pos,0,  WRONG cmd, stop,0,  the elevator is not moving!
, elevID,1,  pos,0,  WRONG cmd, stop,0,  the elevator is not moving!
, elevID,1,  pos,0,  WRONG cmd, stop,0,  the elevator is not moving!
, elevID,1,  pos,0,  WRONG cmd, stop,0,  the elevator is not moving!
, elevID,1,  pos,0,  WRONG cmd, stop,0,  the elevator is not moving!
609.0, elevID,1,  pos,0,  cmd, goto,-1
, elevID,1,  pos,0,  cmd, stop,0
, elevID,1,  pos,0,  WRONG cmd, stop,0,  the elevator is not moving!
611.0, elevID,0,  pos,0,  cmd, goto,0
611.0, elevID,0,  pos,0,  cmd, goto,-1
, elevID,1,  pos,0,  WRONG cmd, stop,0,  the elevator is not moving!
, elevID,1,  pos,0,  WRONG cmd, stop,0,  the elevator is not moving!
, elevID,1,  pos,0,  WRONG cmd, stop,0,  the elevator is not moving!
, elevID,1,  pos,0,  WRONG cmd, stop,0,  the elevator is not moving!
, elevID,1,  pos,0,  WRONG cmd, stop,0,  the elevator is not moving!
, elevID,1,  pos,0,  WRONG cmd, stop,0,  the elevator is not moving!
, elevID,1,  pos,0,  WRONG cmd, stop,0,  the elevator is not moving!
618.0,Elevator call,617.9628338542149,0,3,1,0, got allocated to elevator, 0
, elevID,1,  pos,0,  WRONG cmd, stop,0,  the elevator is not moving!
619.0, elevID,1,  pos,0,  cmd, goto,-1
, elevID,1,  pos,0,  cmd, stop,0
620.0,Elevator call,619.6454196970012,9,0,1,0, got allocated to elevator, 0
, elevID,1,  pos,0,  WRONG cmd, stop,0,  the elevator is not moving!
, elevID,1,  pos,0,  WRONG cmd, stop,0,  the elevator is not moving!
622.0, elevID,0,  pos,-1,  cmd, goto,0
, elevID,1,  pos,0,  WRONG cmd, stop,0,  the elevator is not moving!
, elevID,1,  pos,0,  WRONG cmd, stop,0,  the elevator is not moving!
, elevID,1,  pos,0,  WRONG cmd, stop,0,  the elevator is not moving!
, elevID,1,  pos,0,  WRONG cmd, stop,0,  the elevator is not moving!
, elevID,1,  pos,0,  WRONG cmd, stop,0,  the elevator is not moving!
627.0,Elevator call,626.2116172047942,0,1,1,0, got allocated to elevator, 0
, elevID,1,  pos,0,  WRONG cmd, stop,0,  the elevator is not moving!
, elevID,1,  pos,0,  WRONG cmd, stop,0,  the elevator is not moving!
629.0, elevID,1,  pos,0,  cmd, goto,-1
, elevID,1,  pos,0,  cmd, stop,0
, elevID,1,  pos,0,  WRONG cmd, stop,0,  the elevator is not moving!
, elevID,1,  pos,0,  WRONG cmd, stop,0,  the elevator is not moving!
, elevID,1,  pos,0,  WRONG cmd, stop,0,  the elevator is not moving!
633.0,Elev,0,  arrived at src, 0, Elevator call,617.9628338542149,0,3,2,0
633.0,Elev,0,  arrived at src, 0, Elevator call,626.2116172047942,0,1,2,0
633.0, elevID,0,  pos,0,  cmd, goto,0
633.0, elevID,0,  pos,0,  cmd, goto,-1
, elevID,1,  pos,0,  WRONG cmd, stop,0,  the elevator is not moving!
, elevID,1,  pos,0,  WRONG cmd, stop,0,  the elevator is not moving!
, elevID,1,  pos,0,  WRONG cmd, stop,0,  the elevator is not moving!
, elevID,1,  pos,0,  WRONG cmd, stop,0,  the elevator is not moving!
, elevID,1,  pos,0,  WRONG cmd, stop,0,  the elevator is not moving!
, elevID,1,  pos,0,  WRONG cmd, stop,0,  the elevator is not moving!
639.0, elevID,1,  pos,0,  cmd, goto,-1
, elevID,1,  pos,0,  cmd, stop,0
, elevID,1,  pos,0,  WRONG cmd, stop,0,  the elevator is not moving!
, elevID,1,  pos,0,  WRONG cmd, stop,0,  the elevator is not moving!
, elevID,1,  pos,0,  WRONG cmd, stop,0,  the elevator is not moving!
, elevID,1,  pos,0,  WRONG cmd, stop,0,  the elevator is not moving!
644.0,Elevator call,643.8547514955396,-1,2,1,1, got allocated to elevator, 1
644.0, elevID,0,  pos,-1,  cmd, goto,0
, elevID,1,  pos,0,  WRONG cmd, stop,0,  the elevator is not moving!
, elevID,1,  pos,0,  WRONG cmd, stop,0,  the elevator is not moving!
, elevID,1,  pos,0,  WRONG cmd, stop,0,  the elevator is not moving!
, elevID,1,  pos,0,  WRONG cmd, stop,0,  the elevator is not moving!
, elevID,1,  pos,0,  WRONG cmd, stop,0,  the elevator is not moving!
649.0, elevID,1,  pos,0,  cmd, goto,-1
, elevID,1,  pos,0,  cmd, stop,0
, elevID,1,  pos,0,  WRONG cmd, stop,0,  the elevator is not moving!
, elevID,1,  pos,0,  WRONG cmd, stop,0,  the elevator is not moving!
, elevID,1,  pos,0,  WRONG cmd, stop,0,  the elevator is not moving!
, elevID,1,  pos,0,  WRONG cmd, stop,0,  the elevator is not moving!
, elevID,1,  pos,0,  WRONG cmd, stop,0,  the elevator is not moving!
655.0, elevID,0,  pos,0,  cmd, goto,0
655.0, elevID,0,  pos,0,  cmd, goto,-1
, elevID,1,  pos,0,  WRONG cmd, stop,0,  the elevator is not moving!
, elevID,1,  pos,0,  WRONG cmd, stop,0,  the elevator is not moving!
, elevID,1,  pos,0,  WRONG cmd, stop,0,  the elevator is not moving!
, elevID,1,  pos,0,  WRONG cmd, stop,0,  the elevator is not moving!
659.0, elevID,1,  pos,0,  cmd, goto,-1
, elevID,1,  pos,0,  cmd, stop,0
, elevID,1,  pos,0,  WRONG cmd, stop,0,  the elevator is not moving!
661.0,Elevator call,660.0732907797126,6,10,1,1, got allocated to elevator, 1
, elevID,1,  pos,0,  WRONG cmd, stop,0,  the elevator is not moving!
662.0,Elevator call,661.0420820268716,-1,3,1,1, got allocated to elevator, 1
, elevID,1,  pos,0,  WRONG cmd, stop,0,  the elevator is not moving!
663.0,Elevator call,662.1730527520776,-1,5,1,0, got allocated to elevator, 0
, elevID,1,  pos,0,  WRONG cmd, stop,0,  the elevator is not moving!
, elevID,1,  pos,0,  WRONG cmd, stop,0,  the elevator is not moving!
, elevID,1,  pos,0,  WRONG cmd, stop,0,  the elevator is not moving!
666.0,Elevator call,665.1155548533167,-1,8,1,1, got allocated to elevator, 1
666.0,Elev,0,  arrived at src, -1, Elevator call,662.1730527520776,-1,5,2,0
666.0, elevID,0,  pos,-1,  cmd, goto,0
, elevID,1,  pos,0,  WRONG cmd, stop,0,  the elevator is not moving!
667.0,Elevator call,666.0340294605869,4,0,1,0, got allocated to elevator, 0
667.0,Elevator call,666.2411586665262,5,-1,1,1, got allocated to elevator, 1
, elevID,1,  pos,0,  WRONG cmd, stop,0,  the elevator is not moving!
, elevID,1,  pos,0,  WRONG cmd, stop,0,  the elevator is not moving!
669.0, elevID,1,  pos,0,  cmd, goto,-1
, elevID,1,  pos,0,  cmd, stop,0
, elevID,1,  pos,0,  WRONG cmd, stop,0,  the elevator is not moving!
, elevID,1,  pos,0,  WRONG cmd, stop,0,  the elevator is not moving!
, elevID,1,  pos,0,  WRONG cmd, stop,0,  the elevator is not moving!
673.0,Elevator call,672.677314157026,0,-1,1,0, got allocated to elevator, 0
, elevID,1,  pos,0,  WRONG cmd, stop,0,  the elevator is not moving!
, elevID,1,  pos,0,  WRONG cmd, stop,0,  the elevator is not moving!
, elevID,1,  pos,0,  WRONG cmd, stop,0,  the elevator is not moving!
, elevID,1,  pos,0,  WRONG cmd, stop,0,  the elevator is not moving!
677.0,Elev,0,  arrived at src, 0, Elevator call,672.677314157026,0,-1,2,0
677.0, elevID,0,  pos,0,  cmd, goto,0
677.0, elevID,0,  pos,0,  cmd, goto,-1
, elevID,1,  pos,0,  WRONG cmd, stop,0,  the elevator is not moving!
678.0,Elevator call,677.7341948387335,0,-1,1,0, got allocated to elevator, 0
, elevID,1,  pos,0,  WRONG cmd, stop,0,  the elevator is not moving!
679.0,Elevator call,678.9953584914538,-1,-2,1,1, got allocated to elevator, 1
679.0, elevID,1,  pos,0,  cmd, goto,-1
, elevID,1,  pos,0,  cmd, stop,0
, elevID,1,  pos,0,  WRONG cmd, stop,0,  the elevator is not moving!
, elevID,1,  pos,0,  WRONG cmd, stop,0,  the elevator is not moving!
, elevID,1,  pos,0,  WRONG cmd, stop,0,  the elevator is not moving!
, elevID,1,  pos,0,  WRONG cmd, stop,0,  the elevator is not moving!
, elevID,1,  pos,0,  WRONG cmd, stop,0,  the elevator is not moving!
, elevID,1,  pos,0,  WRONG cmd, stop,0,  the elevator is not moving!
, elevID,1,  pos,0,  WRONG cmd, stop,0,  the elevator is not moving!
, elevID,1,  pos,0,  WRONG cmd, stop,0,  the elevator is not moving!
688.0,Elev,0,  arrived at dest, -1, this call is done!, Elevator call,672.677314157026,0,-1,3,0, Done, dt, 15.32268584297401
688.0, elevID,0,  pos,-1,  cmd, goto,0
, elevID,1,  pos,0,  WRONG cmd, stop,0,  the elevator is not moving!
689.0, elevID,1,  pos,0,  cmd, goto,-1
, elevID,1,  pos,0,  cmd, stop,0
, elevID,1,  pos,0,  WRONG cmd, stop,0,  the elevator is not moving!
, elevID,1,  pos,0,  WRONG cmd, stop,0,  the elevator is not moving!
, elevID,1,  pos,0,  WRONG cmd, stop,0,  the elevator is not moving!
, elevID,1,  pos,0,  WRONG cmd, stop,0,  the elevator is not moving!
, elevID,1,  pos,0,  WRONG cmd, stop,0,  the elevator is not moving!
, elevID,1,  pos,0,  WRONG cmd, stop,0,  the elevator is not moving!
696.0,Elevator call,695.2239881566923,0,10,1,0, got allocated to elevator, 0
, elevID,1,  pos,0,  WRONG cmd, stop,0,  the elevator is not moving!
, elevID,1,  pos,0,  WRONG cmd, stop,0,  the elevator is not moving!
, elevID,1,  pos,0,  WRONG cmd, stop,0,  the elevator is not moving!
699.0,Elev,0,  arrived at src, 0, Elevator call,677.7341948387335,0,-1,2,0
699.0,Elev,0,  arrived at src, 0, Elevator call,695.2239881566923,0,10,2,0
699.0, elevID,0,  pos,0,  cmd, goto,0
699.0, elevID,0,  pos,0,  cmd, goto,-1
699.0, elevID,1,  pos,0,  cmd, goto,-1
, elevID,1,  pos,0,  cmd, stop,0
, elevID,1,  pos,0,  WRONG cmd, stop,0,  the elevator is not moving!
, elevID,1,  pos,0,  WRONG cmd, stop,0,  the elevator is not moving!
, elevID,1,  pos,0,  WRONG cmd, stop,0,  the elevator is not moving!
, elevID,1,  pos,0,  WRONG cmd, stop,0,  the elevator is not moving!
, elevID,1,  pos,0,  WRONG cmd, stop,0,  the elevator is not moving!
, elevID,1,  pos,0,  WRONG cmd, stop,0,  the elevator is not moving!
, elevID,1,  pos,0,  WRONG cmd, stop,0,  the elevator is not moving!
707.0,Elevator call,706.1583474999188,-1,-2,1,1, got allocated to elevator, 1
, elevID,1,  pos,0,  WRONG cmd, stop,0,  the elevator is not moving!
, elevID,1,  pos,0,  WRONG cmd, stop,0,  the elevator is not moving!
709.0, elevID,1,  pos,0,  cmd, goto,-1
, elevID,1,  pos,0,  cmd, stop,0
710.0,Elev,0,  arrived at dest, -1, this call is done!, Elevator call,677.7341948387335,0,-1,3,0, Done, dt, 32.265805161266485
710.0, elevID,0,  pos,-1,  cmd, goto,0
, elevID,1,  pos,0,  WRONG cmd, stop,0,  the elevator is not moving!
711.0,Elevator call,710.3249770041223,0,1,1,0, got allocated to elevator, 0
, elevID,1,  pos,0,  WRONG cmd, stop,0,  the elevator is not moving!
, elevID,1,  pos,0,  WRONG cmd, stop,0,  the elevator is not moving!
, elevID,1,  pos,0,  WRONG cmd, stop,0,  the elevator is not moving!
714.0,Elevator call,713.0191971398395,1,0,1,1, got allocated to elevator, 1
714.0,Elevator call,713.2499766424826,10,-1,1,1, got allocated to elevator, 1
, elevID,1,  pos,0,  WRONG cmd, stop,0,  the elevator is not moving!
, elevID,1,  pos,0,  WRONG cmd, stop,0,  the elevator is not moving!
, elevID,1,  pos,0,  WRONG cmd, stop,0,  the elevator is not moving!
, elevID,1,  pos,0,  WRONG cmd, stop,0,  the elevator is not moving!
, elevID,1,  pos,0,  WRONG cmd, stop,0,  the elevator is not moving!
719.0, elevID,1,  pos,0,  cmd, goto,-1
, elevID,1,  pos,0,  cmd, stop,0
, elevID,1,  pos,0,  WRONG cmd, stop,0,  the elevator is not moving!
721.0,Elev,0,  arrived at src, 0, Elevator call,710.3249770041223,0,1,2,0
721.0, elevID,0,  pos,0,  cmd, goto,0
721.0, elevID,0,  pos,0,  cmd, goto,-1
, elevID,1,  pos,0,  WRONG cmd, stop,0,  the elevator is not moving!
, elevID,1,  pos,0,  WRONG cmd, stop,0,  the elevator is not moving!
723.0,Elevator call,722.6161212799507,10,0,1,0, got allocated to elevator, 0
, elevID,1,  pos,0,  WRONG cmd, stop,0,  the elevator is not moving!
, elevID,1,  pos,0,  WRONG cmd, stop,0,  the elevator is not moving!
, elevID,1,  pos,0,  WRONG cmd, stop,0,  the elevator is not moving!
, elevID,1,  pos,0,  WRONG cmd, stop,0,  the elevator is not moving!
, elevID,1,  pos,0,  WRONG cmd, stop,0,  the elevator is not moving!
728.0,Elevator call,727.514602863032,-1,0,1,1, got allocated to elevator, 1
, elevID,1,  pos,0,  WRONG cmd, stop,0,  the elevator is not moving!
729.0, elevID,1,  pos,0,  cmd, goto,-1
, elevID,1,  pos,0,  cmd, stop,0
, elevID,1,  pos,0,  WRONG cmd, stop,0,  the elevator is not moving!
, elevID,1,  pos,0,  WRONG cmd, stop,0,  the elevator is not moving!
732.0, elevID,0,  pos,-1,  cmd, goto,0
, elevID,1,  pos,0,  WRONG cmd, stop,0,  the elevator is not moving!
733.0,Elevator call,732.9746341348998,6,-1,1,0, got allocated to elevator, 0
, elevID,1,  pos,0,  WRONG cmd, stop,0,  the elevator is not moving!
, elevID,1,  pos,0,  WRONG cmd, stop,0,  the elevator is not moving!
, elevID,1,  pos,0,  WRONG cmd, stop,0,  the elevator is not moving!
, elevID,1,  pos,0,  WRONG cmd, stop,0,  the elevator is not moving!
, elevID,1,  pos,0,  WRONG cmd, stop,0,  the elevator is not moving!
738.0,Elevator call,737.314720213409,1,0,1,0, got allocated to elevator, 0
, elevID,1,  pos,0,  WRONG cmd, stop,0,  the elevator is not moving!
739.0, elevID,1,  pos,0,  cmd, goto,-1
, elevID,1,  pos,0,  cmd, stop,0
, elevID,1,  pos,0,  WRONG cmd, stop,0,  the elevator is not moving!
, elevID,1,  pos,0,  WRONG cmd, stop,0,  the elevator is not moving!
, elevID,1,  pos,0,  WRONG cmd, stop,0,  the elevator is not moving!
743.0, elevID,0,  pos,0,  cmd, goto,0
743.0, elevID,0,  pos,0,  cmd, goto,-1
, elevID,1,  pos,0,  WRONG cmd, stop,0,  the elevator is not moving!
, elevID,1,  pos,0,  WRONG cmd, stop,0,  the elevator is not moving!
, elevID,1,  pos,0,  WRONG cmd, stop,0,  the elevator is not moving!
, elevID,1,  pos,0,  WRONG cmd, stop,0,  the elevator is not moving!
, elevID,1,  pos,0,  WRONG cmd, stop,0,  the elevator is not moving!
, elevID,1,  pos,0,  WRONG cmd, stop,0,  the elevator is not moving!
749.0, elevID,1,  pos,0,  cmd, goto,-1
, elevID,1,  pos,0,  cmd, stop,0
, elevID,1,  pos,0,  WRONG cmd, stop,0,  the elevator is not moving!
, elevID,1,  pos,0,  WRONG cmd, stop,0,  the elevator is not moving!
, elevID,1,  pos,0,  WRONG cmd, stop,0,  the elevator is not moving!
, elevID,1,  pos,0,  WRONG cmd, stop,0,  the elevator is not moving!
754.0, elevID,0,  pos,-1,  cmd, goto,0
, elevID,1,  pos,0,  WRONG cmd, stop,0,  the elevator is not moving!
, elevID,1,  pos,0,  WRONG cmd, stop,0,  the elevator is not moving!
, elevID,1,  pos,0,  WRONG cmd, stop,0,  the elevator is not moving!
, elevID,1,  pos,0,  WRONG cmd, stop,0,  the elevator is not moving!
, elevID,1,  pos,0,  WRONG cmd, stop,0,  the elevator is not moving!
759.0, elevID,1,  pos,0,  cmd, goto,-1
, elevID,1,  pos,0,  cmd, stop,0
, elevID,1,  pos,0,  WRONG cmd, stop,0,  the elevator is not moving!
, elevID,1,  pos,0,  WRONG cmd, stop,0,  the elevator is not moving!
, elevID,1,  pos,0,  WRONG cmd, stop,0,  the elevator is not moving!
, elevID,1,  pos,0,  WRONG cmd, stop,0,  the elevator is not moving!
, elevID,1,  pos,0,  WRONG cmd, stop,0,  the elevator is not moving!
765.0, elevID,0,  pos,0,  cmd, goto,0
765.0, elevID,0,  pos,0,  cmd, goto,-1
, elevID,1,  pos,0,  WRONG cmd, stop,0,  the elevator is not moving!
, elevID,1,  pos,0,  WRONG cmd, stop,0,  the elevator is not moving!
, elevID,1,  pos,0,  WRONG cmd, stop,0,  the elevator is not moving!
, elevID,1,  pos,0,  WRONG cmd, stop,0,  the elevator is not moving!
769.0, elevID,1,  pos,0,  cmd, goto,-1
, elevID,1,  pos,0,  cmd, stop,0
, elevID,1,  pos,0,  WRONG cmd, stop,0,  the elevator is not moving!
, elevID,1,  pos,0,  WRONG cmd, stop,0,  the elevator is not moving!
, elevID,1,  pos,0,  WRONG cmd, stop,0,  the elevator is not moving!
, elevID,1,  pos,0,  WRONG cmd, stop,0,  the elevator is not moving!
, elevID,1,  pos,0,  WRONG cmd, stop,0,  the elevator is not moving!
, elevID,1,  pos,0,  WRONG cmd, stop,0,  the elevator is not moving!
776.0, elevID,0,  pos,-1,  cmd, goto,0
, elevID,1,  pos,0,  WRONG cmd, stop,0,  the elevator is not moving!
, elevID,1,  pos,0,  WRONG cmd, stop,0,  the elevator is not moving!
, elevID,1,  pos,0,  WRONG cmd, stop,0,  the elevator is not moving!
779.0, elevID,1,  pos,0,  cmd, goto,-1
, elevID,1,  pos,0,  cmd, stop,0
780.0,Elevator call,779.399691386574,-1,5,1,1, got allocated to elevator, 1
, elevID,1,  pos,0,  WRONG cmd, stop,0,  the elevator is not moving!
, elevID,1,  pos,0,  WRONG cmd, stop,0,  the elevator is not moving!
, elevID,1,  pos,0,  WRONG cmd, stop,0,  the elevator is not moving!
, elevID,1,  pos,0,  WRONG cmd, stop,0,  the elevator is not moving!
, elevID,1,  pos,0,  WRONG cmd, stop,0,  the elevator is not moving!
, elevID,1,  pos,0,  WRONG cmd, stop,0,  the elevator is not moving!
, elevID,1,  pos,0,  WRONG cmd, stop,0,  the elevator is not moving!
787.0, elevID,0,  pos,0,  cmd, goto,0
787.0, elevID,0,  pos,0,  cmd, goto,-1
, elevID,1,  pos,0,  WRONG cmd, stop,0,  the elevator is not moving!
, elevID,1,  pos,0,  WRONG cmd, stop,0,  the elevator is not moving!
789.0, elevID,1,  pos,0,  cmd, goto,-1
, elevID,1,  pos,0,  cmd, stop,0
, elevID,1,  pos,0,  WRONG cmd, stop,0,  the elevator is not moving!
, elevID,1,  pos,0,  WRONG cmd, stop,0,  the elevator is not moving!
, elevID,1,  pos,0,  WRONG cmd, stop,0,  the elevator is not moving!
, elevID,1,  pos,0,  WRONG cmd, stop,0,  the elevator is not moving!
, elevID,1,  pos,0,  WRONG cmd, stop,0,  the elevator is not moving!
, elevID,1,  pos,0,  WRONG cmd, stop,0,  the elevator is not moving!
, elevID,1,  pos,0,  WRONG cmd, stop,0,  the elevator is not moving!
, elevID,1,  pos,0,  WRONG cmd, stop,0,  the elevator is not moving!
798.0, elevID,0,  pos,-1,  cmd, goto,0
, elevID,1,  pos,0,  WRONG cmd, stop,0,  the elevator is not moving!
799.0, elevID,1,  pos,0,  cmd, goto,-1
, elevID,1,  pos,0,  cmd, stop,0
, elevID,1,  pos,0,  WRONG cmd, stop,0,  the elevator is not moving!
, elevID,1,  pos,0,  WRONG cmd, stop,0,  the elevator is not moving!
, elevID,1,  pos,0,  WRONG cmd, stop,0,  the elevator is not moving!
, elevID,1,  pos,0,  WRONG cmd, stop,0,  the elevator is not moving!
, elevID,1,  pos,0,  WRONG cmd, stop,0,  the elevator is not moving!
, elevID,1,  pos,0,  WRONG cmd, stop,0,  the elevator is not moving!
806.0,Elevator call,805.6754743307536,-1,-2,1,1, got allocated to elevator, 1
, elevID,1,  pos,0,  WRONG cmd, stop,0,  the elevator is not moving!
, elevID,1,  pos,0,  WRONG cmd, stop,0,  the elevator is not moving!
, elevID,1,  pos,0,  WRONG cmd, stop,0,  the elevator is not moving!
809.0, elevID,0,  pos,0,  cmd, goto,0
809.0, elevID,0,  pos,0,  cmd, goto,-1
809.0, elevID,1,  pos,0,  cmd, goto,-1
, elevID,1,  pos,0,  cmd, stop,0
, elevID,1,  pos,0,  WRONG cmd, stop,0,  the elevator is not moving!
811.0,Elevator call,810.4469089359914,2,0,1,0, got allocated to elevator, 0
, elevID,1,  pos,0,  WRONG cmd, stop,0,  the elevator is not moving!
, elevID,1,  pos,0,  WRONG cmd, stop,0,  the elevator is not moving!
, elevID,1,  pos,0,  WRONG cmd, stop,0,  the elevator is not moving!
, elevID,1,  pos,0,  WRONG cmd, stop,0,  the elevator is not moving!
, elevID,1,  pos,0,  WRONG cmd, stop,0,  the elevator is not moving!
, elevID,1,  pos,0,  WRONG cmd, stop,0,  the elevator is not moving!
817.0,Elevator call,816.1516998390152,7,-1,1,1, got allocated to elevator, 1
, elevID,1,  pos,0,  WRONG cmd, stop,0,  the elevator is not moving!
, elevID,1,  pos,0,  WRONG cmd, stop,0,  the elevator is not moving!
819.0, elevID,1,  pos,0,  cmd, goto,-1
, elevID,1,  pos,0,  cmd, stop,0
820.0, elevID,0,  pos,-1,  cmd, goto,0
, elevID,1,  pos,0,  WRONG cmd, stop,0,  the elevator is not moving!
, elevID,1,  pos,0,  WRONG cmd, stop,0,  the elevator is not moving!
, elevID,1,  pos,0,  WRONG cmd, stop,0,  the elevator is not moving!
, elevID,1,  pos,0,  WRONG cmd, stop,0,  the elevator is not moving!
, elevID,1,  pos,0,  WRONG cmd, stop,0,  the elevator is not moving!
, elevID,1,  pos,0,  WRONG cmd, stop,0,  the elevator is not moving!
826.0,Elevator call,825.4575184586336,7,0,1,0, got allocated to elevator, 0
, elevID,1,  pos,0,  WRONG cmd, stop,0,  the elevator is not moving!
, elevID,1,  pos,0,  WRONG cmd, stop,0,  the elevator is not moving!
, elevID,1,  pos,0,  WRONG cmd, stop,0,  the elevator is not moving!
829.0, elevID,1,  pos,0,  cmd, goto,-1
, elevID,1,  pos,0,  cmd, stop,0
, elevID,1,  pos,0,  WRONG cmd, stop,0,  the elevator is not moving!
831.0, elevID,0,  pos,0,  cmd, goto,0
831.0, elevID,0,  pos,0,  cmd, goto,-1
, elevID,1,  pos,0,  WRONG cmd, stop,0,  the elevator is not moving!
, elevID,1,  pos,0,  WRONG cmd, stop,0,  the elevator is not moving!
, elevID,1,  pos,0,  WRONG cmd, stop,0,  the elevator is not moving!
, elevID,1,  pos,0,  WRONG cmd, stop,0,  the elevator is not moving!
, elevID,1,  pos,0,  WRONG cmd, stop,0,  the elevator is not moving!
, elevID,1,  pos,0,  WRONG cmd, stop,0,  the elevator is not moving!
, elevID,1,  pos,0,  WRONG cmd, stop,0,  the elevator is not moving!
, elevID,1,  pos,0,  WRONG cmd, stop,0,  the elevator is not moving!
839.0, elevID,1,  pos,0,  cmd, goto,-1
, elevID,1,  pos,0,  cmd, stop,0
840.0,Elevator call,839.8525652620532,0,1,1,0, got allocated to elevator, 0
, elevID,1,  pos,0,  WRONG cmd, stop,0,  the elevator is not moving!
, elevID,1,  pos,0,  WRONG cmd, stop,0,  the elevator is not moving!
842.0, elevID,0,  pos,-1,  cmd, goto,0
, elevID,1,  pos,0,  WRONG cmd, stop,0,  the elevator is not moving!
, elevID,1,  pos,0,  WRONG cmd, stop,0,  the elevator is not moving!
, elevID,1,  pos,0,  WRONG cmd, stop,0,  the elevator is not moving!
, elevID,1,  pos,0,  WRONG cmd, stop,0,  the elevator is not moving!
, elevID,1,  pos,0,  WRONG cmd, stop,0,  the elevator is not moving!
, elevID,1,  pos,0,  WRONG cmd, stop,0,  the elevator is not moving!
, elevID,1,  pos,0,  WRONG cmd, stop,0,  the elevator is not moving!
849.0, elevID,1,  pos,0,  cmd, goto,-1
, elevID,1,  pos,0,  cmd, stop,0
, elevID,1,  pos,0,  WRONG cmd, stop,0,  the elevator is not moving!
, elevID,1,  pos,0,  WRONG cmd, stop,0,  the elevator is not moving!
, elevID,1,  pos,0,  WRONG cmd, stop,0,  the elevator is not moving!
853.0,Elev,0,  arrived at src, 0, Elevator call,839.8525652620532,0,1,2,0
853.0, elevID,0,  pos,0,  cmd, goto,0
853.0, elevID,0,  pos,0,  cmd, goto,-1
, elevID,1,  pos,0,  WRONG cmd, stop,0,  the elevator is not moving!
, elevID,1,  pos,0,  WRONG cmd, stop,0,  the elevator is not moving!
855.0,Elevator call,854.2002278085795,6,-1,1,1, got allocated to elevator, 1
, elevID,1,  pos,0,  WRONG cmd, stop,0,  the elevator is not moving!
, elevID,1,  pos,0,  WRONG cmd, stop,0,  the elevator is not moving!
, elevID,1,  pos,0,  WRONG cmd, stop,0,  the elevator is not moving!
, elevID,1,  pos,0,  WRONG cmd, stop,0,  the elevator is not moving!
859.0, elevID,1,  pos,0,  cmd, goto,-1
, elevID,1,  pos,0,  cmd, stop,0
, elevID,1,  pos,0,  WRONG cmd, stop,0,  the elevator is not moving!
, elevID,1,  pos,0,  WRONG cmd, stop,0,  the elevator is not moving!
, elevID,1,  pos,0,  WRONG cmd, stop,0,  the elevator is not moving!
, elevID,1,  pos,0,  WRONG cmd, stop,0,  the elevator is not moving!
864.0,Elevator call,863.893291272948,0,-1,1,1, got allocated to elevator, 1
864.0, elevID,0,  pos,-1,  cmd, goto,0
, elevID,1,  pos,0,  WRONG cmd, stop,0,  the elevator is not moving!
, elevID,1,  pos,0,  WRONG cmd, stop,0,  the elevator is not moving!
, elevID,1,  pos,0,  WRONG cmd, stop,0,  the elevator is not moving!
, elevID,1,  pos,0,  WRONG cmd, stop,0,  the elevator is not moving!
, elevID,1,  pos,0,  WRONG cmd, stop,0,  the elevator is not moving!
869.0,Elev,1,  arrived at src, 0, Elevator call,863.893291272948,0,-1,2,1
869.0, elevID,1,  pos,0,  cmd, goto,-1
, elevID,1,  pos,0,  cmd, stop,0
, elevID,1,  pos,0,  WRONG cmd, stop,0,  the elevator is not moving!
871.0,Elevator call,870.5053023797483,0,7,1,0, got allocated to elevator, 0
, elevID,1,  pos,0,  WRONG cmd, stop,0,  the elevator is not moving!
, elevID,1,  pos,0,  WRONG cmd, stop,0,  the elevator is not moving!
, elevID,1,  pos,0,  WRONG cmd, stop,0,  the elevator is not moving!
, elevID,1,  pos,0,  WRONG cmd, stop,0,  the elevator is not moving!
875.0,Elev,0,  arrived at src, 0, Elevator call,870.5053023797483,0,7,2,0
875.0, elevID,0,  pos,0,  cmd, goto,0
875.0, elevID,0,  pos,0,  cmd, goto,-1
, elevID,1,  pos,0,  WRONG cmd, stop,0,  the elevator is not moving!
, elevID,1,  pos,0,  WRONG cmd, stop,0,  the elevator is not moving!
, elevID,1,  pos,0,  WRONG cmd, stop,0,  the elevator is not moving!
, elevID,1,  pos,0,  WRONG cmd, stop,0,  the elevator is not moving!
879.0, elevID,1,  pos,0,  cmd, goto,-1
, elevID,1,  pos,0,  cmd, stop,0
, elevID,1,  pos,0,  WRONG cmd, stop,0,  the elevator is not moving!
, elevID,1,  pos,0,  WRONG cmd, stop,0,  the elevator is not moving!
, elevID,1,  pos,0,  WRONG cmd, stop,0,  the elevator is not moving!
, elevID,1,  pos,0,  WRONG cmd, stop,0,  the elevator is not moving!
, elevID,1,  pos,0,  WRONG cmd, stop,0,  the elevator is not moving!
, elevID,1,  pos,0,  WRONG cmd, stop,0,  the elevator is not moving!
886.0, elevID,0,  pos,-1,  cmd, goto,0
, elevID,1,  pos,0,  WRONG cmd, stop,0,  the elevator is not moving!
887.0,Elevator call,886.5649993239458,-1,-2,1,1, got allocated to elevator, 1
, elevID,1,  pos,0,  WRONG cmd, stop,0,  the elevator is not moving!
, elevID,1,  pos,0,  WRONG cmd, stop,0,  the elevator is not moving!
889.0, elevID,1,  pos,0,  cmd, goto,-1
, elevID,1,  pos,0,  cmd, stop,0
, elevID,1,  pos,0,  WRONG cmd, stop,0,  the elevator is not moving!
, elevID,1,  pos,0,  WRONG cmd, stop,0,  the elevator is not moving!
, elevID,1,  pos,0,  WRONG cmd, stop,0,  the elevator is not moving!
893.0,Elevator call,892.5212150591021,9,-1,1,0, got allocated to elevator, 0
, elevID,1,  pos,0,  WRONG cmd, stop,0,  the elevator is not moving!
, elevID,1,  pos,0,  WRONG cmd, stop,0,  the elevator is not moving!
, elevID,1,  pos,0,  WRONG cmd, stop,0,  the elevator is not moving!
, elevID,1,  pos,0,  WRONG cmd, stop,0,  the elevator is not moving!
897.0, elevID,0,  pos,0,  cmd, goto,0
897.0, elevID,0,  pos,0,  cmd, goto,-1
, elevID,1,  pos,0,  WRONG cmd, stop,0,  the elevator is not moving!
, elevID,1,  pos,0,  WRONG cmd, stop,0,  the elevator is not moving!
899.0, elevID,1,  pos,0,  cmd, goto,-1
, elevID,1,  pos,0,  cmd, stop,0
, elevID,1,  pos,0,  WRONG cmd, stop,0,  the elevator is not moving!
, elevID,1,  pos,0,  WRONG cmd, stop,0,  the elevator is not moving!
, elevID,1,  pos,0,  WRONG cmd, stop,0,  the elevator is not moving!
, elevID,1,  pos,0,  WRONG cmd, stop,0,  the elevator is not moving!
, elevID,1,  pos,0,  WRONG cmd, stop,0,  the elevator is not moving!
, elevID,1,  pos,0,  WRONG cmd, stop,0,  the elevator is not moving!
, elevID,1,  pos,0,  WRONG cmd, stop,0,  the elevator is not moving!
, elevID,1,  pos,0,  WRONG cmd, stop,0,  the elevator is not moving!
908.0, elevID,0,  pos,-1,  cmd, goto,0
, elevID,1,  pos,0,  WRONG cmd, stop,0,  the elevator is not moving!
909.0, elevID,1,  pos,0,  cmd, goto,-1
, elevID,1,  pos,0,  cmd, stop,0
, elevID,1,  pos,0,  WRONG cmd, stop,0,  the elevator is not moving!
911.0,Elevator call,910.5388559417848,6,5,1,1, got allocated to elevator, 1
, elevID,1,  pos,0,  WRONG cmd, stop,0,  the elevator is not moving!
, elevID,1,  pos,0,  WRONG cmd, stop,0,  the elevator is not moving!
, elevID,1,  pos,0,  WRONG cmd, stop,0,  the elevator is not moving!
, elevID,1,  pos,0,  WRONG cmd, stop,0,  the elevator is not moving!
, elevID,1,  pos,0,  WRONG cmd, stop,0,  the elevator is not moving!
916.0,Elevator call,915.9490574608818,4,-1,1,0, got allocated to elevator, 0
, elevID,1,  pos,0,  WRONG cmd, stop,0,  the elevator is not moving!
, elevID,1,  pos,0,  WRONG cmd, stop,0,  the elevator is not moving!
, elevID,1,  pos,0,  WRONG cmd, stop,0,  the elevator is not moving!
919.0, elevID,0,  pos,0,  cmd, goto,0
919.0, elevID,0,  pos,0,  cmd, goto,-1
919.0, elevID,1,  pos,0,  cmd, goto,-1
, elevID,1,  pos,0,  cmd, stop,0
, elevID,1,  pos,0,  WRONG cmd, stop,0,  the elevator is not moving!
, elevID,1,  pos,0,  WRONG cmd, stop,0,  the elevator is not moving!
, elevID,1,  pos,0,  WRONG cmd, stop,0,  the elevator is not moving!
, elevID,1,  pos,0,  WRONG cmd, stop,0,  the elevator is not moving!
, elevID,1,  pos,0,  WRONG cmd, stop,0,  the elevator is not moving!
, elevID,1,  pos,0,  WRONG cmd, stop,0,  the elevator is not moving!
, elevID,1,  pos,0,  WRONG cmd, stop,0,  the elevator is not moving!
, elevID,1,  pos,0,  WRONG cmd, stop,0,  the elevator is not moving!
, elevID,1,  pos,0,  WRONG cmd, stop,0,  the elevator is not moving!
929.0, elevID,1,  pos,0,  cmd, goto,-1
, elevID,1,  pos,0,  cmd, stop,0
930.0, elevID,0,  pos,-1,  cmd, goto,0
, elevID,1,  pos,0,  WRONG cmd, stop,0,  the elevator is not moving!
, elevID,1,  pos,0,  WRONG cmd, stop,0,  the elevator is not moving!
, elevID,1,  pos,0,  WRONG cmd, stop,0,  the elevator is not moving!
, elevID,1,  pos,0,  WRONG cmd, stop,0,  the elevator is not moving!
934.0,Elevator call,933.8580452488764,7,5,1,1, got allocated to elevator, 1
, elevID,1,  pos,0,  WRONG cmd, stop,0,  the elevator is not moving!
, elevID,1,  pos,0,  WRONG cmd, stop,0,  the elevator is not moving!
, elevID,1,  pos,0,  WRONG cmd, stop,0,  the elevator is not moving!
, elevID,1,  pos,0,  WRONG cmd, stop,0,  the elevator is not moving!
, elevID,1,  pos,0,  WRONG cmd, stop,0,  the elevator is not moving!
939.0, elevID,1,  pos,0,  cmd, goto,-1
, elevID,1,  pos,0,  cmd, stop,0
, elevID,1,  pos,0,  WRONG cmd, stop,0,  the elevator is not moving!
941.0, elevID,0,  pos,0,  cmd, goto,0
941.0, elevID,0,  pos,0,  cmd, goto,-1
, elevID,1,  pos,0,  WRONG cmd, stop,0,  the elevator is not moving!
, elevID,1,  pos,0,  WRONG cmd, stop,0,  the elevator is not moving!
, elevID,1,  pos,0,  WRONG cmd, stop,0,  the elevator is not moving!
, elevID,1,  pos,0,  WRONG cmd, stop,0,  the elevator is not moving!
, elevID,1,  pos,0,  WRONG cmd, stop,0,  the elevator is not moving!
, elevID,1,  pos,0,  WRONG cmd, stop,0,  the elevator is not moving!
, elevID,1,  pos,0,  WRONG cmd, stop,0,  the elevator is not moving!
, elevID,1,  pos,0,  WRONG cmd, stop,0,  the elevator is not moving!
949.0, elevID,1,  pos,0,  cmd, goto,-1
, elevID,1,  pos,0,  cmd, stop,0
, elevID,1,  pos,0,  WRONG cmd, stop,0,  the elevator is not moving!
, elevID,1,  pos,0,  WRONG cmd, stop,0,  the elevator is not moving!
952.0, elevID,0,  pos,-1,  cmd, goto,0
, elevID,1,  pos,0,  WRONG cmd, stop,0,  the elevator is not moving!
, elevID,1,  pos,0,  WRONG cmd, stop,0,  the elevator is not moving!
, elevID,1,  pos,0,  WRONG cmd, stop,0,  the elevator is not moving!
, elevID,1,  pos,0,  WRONG cmd, stop,0,  the elevator is not moving!
, elevID,1,  pos,0,  WRONG cmd, stop,0,  the elevator is not moving!
, elevID,1,  pos,0,  WRONG cmd, stop,0,  the elevator is not moving!
, elevID,1,  pos,0,  WRONG cmd, stop,0,  the elevator is not moving!
959.0, elevID,1,  pos,0,  cmd, goto,-1
, elevID,1,  pos,0,  cmd, stop,0
, elevID,1,  pos,0,  WRONG cmd, stop,0,  the elevator is not moving!
, elevID,1,  pos,0,  WRONG cmd, stop,0,  the elevator is not moving!
962.0,Elevator call,961.6862855708133,6,-1,1,0, got allocated to elevator, 0
, elevID,1,  pos,0,  WRONG cmd, stop,0,  the elevator is not moving!
963.0, elevID,0,  pos,0,  cmd, goto,0
963.0, elevID,0,  pos,0,  cmd, goto,-1
, elevID,1,  pos,0,  WRONG cmd, stop,0,  the elevator is not moving!
, elevID,1,  pos,0,  WRONG cmd, stop,0,  the elevator is not moving!
, elevID,1,  pos,0,  WRONG cmd, stop,0,  the elevator is not moving!
, elevID,1,  pos,0,  WRONG cmd, stop,0,  the elevator is not moving!
, elevID,1,  pos,0,  WRONG cmd, stop,0,  the elevator is not moving!
, elevID,1,  pos,0,  WRONG cmd, stop,0,  the elevator is not moving!
969.0, elevID,1,  pos,0,  cmd, goto,-1
, elevID,1,  pos,0,  cmd, stop,0
, elevID,1,  pos,0,  WRONG cmd, stop,0,  the elevator is not moving!
, elevID,1,  pos,0,  WRONG cmd, stop,0,  the elevator is not moving!
, elevID,1,  pos,0,  WRONG cmd, stop,0,  the elevator is not moving!
973.0,Elevator call,972.8032126022729,1,0,1,1, got allocated to elevator, 1
, elevID,1,  pos,0,  WRONG cmd, stop,0,  the elevator is not moving!
974.0, elevID,0,  pos,-1,  cmd, goto,0
, elevID,1,  pos,0,  WRONG cmd, stop,0,  the elevator is not moving!
, elevID,1,  pos,0,  WRONG cmd, stop,0,  the elevator is not moving!
976.0,Elevator call,975.8361202753667,0,-1,1,1, got allocated to elevator, 1
, elevID,1,  pos,0,  WRONG cmd, stop,0,  the elevator is not moving!
, elevID,1,  pos,0,  WRONG cmd, stop,0,  the elevator is not moving!
, elevID,1,  pos,0,  WRONG cmd, stop,0,  the elevator is not moving!
979.0,Elevator call,978.5925148564796,10,0,1,1, got allocated to elevator, 1
979.0,Elevator call,978.6210500641439,10,-1,1,0, got allocated to elevator, 0
979.0,Elev,1,  arrived at src, 0, Elevator call,975.8361202753667,0,-1,2,1
979.0, elevID,1,  pos,0,  cmd, goto,-1
, elevID,1,  pos,0,  cmd, stop,0
, elevID,1,  pos,0,  WRONG cmd, stop,0,  the elevator is not moving!
, elevID,1,  pos,0,  WRONG cmd, stop,0,  the elevator is not moving!
, elevID,1,  pos,0,  WRONG cmd, stop,0,  the elevator is not moving!
, elevID,1,  pos,0,  WRONG cmd, stop,0,  the elevator is not moving!
, elevID,1,  pos,0,  WRONG cmd, stop,0,  the elevator is not moving!
985.0,Elevator call,984.1840185574983,7,0,1,0, got allocated to elevator, 0
985.0, elevID,0,  pos,0,  cmd, goto,0
985.0, elevID,0,  pos,0,  cmd, goto,-1
, elevID,1,  pos,0,  WRONG cmd, stop,0,  the elevator is not moving!
, elevID,1,  pos,0,  WRONG cmd, stop,0,  the elevator is not moving!
, elevID,1,  pos,0,  WRONG cmd, stop,0,  the elevator is not moving!
, elevID,1,  pos,0,  WRONG cmd, stop,0,  the elevator is not moving!
989.0, elevID,1,  pos,0,  cmd, goto,-1
, elevID,1,  pos,0,  cmd, stop,0
, elevID,1,  pos,0,  WRONG cmd, stop,0,  the elevator is not moving!
, elevID,1,  pos,0,  WRONG cmd, stop,0,  the elevator is not moving!
, elevID,1,  pos,0,  WRONG cmd, stop,0,  the elevator is not moving!
, elevID,1,  pos,0,  WRONG cmd, stop,0,  the elevator is not moving!
, elevID,1,  pos,0,  WRONG cmd, stop,0,  the elevator is not moving!
, elevID,1,  pos,0,  WRONG cmd, stop,0,  the elevator is not moving!
996.0, elevID,0,  pos,-1,  cmd, goto,0
, elevID,1,  pos,0,  WRONG cmd, stop,0,  the elevator is not moving!
, elevID,1,  pos,0,  WRONG cmd, stop,0,  the elevator is not moving!
, elevID,1,  pos,0,  WRONG cmd, stop,0,  the elevator is not moving!
999.0, elevID,1,  pos,0,  cmd, goto,-1
, elevID,1,  pos,0,  cmd, stop,0
1000.0,************* Simulation Ended ************
Code Owners,207051707,208785154,  Case,2,  Total waiting time: 42257.792822120195,  average waiting time per call: 422.57792822120194,  unCompleted calls,89,  certificate, -32654988366
