**** The Simulator log: stage 2
0.0,OOP_Ex0_Elevator_Simulator
0.0,Simulated Building, ex0.simulator.Builging_A [-2,10]
0) ex0.simulator.Elevator_A, Elev_0, speed: 1.0, open/close: 2.0,  start/stop: 3.0
1) ex0.simulator.Elevator_A, Elev_1, speed: 1.0, open/close: 2.0,  start/stop: 3.0
0.0,Simulated Period starTime,0.0,  endTime,1000.0,  dt,1.0
0.0,Simulated  calls,Elevetor log, size: 100
0.0,**** Simulation starts!! ****
5.0,Elevator call,4.374727290393253,0,-1,1,0, got allocated to elevator, 0
5.0, elevID,0,  pos,-2,  cmd, goto,0
17.0,Elevator call,16.957882888088932,-1,0,1,1, got allocated to elevator, 1
17.0,Elev,0,  arrived at src, 0, Elevator call,4.374727290393253,0,-1,2,0
17.0, elevID,0,  pos,0,  cmd, goto,0
17.0, elevID,0,  pos,0,  cmd, goto,-1
17.0, elevID,1,  pos,-2,  cmd, goto,-1
23.0,Elevator call,22.094056301593582,0,-1,1,1, got allocated to elevator, 1
28.0,Elev,0,  arrived at dest, -1, this call is done!, Elevator call,4.374727290393253,0,-1,3,0, Done, dt, 23.625272709606747
28.0, elevID,0,  pos,-1,  cmd, goto,0
28.0,Elev,1,  arrived at src, -1, Elevator call,16.957882888088932,-1,0,2,1
28.0, elevID,1,  pos,-1,  cmd, goto,-1
28.0, elevID,1,  pos,-1,  cmd, goto,0
39.0,Elev,1,  arrived at dest, 0, this call is done!, Elevator call,16.957882888088932,-1,0,3,1, Done, dt, 22.042117111911068
39.0,Elev,1,  arrived at src, 0, Elevator call,22.094056301593582,0,-1,2,1
39.0, elevID,1,  pos,0,  cmd, goto,0
39.0, elevID,1,  pos,0,  cmd, goto,-1
50.0,Elev,1,  arrived at dest, -1, this call is done!, Elevator call,22.094056301593582,0,-1,3,1, Done, dt, 27.905943698406418
50.0, elevID,1,  pos,-1,  cmd, goto,0
86.0,Elevator call,85.5209666204754,3,2,1,0, got allocated to elevator, 0
86.0, elevID,0,  pos,0,  cmd, goto,3
92.0,Elevator call,91.21019413453945,-1,-2,1,1, got allocated to elevator, 1
92.0, elevID,1,  pos,0,  cmd, goto,-1
99.0,Elev,0,  arrived at src, 3, Elevator call,85.5209666204754,3,2,2,0
99.0, elevID,0,  pos,3,  cmd, goto,3
99.0, elevID,0,  pos,3,  cmd, goto,2
103.0,Elev,1,  arrived at src, -1, Elevator call,91.21019413453945,-1,-2,2,1
103.0, elevID,1,  pos,-1,  cmd, goto,-1
103.0, elevID,1,  pos,-1,  cmd, goto,-2
105.0,Elevator call,104.13701241869234,0,4,1,1, got allocated to elevator, 1
110.0,Elevator call,109.21352909346587,-1,0,1,0, got allocated to elevator, 0
110.0,Elev,0,  arrived at dest, 2, this call is done!, Elevator call,85.5209666204754,3,2,3,0, Done, dt, 24.479033379524594
110.0, elevID,0,  pos,2,  cmd, goto,-1
114.0,Elev,1,  arrived at dest, -2, this call is done!, Elevator call,91.21019413453945,-1,-2,3,1, Done, dt, 22.78980586546055
114.0, elevID,1,  pos,-2,  cmd, goto,0
115.0,Elevator call,114.39235096774041,3,0,1,0, got allocated to elevator, 0
123.0,Elev,0,  arrived at src, -1, Elevator call,109.21352909346587,-1,0,2,0
123.0, elevID,0,  pos,-1,  cmd, goto,-1
123.0, elevID,0,  pos,-1,  cmd, goto,0
125.0,Elevator call,124.42557095980362,0,9,1,1, got allocated to elevator, 1
126.0,Elev,1,  arrived at src, 0, Elevator call,104.13701241869234,0,4,2,1
126.0,Elev,1,  arrived at src, 0, Elevator call,124.42557095980362,0,9,2,1
126.0, elevID,1,  pos,0,  cmd, goto,0
126.0, elevID,1,  pos,0,  cmd, goto,4
131.0,Elevator call,130.02495678190564,8,10,1,0, got allocated to elevator, 0
131.0,Elevator call,130.224911275492,-1,1,1,1, got allocated to elevator, 1
134.0,Elev,0,  arrived at dest, 0, this call is done!, Elevator call,109.21352909346587,-1,0,3,0, Done, dt, 24.786470906534134
135.0, elevID,0,  pos,0,  cmd, goto,3
138.0,Elevator call,137.9515274326701,0,4,1,0, got allocated to elevator, 0
140.0,Elev,1,  arrived at dest, 4, this call is done!, Elevator call,104.13701241869234,0,4,3,1, Done, dt, 35.862987581307664
141.0, elevID,1,  pos,4,  cmd, goto,0
144.0,Elevator call,143.91335838799415,0,6,1,1, got allocated to elevator, 1
148.0,Elev,0,  arrived at src, 3, Elevator call,114.39235096774041,3,0,2,0
148.0, elevID,0,  pos,3,  cmd, goto,3
148.0, elevID,0,  pos,3,  cmd, goto,0
155.0,Elev,1,  arrived at src, 0, Elevator call,143.91335838799415,0,6,2,1
155.0, elevID,1,  pos,0,  cmd, goto,0
155.0, elevID,1,  pos,0,  cmd, goto,9
161.0,Elev,0,  arrived at dest, 0, this call is done!, Elevator call,114.39235096774041,3,0,3,0, Done, dt, 46.60764903225959
161.0,Elev,0,  arrived at src, 0, Elevator call,137.9515274326701,0,4,2,0
162.0, elevID,0,  pos,0,  cmd, goto,8
170.0,Elevator call,169.78458339380109,-1,0,1,0, got allocated to elevator, 0
171.0,Elevator call,170.0099620835246,0,6,1,0, got allocated to elevator, 0
172.0,Elevator call,171.21173315221364,-1,8,1,1, got allocated to elevator, 1
174.0,Elev,1,  arrived at dest, 9, this call is done!, Elevator call,124.42557095980362,0,9,3,1, Done, dt, 49.57442904019638
174.0, elevID,1,  pos,9,  cmd, goto,0
175.0,Elevator call,174.84385152106802,0,-1,1,1, got allocated to elevator, 1
180.0,Elev,0,  arrived at src, 8, Elevator call,130.02495678190564,8,10,2,0
180.0, elevID,0,  pos,8,  cmd, goto,8
180.0, elevID,0,  pos,8,  cmd, goto,10
188.0,Elevator call,187.11678617348463,-1,-2,1,1, got allocated to elevator, 1
188.0,Elevator call,187.7299317966884,-1,-2,1,1, got allocated to elevator, 1
192.0,Elev,0,  arrived at dest, 10, this call is done!, Elevator call,130.02495678190564,8,10,3,0, Done, dt, 61.975043218094356
192.0, elevID,0,  pos,10,  cmd, goto,-1
193.0,Elev,1,  arrived at src, 0, Elevator call,174.84385152106802,0,-1,2,1
193.0, elevID,1,  pos,0,  cmd, goto,-1
196.0,Elevator call,195.90869649656992,0,7,1,0, got allocated to elevator, 0
198.0,Elevator call,197.5359191292572,-1,1,1,1, got allocated to elevator, 1
204.0,Elev,1,  arrived at src, -1, Elevator call,130.224911275492,-1,1,2,1
204.0,Elev,1,  arrived at src, -1, Elevator call,171.21173315221364,-1,8,2,1
204.0,Elev,1,  arrived at dest, -1, this call is done!, Elevator call,174.84385152106802,0,-1,3,1, Done, dt, 29.156148478931982
204.0,Elev,1,  arrived at src, -1, Elevator call,187.11678617348463,-1,-2,2,1
204.0,Elev,1,  arrived at src, -1, Elevator call,187.7299317966884,-1,-2,2,1
204.0,Elev,1,  arrived at src, -1, Elevator call,197.5359191292572,-1,1,2,1
204.0, elevID,1,  pos,-1,  cmd, goto,-1
204.0, elevID,1,  pos,-1,  cmd, goto,1
206.0,Elevator call,205.9895199338651,-1,0,1,0, got allocated to elevator, 0
213.0,Elev,0,  arrived at src, -1, Elevator call,169.78458339380109,-1,0,2,0
213.0,Elev,0,  arrived at src, -1, Elevator call,205.9895199338651,-1,0,2,0
213.0, elevID,0,  pos,-1,  cmd, goto,0
216.0,Elev,1,  arrived at dest, 1, this call is done!, Elevator call,130.224911275492,-1,1,3,1, Done, dt, 85.77508872450801
216.0,Elev,1,  arrived at dest, 1, this call is done!, Elevator call,197.5359191292572,-1,1,3,1, Done, dt, 18.464080870742805
216.0, elevID,1,  pos,1,  cmd, goto,-1
224.0,Elev,0,  arrived at dest, 0, this call is done!, Elevator call,169.78458339380109,-1,0,3,0, Done, dt, 54.215416606198914
224.0,Elev,0,  arrived at src, 0, Elevator call,170.0099620835246,0,6,2,0
224.0,Elev,0,  arrived at src, 0, Elevator call,195.90869649656992,0,7,2,0
224.0,Elev,0,  arrived at dest, 0, this call is done!, Elevator call,205.9895199338651,-1,0,3,0, Done, dt, 18.010480066134903
224.0, elevID,0,  pos,0,  cmd, goto,0
224.0, elevID,0,  pos,0,  cmd, goto,4
228.0,Elevator call,227.0798304557929,-1,5,1,0, got allocated to elevator, 0
228.0, elevID,1,  pos,-1,  cmd, goto,0
232.0,Elevator call,231.51578817426258,-1,0,1,1, got allocated to elevator, 1
233.0,Elevator call,232.95043623946805,0,-1,1,1, got allocated to elevator, 1
238.0,Elev,0,  arrived at dest, 4, this call is done!, Elevator call,137.9515274326701,0,4,3,0, Done, dt, 100.0484725673299
238.0, elevID,0,  pos,4,  cmd, goto,0
239.0,Elev,1,  arrived at src, 0, Elevator call,232.95043623946805,0,-1,2,1
239.0, elevID,1,  pos,0,  cmd, goto,0
239.0, elevID,1,  pos,0,  cmd, goto,6
252.0,Elevator call,251.10444690749756,-1,-2,1,0, got allocated to elevator, 0
252.0,Elevator call,251.23593354161653,0,9,1,0, got allocated to elevator, 0
252.0,Elev,0,  arrived at src, 0, Elevator call,251.23593354161653,0,9,2,0
252.0, elevID,0,  pos,0,  cmd, goto,0
252.0, elevID,0,  pos,0,  cmd, goto,6
255.0,Elevator call,254.69771525200505,3,4,1,0, got allocated to elevator, 0
255.0,Elev,1,  arrived at dest, 6, this call is done!, Elevator call,143.91335838799415,0,6,3,1, Done, dt, 111.08664161200585
255.0, elevID,1,  pos,6,  cmd, goto,-1
258.0,Elevator call,257.7974435335086,-1,0,1,1, got allocated to elevator, 1
268.0,Elev,0,  arrived at dest, 6, this call is done!, Elevator call,170.0099620835246,0,6,3,0, Done, dt, 97.99003791647539
268.0, elevID,0,  pos,6,  cmd, goto,-1
272.0,Elev,1,  arrived at src, -1, Elevator call,231.51578817426258,-1,0,2,1
272.0,Elev,1,  arrived at dest, -1, this call is done!, Elevator call,232.95043623946805,0,-1,3,1, Done, dt, 39.04956376053195
272.0,Elev,1,  arrived at src, -1, Elevator call,257.7974435335086,-1,0,2,1
272.0, elevID,1,  pos,-1,  cmd, goto,-1
272.0, elevID,1,  pos,-1,  cmd, goto,8
285.0,Elev,0,  arrived at src, -1, Elevator call,227.0798304557929,-1,5,2,0
285.0,Elev,0,  arrived at src, -1, Elevator call,251.10444690749756,-1,-2,2,0
285.0, elevID,0,  pos,-1,  cmd, goto,0
291.0,Elev,1,  arrived at dest, 8, this call is done!, Elevator call,171.21173315221364,-1,8,3,1, Done, dt, 119.78826684778636
291.0, elevID,1,  pos,8,  cmd, goto,-1
296.0,Elevator call,295.7943356681491,0,1,1,0, got allocated to elevator, 0
296.0,Elev,0,  arrived at src, 0, Elevator call,295.7943356681491,0,1,2,0
296.0, elevID,0,  pos,0,  cmd, goto,0
296.0, elevID,0,  pos,0,  cmd, goto,7
305.0,Elevator call,304.99843880775313,6,0,1,1, got allocated to elevator, 1
310.0,Elevator call,309.30053828560517,0,-1,1,1, got allocated to elevator, 1
310.0, elevID,1,  pos,-1,  cmd, goto,-1
310.0, elevID,1,  pos,-1,  cmd, goto,-2
313.0,Elevator call,312.30185564398687,0,-1,1,1, got allocated to elevator, 1
313.0,Elev,0,  arrived at dest, 7, this call is done!, Elevator call,195.90869649656992,0,7,3,0, Done, dt, 117.09130350343008
313.0, elevID,0,  pos,7,  cmd, goto,-1
317.0,Elevator call,316.03237827404377,0,-1,1,0, got allocated to elevator, 0
320.0,Elevator call,319.90520204415634,6,5,1,0, got allocated to elevator, 0
321.0,Elevator call,320.97607492210807,-1,0,1,1, got allocated to elevator, 1
321.0,Elev,1,  arrived at dest, -2, this call is done!, Elevator call,187.11678617348463,-1,-2,3,1, Done, dt, 133.88321382651537
321.0,Elev,1,  arrived at dest, -2, this call is done!, Elevator call,187.7299317966884,-1,-2,3,1, Done, dt, 133.2700682033116
321.0, elevID,1,  pos,-2,  cmd, goto,-1
322.0,Elevator call,321.37040904796595,7,-1,1,1, got allocated to elevator, 1
331.0, elevID,0,  pos,-1,  cmd, goto,-1
331.0, elevID,0,  pos,-1,  cmd, goto,5
332.0,Elev,1,  arrived at src, -1, Elevator call,320.97607492210807,-1,0,2,1
332.0, elevID,1,  pos,-1,  cmd, goto,-1
332.0, elevID,1,  pos,-1,  cmd, goto,0
333.0,Elevator call,332.4267319393355,0,10,1,0, got allocated to elevator, 0
337.0,Elevator call,336.93043046159545,-1,0,1,1, got allocated to elevator, 1
343.0,Elev,1,  arrived at dest, 0, this call is done!, Elevator call,231.51578817426258,-1,0,3,1, Done, dt, 111.48421182573742
343.0,Elev,1,  arrived at dest, 0, this call is done!, Elevator call,257.7974435335086,-1,0,3,1, Done, dt, 85.20255646649139
343.0,Elev,1,  arrived at src, 0, Elevator call,309.30053828560517,0,-1,2,1
343.0,Elev,1,  arrived at src, 0, Elevator call,312.30185564398687,0,-1,2,1
343.0,Elev,1,  arrived at dest, 0, this call is done!, Elevator call,320.97607492210807,-1,0,3,1, Done, dt, 22.02392507789193
343.0, elevID,1,  pos,0,  cmd, goto,6
347.0,Elev,0,  arrived at dest, 5, this call is done!, Elevator call,227.0798304557929,-1,5,3,0, Done, dt, 119.92016954420711
347.0, elevID,0,  pos,5,  cmd, goto,0
359.0,Elev,1,  arrived at src, 6, Elevator call,304.99843880775313,6,0,2,1
359.0, elevID,1,  pos,6,  cmd, goto,6
359.0, elevID,1,  pos,6,  cmd, goto,0
362.0,Elev,0,  arrived at src, 0, Elevator call,316.03237827404377,0,-1,2,0
362.0,Elev,0,  arrived at src, 0, Elevator call,332.4267319393355,0,10,2,0
362.0, elevID,0,  pos,0,  cmd, goto,-1
373.0,Elev,0,  arrived at dest, -1, this call is done!, Elevator call,316.03237827404377,0,-1,3,0, Done, dt, 56.967621725956235
373.0, elevID,0,  pos,-1,  cmd, goto,-1
373.0, elevID,0,  pos,-1,  cmd, goto,-2
375.0,Elev,1,  arrived at dest, 0, this call is done!, Elevator call,304.99843880775313,6,0,3,1, Done, dt, 70.00156119224687
375.0, elevID,1,  pos,0,  cmd, goto,0
375.0, elevID,1,  pos,0,  cmd, goto,-1
376.0,Elevator call,375.49048095381363,1,0,1,1, got allocated to elevator, 1
384.0,Elev,0,  arrived at dest, -2, this call is done!, Elevator call,251.10444690749756,-1,-2,3,0, Done, dt, 132.89555309250244
384.0, elevID,0,  pos,-2,  cmd, goto,3
386.0,Elev,1,  arrived at dest, -1, this call is done!, Elevator call,309.30053828560517,0,-1,3,1, Done, dt, 76.69946171439483
386.0,Elev,1,  arrived at dest, -1, this call is done!, Elevator call,312.30185564398687,0,-1,3,1, Done, dt, 73.69814435601313
386.0,Elev,1,  arrived at src, -1, Elevator call,336.93043046159545,-1,0,2,1
386.0, elevID,1,  pos,-1,  cmd, goto,7
393.0,Elevator call,392.5160764870397,0,5,1,1, got allocated to elevator, 1
399.0,Elev,0,  arrived at src, 3, Elevator call,254.69771525200505,3,4,2,0
399.0, elevID,0,  pos,3,  cmd, goto,0
404.0,Elev,1,  arrived at src, 7, Elevator call,321.37040904796595,7,-1,2,1
404.0, elevID,1,  pos,7,  cmd, goto,7
404.0, elevID,1,  pos,7,  cmd, goto,-1
406.0,Elevator call,405.1821140884023,-1,10,1,1, got allocated to elevator, 1
412.0, elevID,0,  pos,0,  cmd, goto,0
412.0, elevID,0,  pos,0,  cmd, goto,9
422.0,Elev,1,  arrived at dest, -1, this call is done!, Elevator call,321.37040904796595,7,-1,3,1, Done, dt, 100.62959095203405
422.0,Elev,1,  arrived at src, -1, Elevator call,405.1821140884023,-1,10,2,1
422.0, elevID,1,  pos,-1,  cmd, goto,1
427.0,Elevator call,426.8615805478589,2,0,1,1, got allocated to elevator, 1
431.0,Elev,0,  arrived at dest, 9, this call is done!, Elevator call,251.23593354161653,0,9,3,0, Done, dt, 179.76406645838347
431.0, elevID,0,  pos,9,  cmd, goto,0
434.0,Elev,1,  arrived at src, 1, Elevator call,375.49048095381363,1,0,2,1
434.0, elevID,1,  pos,1,  cmd, goto,-1
438.0,Elevator call,437.17111576125836,1,0,1,0, got allocated to elevator, 0
446.0, elevID,1,  pos,-1,  cmd, goto,-1
446.0, elevID,1,  pos,-1,  cmd, goto,0
450.0, elevID,0,  pos,0,  cmd, goto,3
457.0,Elev,1,  arrived at dest, 0, this call is done!, Elevator call,336.93043046159545,-1,0,3,1, Done, dt, 120.06956953840455
457.0,Elev,1,  arrived at dest, 0, this call is done!, Elevator call,375.49048095381363,1,0,3,1, Done, dt, 81.50951904618637
457.0,Elev,1,  arrived at src, 0, Elevator call,392.5160764870397,0,5,2,1
457.0, elevID,1,  pos,0,  cmd, goto,0
457.0, elevID,1,  pos,0,  cmd, goto,5
463.0, elevID,0,  pos,3,  cmd, goto,3
463.0, elevID,0,  pos,3,  cmd, goto,4
472.0,Elev,1,  arrived at dest, 5, this call is done!, Elevator call,392.5160764870397,0,5,3,1, Done, dt, 79.4839235129603
473.0,Elevator call,472.7445473930129,10,-1,1,1, got allocated to elevator, 1
473.0, elevID,1,  pos,5,  cmd, goto,-1
474.0,Elev,0,  arrived at dest, 4, this call is done!, Elevator call,254.69771525200505,3,4,3,0, Done, dt, 219.30228474799495
474.0, elevID,0,  pos,4,  cmd, goto,6
486.0,Elev,0,  arrived at src, 6, Elevator call,319.90520204415634,6,5,2,0
486.0, elevID,0,  pos,6,  cmd, goto,0
489.0, elevID,1,  pos,-1,  cmd, goto,-1
489.0, elevID,1,  pos,-1,  cmd, goto,10
501.0,Elevator call,500.3712044996745,8,-1,1,1, got allocated to elevator, 1
502.0, elevID,0,  pos,0,  cmd, goto,0
502.0, elevID,0,  pos,0,  cmd, goto,1
504.0,Elevator call,503.13847841893045,1,-1,1,1, got allocated to elevator, 1
505.0,Elevator call,504.4317942159655,0,-1,1,1, got allocated to elevator, 1
510.0,Elev,1,  arrived at dest, 10, this call is done!, Elevator call,405.1821140884023,-1,10,3,1, Done, dt, 104.81788591159773
510.0,Elev,1,  arrived at src, 10, Elevator call,472.7445473930129,10,-1,2,1
510.0, elevID,1,  pos,10,  cmd, goto,10
510.0, elevID,1,  pos,10,  cmd, goto,-1
513.0,Elev,0,  arrived at dest, 1, this call is done!, Elevator call,295.7943356681491,0,1,3,0, Done, dt, 217.20566433185093
513.0,Elev,0,  arrived at src, 1, Elevator call,437.17111576125836,1,0,2,0
513.0, elevID,0,  pos,1,  cmd, goto,0
524.0,Elev,0,  arrived at dest, 0, this call is done!, Elevator call,437.17111576125836,1,0,3,0, Done, dt, 86.82888423874164
524.0, elevID,0,  pos,0,  cmd, goto,6
530.0,Elevator call,529.6277472128405,3,-1,1,0, got allocated to elevator, 0
531.0,Elev,1,  arrived at dest, -1, this call is done!, Elevator call,472.7445473930129,10,-1,3,1, Done, dt, 58.25545260698709
531.0, elevID,1,  pos,-1,  cmd, goto,2
538.0,Elevator call,537.7866883694313,-1,6,1,0, got allocated to elevator, 0
540.0, elevID,0,  pos,6,  cmd, goto,6
540.0, elevID,0,  pos,6,  cmd, goto,5
544.0,Elev,1,  arrived at src, 2, Elevator call,426.8615805478589,2,0,2,1
544.0, elevID,1,  pos,2,  cmd, goto,2
544.0, elevID,1,  pos,2,  cmd, goto,0
545.0,Elevator call,544.7880392034898,6,-1,1,1, got allocated to elevator, 1
551.0,Elev,0,  arrived at dest, 5, this call is done!, Elevator call,319.90520204415634,6,5,3,0, Done, dt, 231.09479795584366
551.0, elevID,0,  pos,5,  cmd, goto,3
555.0,Elevator call,554.0892922920482,4,0,1,0, got allocated to elevator, 0
556.0,Elev,1,  arrived at dest, 0, this call is done!, Elevator call,426.8615805478589,2,0,3,1, Done, dt, 129.13841945214108
556.0,Elev,1,  arrived at src, 0, Elevator call,504.4317942159655,0,-1,2,1
556.0, elevID,1,  pos,0,  cmd, goto,0
556.0, elevID,1,  pos,0,  cmd, goto,-1
558.0,Elevator call,557.2441390036331,10,0,1,0, got allocated to elevator, 0
563.0,Elev,0,  arrived at src, 3, Elevator call,529.6277472128405,3,-1,2,0
563.0, elevID,0,  pos,3,  cmd, goto,0
566.0,Elevator call,565.0195521745534,0,-1,1,1, got allocated to elevator, 1
567.0,Elev,1,  arrived at dest, -1, this call is done!, Elevator call,504.4317942159655,0,-1,3,1, Done, dt, 62.56820578403449
567.0, elevID,1,  pos,-1,  cmd, goto,8
576.0, elevID,0,  pos,0,  cmd, goto,0
576.0, elevID,0,  pos,0,  cmd, goto,10
582.0,Elevator call,581.8703090238192,0,3,1,1, got allocated to elevator, 1
586.0,Elev,1,  arrived at src, 8, Elevator call,500.3712044996745,8,-1,2,1
586.0, elevID,1,  pos,8,  cmd, goto,8
586.0, elevID,1,  pos,8,  cmd, goto,-1
596.0,Elev,0,  arrived at dest, 10, this call is done!, Elevator call,332.4267319393355,0,10,3,0, Done, dt, 263.5732680606645
596.0,Elev,0,  arrived at src, 10, Elevator call,557.2441390036331,10,0,2,0
596.0, elevID,0,  pos,10,  cmd, goto,-1
597.0,Elevator call,596.1232022872633,8,0,1,0, got allocated to elevator, 0
601.0,Elevator call,600.9312879686208,1,0,1,0, got allocated to elevator, 0
604.0,Elevator call,603.9342326983083,7,0,1,1, got allocated to elevator, 1
605.0,Elev,1,  arrived at dest, -1, this call is done!, Elevator call,500.3712044996745,8,-1,3,1, Done, dt, 104.62879550032551
605.0, elevID,1,  pos,-1,  cmd, goto,6
617.0,Elev,0,  arrived at dest, -1, this call is done!, Elevator call,529.6277472128405,3,-1,3,0, Done, dt, 87.37225278715948
617.0,Elev,0,  arrived at src, -1, Elevator call,537.7866883694313,-1,6,2,0
617.0, elevID,0,  pos,-1,  cmd, goto,4
618.0,Elevator call,617.9628338542149,0,3,1,1, got allocated to elevator, 1
620.0,Elevator call,619.6454196970012,9,0,1,0, got allocated to elevator, 0
622.0,Elev,1,  arrived at src, 6, Elevator call,544.7880392034898,6,-1,2,1
622.0, elevID,1,  pos,6,  cmd, goto,1
627.0,Elevator call,626.2116172047942,0,1,1,1, got allocated to elevator, 1
632.0,Elev,0,  arrived at src, 4, Elevator call,554.0892922920482,4,0,2,0
632.0, elevID,0,  pos,4,  cmd, goto,-1
637.0,Elev,1,  arrived at src, 1, Elevator call,503.13847841893045,1,-1,2,1
637.0, elevID,1,  pos,1,  cmd, goto,1
637.0, elevID,1,  pos,1,  cmd, goto,-1
644.0,Elevator call,643.8547514955396,-1,2,1,1, got allocated to elevator, 1
647.0, elevID,0,  pos,-1,  cmd, goto,-1
647.0, elevID,0,  pos,-1,  cmd, goto,6
649.0,Elev,1,  arrived at dest, -1, this call is done!, Elevator call,503.13847841893045,1,-1,3,1, Done, dt, 145.86152158106955
649.0,Elev,1,  arrived at dest, -1, this call is done!, Elevator call,544.7880392034898,6,-1,3,1, Done, dt, 104.2119607965102
649.0,Elev,1,  arrived at src, -1, Elevator call,643.8547514955396,-1,2,2,1
649.0, elevID,1,  pos,-1,  cmd, goto,0
660.0,Elev,1,  arrived at src, 0, Elevator call,565.0195521745534,0,-1,2,1
660.0,Elev,1,  arrived at src, 0, Elevator call,581.8703090238192,0,3,2,1
660.0,Elev,1,  arrived at src, 0, Elevator call,617.9628338542149,0,3,2,1
660.0,Elev,1,  arrived at src, 0, Elevator call,626.2116172047942,0,1,2,1
660.0, elevID,1,  pos,0,  cmd, goto,0
660.0, elevID,1,  pos,0,  cmd, goto,-1
661.0,Elevator call,660.0732907797126,6,10,1,1, got allocated to elevator, 1
662.0,Elevator call,661.0420820268716,-1,3,1,1, got allocated to elevator, 1
663.0,Elevator call,662.1730527520776,-1,5,1,0, got allocated to elevator, 0
664.0,Elev,0,  arrived at dest, 6, this call is done!, Elevator call,537.7866883694313,-1,6,3,0, Done, dt, 126.21331163056868
664.0, elevID,0,  pos,6,  cmd, goto,10
666.0,Elevator call,665.1155548533167,-1,8,1,0, got allocated to elevator, 0
667.0,Elevator call,666.0340294605869,4,0,1,1, got allocated to elevator, 1
667.0,Elevator call,666.2411586665262,5,-1,1,0, got allocated to elevator, 0
671.0,Elev,1,  arrived at dest, -1, this call is done!, Elevator call,565.0195521745534,0,-1,3,1, Done, dt, 105.98044782544662
671.0,Elev,1,  arrived at src, -1, Elevator call,661.0420820268716,-1,3,2,1
671.0, elevID,1,  pos,-1,  cmd, goto,7
673.0,Elevator call,672.677314157026,0,-1,1,0, got allocated to elevator, 0
678.0,Elevator call,677.7341948387335,0,-1,1,0, got allocated to elevator, 0
678.0, elevID,0,  pos,10,  cmd, goto,4
679.0,Elevator call,678.9953584914538,-1,-2,1,1, got allocated to elevator, 1
689.0,Elev,1,  arrived at src, 7, Elevator call,603.9342326983083,7,0,2,1
689.0, elevID,1,  pos,7,  cmd, goto,0
694.0, elevID,0,  pos,4,  cmd, goto,4
694.0, elevID,0,  pos,4,  cmd, goto,0
696.0,Elevator call,695.2239881566923,0,10,1,1, got allocated to elevator, 1
706.0,Elev,1,  arrived at dest, 0, this call is done!, Elevator call,603.9342326983083,7,0,3,1, Done, dt, 102.06576730169172
706.0,Elev,1,  arrived at src, 0, Elevator call,695.2239881566923,0,10,2,1
706.0, elevID,1,  pos,0,  cmd, goto,0
706.0, elevID,1,  pos,0,  cmd, goto,3
707.0,Elevator call,706.1583474999188,-1,-2,1,1, got allocated to elevator, 1
708.0,Elev,0,  arrived at dest, 0, this call is done!, Elevator call,554.0892922920482,4,0,3,0, Done, dt, 153.91070770795181
708.0,Elev,0,  arrived at dest, 0, this call is done!, Elevator call,557.2441390036331,10,0,3,0, Done, dt, 150.7558609963669
708.0,Elev,0,  arrived at src, 0, Elevator call,672.677314157026,0,-1,2,0
708.0,Elev,0,  arrived at src, 0, Elevator call,677.7341948387335,0,-1,2,0
708.0, elevID,0,  pos,0,  cmd, goto,8
711.0,Elevator call,710.3249770041223,0,1,1,0, got allocated to elevator, 0
714.0,Elevator call,713.0191971398395,1,0,1,0, got allocated to elevator, 0
714.0,Elevator call,713.2499766424826,10,-1,1,1, got allocated to elevator, 1
719.0,Elev,1,  arrived at dest, 3, this call is done!, Elevator call,581.8703090238192,0,3,3,1, Done, dt, 137.12969097618077
719.0,Elev,1,  arrived at dest, 3, this call is done!, Elevator call,617.9628338542149,0,3,3,1, Done, dt, 101.03716614578514
719.0,Elev,1,  arrived at dest, 3, this call is done!, Elevator call,661.0420820268716,-1,3,3,1, Done, dt, 57.95791797312836
719.0, elevID,1,  pos,3,  cmd, goto,0
723.0,Elevator call,722.6161212799507,10,0,1,1, got allocated to elevator, 1
726.0,Elev,0,  arrived at src, 8, Elevator call,596.1232022872633,8,0,2,0
726.0, elevID,0,  pos,8,  cmd, goto,8
726.0, elevID,0,  pos,8,  cmd, goto,0
728.0,Elevator call,727.514602863032,-1,0,1,1, got allocated to elevator, 1
732.0, elevID,1,  pos,0,  cmd, goto,0
732.0, elevID,1,  pos,0,  cmd, goto,1
733.0,Elevator call,732.9746341348998,6,-1,1,1, got allocated to elevator, 1
738.0,Elevator call,737.314720213409,1,0,1,0, got allocated to elevator, 0
743.0,Elev,1,  arrived at dest, 1, this call is done!, Elevator call,626.2116172047942,0,1,3,1, Done, dt, 116.78838279520585
743.0, elevID,1,  pos,1,  cmd, goto,6
744.0,Elev,0,  arrived at dest, 0, this call is done!, Elevator call,596.1232022872633,8,0,3,0, Done, dt, 147.87679771273667
744.0,Elev,0,  arrived at src, 0, Elevator call,710.3249770041223,0,1,2,0
744.0, elevID,0,  pos,0,  cmd, goto,9
758.0,Elev,1,  arrived at src, 6, Elevator call,660.0732907797126,6,10,2,1
758.0,Elev,1,  arrived at src, 6, Elevator call,732.9746341348998,6,-1,2,1
758.0, elevID,1,  pos,6,  cmd, goto,-1
763.0,Elev,0,  arrived at src, 9, Elevator call,619.6454196970012,9,0,2,0
763.0, elevID,0,  pos,9,  cmd, goto,1
775.0,Elev,1,  arrived at src, -1, Elevator call,678.9953584914538,-1,-2,2,1
775.0,Elev,1,  arrived at src, -1, Elevator call,706.1583474999188,-1,-2,2,1
775.0,Elev,1,  arrived at src, -1, Elevator call,727.514602863032,-1,0,2,1
775.0,Elev,1,  arrived at dest, -1, this call is done!, Elevator call,732.9746341348998,6,-1,3,1, Done, dt, 42.025365865100184
775.0, elevID,1,  pos,-1,  cmd, goto,-1
775.0, elevID,1,  pos,-1,  cmd, goto,2
780.0,Elevator call,779.399691386574,-1,5,1,0, got allocated to elevator, 0
781.0,Elev,0,  arrived at src, 1, Elevator call,600.9312879686208,1,0,2,0
781.0,Elev,0,  arrived at dest, 1, this call is done!, Elevator call,710.3249770041223,0,1,3,0, Done, dt, 70.67502299587773
781.0,Elev,0,  arrived at src, 1, Elevator call,713.0191971398395,1,0,2,0
781.0,Elev,0,  arrived at src, 1, Elevator call,737.314720213409,1,0,2,0
781.0, elevID,0,  pos,1,  cmd, goto,1
781.0, elevID,0,  pos,1,  cmd, goto,0
788.0,Elev,1,  arrived at dest, 2, this call is done!, Elevator call,643.8547514955396,-1,2,3,1, Done, dt, 144.14524850446037
788.0, elevID,1,  pos,2,  cmd, goto,4
792.0,Elev,0,  arrived at dest, 0, this call is done!, Elevator call,600.9312879686208,1,0,3,0, Done, dt, 191.06871203137916
792.0,Elev,0,  arrived at dest, 0, this call is done!, Elevator call,619.6454196970012,9,0,3,0, Done, dt, 172.35458030299878
792.0,Elev,0,  arrived at dest, 0, this call is done!, Elevator call,713.0191971398395,1,0,3,0, Done, dt, 78.98080286016045
792.0,Elev,0,  arrived at dest, 0, this call is done!, Elevator call,737.314720213409,1,0,3,0, Done, dt, 54.68527978659097
792.0, elevID,0,  pos,0,  cmd, goto,-1
800.0,Elev,1,  arrived at src, 4, Elevator call,666.0340294605869,4,0,2,1
800.0, elevID,1,  pos,4,  cmd, goto,6
803.0,Elev,0,  arrived at src, -1, Elevator call,662.1730527520776,-1,5,2,0
803.0,Elev,0,  arrived at src, -1, Elevator call,665.1155548533167,-1,8,2,0
803.0,Elev,0,  arrived at dest, -1, this call is done!, Elevator call,672.677314157026,0,-1,3,0, Done, dt, 130.322685842974
803.0,Elev,0,  arrived at dest, -1, this call is done!, Elevator call,677.7341948387335,0,-1,3,0, Done, dt, 125.26580516126648
803.0,Elev,0,  arrived at src, -1, Elevator call,779.399691386574,-1,5,2,0
803.0, elevID,0,  pos,-1,  cmd, goto,-1
803.0, elevID,0,  pos,-1,  cmd, goto,5
806.0,Elevator call,805.6754743307536,-1,-2,1,0, got allocated to elevator, 0
811.0,Elevator call,810.4469089359914,2,0,1,0, got allocated to elevator, 0
812.0, elevID,1,  pos,6,  cmd, goto,6
812.0, elevID,1,  pos,6,  cmd, goto,10
817.0,Elevator call,816.1516998390152,7,-1,1,0, got allocated to elevator, 0
819.0,Elev,0,  arrived at dest, 5, this call is done!, Elevator call,662.1730527520776,-1,5,3,0, Done, dt, 156.82694724792236
819.0,Elev,0,  arrived at src, 5, Elevator call,666.2411586665262,5,-1,2,0
819.0,Elev,0,  arrived at dest, 5, this call is done!, Elevator call,779.399691386574,-1,5,3,0, Done, dt, 39.60030861342602
819.0, elevID,0,  pos,5,  cmd, goto,5
819.0, elevID,0,  pos,5,  cmd, goto,-1
826.0,Elevator call,825.4575184586336,7,0,1,0, got allocated to elevator, 0
826.0,Elev,1,  arrived at dest, 10, this call is done!, Elevator call,660.0732907797126,6,10,3,1, Done, dt, 165.92670922028742
826.0,Elev,1,  arrived at dest, 10, this call is done!, Elevator call,695.2239881566923,0,10,3,1, Done, dt, 130.77601184330774
826.0,Elev,1,  arrived at src, 10, Elevator call,713.2499766424826,10,-1,2,1
826.0,Elev,1,  arrived at src, 10, Elevator call,722.6161212799507,10,0,2,1
826.0, elevID,1,  pos,10,  cmd, goto,-1
835.0,Elev,0,  arrived at dest, -1, this call is done!, Elevator call,666.2411586665262,5,-1,3,0, Done, dt, 168.7588413334738
835.0,Elev,0,  arrived at src, -1, Elevator call,805.6754743307536,-1,-2,2,0
835.0, elevID,0,  pos,-1,  cmd, goto,-1
835.0, elevID,0,  pos,-1,  cmd, goto,8
840.0,Elevator call,839.8525652620532,0,1,1,0, got allocated to elevator, 0
847.0,Elev,1,  arrived at dest, -1, this call is done!, Elevator call,713.2499766424826,10,-1,3,1, Done, dt, 133.75002335751742
847.0, elevID,1,  pos,-1,  cmd, goto,4
854.0,Elev,0,  arrived at dest, 8, this call is done!, Elevator call,665.1155548533167,-1,8,3,0, Done, dt, 188.88444514668333
854.0, elevID,0,  pos,8,  cmd, goto,2
855.0,Elevator call,854.2002278085795,6,-1,1,0, got allocated to elevator, 0
862.0, elevID,1,  pos,4,  cmd, goto,4
862.0, elevID,1,  pos,4,  cmd, goto,0
864.0,Elevator call,863.893291272948,0,-1,1,0, got allocated to elevator, 0
870.0,Elev,0,  arrived at src, 2, Elevator call,810.4469089359914,2,0,2,0
870.0, elevID,0,  pos,2,  cmd, goto,-1
871.0,Elevator call,870.5053023797483,0,7,1,1, got allocated to elevator, 1
876.0,Elev,1,  arrived at dest, 0, this call is done!, Elevator call,666.0340294605869,4,0,3,1, Done, dt, 209.9659705394131
876.0,Elev,1,  arrived at dest, 0, this call is done!, Elevator call,722.6161212799507,10,0,3,1, Done, dt, 153.38387872004932
876.0,Elev,1,  arrived at dest, 0, this call is done!, Elevator call,727.514602863032,-1,0,3,1, Done, dt, 148.485397136968
876.0,Elev,1,  arrived at src, 0, Elevator call,870.5053023797483,0,7,2,1
876.0, elevID,1,  pos,0,  cmd, goto,-1
883.0, elevID,0,  pos,-1,  cmd, goto,-1
883.0, elevID,0,  pos,-1,  cmd, goto,-2
887.0,Elevator call,886.5649993239458,-1,-2,1,1, got allocated to elevator, 1
887.0,Elev,1,  arrived at src, -1, Elevator call,886.5649993239458,-1,-2,2,1
887.0, elevID,1,  pos,-1,  cmd, goto,-1
887.0, elevID,1,  pos,-1,  cmd, goto,-2
893.0,Elevator call,892.5212150591021,9,-1,1,1, got allocated to elevator, 1
894.0,Elev,0,  arrived at dest, -2, this call is done!, Elevator call,805.6754743307536,-1,-2,3,0, Done, dt, 88.32452566924644
894.0, elevID,0,  pos,-2,  cmd, goto,7
898.0,Elev,1,  arrived at dest, -2, this call is done!, Elevator call,678.9953584914538,-1,-2,3,1, Done, dt, 219.00464150854623
898.0,Elev,1,  arrived at dest, -2, this call is done!, Elevator call,706.1583474999188,-1,-2,3,1, Done, dt, 191.84165250008118
898.0,Elev,1,  arrived at dest, -2, this call is done!, Elevator call,886.5649993239458,-1,-2,3,1, Done, dt, 11.435000676054187
898.0, elevID,1,  pos,-2,  cmd, goto,0
910.0, elevID,1,  pos,0,  cmd, goto,0
910.0, elevID,1,  pos,0,  cmd, goto,7
911.0,Elevator call,910.5388559417848,6,5,1,1, got allocated to elevator, 1
913.0,Elev,0,  arrived at src, 7, Elevator call,816.1516998390152,7,-1,2,0
913.0,Elev,0,  arrived at src, 7, Elevator call,825.4575184586336,7,0,2,0
913.0, elevID,0,  pos,7,  cmd, goto,2
916.0,Elevator call,915.9490574608818,4,-1,1,1, got allocated to elevator, 1
927.0,Elev,1,  arrived at dest, 7, this call is done!, Elevator call,870.5053023797483,0,7,3,1, Done, dt, 56.49469762025171
927.0, elevID,1,  pos,7,  cmd, goto,6
928.0, elevID,0,  pos,2,  cmd, goto,2
928.0, elevID,0,  pos,2,  cmd, goto,0
934.0,Elevator call,933.8580452488764,7,5,1,1, got allocated to elevator, 1
938.0,Elev,1,  arrived at src, 6, Elevator call,910.5388559417848,6,5,2,1
938.0, elevID,1,  pos,6,  cmd, goto,9
940.0,Elev,0,  arrived at dest, 0, this call is done!, Elevator call,810.4469089359914,2,0,3,0, Done, dt, 129.55309106400864
940.0,Elev,0,  arrived at dest, 0, this call is done!, Elevator call,825.4575184586336,7,0,3,0, Done, dt, 114.54248154136644
940.0,Elev,0,  arrived at src, 0, Elevator call,839.8525652620532,0,1,2,0
940.0,Elev,0,  arrived at src, 0, Elevator call,863.893291272948,0,-1,2,0
940.0, elevID,0,  pos,0,  cmd, goto,6
951.0,Elev,1,  arrived at src, 9, Elevator call,892.5212150591021,9,-1,2,1
951.0, elevID,1,  pos,9,  cmd, goto,9
951.0, elevID,1,  pos,9,  cmd, goto,-1
956.0,Elev,0,  arrived at src, 6, Elevator call,854.2002278085795,6,-1,2,0
956.0, elevID,0,  pos,6,  cmd, goto,7
962.0,Elevator call,961.6862855708133,6,-1,1,0, got allocated to elevator, 0
967.0, elevID,0,  pos,7,  cmd, goto,7
967.0, elevID,0,  pos,7,  cmd, goto,-1
971.0,Elev,1,  arrived at dest, -1, this call is done!, Elevator call,892.5212150591021,9,-1,3,1, Done, dt, 78.47878494089787
971.0, elevID,1,  pos,-1,  cmd, goto,4
973.0,Elevator call,972.8032126022729,1,0,1,1, got allocated to elevator, 1
976.0,Elevator call,975.8361202753667,0,-1,1,0, got allocated to elevator, 0
979.0,Elevator call,978.5925148564796,10,0,1,1, got allocated to elevator, 1
979.0,Elevator call,978.6210500641439,10,-1,1,1, got allocated to elevator, 1
985.0,Elevator call,984.1840185574983,7,0,1,1, got allocated to elevator, 1
985.0,Elev,0,  arrived at dest, -1, this call is done!, Elevator call,816.1516998390152,7,-1,3,0, Done, dt, 168.84830016098476
985.0,Elev,0,  arrived at dest, -1, this call is done!, Elevator call,854.2002278085795,6,-1,3,0, Done, dt, 130.79977219142052
985.0,Elev,0,  arrived at dest, -1, this call is done!, Elevator call,863.893291272948,0,-1,3,0, Done, dt, 121.10670872705202
985.0, elevID,0,  pos,-1,  cmd, goto,6
986.0,Elev,1,  arrived at src, 4, Elevator call,915.9490574608818,4,-1,2,1
986.0, elevID,1,  pos,4,  cmd, goto,6
998.0, elevID,1,  pos,6,  cmd, goto,6
998.0, elevID,1,  pos,6,  cmd, goto,5
1000.0,************* Simulation Ended ************
Code Owners,207051707,208785154,  Case,2,  Total waiting time: 10086.792822120187,  average waiting time per call: 100.86792822120188,  unCompleted calls,10,  certificate, -3391233018
