**** The Simulator log: stage 2
0.0,OOP_Ex0_Elevator_Simulator
0.0,Simulated Building, ex0.simulator.Builging_A [-2,10]
0) ex0.simulator.Elevator_A, Elev_0, speed: 1.0, open/close: 2.0,  start/stop: 3.0
1) ex0.simulator.Elevator_A, Elev_1, speed: 1.0, open/close: 2.0,  start/stop: 3.0
0.0,Simulated Period starTime,0.0,  endTime,1000.0,  dt,1.0
0.0,Simulated  calls,Elevetor log, size: 100
0.0,**** Simulation starts!! ****
5.0,Elevator call,4.374727290393253,0,-1,1,0, got allocated to elevator, 0
5.0, elevID,0,  pos,-2,  cmd, goto,0
17.0,Elevator call,16.957882888088932,-1,0,1,0, got allocated to elevator, 0
17.0,Elev,0,  arrived at src, 0, Elevator call,4.374727290393253,0,-1,2,0
17.0, elevID,0,  pos,0,  cmd, goto,-1
23.0,Elevator call,22.094056301593582,0,-1,1,0, got allocated to elevator, 0
28.0,Elev,0,  arrived at dest, -1, this call is done!, Elevator call,4.374727290393253,0,-1,3,0, Done, dt, 23.625272709606747
28.0,Elev,0,  arrived at src, -1, Elevator call,16.957882888088932,-1,0,2,0
86.0,Elevator call,85.5209666204754,3,2,1,0, got allocated to elevator, 0
86.0, elevID,0,  pos,-1,  cmd, goto,3
92.0,Elevator call,91.21019413453945,-1,-2,1,0, got allocated to elevator, 0
100.0,Elev,0,  arrived at src, 3, Elevator call,85.5209666204754,3,2,2,0
100.0, elevID,0,  pos,3,  cmd, goto,2
105.0,Elevator call,104.13701241869234,0,4,1,0, got allocated to elevator, 0
110.0,Elevator call,109.21352909346587,-1,0,1,1, got allocated to elevator, 1
110.0, elevID,1,  pos,-2,  cmd, goto,-1
111.0,Elev,0,  arrived at dest, 2, this call is done!, Elevator call,85.5209666204754,3,2,3,0, Done, dt, 25.479033379524594
115.0,Elevator call,114.39235096774041,3,0,1,1, got allocated to elevator, 1
121.0,Elev,1,  arrived at src, -1, Elevator call,109.21352909346587,-1,0,2,1
121.0, elevID,1,  pos,-1,  cmd, goto,0
125.0,Elevator call,124.42557095980362,0,9,1,1, got allocated to elevator, 1
131.0,Elevator call,130.02495678190564,8,10,1,0, got allocated to elevator, 0
131.0,Elevator call,130.224911275492,-1,1,1,0, got allocated to elevator, 0
131.0, elevID,0,  pos,2,  cmd, goto,8
132.0,Elev,1,  arrived at dest, 0, this call is done!, Elevator call,109.21352909346587,-1,0,3,1, Done, dt, 22.786470906534134
132.0,Elev,1,  arrived at src, 0, Elevator call,124.42557095980362,0,9,2,1
138.0,Elevator call,137.9515274326701,0,4,1,0, got allocated to elevator, 0
144.0,Elevator call,143.91335838799415,0,6,1,0, got allocated to elevator, 0
147.0,Elev,0,  arrived at src, 8, Elevator call,130.02495678190564,8,10,2,0
147.0, elevID,0,  pos,8,  cmd, goto,10
159.0,Elev,0,  arrived at dest, 10, this call is done!, Elevator call,130.02495678190564,8,10,3,0, Done, dt, 28.975043218094356
170.0,Elevator call,169.78458339380109,-1,0,1,1, got allocated to elevator, 1
170.0, elevID,1,  pos,0,  cmd, goto,-1
171.0,Elevator call,170.0099620835246,0,6,1,1, got allocated to elevator, 1
172.0,Elevator call,171.21173315221364,-1,8,1,1, got allocated to elevator, 1
175.0,Elevator call,174.84385152106802,0,-1,1,1, got allocated to elevator, 1
181.0,Elev,1,  arrived at src, -1, Elevator call,169.78458339380109,-1,0,2,1
181.0,Elev,1,  arrived at src, -1, Elevator call,171.21173315221364,-1,8,2,1
181.0, elevID,1,  pos,-1,  cmd, goto,0
188.0,Elevator call,187.11678617348463,-1,-2,1,1, got allocated to elevator, 1
188.0,Elevator call,187.7299317966884,-1,-2,1,1, got allocated to elevator, 1
192.0,Elev,1,  arrived at dest, 0, this call is done!, Elevator call,169.78458339380109,-1,0,3,1, Done, dt, 22.215416606198914
192.0,Elev,1,  arrived at src, 0, Elevator call,170.0099620835246,0,6,2,1
192.0,Elev,1,  arrived at src, 0, Elevator call,174.84385152106802,0,-1,2,1
192.0, elevID,1,  pos,0,  cmd, goto,-1
196.0,Elevator call,195.90869649656992,0,7,1,1, got allocated to elevator, 1
198.0,Elevator call,197.5359191292572,-1,1,1,1, got allocated to elevator, 1
203.0,Elev,1,  arrived at dest, -1, this call is done!, Elevator call,174.84385152106802,0,-1,3,1, Done, dt, 28.156148478931982
203.0,Elev,1,  arrived at src, -1, Elevator call,187.11678617348463,-1,-2,2,1
203.0,Elev,1,  arrived at src, -1, Elevator call,187.7299317966884,-1,-2,2,1
203.0,Elev,1,  arrived at src, -1, Elevator call,197.5359191292572,-1,1,2,1
203.0, elevID,1,  pos,-1,  cmd, goto,-2
206.0,Elevator call,205.9895199338651,-1,0,1,1, got allocated to elevator, 1
214.0,Elev,1,  arrived at dest, -2, this call is done!, Elevator call,187.11678617348463,-1,-2,3,1, Done, dt, 26.883213826515373
214.0,Elev,1,  arrived at dest, -2, this call is done!, Elevator call,187.7299317966884,-1,-2,3,1, Done, dt, 26.27006820331161
228.0,Elevator call,227.0798304557929,-1,5,1,1, got allocated to elevator, 1
228.0, elevID,1,  pos,-2,  cmd, goto,-1
232.0,Elevator call,231.51578817426258,-1,0,1,1, got allocated to elevator, 1
233.0,Elevator call,232.95043623946805,0,-1,1,1, got allocated to elevator, 1
239.0,Elev,1,  arrived at src, -1, Elevator call,205.9895199338651,-1,0,2,1
239.0,Elev,1,  arrived at src, -1, Elevator call,227.0798304557929,-1,5,2,1
239.0,Elev,1,  arrived at src, -1, Elevator call,231.51578817426258,-1,0,2,1
239.0, elevID,1,  pos,-1,  cmd, goto,5
252.0,Elevator call,251.10444690749756,-1,-2,1,1, got allocated to elevator, 1
252.0,Elevator call,251.23593354161653,0,9,1,1, got allocated to elevator, 1
255.0,Elevator call,254.69771525200505,3,4,1,1, got allocated to elevator, 1
255.0,Elev,1,  arrived at dest, 5, this call is done!, Elevator call,227.0798304557929,-1,5,3,1, Done, dt, 27.920169544207113
255.0, elevID,1,  pos,5,  cmd, goto,-1
258.0,Elevator call,257.7974435335086,-1,0,1,1, got allocated to elevator, 1
271.0,Elev,1,  arrived at src, -1, Elevator call,251.10444690749756,-1,-2,2,1
271.0,Elev,1,  arrived at src, -1, Elevator call,257.7974435335086,-1,0,2,1
271.0, elevID,1,  pos,-1,  cmd, goto,-2
282.0,Elev,1,  arrived at dest, -2, this call is done!, Elevator call,251.10444690749756,-1,-2,3,1, Done, dt, 30.89555309250244
296.0,Elevator call,295.7943356681491,0,1,1,1, got allocated to elevator, 1
296.0, elevID,1,  pos,-2,  cmd, goto,0
305.0,Elevator call,304.99843880775313,6,0,1,1, got allocated to elevator, 1
308.0,Elev,1,  arrived at src, 0, Elevator call,195.90869649656992,0,7,2,1
308.0,Elev,1,  arrived at dest, 0, this call is done!, Elevator call,205.9895199338651,-1,0,3,1, Done, dt, 102.0104800661349
308.0,Elev,1,  arrived at dest, 0, this call is done!, Elevator call,231.51578817426258,-1,0,3,1, Done, dt, 76.48421182573742
308.0,Elev,1,  arrived at src, 0, Elevator call,232.95043623946805,0,-1,2,1
308.0,Elev,1,  arrived at src, 0, Elevator call,251.23593354161653,0,9,2,1
308.0,Elev,1,  arrived at dest, 0, this call is done!, Elevator call,257.7974435335086,-1,0,3,1, Done, dt, 50.20255646649139
308.0,Elev,1,  arrived at src, 0, Elevator call,295.7943356681491,0,1,2,1
308.0, elevID,1,  pos,0,  cmd, goto,1
310.0,Elevator call,309.30053828560517,0,-1,1,1, got allocated to elevator, 1
313.0,Elevator call,312.30185564398687,0,-1,1,1, got allocated to elevator, 1
317.0,Elevator call,316.03237827404377,0,-1,1,1, got allocated to elevator, 1
319.0,Elev,1,  arrived at dest, 1, this call is done!, Elevator call,197.5359191292572,-1,1,3,1, Done, dt, 121.4640808707428
319.0,Elev,1,  arrived at dest, 1, this call is done!, Elevator call,295.7943356681491,0,1,3,1, Done, dt, 23.205664331850926
319.0, elevID,1,  pos,1,  cmd, goto,0
320.0,Elevator call,319.90520204415634,6,5,1,1, got allocated to elevator, 1
321.0,Elevator call,320.97607492210807,-1,0,1,1, got allocated to elevator, 1
322.0,Elevator call,321.37040904796595,7,-1,1,1, got allocated to elevator, 1
330.0,Elev,1,  arrived at src, 0, Elevator call,309.30053828560517,0,-1,2,1
330.0,Elev,1,  arrived at src, 0, Elevator call,312.30185564398687,0,-1,2,1
330.0,Elev,1,  arrived at src, 0, Elevator call,316.03237827404377,0,-1,2,1
330.0, elevID,1,  pos,0,  cmd, goto,-1
333.0,Elevator call,332.4267319393355,0,10,1,1, got allocated to elevator, 1
337.0,Elevator call,336.93043046159545,-1,0,1,1, got allocated to elevator, 1
341.0,Elev,1,  arrived at dest, -1, this call is done!, Elevator call,232.95043623946805,0,-1,3,1, Done, dt, 108.04956376053195
341.0,Elev,1,  arrived at dest, -1, this call is done!, Elevator call,309.30053828560517,0,-1,3,1, Done, dt, 31.69946171439483
341.0,Elev,1,  arrived at dest, -1, this call is done!, Elevator call,312.30185564398687,0,-1,3,1, Done, dt, 28.69814435601313
341.0,Elev,1,  arrived at dest, -1, this call is done!, Elevator call,316.03237827404377,0,-1,3,1, Done, dt, 24.967621725956235
341.0,Elev,1,  arrived at src, -1, Elevator call,320.97607492210807,-1,0,2,1
341.0,Elev,1,  arrived at src, -1, Elevator call,336.93043046159545,-1,0,2,1
341.0, elevID,1,  pos,-1,  cmd, goto,0
352.0,Elev,1,  arrived at dest, 0, this call is done!, Elevator call,320.97607492210807,-1,0,3,1, Done, dt, 31.02392507789193
352.0,Elev,1,  arrived at src, 0, Elevator call,332.4267319393355,0,10,2,1
352.0,Elev,1,  arrived at dest, 0, this call is done!, Elevator call,336.93043046159545,-1,0,3,1, Done, dt, 15.06956953840455
376.0,Elevator call,375.49048095381363,1,0,1,1, got allocated to elevator, 1
376.0, elevID,1,  pos,0,  cmd, goto,1
387.0,Elev,1,  arrived at src, 1, Elevator call,375.49048095381363,1,0,2,1
387.0, elevID,1,  pos,1,  cmd, goto,0
393.0,Elevator call,392.5160764870397,0,5,1,1, got allocated to elevator, 1
398.0,Elev,1,  arrived at dest, 0, this call is done!, Elevator call,375.49048095381363,1,0,3,1, Done, dt, 22.50951904618637
398.0,Elev,1,  arrived at src, 0, Elevator call,392.5160764870397,0,5,2,1
406.0,Elevator call,405.1821140884023,-1,10,1,1, got allocated to elevator, 1
406.0, elevID,1,  pos,0,  cmd, goto,-1
417.0,Elev,1,  arrived at src, -1, Elevator call,405.1821140884023,-1,10,2,1
417.0, elevID,1,  pos,-1,  cmd, goto,10
427.0,Elevator call,426.8615805478589,2,0,1,1, got allocated to elevator, 1
438.0,Elevator call,437.17111576125836,1,0,1,0, got allocated to elevator, 0
438.0, elevID,0,  pos,10,  cmd, goto,1
438.0,Elev,1,  arrived at dest, 10, this call is done!, Elevator call,332.4267319393355,0,10,3,1, Done, dt, 105.57326806066447
438.0,Elev,1,  arrived at dest, 10, this call is done!, Elevator call,405.1821140884023,-1,10,3,1, Done, dt, 32.81788591159773
457.0,Elev,0,  arrived at src, 1, Elevator call,437.17111576125836,1,0,2,0
457.0, elevID,0,  pos,1,  cmd, goto,0
468.0,Elev,0,  arrived at dest, 0, this call is done!, Elevator call,16.957882888088932,-1,0,3,0, Done, dt, 451.04211711191107
468.0,Elev,0,  arrived at src, 0, Elevator call,22.094056301593582,0,-1,2,0
468.0,Elev,0,  arrived at src, 0, Elevator call,104.13701241869234,0,4,2,0
468.0,Elev,0,  arrived at src, 0, Elevator call,137.9515274326701,0,4,2,0
468.0,Elev,0,  arrived at src, 0, Elevator call,143.91335838799415,0,6,2,0
468.0,Elev,0,  arrived at dest, 0, this call is done!, Elevator call,437.17111576125836,1,0,3,0, Done, dt, 30.828884238741637
473.0,Elevator call,472.7445473930129,10,-1,1,1, got allocated to elevator, 1
473.0,Elev,1,  arrived at src, 10, Elevator call,472.7445473930129,10,-1,2,1
473.0, elevID,1,  pos,10,  cmd, goto,-1
494.0,Elev,1,  arrived at dest, -1, this call is done!, Elevator call,472.7445473930129,10,-1,3,1, Done, dt, 21.25545260698709
501.0,Elevator call,500.3712044996745,8,-1,1,0, got allocated to elevator, 0
501.0, elevID,0,  pos,0,  cmd, goto,8
504.0,Elevator call,503.13847841893045,1,-1,1,0, got allocated to elevator, 0
505.0,Elevator call,504.4317942159655,0,-1,1,0, got allocated to elevator, 0
519.0,Elev,0,  arrived at src, 8, Elevator call,500.3712044996745,8,-1,2,0
519.0, elevID,0,  pos,8,  cmd, goto,1
530.0,Elevator call,529.6277472128405,3,-1,1,0, got allocated to elevator, 0
536.0,Elev,0,  arrived at src, 1, Elevator call,503.13847841893045,1,-1,2,0
536.0, elevID,0,  pos,1,  cmd, goto,0
538.0,Elevator call,537.7866883694313,-1,6,1,0, got allocated to elevator, 0
545.0,Elevator call,544.7880392034898,6,-1,1,0, got allocated to elevator, 0
547.0,Elev,0,  arrived at src, 0, Elevator call,504.4317942159655,0,-1,2,0
547.0, elevID,0,  pos,0,  cmd, goto,-1
555.0,Elevator call,554.0892922920482,4,0,1,0, got allocated to elevator, 0
558.0,Elevator call,557.2441390036331,10,0,1,0, got allocated to elevator, 0
558.0,Elev,0,  arrived at dest, -1, this call is done!, Elevator call,22.094056301593582,0,-1,3,0, Done, dt, 535.9059436984064
558.0,Elev,0,  arrived at src, -1, Elevator call,91.21019413453945,-1,-2,2,0
558.0,Elev,0,  arrived at src, -1, Elevator call,130.224911275492,-1,1,2,0
558.0,Elev,0,  arrived at dest, -1, this call is done!, Elevator call,500.3712044996745,8,-1,3,0, Done, dt, 57.62879550032551
558.0,Elev,0,  arrived at dest, -1, this call is done!, Elevator call,503.13847841893045,1,-1,3,0, Done, dt, 54.86152158106955
558.0,Elev,0,  arrived at dest, -1, this call is done!, Elevator call,504.4317942159655,0,-1,3,0, Done, dt, 53.56820578403449
558.0,Elev,0,  arrived at src, -1, Elevator call,537.7866883694313,-1,6,2,0
558.0, elevID,0,  pos,-1,  cmd, goto,4
566.0,Elevator call,565.0195521745534,0,-1,1,0, got allocated to elevator, 0
573.0,Elev,0,  arrived at dest, 4, this call is done!, Elevator call,104.13701241869234,0,4,3,0, Done, dt, 468.86298758130766
573.0,Elev,0,  arrived at dest, 4, this call is done!, Elevator call,137.9515274326701,0,4,3,0, Done, dt, 435.0484725673299
573.0,Elev,0,  arrived at src, 4, Elevator call,554.0892922920482,4,0,2,0
573.0, elevID,0,  pos,4,  cmd, goto,0
582.0,Elevator call,581.8703090238192,0,3,1,0, got allocated to elevator, 0
587.0,Elev,0,  arrived at dest, 0, this call is done!, Elevator call,554.0892922920482,4,0,3,0, Done, dt, 32.910707707951815
587.0,Elev,0,  arrived at src, 0, Elevator call,565.0195521745534,0,-1,2,0
587.0,Elev,0,  arrived at src, 0, Elevator call,581.8703090238192,0,3,2,0
597.0,Elevator call,596.1232022872633,8,0,1,0, got allocated to elevator, 0
597.0, elevID,0,  pos,0,  cmd, goto,8
601.0,Elevator call,600.9312879686208,1,0,1,0, got allocated to elevator, 0
604.0,Elevator call,603.9342326983083,7,0,1,0, got allocated to elevator, 0
615.0,Elev,0,  arrived at src, 8, Elevator call,596.1232022872633,8,0,2,0
615.0, elevID,0,  pos,8,  cmd, goto,1
618.0,Elevator call,617.9628338542149,0,3,1,0, got allocated to elevator, 0
620.0,Elevator call,619.6454196970012,9,0,1,0, got allocated to elevator, 0
627.0,Elevator call,626.2116172047942,0,1,1,0, got allocated to elevator, 0
632.0,Elev,0,  arrived at dest, 1, this call is done!, Elevator call,130.224911275492,-1,1,3,0, Done, dt, 501.775088724508
632.0,Elev,0,  arrived at src, 1, Elevator call,600.9312879686208,1,0,2,0
632.0, elevID,0,  pos,1,  cmd, goto,7
644.0,Elevator call,643.8547514955396,-1,2,1,0, got allocated to elevator, 0
648.0,Elev,0,  arrived at src, 7, Elevator call,603.9342326983083,7,0,2,0
648.0, elevID,0,  pos,7,  cmd, goto,0
661.0,Elevator call,660.0732907797126,6,10,1,0, got allocated to elevator, 0
662.0,Elevator call,661.0420820268716,-1,3,1,0, got allocated to elevator, 0
663.0,Elevator call,662.1730527520776,-1,5,1,0, got allocated to elevator, 0
665.0,Elev,0,  arrived at dest, 0, this call is done!, Elevator call,596.1232022872633,8,0,3,0, Done, dt, 68.87679771273667
665.0,Elev,0,  arrived at dest, 0, this call is done!, Elevator call,600.9312879686208,1,0,3,0, Done, dt, 64.06871203137916
665.0,Elev,0,  arrived at dest, 0, this call is done!, Elevator call,603.9342326983083,7,0,3,0, Done, dt, 61.06576730169172
665.0,Elev,0,  arrived at src, 0, Elevator call,617.9628338542149,0,3,2,0
665.0,Elev,0,  arrived at src, 0, Elevator call,626.2116172047942,0,1,2,0
665.0, elevID,0,  pos,0,  cmd, goto,6
666.0,Elevator call,665.1155548533167,-1,8,1,0, got allocated to elevator, 0
667.0,Elevator call,666.0340294605869,4,0,1,0, got allocated to elevator, 0
667.0,Elevator call,666.2411586665262,5,-1,1,0, got allocated to elevator, 0
673.0,Elevator call,672.677314157026,0,-1,1,0, got allocated to elevator, 0
678.0,Elevator call,677.7341948387335,0,-1,1,0, got allocated to elevator, 0
679.0,Elevator call,678.9953584914538,-1,-2,1,0, got allocated to elevator, 0
681.0,Elev,0,  arrived at dest, 6, this call is done!, Elevator call,143.91335838799415,0,6,3,0, Done, dt, 537.0866416120059
681.0,Elev,0,  arrived at dest, 6, this call is done!, Elevator call,537.7866883694313,-1,6,3,0, Done, dt, 143.21331163056868
681.0,Elev,0,  arrived at src, 6, Elevator call,544.7880392034898,6,-1,2,0
681.0,Elev,0,  arrived at src, 6, Elevator call,660.0732907797126,6,10,2,0
681.0, elevID,0,  pos,6,  cmd, goto,10
695.0,Elev,0,  arrived at src, 10, Elevator call,557.2441390036331,10,0,2,0
695.0,Elev,0,  arrived at dest, 10, this call is done!, Elevator call,660.0732907797126,6,10,3,0, Done, dt, 34.92670922028742
696.0,Elevator call,695.2239881566923,0,10,1,1, got allocated to elevator, 1
696.0, elevID,1,  pos,-1,  cmd, goto,0
707.0,Elevator call,706.1583474999188,-1,-2,1,1, got allocated to elevator, 1
707.0,Elev,1,  arrived at src, 0, Elevator call,695.2239881566923,0,10,2,1
707.0, elevID,1,  pos,0,  cmd, goto,10
711.0,Elevator call,710.3249770041223,0,1,1,1, got allocated to elevator, 1
714.0,Elevator call,713.0191971398395,1,0,1,1, got allocated to elevator, 1
714.0,Elevator call,713.2499766424826,10,-1,1,1, got allocated to elevator, 1
723.0,Elevator call,722.6161212799507,10,0,1,0, got allocated to elevator, 0
723.0,Elev,0,  arrived at src, 10, Elevator call,722.6161212799507,10,0,2,0
723.0, elevID,0,  pos,10,  cmd, goto,0
727.0,Elev,1,  arrived at dest, 10, this call is done!, Elevator call,695.2239881566923,0,10,3,1, Done, dt, 31.776011843307742
727.0,Elev,1,  arrived at src, 10, Elevator call,713.2499766424826,10,-1,2,1
728.0,Elevator call,727.514602863032,-1,0,1,0, got allocated to elevator, 0
733.0,Elevator call,732.9746341348998,6,-1,1,0, got allocated to elevator, 0
738.0,Elevator call,737.314720213409,1,0,1,0, got allocated to elevator, 0
743.0,Elev,0,  arrived at dest, 0, this call is done!, Elevator call,557.2441390036331,10,0,3,0, Done, dt, 185.7558609963669
743.0,Elev,0,  arrived at src, 0, Elevator call,672.677314157026,0,-1,2,0
743.0,Elev,0,  arrived at src, 0, Elevator call,677.7341948387335,0,-1,2,0
743.0,Elev,0,  arrived at dest, 0, this call is done!, Elevator call,722.6161212799507,10,0,3,0, Done, dt, 20.383878720049324
780.0,Elevator call,779.399691386574,-1,5,1,0, got allocated to elevator, 0
780.0, elevID,0,  pos,0,  cmd, goto,-1
791.0,Elev,0,  arrived at dest, -1, this call is done!, Elevator call,544.7880392034898,6,-1,3,0, Done, dt, 246.2119607965102
791.0,Elev,0,  arrived at dest, -1, this call is done!, Elevator call,565.0195521745534,0,-1,3,0, Done, dt, 225.98044782544662
791.0,Elev,0,  arrived at src, -1, Elevator call,643.8547514955396,-1,2,2,0
791.0,Elev,0,  arrived at src, -1, Elevator call,661.0420820268716,-1,3,2,0
791.0,Elev,0,  arrived at src, -1, Elevator call,662.1730527520776,-1,5,2,0
791.0,Elev,0,  arrived at src, -1, Elevator call,665.1155548533167,-1,8,2,0
791.0,Elev,0,  arrived at dest, -1, this call is done!, Elevator call,672.677314157026,0,-1,3,0, Done, dt, 118.32268584297401
791.0,Elev,0,  arrived at dest, -1, this call is done!, Elevator call,677.7341948387335,0,-1,3,0, Done, dt, 113.26580516126648
791.0,Elev,0,  arrived at src, -1, Elevator call,678.9953584914538,-1,-2,2,0
791.0,Elev,0,  arrived at src, -1, Elevator call,727.514602863032,-1,0,2,0
791.0,Elev,0,  arrived at src, -1, Elevator call,779.399691386574,-1,5,2,0
791.0, elevID,0,  pos,-1,  cmd, goto,5
806.0,Elevator call,805.6754743307536,-1,-2,1,0, got allocated to elevator, 0
807.0,Elev,0,  arrived at dest, 5, this call is done!, Elevator call,662.1730527520776,-1,5,3,0, Done, dt, 144.82694724792236
807.0,Elev,0,  arrived at src, 5, Elevator call,666.2411586665262,5,-1,2,0
807.0,Elev,0,  arrived at dest, 5, this call is done!, Elevator call,779.399691386574,-1,5,3,0, Done, dt, 27.600308613426023
807.0, elevID,0,  pos,5,  cmd, goto,-1
811.0,Elevator call,810.4469089359914,2,0,1,0, got allocated to elevator, 0
817.0,Elevator call,816.1516998390152,7,-1,1,0, got allocated to elevator, 0
823.0,Elev,0,  arrived at dest, -1, this call is done!, Elevator call,666.2411586665262,5,-1,3,0, Done, dt, 156.7588413334738
823.0,Elev,0,  arrived at src, -1, Elevator call,805.6754743307536,-1,-2,2,0
823.0, elevID,0,  pos,-1,  cmd, goto,-2
826.0,Elevator call,825.4575184586336,7,0,1,0, got allocated to elevator, 0
834.0,Elev,0,  arrived at dest, -2, this call is done!, Elevator call,91.21019413453945,-1,-2,3,0, Done, dt, 742.7898058654605
834.0,Elev,0,  arrived at dest, -2, this call is done!, Elevator call,678.9953584914538,-1,-2,3,0, Done, dt, 155.00464150854623
834.0,Elev,0,  arrived at dest, -2, this call is done!, Elevator call,805.6754743307536,-1,-2,3,0, Done, dt, 28.32452566924644
840.0,Elevator call,839.8525652620532,0,1,1,0, got allocated to elevator, 0
840.0, elevID,0,  pos,-2,  cmd, goto,0
852.0,Elev,0,  arrived at dest, 0, this call is done!, Elevator call,727.514602863032,-1,0,3,0, Done, dt, 124.485397136968
852.0,Elev,0,  arrived at src, 0, Elevator call,839.8525652620532,0,1,2,0
852.0, elevID,0,  pos,0,  cmd, goto,1
855.0,Elevator call,854.2002278085795,6,-1,1,0, got allocated to elevator, 0
863.0,Elev,0,  arrived at dest, 1, this call is done!, Elevator call,626.2116172047942,0,1,3,0, Done, dt, 236.78838279520585
863.0,Elev,0,  arrived at src, 1, Elevator call,737.314720213409,1,0,2,0
863.0,Elev,0,  arrived at dest, 1, this call is done!, Elevator call,839.8525652620532,0,1,3,0, Done, dt, 23.14743473794681
864.0,Elevator call,863.893291272948,0,-1,1,0, got allocated to elevator, 0
864.0, elevID,0,  pos,1,  cmd, goto,0
871.0,Elevator call,870.5053023797483,0,7,1,0, got allocated to elevator, 0
875.0,Elev,0,  arrived at dest, 0, this call is done!, Elevator call,737.314720213409,1,0,3,0, Done, dt, 137.68527978659097
875.0,Elev,0,  arrived at src, 0, Elevator call,863.893291272948,0,-1,2,0
875.0,Elev,0,  arrived at src, 0, Elevator call,870.5053023797483,0,7,2,0
875.0, elevID,0,  pos,0,  cmd, goto,-1
886.0,Elev,0,  arrived at dest, -1, this call is done!, Elevator call,863.893291272948,0,-1,3,0, Done, dt, 22.106708727052023
887.0,Elevator call,886.5649993239458,-1,-2,1,0, got allocated to elevator, 0
887.0,Elev,0,  arrived at src, -1, Elevator call,886.5649993239458,-1,-2,2,0
887.0, elevID,0,  pos,-1,  cmd, goto,-2
893.0,Elevator call,892.5212150591021,9,-1,1,0, got allocated to elevator, 0
898.0,Elev,0,  arrived at dest, -2, this call is done!, Elevator call,886.5649993239458,-1,-2,3,0, Done, dt, 11.435000676054187
911.0,Elevator call,910.5388559417848,6,5,1,1, got allocated to elevator, 1
911.0, elevID,1,  pos,10,  cmd, goto,6
916.0,Elevator call,915.9490574608818,4,-1,1,1, got allocated to elevator, 1
925.0,Elev,1,  arrived at dest, 6, this call is done!, Elevator call,170.0099620835246,0,6,3,1, Done, dt, 754.9900379164753
925.0,Elev,1,  arrived at src, 6, Elevator call,304.99843880775313,6,0,2,1
925.0,Elev,1,  arrived at src, 6, Elevator call,319.90520204415634,6,5,2,1
925.0,Elev,1,  arrived at src, 6, Elevator call,910.5388559417848,6,5,2,1
925.0, elevID,1,  pos,6,  cmd, goto,5
934.0,Elevator call,933.8580452488764,7,5,1,1, got allocated to elevator, 1
936.0,Elev,1,  arrived at dest, 5, this call is done!, Elevator call,319.90520204415634,6,5,3,1, Done, dt, 616.0947979558437
936.0,Elev,1,  arrived at dest, 5, this call is done!, Elevator call,392.5160764870397,0,5,3,1, Done, dt, 543.4839235129602
936.0,Elev,1,  arrived at dest, 5, this call is done!, Elevator call,910.5388559417848,6,5,3,1, Done, dt, 25.461144058215154
936.0, elevID,1,  pos,5,  cmd, goto,7
948.0,Elev,1,  arrived at dest, 7, this call is done!, Elevator call,195.90869649656992,0,7,3,1, Done, dt, 752.09130350343
948.0,Elev,1,  arrived at src, 7, Elevator call,321.37040904796595,7,-1,2,1
948.0,Elev,1,  arrived at src, 7, Elevator call,933.8580452488764,7,5,2,1
948.0, elevID,1,  pos,7,  cmd, goto,5
960.0,Elev,1,  arrived at dest, 5, this call is done!, Elevator call,933.8580452488764,7,5,3,1, Done, dt, 26.14195475112365
962.0,Elevator call,961.6862855708133,6,-1,1,1, got allocated to elevator, 1
962.0, elevID,1,  pos,5,  cmd, goto,6
973.0,Elevator call,972.8032126022729,1,0,1,1, got allocated to elevator, 1
973.0,Elev,1,  arrived at src, 6, Elevator call,961.6862855708133,6,-1,2,1
973.0, elevID,1,  pos,6,  cmd, goto,-1
976.0,Elevator call,975.8361202753667,0,-1,1,1, got allocated to elevator, 1
979.0,Elevator call,978.5925148564796,10,0,1,1, got allocated to elevator, 1
979.0,Elevator call,978.6210500641439,10,-1,1,1, got allocated to elevator, 1
985.0,Elevator call,984.1840185574983,7,0,1,1, got allocated to elevator, 1
990.0,Elev,1,  arrived at dest, -1, this call is done!, Elevator call,321.37040904796595,7,-1,3,1, Done, dt, 668.629590952034
990.0,Elev,1,  arrived at src, -1, Elevator call,706.1583474999188,-1,-2,2,1
990.0,Elev,1,  arrived at dest, -1, this call is done!, Elevator call,713.2499766424826,10,-1,3,1, Done, dt, 276.7500233575174
990.0,Elev,1,  arrived at dest, -1, this call is done!, Elevator call,961.6862855708133,6,-1,3,1, Done, dt, 28.31371442918669
1000.0,************* Simulation Ended ************
Code Owners,207051707,208785154,  Case,2,  Total waiting time: 21663.79282212021,  average waiting time per call: 216.6379282212021,  unCompleted calls,31,  certificate, -7385120008
