**** The Simulator log: stage 2
0.0,OOP_Ex0_Elevator_Simulator
0.0,Simulated Building, ex0.simulator.Builging_A [-2,10]
0) ex0.simulator.Elevator_A, Elev_0, speed: 1.0, open/close: 2.0,  start/stop: 3.0
1) ex0.simulator.Elevator_A, Elev_1, speed: 1.0, open/close: 2.0,  start/stop: 3.0
0.0,Simulated Period starTime,0.0,  endTime,1000.0,  dt,1.0
0.0,Simulated  calls,Elevetor log, size: 100
0.0,**** Simulation starts!! ****
5.0,Elevator call,4.374727290393253,0,-1,1,0, got allocated to elevator, 0
5.0, elevID,0,  pos,-2,  cmd, goto,0
17.0,Elevator call,16.957882888088932,-1,0,1,0, got allocated to elevator, 0
17.0,Elev,0,  arrived at src, 0, Elevator call,4.374727290393253,0,-1,2,0
17.0, elevID,0,  pos,0,  cmd, goto,-1
23.0,Elevator call,22.094056301593582,0,-1,1,0, got allocated to elevator, 0
28.0,Elev,0,  arrived at dest, -1, this call is done!, Elevator call,4.374727290393253,0,-1,3,0, Done, dt, 23.625272709606747
28.0,Elev,0,  arrived at src, -1, Elevator call,16.957882888088932,-1,0,2,0
28.0, elevID,0,  pos,-1,  cmd, goto,0
39.0,Elev,0,  arrived at dest, 0, this call is done!, Elevator call,16.957882888088932,-1,0,3,0, Done, dt, 22.042117111911068
39.0,Elev,0,  arrived at src, 0, Elevator call,22.094056301593582,0,-1,2,0
39.0, elevID,0,  pos,0,  cmd, goto,-1
50.0,Elev,0,  arrived at dest, -1, this call is done!, Elevator call,22.094056301593582,0,-1,3,0, Done, dt, 27.905943698406418
86.0,Elevator call,85.5209666204754,3,2,1,0, got allocated to elevator, 0
86.0, elevID,0,  pos,-1,  cmd, goto,3
92.0,Elevator call,91.21019413453945,-1,-2,1,0, got allocated to elevator, 0
100.0,Elev,0,  arrived at src, 3, Elevator call,85.5209666204754,3,2,2,0
100.0, elevID,0,  pos,3,  cmd, goto,2
105.0,Elevator call,104.13701241869234,0,4,1,0, got allocated to elevator, 0
110.0,Elevator call,109.21352909346587,-1,0,1,1, got allocated to elevator, 1
110.0, elevID,1,  pos,-2,  cmd, goto,-1
111.0,Elev,0,  arrived at dest, 2, this call is done!, Elevator call,85.5209666204754,3,2,3,0, Done, dt, 25.479033379524594
111.0, elevID,0,  pos,2,  cmd, goto,-1
115.0,Elevator call,114.39235096774041,3,0,1,1, got allocated to elevator, 1
121.0,Elev,1,  arrived at src, -1, Elevator call,109.21352909346587,-1,0,2,1
121.0, elevID,1,  pos,-1,  cmd, goto,0
124.0,Elev,0,  arrived at src, -1, Elevator call,91.21019413453945,-1,-2,2,0
124.0, elevID,0,  pos,-1,  cmd, goto,-2
125.0,Elevator call,124.42557095980362,0,9,1,1, got allocated to elevator, 1
131.0,Elevator call,130.02495678190564,8,10,1,0, got allocated to elevator, 0
131.0,Elevator call,130.224911275492,-1,1,1,0, got allocated to elevator, 0
132.0,Elev,1,  arrived at dest, 0, this call is done!, Elevator call,109.21352909346587,-1,0,3,1, Done, dt, 22.786470906534134
132.0,Elev,1,  arrived at src, 0, Elevator call,124.42557095980362,0,9,2,1
132.0, elevID,1,  pos,0,  cmd, goto,3
135.0,Elev,0,  arrived at dest, -2, this call is done!, Elevator call,91.21019413453945,-1,-2,3,0, Done, dt, 43.78980586546055
135.0, elevID,0,  pos,-2,  cmd, goto,0
138.0,Elevator call,137.9515274326701,0,4,1,0, got allocated to elevator, 0
144.0,Elevator call,143.91335838799415,0,6,1,0, got allocated to elevator, 0
145.0,Elev,1,  arrived at src, 3, Elevator call,114.39235096774041,3,0,2,1
145.0, elevID,1,  pos,3,  cmd, goto,0
147.0,Elev,0,  arrived at src, 0, Elevator call,104.13701241869234,0,4,2,0
147.0,Elev,0,  arrived at src, 0, Elevator call,137.9515274326701,0,4,2,0
147.0,Elev,0,  arrived at src, 0, Elevator call,143.91335838799415,0,6,2,0
147.0, elevID,0,  pos,0,  cmd, goto,4
158.0,Elev,1,  arrived at dest, 0, this call is done!, Elevator call,114.39235096774041,3,0,3,1, Done, dt, 43.60764903225959
158.0, elevID,1,  pos,0,  cmd, goto,9
161.0,Elev,0,  arrived at dest, 4, this call is done!, Elevator call,104.13701241869234,0,4,3,0, Done, dt, 56.862987581307664
161.0,Elev,0,  arrived at dest, 4, this call is done!, Elevator call,137.9515274326701,0,4,3,0, Done, dt, 23.048472567329895
170.0,Elevator call,169.78458339380109,-1,0,1,0, got allocated to elevator, 0
170.0, elevID,0,  pos,4,  cmd, goto,-1
171.0,Elevator call,170.0099620835246,0,6,1,0, got allocated to elevator, 0
172.0,Elevator call,171.21173315221364,-1,8,1,0, got allocated to elevator, 0
175.0,Elevator call,174.84385152106802,0,-1,1,1, got allocated to elevator, 1
177.0,Elev,1,  arrived at dest, 9, this call is done!, Elevator call,124.42557095980362,0,9,3,1, Done, dt, 52.57442904019638
177.0, elevID,1,  pos,9,  cmd, goto,0
185.0,Elev,0,  arrived at src, -1, Elevator call,130.224911275492,-1,1,2,0
185.0,Elev,0,  arrived at src, -1, Elevator call,169.78458339380109,-1,0,2,0
185.0,Elev,0,  arrived at src, -1, Elevator call,171.21173315221364,-1,8,2,0
185.0, elevID,0,  pos,-1,  cmd, goto,0
188.0,Elevator call,187.11678617348463,-1,-2,1,1, got allocated to elevator, 1
188.0,Elevator call,187.7299317966884,-1,-2,1,1, got allocated to elevator, 1
196.0,Elevator call,195.90869649656992,0,7,1,1, got allocated to elevator, 1
196.0,Elev,0,  arrived at dest, 0, this call is done!, Elevator call,169.78458339380109,-1,0,3,0, Done, dt, 26.215416606198914
196.0,Elev,0,  arrived at src, 0, Elevator call,170.0099620835246,0,6,2,0
196.0, elevID,0,  pos,0,  cmd, goto,6
196.0,Elev,1,  arrived at src, 0, Elevator call,174.84385152106802,0,-1,2,1
196.0,Elev,1,  arrived at src, 0, Elevator call,195.90869649656992,0,7,2,1
196.0, elevID,1,  pos,0,  cmd, goto,-1
198.0,Elevator call,197.5359191292572,-1,1,1,1, got allocated to elevator, 1
206.0,Elevator call,205.9895199338651,-1,0,1,0, got allocated to elevator, 0
207.0,Elev,1,  arrived at dest, -1, this call is done!, Elevator call,174.84385152106802,0,-1,3,1, Done, dt, 32.15614847893198
207.0,Elev,1,  arrived at src, -1, Elevator call,187.11678617348463,-1,-2,2,1
207.0,Elev,1,  arrived at src, -1, Elevator call,187.7299317966884,-1,-2,2,1
207.0,Elev,1,  arrived at src, -1, Elevator call,197.5359191292572,-1,1,2,1
207.0, elevID,1,  pos,-1,  cmd, goto,-2
212.0,Elev,0,  arrived at dest, 6, this call is done!, Elevator call,143.91335838799415,0,6,3,0, Done, dt, 68.08664161200585
212.0,Elev,0,  arrived at dest, 6, this call is done!, Elevator call,170.0099620835246,0,6,3,0, Done, dt, 41.99003791647539
212.0, elevID,0,  pos,6,  cmd, goto,-1
218.0,Elev,1,  arrived at dest, -2, this call is done!, Elevator call,187.11678617348463,-1,-2,3,1, Done, dt, 30.883213826515373
218.0,Elev,1,  arrived at dest, -2, this call is done!, Elevator call,187.7299317966884,-1,-2,3,1, Done, dt, 30.27006820331161
218.0, elevID,1,  pos,-2,  cmd, goto,-1
228.0,Elevator call,227.0798304557929,-1,5,1,0, got allocated to elevator, 0
229.0,Elev,0,  arrived at src, -1, Elevator call,205.9895199338651,-1,0,2,0
229.0,Elev,0,  arrived at src, -1, Elevator call,227.0798304557929,-1,5,2,0
229.0, elevID,0,  pos,-1,  cmd, goto,8
229.0, elevID,1,  pos,-1,  cmd, goto,-2
232.0,Elevator call,231.51578817426258,-1,0,1,0, got allocated to elevator, 0
233.0,Elevator call,232.95043623946805,0,-1,1,0, got allocated to elevator, 0
240.0, elevID,1,  pos,-2,  cmd, goto,0
248.0,Elev,0,  arrived at src, 8, Elevator call,130.02495678190564,8,10,2,0
248.0,Elev,0,  arrived at dest, 8, this call is done!, Elevator call,171.21173315221364,-1,8,3,0, Done, dt, 76.78826684778636
252.0,Elevator call,251.10444690749756,-1,-2,1,0, got allocated to elevator, 0
252.0,Elevator call,251.23593354161653,0,9,1,0, got allocated to elevator, 0
252.0, elevID,0,  pos,8,  cmd, goto,-1
252.0, elevID,1,  pos,0,  cmd, goto,7
255.0,Elevator call,254.69771525200505,3,4,1,0, got allocated to elevator, 0
258.0,Elevator call,257.7974435335086,-1,0,1,0, got allocated to elevator, 0
269.0,Elev,1,  arrived at dest, 7, this call is done!, Elevator call,195.90869649656992,0,7,3,1, Done, dt, 73.09130350343008
269.0, elevID,1,  pos,7,  cmd, goto,-1
271.0,Elev,0,  arrived at src, -1, Elevator call,231.51578817426258,-1,0,2,0
271.0,Elev,0,  arrived at src, -1, Elevator call,251.10444690749756,-1,-2,2,0
271.0,Elev,0,  arrived at src, -1, Elevator call,257.7974435335086,-1,0,2,0
271.0, elevID,0,  pos,-1,  cmd, goto,-2
282.0,Elev,0,  arrived at dest, -2, this call is done!, Elevator call,251.10444690749756,-1,-2,3,0, Done, dt, 30.89555309250244
282.0, elevID,0,  pos,-2,  cmd, goto,0
287.0, elevID,1,  pos,-1,  cmd, goto,1
294.0,Elev,0,  arrived at dest, 0, this call is done!, Elevator call,205.9895199338651,-1,0,3,0, Done, dt, 88.0104800661349
294.0,Elev,0,  arrived at dest, 0, this call is done!, Elevator call,231.51578817426258,-1,0,3,0, Done, dt, 62.48421182573742
294.0,Elev,0,  arrived at src, 0, Elevator call,232.95043623946805,0,-1,2,0
294.0,Elev,0,  arrived at src, 0, Elevator call,251.23593354161653,0,9,2,0
294.0,Elev,0,  arrived at dest, 0, this call is done!, Elevator call,257.7974435335086,-1,0,3,0, Done, dt, 36.20255646649139
294.0, elevID,0,  pos,0,  cmd, goto,9
296.0,Elevator call,295.7943356681491,0,1,1,1, got allocated to elevator, 1
299.0,Elev,1,  arrived at dest, 1, this call is done!, Elevator call,197.5359191292572,-1,1,3,1, Done, dt, 101.4640808707428
299.0, elevID,1,  pos,1,  cmd, goto,0
305.0,Elevator call,304.99843880775313,6,0,1,1, got allocated to elevator, 1
310.0,Elevator call,309.30053828560517,0,-1,1,1, got allocated to elevator, 1
310.0,Elev,1,  arrived at src, 0, Elevator call,295.7943356681491,0,1,2,1
310.0,Elev,1,  arrived at src, 0, Elevator call,309.30053828560517,0,-1,2,1
310.0, elevID,1,  pos,0,  cmd, goto,1
313.0,Elevator call,312.30185564398687,0,-1,1,1, got allocated to elevator, 1
313.0,Elev,0,  arrived at dest, 9, this call is done!, Elevator call,251.23593354161653,0,9,3,0, Done, dt, 61.76406645838347
313.0, elevID,0,  pos,9,  cmd, goto,3
317.0,Elevator call,316.03237827404377,0,-1,1,1, got allocated to elevator, 1
320.0,Elevator call,319.90520204415634,6,5,1,0, got allocated to elevator, 0
321.0,Elevator call,320.97607492210807,-1,0,1,0, got allocated to elevator, 0
321.0,Elev,1,  arrived at dest, 1, this call is done!, Elevator call,295.7943356681491,0,1,3,1, Done, dt, 25.205664331850926
321.0, elevID,1,  pos,1,  cmd, goto,6
322.0,Elevator call,321.37040904796595,7,-1,1,0, got allocated to elevator, 0
329.0,Elev,0,  arrived at src, 3, Elevator call,254.69771525200505,3,4,2,0
329.0, elevID,0,  pos,3,  cmd, goto,4
333.0,Elevator call,332.4267319393355,0,10,1,0, got allocated to elevator, 0
336.0,Elev,1,  arrived at src, 6, Elevator call,304.99843880775313,6,0,2,1
336.0, elevID,1,  pos,6,  cmd, goto,0
337.0,Elevator call,336.93043046159545,-1,0,1,0, got allocated to elevator, 0
340.0,Elev,0,  arrived at dest, 4, this call is done!, Elevator call,254.69771525200505,3,4,3,0, Done, dt, 85.30228474799495
340.0, elevID,0,  pos,4,  cmd, goto,-1
352.0,Elev,1,  arrived at dest, 0, this call is done!, Elevator call,304.99843880775313,6,0,3,1, Done, dt, 47.00156119224687
352.0,Elev,1,  arrived at src, 0, Elevator call,312.30185564398687,0,-1,2,1
352.0,Elev,1,  arrived at src, 0, Elevator call,316.03237827404377,0,-1,2,1
352.0, elevID,1,  pos,0,  cmd, goto,-1
355.0,Elev,0,  arrived at dest, -1, this call is done!, Elevator call,232.95043623946805,0,-1,3,0, Done, dt, 122.04956376053195
355.0,Elev,0,  arrived at src, -1, Elevator call,320.97607492210807,-1,0,2,0
355.0,Elev,0,  arrived at src, -1, Elevator call,336.93043046159545,-1,0,2,0
355.0, elevID,0,  pos,-1,  cmd, goto,0
363.0,Elev,1,  arrived at dest, -1, this call is done!, Elevator call,309.30053828560517,0,-1,3,1, Done, dt, 53.69946171439483
363.0,Elev,1,  arrived at dest, -1, this call is done!, Elevator call,312.30185564398687,0,-1,3,1, Done, dt, 50.69814435601313
363.0,Elev,1,  arrived at dest, -1, this call is done!, Elevator call,316.03237827404377,0,-1,3,1, Done, dt, 46.967621725956235
366.0,Elev,0,  arrived at dest, 0, this call is done!, Elevator call,320.97607492210807,-1,0,3,0, Done, dt, 45.02392507789193
366.0,Elev,0,  arrived at src, 0, Elevator call,332.4267319393355,0,10,2,0
366.0,Elev,0,  arrived at dest, 0, this call is done!, Elevator call,336.93043046159545,-1,0,3,0, Done, dt, 29.06956953840455
376.0,Elevator call,375.49048095381363,1,0,1,0, got allocated to elevator, 0
376.0, elevID,0,  pos,0,  cmd, goto,1
387.0,Elev,0,  arrived at dest, 1, this call is done!, Elevator call,130.224911275492,-1,1,3,0, Done, dt, 256.775088724508
387.0,Elev,0,  arrived at src, 1, Elevator call,375.49048095381363,1,0,2,0
387.0, elevID,0,  pos,1,  cmd, goto,0
393.0,Elevator call,392.5160764870397,0,5,1,0, got allocated to elevator, 0
398.0,Elev,0,  arrived at dest, 0, this call is done!, Elevator call,375.49048095381363,1,0,3,0, Done, dt, 22.50951904618637
398.0,Elev,0,  arrived at src, 0, Elevator call,392.5160764870397,0,5,2,0
398.0, elevID,0,  pos,0,  cmd, goto,5
406.0,Elevator call,405.1821140884023,-1,10,1,1, got allocated to elevator, 1
406.0,Elev,1,  arrived at src, -1, Elevator call,405.1821140884023,-1,10,2,1
406.0, elevID,1,  pos,-1,  cmd, goto,10
413.0,Elev,0,  arrived at dest, 5, this call is done!, Elevator call,227.0798304557929,-1,5,3,0, Done, dt, 185.9201695442071
413.0,Elev,0,  arrived at dest, 5, this call is done!, Elevator call,392.5160764870397,0,5,3,0, Done, dt, 20.483923512960303
427.0,Elevator call,426.8615805478589,2,0,1,0, got allocated to elevator, 0
427.0, elevID,0,  pos,5,  cmd, goto,2
427.0,Elev,1,  arrived at dest, 10, this call is done!, Elevator call,405.1821140884023,-1,10,3,1, Done, dt, 21.817885911597727
438.0,Elevator call,437.17111576125836,1,0,1,0, got allocated to elevator, 0
440.0,Elev,0,  arrived at src, 2, Elevator call,426.8615805478589,2,0,2,0
440.0, elevID,0,  pos,2,  cmd, goto,0
452.0,Elev,0,  arrived at dest, 0, this call is done!, Elevator call,426.8615805478589,2,0,3,0, Done, dt, 25.13841945214108
452.0, elevID,0,  pos,0,  cmd, goto,1
463.0,Elev,0,  arrived at src, 1, Elevator call,437.17111576125836,1,0,2,0
463.0, elevID,0,  pos,1,  cmd, goto,0
473.0,Elevator call,472.7445473930129,10,-1,1,1, got allocated to elevator, 1
473.0,Elev,1,  arrived at src, 10, Elevator call,472.7445473930129,10,-1,2,1
473.0, elevID,1,  pos,10,  cmd, goto,-1
474.0,Elev,0,  arrived at dest, 0, this call is done!, Elevator call,437.17111576125836,1,0,3,0, Done, dt, 36.82888423874164
494.0,Elev,1,  arrived at dest, -1, this call is done!, Elevator call,472.7445473930129,10,-1,3,1, Done, dt, 21.25545260698709
501.0,Elevator call,500.3712044996745,8,-1,1,0, got allocated to elevator, 0
501.0, elevID,0,  pos,0,  cmd, goto,8
504.0,Elevator call,503.13847841893045,1,-1,1,0, got allocated to elevator, 0
505.0,Elevator call,504.4317942159655,0,-1,1,1, got allocated to elevator, 1
505.0, elevID,1,  pos,-1,  cmd, goto,0
516.0,Elev,1,  arrived at src, 0, Elevator call,504.4317942159655,0,-1,2,1
516.0, elevID,1,  pos,0,  cmd, goto,-1
519.0,Elev,0,  arrived at src, 8, Elevator call,500.3712044996745,8,-1,2,0
519.0, elevID,0,  pos,8,  cmd, goto,1
527.0,Elev,1,  arrived at dest, -1, this call is done!, Elevator call,504.4317942159655,0,-1,3,1, Done, dt, 22.56820578403449
530.0,Elevator call,529.6277472128405,3,-1,1,1, got allocated to elevator, 1
530.0, elevID,1,  pos,-1,  cmd, goto,3
536.0,Elev,0,  arrived at src, 1, Elevator call,503.13847841893045,1,-1,2,0
536.0, elevID,0,  pos,1,  cmd, goto,-1
538.0,Elevator call,537.7866883694313,-1,6,1,0, got allocated to elevator, 0
544.0,Elev,1,  arrived at src, 3, Elevator call,529.6277472128405,3,-1,2,1
544.0, elevID,1,  pos,3,  cmd, goto,-1
545.0,Elevator call,544.7880392034898,6,-1,1,1, got allocated to elevator, 1
548.0,Elev,0,  arrived at dest, -1, this call is done!, Elevator call,500.3712044996745,8,-1,3,0, Done, dt, 47.62879550032551
548.0,Elev,0,  arrived at dest, -1, this call is done!, Elevator call,503.13847841893045,1,-1,3,0, Done, dt, 44.86152158106955
548.0,Elev,0,  arrived at src, -1, Elevator call,537.7866883694313,-1,6,2,0
548.0, elevID,0,  pos,-1,  cmd, goto,6
555.0,Elevator call,554.0892922920482,4,0,1,0, got allocated to elevator, 0
558.0,Elevator call,557.2441390036331,10,0,1,0, got allocated to elevator, 0
558.0,Elev,1,  arrived at dest, -1, this call is done!, Elevator call,529.6277472128405,3,-1,3,1, Done, dt, 28.372252787159482
558.0, elevID,1,  pos,-1,  cmd, goto,6
565.0,Elev,0,  arrived at src, 6, Elevator call,319.90520204415634,6,5,2,0
565.0,Elev,0,  arrived at dest, 6, this call is done!, Elevator call,537.7866883694313,-1,6,3,0, Done, dt, 27.213311630568683
566.0,Elevator call,565.0195521745534,0,-1,1,0, got allocated to elevator, 0
566.0, elevID,0,  pos,6,  cmd, goto,0
575.0,Elev,1,  arrived at src, 6, Elevator call,544.7880392034898,6,-1,2,1
575.0, elevID,1,  pos,6,  cmd, goto,-1
582.0,Elevator call,581.8703090238192,0,3,1,0, got allocated to elevator, 0
582.0,Elev,0,  arrived at src, 0, Elevator call,565.0195521745534,0,-1,2,0
582.0,Elev,0,  arrived at src, 0, Elevator call,581.8703090238192,0,3,2,0
582.0, elevID,0,  pos,0,  cmd, goto,-1
592.0,Elev,1,  arrived at dest, -1, this call is done!, Elevator call,544.7880392034898,6,-1,3,1, Done, dt, 47.2119607965102
593.0,Elev,0,  arrived at dest, -1, this call is done!, Elevator call,565.0195521745534,0,-1,3,0, Done, dt, 27.980447825446618
593.0, elevID,0,  pos,-1,  cmd, goto,0
597.0,Elevator call,596.1232022872633,8,0,1,1, got allocated to elevator, 1
597.0, elevID,1,  pos,-1,  cmd, goto,8
601.0,Elevator call,600.9312879686208,1,0,1,1, got allocated to elevator, 1
604.0,Elevator call,603.9342326983083,7,0,1,0, got allocated to elevator, 0
604.0, elevID,0,  pos,0,  cmd, goto,3
616.0,Elev,1,  arrived at src, 8, Elevator call,596.1232022872633,8,0,2,1
616.0, elevID,1,  pos,8,  cmd, goto,1
617.0,Elev,0,  arrived at dest, 3, this call is done!, Elevator call,581.8703090238192,0,3,3,0, Done, dt, 35.12969097618077
618.0,Elevator call,617.9628338542149,0,3,1,0, got allocated to elevator, 0
618.0, elevID,0,  pos,3,  cmd, goto,0
620.0,Elevator call,619.6454196970012,9,0,1,0, got allocated to elevator, 0
627.0,Elevator call,626.2116172047942,0,1,1,0, got allocated to elevator, 0
631.0,Elev,0,  arrived at src, 0, Elevator call,617.9628338542149,0,3,2,0
631.0,Elev,0,  arrived at src, 0, Elevator call,626.2116172047942,0,1,2,0
631.0, elevID,0,  pos,0,  cmd, goto,3
633.0,Elev,1,  arrived at src, 1, Elevator call,600.9312879686208,1,0,2,1
633.0, elevID,1,  pos,1,  cmd, goto,0
644.0,Elevator call,643.8547514955396,-1,2,1,1, got allocated to elevator, 1
644.0,Elev,0,  arrived at dest, 3, this call is done!, Elevator call,617.9628338542149,0,3,3,0, Done, dt, 26.037166145785136
644.0, elevID,0,  pos,3,  cmd, goto,9
644.0,Elev,1,  arrived at dest, 0, this call is done!, Elevator call,596.1232022872633,8,0,3,1, Done, dt, 47.876797712736675
644.0,Elev,1,  arrived at dest, 0, this call is done!, Elevator call,600.9312879686208,1,0,3,1, Done, dt, 43.068712031379164
644.0, elevID,1,  pos,0,  cmd, goto,-1
655.0,Elev,1,  arrived at src, -1, Elevator call,643.8547514955396,-1,2,2,1
655.0, elevID,1,  pos,-1,  cmd, goto,2
660.0,Elev,0,  arrived at src, 9, Elevator call,619.6454196970012,9,0,2,0
660.0, elevID,0,  pos,9,  cmd, goto,0
661.0,Elevator call,660.0732907797126,6,10,1,1, got allocated to elevator, 1
662.0,Elevator call,661.0420820268716,-1,3,1,1, got allocated to elevator, 1
663.0,Elevator call,662.1730527520776,-1,5,1,1, got allocated to elevator, 1
666.0,Elevator call,665.1155548533167,-1,8,1,0, got allocated to elevator, 0
667.0,Elevator call,666.0340294605869,4,0,1,0, got allocated to elevator, 0
667.0,Elevator call,666.2411586665262,5,-1,1,0, got allocated to elevator, 0
668.0,Elev,1,  arrived at dest, 2, this call is done!, Elevator call,643.8547514955396,-1,2,3,1, Done, dt, 24.14524850446037
668.0, elevID,1,  pos,2,  cmd, goto,6
673.0,Elevator call,672.677314157026,0,-1,1,0, got allocated to elevator, 0
678.0,Elevator call,677.7341948387335,0,-1,1,0, got allocated to elevator, 0
679.0,Elevator call,678.9953584914538,-1,-2,1,0, got allocated to elevator, 0
679.0,Elev,0,  arrived at dest, 0, this call is done!, Elevator call,619.6454196970012,9,0,3,0, Done, dt, 59.354580302998784
679.0,Elev,0,  arrived at src, 0, Elevator call,672.677314157026,0,-1,2,0
679.0,Elev,0,  arrived at src, 0, Elevator call,677.7341948387335,0,-1,2,0
679.0, elevID,0,  pos,0,  cmd, goto,1
682.0,Elev,1,  arrived at src, 6, Elevator call,660.0732907797126,6,10,2,1
682.0, elevID,1,  pos,6,  cmd, goto,10
690.0,Elev,0,  arrived at dest, 1, this call is done!, Elevator call,626.2116172047942,0,1,3,0, Done, dt, 63.78838279520585
696.0,Elevator call,695.2239881566923,0,10,1,0, got allocated to elevator, 0
696.0, elevID,0,  pos,1,  cmd, goto,0
696.0,Elev,1,  arrived at dest, 10, this call is done!, Elevator call,660.0732907797126,6,10,3,1, Done, dt, 35.92670922028742
696.0, elevID,1,  pos,10,  cmd, goto,-1
707.0,Elevator call,706.1583474999188,-1,-2,1,0, got allocated to elevator, 0
707.0,Elev,0,  arrived at src, 0, Elevator call,695.2239881566923,0,10,2,0
707.0, elevID,0,  pos,0,  cmd, goto,10
711.0,Elevator call,710.3249770041223,0,1,1,0, got allocated to elevator, 0
714.0,Elevator call,713.0191971398395,1,0,1,0, got allocated to elevator, 0
714.0,Elevator call,713.2499766424826,10,-1,1,0, got allocated to elevator, 0
717.0,Elev,1,  arrived at src, -1, Elevator call,661.0420820268716,-1,3,2,1
717.0,Elev,1,  arrived at src, -1, Elevator call,662.1730527520776,-1,5,2,1
717.0, elevID,1,  pos,-1,  cmd, goto,3
723.0,Elevator call,722.6161212799507,10,0,1,0, got allocated to elevator, 0
727.0,Elev,0,  arrived at dest, 10, this call is done!, Elevator call,130.02495678190564,8,10,3,0, Done, dt, 596.9750432180944
727.0,Elev,0,  arrived at dest, 10, this call is done!, Elevator call,332.4267319393355,0,10,3,0, Done, dt, 394.5732680606645
727.0,Elev,0,  arrived at src, 10, Elevator call,557.2441390036331,10,0,2,0
727.0,Elev,0,  arrived at dest, 10, this call is done!, Elevator call,695.2239881566923,0,10,3,0, Done, dt, 31.776011843307742
727.0,Elev,0,  arrived at src, 10, Elevator call,713.2499766424826,10,-1,2,0
727.0,Elev,0,  arrived at src, 10, Elevator call,722.6161212799507,10,0,2,0
727.0, elevID,0,  pos,10,  cmd, goto,-1
728.0,Elevator call,727.514602863032,-1,0,1,0, got allocated to elevator, 0
731.0,Elev,1,  arrived at dest, 3, this call is done!, Elevator call,661.0420820268716,-1,3,3,1, Done, dt, 69.95791797312836
731.0, elevID,1,  pos,3,  cmd, goto,-1
733.0,Elevator call,732.9746341348998,6,-1,1,0, got allocated to elevator, 0
738.0,Elevator call,737.314720213409,1,0,1,0, got allocated to elevator, 0
745.0, elevID,1,  pos,-1,  cmd, goto,5
748.0,Elev,0,  arrived at src, -1, Elevator call,665.1155548533167,-1,8,2,0
748.0,Elev,0,  arrived at dest, -1, this call is done!, Elevator call,672.677314157026,0,-1,3,0, Done, dt, 75.32268584297401
748.0,Elev,0,  arrived at dest, -1, this call is done!, Elevator call,677.7341948387335,0,-1,3,0, Done, dt, 70.26580516126648
748.0,Elev,0,  arrived at src, -1, Elevator call,678.9953584914538,-1,-2,2,0
748.0,Elev,0,  arrived at src, -1, Elevator call,706.1583474999188,-1,-2,2,0
748.0,Elev,0,  arrived at dest, -1, this call is done!, Elevator call,713.2499766424826,10,-1,3,0, Done, dt, 34.75002335751742
748.0,Elev,0,  arrived at src, -1, Elevator call,727.514602863032,-1,0,2,0
748.0, elevID,0,  pos,-1,  cmd, goto,-2
759.0,Elev,0,  arrived at dest, -2, this call is done!, Elevator call,678.9953584914538,-1,-2,3,0, Done, dt, 80.00464150854623
759.0,Elev,0,  arrived at dest, -2, this call is done!, Elevator call,706.1583474999188,-1,-2,3,0, Done, dt, 52.84165250008118
759.0, elevID,0,  pos,-2,  cmd, goto,0
761.0,Elev,1,  arrived at dest, 5, this call is done!, Elevator call,662.1730527520776,-1,5,3,1, Done, dt, 98.82694724792236
771.0,Elev,0,  arrived at dest, 0, this call is done!, Elevator call,557.2441390036331,10,0,3,0, Done, dt, 213.7558609963669
771.0,Elev,0,  arrived at src, 0, Elevator call,710.3249770041223,0,1,2,0
771.0,Elev,0,  arrived at dest, 0, this call is done!, Elevator call,722.6161212799507,10,0,3,0, Done, dt, 48.383878720049324
771.0,Elev,0,  arrived at dest, 0, this call is done!, Elevator call,727.514602863032,-1,0,3,0, Done, dt, 43.485397136968004
771.0, elevID,0,  pos,0,  cmd, goto,1
780.0,Elevator call,779.399691386574,-1,5,1,1, got allocated to elevator, 1
780.0, elevID,1,  pos,5,  cmd, goto,-1
782.0,Elev,0,  arrived at dest, 1, this call is done!, Elevator call,710.3249770041223,0,1,3,0, Done, dt, 71.67502299587773
782.0,Elev,0,  arrived at src, 1, Elevator call,713.0191971398395,1,0,2,0
782.0,Elev,0,  arrived at src, 1, Elevator call,737.314720213409,1,0,2,0
782.0, elevID,0,  pos,1,  cmd, goto,0
793.0,Elev,0,  arrived at dest, 0, this call is done!, Elevator call,713.0191971398395,1,0,3,0, Done, dt, 79.98080286016045
793.0,Elev,0,  arrived at dest, 0, this call is done!, Elevator call,737.314720213409,1,0,3,0, Done, dt, 55.68527978659097
793.0, elevID,0,  pos,0,  cmd, goto,10
796.0,Elev,1,  arrived at src, -1, Elevator call,779.399691386574,-1,5,2,1
796.0, elevID,1,  pos,-1,  cmd, goto,5
806.0,Elevator call,805.6754743307536,-1,-2,1,1, got allocated to elevator, 1
811.0,Elevator call,810.4469089359914,2,0,1,0, got allocated to elevator, 0
812.0,Elev,1,  arrived at dest, 5, this call is done!, Elevator call,779.399691386574,-1,5,3,1, Done, dt, 32.60030861342602
812.0, elevID,1,  pos,5,  cmd, goto,-1
813.0, elevID,0,  pos,10,  cmd, goto,-1
817.0,Elevator call,816.1516998390152,7,-1,1,0, got allocated to elevator, 0
826.0,Elevator call,825.4575184586336,7,0,1,0, got allocated to elevator, 0
828.0,Elev,1,  arrived at src, -1, Elevator call,805.6754743307536,-1,-2,2,1
828.0, elevID,1,  pos,-1,  cmd, goto,-2
839.0,Elev,1,  arrived at dest, -2, this call is done!, Elevator call,805.6754743307536,-1,-2,3,1, Done, dt, 33.32452566924644
840.0,Elevator call,839.8525652620532,0,1,1,0, got allocated to elevator, 0
840.0, elevID,0,  pos,-1,  cmd, goto,0
851.0,Elev,0,  arrived at src, 0, Elevator call,839.8525652620532,0,1,2,0
851.0, elevID,0,  pos,0,  cmd, goto,1
855.0,Elevator call,854.2002278085795,6,-1,1,0, got allocated to elevator, 0
862.0,Elev,0,  arrived at dest, 1, this call is done!, Elevator call,839.8525652620532,0,1,3,0, Done, dt, 22.14743473794681
862.0, elevID,0,  pos,1,  cmd, goto,6
864.0,Elevator call,863.893291272948,0,-1,1,1, got allocated to elevator, 1
864.0, elevID,1,  pos,-2,  cmd, goto,0
871.0,Elevator call,870.5053023797483,0,7,1,1, got allocated to elevator, 1
876.0,Elev,1,  arrived at src, 0, Elevator call,863.893291272948,0,-1,2,1
876.0,Elev,1,  arrived at src, 0, Elevator call,870.5053023797483,0,7,2,1
876.0, elevID,1,  pos,0,  cmd, goto,-1
877.0,Elev,0,  arrived at src, 6, Elevator call,732.9746341348998,6,-1,2,0
877.0,Elev,0,  arrived at src, 6, Elevator call,854.2002278085795,6,-1,2,0
877.0, elevID,0,  pos,6,  cmd, goto,-1
887.0,Elevator call,886.5649993239458,-1,-2,1,0, got allocated to elevator, 0
887.0,Elev,1,  arrived at dest, -1, this call is done!, Elevator call,863.893291272948,0,-1,3,1, Done, dt, 23.106708727052023
887.0, elevID,1,  pos,-1,  cmd, goto,0
893.0,Elevator call,892.5212150591021,9,-1,1,0, got allocated to elevator, 0
894.0,Elev,0,  arrived at dest, -1, this call is done!, Elevator call,732.9746341348998,6,-1,3,0, Done, dt, 161.02536586510018
894.0,Elev,0,  arrived at dest, -1, this call is done!, Elevator call,854.2002278085795,6,-1,3,0, Done, dt, 39.799772191420516
894.0,Elev,0,  arrived at src, -1, Elevator call,886.5649993239458,-1,-2,2,0
894.0, elevID,0,  pos,-1,  cmd, goto,9
898.0, elevID,1,  pos,0,  cmd, goto,7
911.0,Elevator call,910.5388559417848,6,5,1,0, got allocated to elevator, 0
914.0,Elev,0,  arrived at src, 9, Elevator call,892.5212150591021,9,-1,2,0
914.0, elevID,0,  pos,9,  cmd, goto,-1
915.0,Elev,1,  arrived at dest, 7, this call is done!, Elevator call,870.5053023797483,0,7,3,1, Done, dt, 44.49469762025171
916.0,Elevator call,915.9490574608818,4,-1,1,0, got allocated to elevator, 0
934.0,Elevator call,933.8580452488764,7,5,1,1, got allocated to elevator, 1
934.0,Elev,0,  arrived at dest, -1, this call is done!, Elevator call,892.5212150591021,9,-1,3,0, Done, dt, 41.47878494089787
934.0, elevID,0,  pos,-1,  cmd, goto,6
934.0,Elev,1,  arrived at src, 7, Elevator call,933.8580452488764,7,5,2,1
934.0, elevID,1,  pos,7,  cmd, goto,5
946.0,Elev,1,  arrived at dest, 5, this call is done!, Elevator call,933.8580452488764,7,5,3,1, Done, dt, 12.141954751123649
951.0,Elev,0,  arrived at src, 6, Elevator call,910.5388559417848,6,5,2,0
951.0, elevID,0,  pos,6,  cmd, goto,5
962.0,Elevator call,961.6862855708133,6,-1,1,1, got allocated to elevator, 1
962.0,Elev,0,  arrived at dest, 5, this call is done!, Elevator call,319.90520204415634,6,5,3,0, Done, dt, 642.0947979558437
962.0,Elev,0,  arrived at src, 5, Elevator call,666.2411586665262,5,-1,2,0
962.0,Elev,0,  arrived at dest, 5, this call is done!, Elevator call,910.5388559417848,6,5,3,0, Done, dt, 51.461144058215154
962.0, elevID,0,  pos,5,  cmd, goto,4
962.0, elevID,1,  pos,5,  cmd, goto,6
973.0,Elevator call,972.8032126022729,1,0,1,1, got allocated to elevator, 1
973.0,Elev,0,  arrived at src, 4, Elevator call,554.0892922920482,4,0,2,0
973.0,Elev,0,  arrived at src, 4, Elevator call,666.0340294605869,4,0,2,0
973.0,Elev,0,  arrived at src, 4, Elevator call,915.9490574608818,4,-1,2,0
973.0, elevID,0,  pos,4,  cmd, goto,-1
973.0,Elev,1,  arrived at src, 6, Elevator call,961.6862855708133,6,-1,2,1
973.0, elevID,1,  pos,6,  cmd, goto,-1
976.0,Elevator call,975.8361202753667,0,-1,1,1, got allocated to elevator, 1
979.0,Elevator call,978.5925148564796,10,0,1,1, got allocated to elevator, 1
979.0,Elevator call,978.6210500641439,10,-1,1,1, got allocated to elevator, 1
985.0,Elevator call,984.1840185574983,7,0,1,0, got allocated to elevator, 0
988.0,Elev,0,  arrived at dest, -1, this call is done!, Elevator call,666.2411586665262,5,-1,3,0, Done, dt, 321.7588413334738
988.0,Elev,0,  arrived at dest, -1, this call is done!, Elevator call,915.9490574608818,4,-1,3,0, Done, dt, 72.05094253911818
988.0, elevID,0,  pos,-1,  cmd, goto,7
990.0,Elev,1,  arrived at dest, -1, this call is done!, Elevator call,961.6862855708133,6,-1,3,1, Done, dt, 28.31371442918669
990.0, elevID,1,  pos,-1,  cmd, goto,1
1000.0,************* Simulation Ended ************
Code Owners,207051707,208785154,  Case,2,  Total waiting time: 9283.792822120191,  average waiting time per call: 92.8379282212019,  unCompleted calls,14,  certificate, -3146084388
