**** The Simulator log: stage 2
0.0,OOP_Ex0_Elevator_Simulator
0.0,Simulated Building, ex0.simulator.Builging_A [-2,10]
0) ex0.simulator.Elevator_A, Elev_0, speed: 1.0, open/close: 2.0,  start/stop: 3.0
1) ex0.simulator.Elevator_A, Elev_1, speed: 1.0, open/close: 2.0,  start/stop: 3.0
0.0,Simulated Period starTime,0.0,  endTime,1000.0,  dt,1.0
0.0,Simulated  calls,Elevetor log, size: 100
0.0,**** Simulation starts!! ****
5.0,Elevator call,4.374727290393253,0,-1,1,0, got allocated to elevator, 0
5.0, elevID,0,  pos,-2,  cmd, goto,0
17.0,Elevator call,16.957882888088932,-1,0,1,0, got allocated to elevator, 0
17.0,Elev,0,  arrived at src, 0, Elevator call,4.374727290393253,0,-1,2,0
17.0, elevID,0,  pos,0,  cmd, goto,-1
23.0,Elevator call,22.094056301593582,0,-1,1,0, got allocated to elevator, 0
28.0,Elev,0,  arrived at dest, -1, this call is done!, Elevator call,4.374727290393253,0,-1,3,0, Done, dt, 23.625272709606747
28.0,Elev,0,  arrived at src, -1, Elevator call,16.957882888088932,-1,0,2,0
28.0, elevID,0,  pos,-1,  cmd, goto,0
39.0,Elev,0,  arrived at dest, 0, this call is done!, Elevator call,16.957882888088932,-1,0,3,0, Done, dt, 22.042117111911068
39.0,Elev,0,  arrived at src, 0, Elevator call,22.094056301593582,0,-1,2,0
39.0, elevID,0,  pos,0,  cmd, goto,-1
50.0,Elev,0,  arrived at dest, -1, this call is done!, Elevator call,22.094056301593582,0,-1,3,0, Done, dt, 27.905943698406418
86.0,Elevator call,85.5209666204754,3,2,1,0, got allocated to elevator, 0
86.0, elevID,0,  pos,-1,  cmd, goto,3
92.0,Elevator call,91.21019413453945,-1,-2,1,0, got allocated to elevator, 0
100.0,Elev,0,  arrived at src, 3, Elevator call,85.5209666204754,3,2,2,0
100.0, elevID,0,  pos,3,  cmd, goto,2
105.0,Elevator call,104.13701241869234,0,4,1,0, got allocated to elevator, 0
110.0,Elevator call,109.21352909346587,-1,0,1,0, got allocated to elevator, 0
111.0,Elev,0,  arrived at dest, 2, this call is done!, Elevator call,85.5209666204754,3,2,3,0, Done, dt, 25.479033379524594
111.0, elevID,0,  pos,2,  cmd, goto,-1
115.0,Elevator call,114.39235096774041,3,0,1,1, got allocated to elevator, 1
115.0, elevID,1,  pos,-2,  cmd, goto,3
124.0,Elev,0,  arrived at src, -1, Elevator call,91.21019413453945,-1,-2,2,0
124.0,Elev,0,  arrived at src, -1, Elevator call,109.21352909346587,-1,0,2,0
124.0, elevID,0,  pos,-1,  cmd, goto,-2
125.0,Elevator call,124.42557095980362,0,9,1,1, got allocated to elevator, 1
130.0,Elev,1,  arrived at src, 3, Elevator call,114.39235096774041,3,0,2,1
130.0, elevID,1,  pos,3,  cmd, goto,0
131.0,Elevator call,130.02495678190564,8,10,1,1, got allocated to elevator, 1
131.0,Elevator call,130.224911275492,-1,1,1,1, got allocated to elevator, 1
135.0,Elev,0,  arrived at dest, -2, this call is done!, Elevator call,91.21019413453945,-1,-2,3,0, Done, dt, 43.78980586546055
135.0, elevID,0,  pos,-2,  cmd, goto,-1
138.0,Elevator call,137.9515274326701,0,4,1,0, got allocated to elevator, 0
143.0,Elev,1,  arrived at dest, 0, this call is done!, Elevator call,114.39235096774041,3,0,3,1, Done, dt, 28.607649032259587
143.0,Elev,1,  arrived at src, 0, Elevator call,124.42557095980362,0,9,2,1
143.0, elevID,1,  pos,0,  cmd, goto,9
144.0,Elevator call,143.91335838799415,0,6,1,0, got allocated to elevator, 0
146.0, elevID,0,  pos,-1,  cmd, goto,0
157.0,Elev,0,  arrived at src, 0, Elevator call,104.13701241869234,0,4,2,0
157.0,Elev,0,  arrived at dest, 0, this call is done!, Elevator call,109.21352909346587,-1,0,3,0, Done, dt, 47.786470906534134
157.0,Elev,0,  arrived at src, 0, Elevator call,137.9515274326701,0,4,2,0
157.0,Elev,0,  arrived at src, 0, Elevator call,143.91335838799415,0,6,2,0
157.0, elevID,0,  pos,0,  cmd, goto,4
162.0,Elev,1,  arrived at dest, 9, this call is done!, Elevator call,124.42557095980362,0,9,3,1, Done, dt, 37.57442904019638
162.0, elevID,1,  pos,9,  cmd, goto,8
170.0,Elevator call,169.78458339380109,-1,0,1,0, got allocated to elevator, 0
171.0,Elevator call,170.0099620835246,0,6,1,0, got allocated to elevator, 0
171.0,Elev,0,  arrived at dest, 4, this call is done!, Elevator call,104.13701241869234,0,4,3,0, Done, dt, 66.86298758130766
171.0,Elev,0,  arrived at dest, 4, this call is done!, Elevator call,137.9515274326701,0,4,3,0, Done, dt, 33.048472567329895
171.0, elevID,0,  pos,4,  cmd, goto,-1
172.0,Elevator call,171.21173315221364,-1,8,1,0, got allocated to elevator, 0
173.0,Elev,1,  arrived at src, 8, Elevator call,130.02495678190564,8,10,2,1
173.0, elevID,1,  pos,8,  cmd, goto,10
175.0,Elevator call,174.84385152106802,0,-1,1,1, got allocated to elevator, 1
185.0,Elev,1,  arrived at dest, 10, this call is done!, Elevator call,130.02495678190564,8,10,3,1, Done, dt, 54.975043218094356
185.0, elevID,1,  pos,10,  cmd, goto,0
186.0,Elev,0,  arrived at src, -1, Elevator call,169.78458339380109,-1,0,2,0
186.0,Elev,0,  arrived at src, -1, Elevator call,171.21173315221364,-1,8,2,0
186.0, elevID,0,  pos,-1,  cmd, goto,0
188.0,Elevator call,187.11678617348463,-1,-2,1,0, got allocated to elevator, 0
188.0,Elevator call,187.7299317966884,-1,-2,1,0, got allocated to elevator, 0
196.0,Elevator call,195.90869649656992,0,7,1,0, got allocated to elevator, 0
197.0,Elev,0,  arrived at dest, 0, this call is done!, Elevator call,169.78458339380109,-1,0,3,0, Done, dt, 27.215416606198914
197.0,Elev,0,  arrived at src, 0, Elevator call,170.0099620835246,0,6,2,0
197.0,Elev,0,  arrived at src, 0, Elevator call,195.90869649656992,0,7,2,0
197.0, elevID,0,  pos,0,  cmd, goto,6
198.0,Elevator call,197.5359191292572,-1,1,1,0, got allocated to elevator, 0
205.0,Elev,1,  arrived at src, 0, Elevator call,174.84385152106802,0,-1,2,1
205.0, elevID,1,  pos,0,  cmd, goto,-1
206.0,Elevator call,205.9895199338651,-1,0,1,0, got allocated to elevator, 0
213.0,Elev,0,  arrived at dest, 6, this call is done!, Elevator call,143.91335838799415,0,6,3,0, Done, dt, 69.08664161200585
213.0,Elev,0,  arrived at dest, 6, this call is done!, Elevator call,170.0099620835246,0,6,3,0, Done, dt, 42.99003791647539
213.0, elevID,0,  pos,6,  cmd, goto,-1
216.0,Elev,1,  arrived at src, -1, Elevator call,130.224911275492,-1,1,2,1
216.0,Elev,1,  arrived at dest, -1, this call is done!, Elevator call,174.84385152106802,0,-1,3,1, Done, dt, 41.15614847893198
216.0, elevID,1,  pos,-1,  cmd, goto,1
228.0,Elevator call,227.0798304557929,-1,5,1,1, got allocated to elevator, 1
228.0,Elev,1,  arrived at dest, 1, this call is done!, Elevator call,130.224911275492,-1,1,3,1, Done, dt, 97.77508872450801
228.0, elevID,1,  pos,1,  cmd, goto,-1
230.0,Elev,0,  arrived at src, -1, Elevator call,187.11678617348463,-1,-2,2,0
230.0,Elev,0,  arrived at src, -1, Elevator call,187.7299317966884,-1,-2,2,0
230.0,Elev,0,  arrived at src, -1, Elevator call,197.5359191292572,-1,1,2,0
230.0,Elev,0,  arrived at src, -1, Elevator call,205.9895199338651,-1,0,2,0
230.0, elevID,0,  pos,-1,  cmd, goto,8
232.0,Elevator call,231.51578817426258,-1,0,1,0, got allocated to elevator, 0
233.0,Elevator call,232.95043623946805,0,-1,1,0, got allocated to elevator, 0
240.0,Elev,1,  arrived at src, -1, Elevator call,227.0798304557929,-1,5,2,1
240.0, elevID,1,  pos,-1,  cmd, goto,5
249.0,Elev,0,  arrived at dest, 8, this call is done!, Elevator call,171.21173315221364,-1,8,3,0, Done, dt, 77.78826684778636
249.0, elevID,0,  pos,8,  cmd, goto,0
252.0,Elevator call,251.10444690749756,-1,-2,1,0, got allocated to elevator, 0
252.0,Elevator call,251.23593354161653,0,9,1,1, got allocated to elevator, 1
255.0,Elevator call,254.69771525200505,3,4,1,1, got allocated to elevator, 1
256.0,Elev,1,  arrived at dest, 5, this call is done!, Elevator call,227.0798304557929,-1,5,3,1, Done, dt, 28.920169544207113
256.0, elevID,1,  pos,5,  cmd, goto,0
258.0,Elevator call,257.7974435335086,-1,0,1,0, got allocated to elevator, 0
267.0,Elev,0,  arrived at dest, 0, this call is done!, Elevator call,205.9895199338651,-1,0,3,0, Done, dt, 61.0104800661349
267.0,Elev,0,  arrived at src, 0, Elevator call,232.95043623946805,0,-1,2,0
267.0, elevID,0,  pos,0,  cmd, goto,-1
271.0,Elev,1,  arrived at src, 0, Elevator call,251.23593354161653,0,9,2,1
271.0, elevID,1,  pos,0,  cmd, goto,9
278.0,Elev,0,  arrived at src, -1, Elevator call,231.51578817426258,-1,0,2,0
278.0,Elev,0,  arrived at dest, -1, this call is done!, Elevator call,232.95043623946805,0,-1,3,0, Done, dt, 45.04956376053195
278.0,Elev,0,  arrived at src, -1, Elevator call,251.10444690749756,-1,-2,2,0
278.0,Elev,0,  arrived at src, -1, Elevator call,257.7974435335086,-1,0,2,0
278.0, elevID,0,  pos,-1,  cmd, goto,-2
289.0,Elev,0,  arrived at dest, -2, this call is done!, Elevator call,187.11678617348463,-1,-2,3,0, Done, dt, 101.88321382651537
289.0,Elev,0,  arrived at dest, -2, this call is done!, Elevator call,187.7299317966884,-1,-2,3,0, Done, dt, 101.27006820331161
289.0,Elev,0,  arrived at dest, -2, this call is done!, Elevator call,251.10444690749756,-1,-2,3,0, Done, dt, 37.89555309250244
289.0, elevID,0,  pos,-2,  cmd, goto,-1
290.0,Elev,1,  arrived at dest, 9, this call is done!, Elevator call,251.23593354161653,0,9,3,1, Done, dt, 38.76406645838347
290.0, elevID,1,  pos,9,  cmd, goto,3
296.0,Elevator call,295.7943356681491,0,1,1,0, got allocated to elevator, 0
300.0, elevID,0,  pos,-1,  cmd, goto,0
305.0,Elevator call,304.99843880775313,6,0,1,0, got allocated to elevator, 0
306.0,Elev,1,  arrived at src, 3, Elevator call,254.69771525200505,3,4,2,1
306.0, elevID,1,  pos,3,  cmd, goto,4
310.0,Elevator call,309.30053828560517,0,-1,1,0, got allocated to elevator, 0
311.0,Elev,0,  arrived at dest, 0, this call is done!, Elevator call,231.51578817426258,-1,0,3,0, Done, dt, 79.48421182573742
311.0,Elev,0,  arrived at dest, 0, this call is done!, Elevator call,257.7974435335086,-1,0,3,0, Done, dt, 53.20255646649139
311.0,Elev,0,  arrived at src, 0, Elevator call,295.7943356681491,0,1,2,0
311.0,Elev,0,  arrived at src, 0, Elevator call,309.30053828560517,0,-1,2,0
311.0, elevID,0,  pos,0,  cmd, goto,7
313.0,Elevator call,312.30185564398687,0,-1,1,1, got allocated to elevator, 1
317.0,Elevator call,316.03237827404377,0,-1,1,1, got allocated to elevator, 1
317.0,Elev,1,  arrived at dest, 4, this call is done!, Elevator call,254.69771525200505,3,4,3,1, Done, dt, 62.302284747994946
317.0, elevID,1,  pos,4,  cmd, goto,0
320.0,Elevator call,319.90520204415634,6,5,1,0, got allocated to elevator, 0
321.0,Elevator call,320.97607492210807,-1,0,1,0, got allocated to elevator, 0
322.0,Elevator call,321.37040904796595,7,-1,1,0, got allocated to elevator, 0
328.0,Elev,0,  arrived at dest, 7, this call is done!, Elevator call,195.90869649656992,0,7,3,0, Done, dt, 132.09130350343008
328.0,Elev,0,  arrived at src, 7, Elevator call,321.37040904796595,7,-1,2,0
331.0,Elev,1,  arrived at src, 0, Elevator call,312.30185564398687,0,-1,2,1
331.0,Elev,1,  arrived at src, 0, Elevator call,316.03237827404377,0,-1,2,1
331.0, elevID,1,  pos,0,  cmd, goto,-1
333.0,Elevator call,332.4267319393355,0,10,1,1, got allocated to elevator, 1
337.0,Elevator call,336.93043046159545,-1,0,1,0, got allocated to elevator, 0
342.0,Elev,1,  arrived at dest, -1, this call is done!, Elevator call,312.30185564398687,0,-1,3,1, Done, dt, 29.69814435601313
342.0,Elev,1,  arrived at dest, -1, this call is done!, Elevator call,316.03237827404377,0,-1,3,1, Done, dt, 25.967621725956235
342.0, elevID,1,  pos,-1,  cmd, goto,0
353.0,Elev,1,  arrived at src, 0, Elevator call,332.4267319393355,0,10,2,1
353.0, elevID,1,  pos,0,  cmd, goto,10
373.0,Elev,1,  arrived at dest, 10, this call is done!, Elevator call,332.4267319393355,0,10,3,1, Done, dt, 40.573268060664475
376.0,Elevator call,375.49048095381363,1,0,1,0, got allocated to elevator, 0
376.0, elevID,0,  pos,7,  cmd, goto,1
392.0,Elev,0,  arrived at dest, 1, this call is done!, Elevator call,197.5359191292572,-1,1,3,0, Done, dt, 194.4640808707428
392.0,Elev,0,  arrived at dest, 1, this call is done!, Elevator call,295.7943356681491,0,1,3,0, Done, dt, 96.20566433185093
392.0,Elev,0,  arrived at src, 1, Elevator call,375.49048095381363,1,0,2,0
392.0, elevID,0,  pos,1,  cmd, goto,0
393.0,Elevator call,392.5160764870397,0,5,1,0, got allocated to elevator, 0
403.0,Elev,0,  arrived at dest, 0, this call is done!, Elevator call,375.49048095381363,1,0,3,0, Done, dt, 27.50951904618637
403.0,Elev,0,  arrived at src, 0, Elevator call,392.5160764870397,0,5,2,0
403.0, elevID,0,  pos,0,  cmd, goto,5
406.0,Elevator call,405.1821140884023,-1,10,1,1, got allocated to elevator, 1
406.0, elevID,1,  pos,10,  cmd, goto,-1
418.0,Elev,0,  arrived at dest, 5, this call is done!, Elevator call,392.5160764870397,0,5,3,0, Done, dt, 25.483923512960303
427.0,Elevator call,426.8615805478589,2,0,1,1, got allocated to elevator, 1
427.0,Elev,1,  arrived at src, -1, Elevator call,405.1821140884023,-1,10,2,1
427.0, elevID,1,  pos,-1,  cmd, goto,10
438.0,Elevator call,437.17111576125836,1,0,1,0, got allocated to elevator, 0
438.0, elevID,0,  pos,5,  cmd, goto,1
448.0,Elev,1,  arrived at dest, 10, this call is done!, Elevator call,405.1821140884023,-1,10,3,1, Done, dt, 42.81788591159773
448.0, elevID,1,  pos,10,  cmd, goto,2
452.0,Elev,0,  arrived at src, 1, Elevator call,437.17111576125836,1,0,2,0
452.0, elevID,0,  pos,1,  cmd, goto,0
463.0,Elev,0,  arrived at dest, 0, this call is done!, Elevator call,437.17111576125836,1,0,3,0, Done, dt, 25.828884238741637
466.0,Elev,1,  arrived at src, 2, Elevator call,426.8615805478589,2,0,2,1
466.0, elevID,1,  pos,2,  cmd, goto,0
473.0,Elevator call,472.7445473930129,10,-1,1,0, got allocated to elevator, 0
473.0, elevID,0,  pos,0,  cmd, goto,10
478.0,Elev,1,  arrived at dest, 0, this call is done!, Elevator call,426.8615805478589,2,0,3,1, Done, dt, 51.13841945214108
493.0,Elev,0,  arrived at src, 10, Elevator call,472.7445473930129,10,-1,2,0
493.0, elevID,0,  pos,10,  cmd, goto,-1
501.0,Elevator call,500.3712044996745,8,-1,1,0, got allocated to elevator, 0
504.0,Elevator call,503.13847841893045,1,-1,1,1, got allocated to elevator, 1
504.0, elevID,1,  pos,0,  cmd, goto,1
505.0,Elevator call,504.4317942159655,0,-1,1,1, got allocated to elevator, 1
514.0,Elev,0,  arrived at dest, -1, this call is done!, Elevator call,309.30053828560517,0,-1,3,0, Done, dt, 204.69946171439483
514.0,Elev,0,  arrived at src, -1, Elevator call,320.97607492210807,-1,0,2,0
514.0,Elev,0,  arrived at dest, -1, this call is done!, Elevator call,321.37040904796595,7,-1,3,0, Done, dt, 192.62959095203405
514.0,Elev,0,  arrived at src, -1, Elevator call,336.93043046159545,-1,0,2,0
514.0,Elev,0,  arrived at dest, -1, this call is done!, Elevator call,472.7445473930129,10,-1,3,0, Done, dt, 41.25545260698709
514.0, elevID,0,  pos,-1,  cmd, goto,8
515.0,Elev,1,  arrived at src, 1, Elevator call,503.13847841893045,1,-1,2,1
515.0, elevID,1,  pos,1,  cmd, goto,0
526.0,Elev,1,  arrived at src, 0, Elevator call,504.4317942159655,0,-1,2,1
526.0, elevID,1,  pos,0,  cmd, goto,-1
530.0,Elevator call,529.6277472128405,3,-1,1,1, got allocated to elevator, 1
533.0,Elev,0,  arrived at src, 8, Elevator call,500.3712044996745,8,-1,2,0
533.0, elevID,0,  pos,8,  cmd, goto,-1
537.0,Elev,1,  arrived at dest, -1, this call is done!, Elevator call,503.13847841893045,1,-1,3,1, Done, dt, 33.86152158106955
537.0,Elev,1,  arrived at dest, -1, this call is done!, Elevator call,504.4317942159655,0,-1,3,1, Done, dt, 32.56820578403449
537.0, elevID,1,  pos,-1,  cmd, goto,3
538.0,Elevator call,537.7866883694313,-1,6,1,0, got allocated to elevator, 0
545.0,Elevator call,544.7880392034898,6,-1,1,0, got allocated to elevator, 0
551.0,Elev,1,  arrived at src, 3, Elevator call,529.6277472128405,3,-1,2,1
551.0, elevID,1,  pos,3,  cmd, goto,-1
552.0,Elev,0,  arrived at dest, -1, this call is done!, Elevator call,500.3712044996745,8,-1,3,0, Done, dt, 51.62879550032551
552.0,Elev,0,  arrived at src, -1, Elevator call,537.7866883694313,-1,6,2,0
555.0,Elevator call,554.0892922920482,4,0,1,0, got allocated to elevator, 0
555.0, elevID,0,  pos,-1,  cmd, goto,4
558.0,Elevator call,557.2441390036331,10,0,1,0, got allocated to elevator, 0
565.0,Elev,1,  arrived at dest, -1, this call is done!, Elevator call,529.6277472128405,3,-1,3,1, Done, dt, 35.37225278715948
566.0,Elevator call,565.0195521745534,0,-1,1,1, got allocated to elevator, 1
566.0, elevID,1,  pos,-1,  cmd, goto,0
570.0,Elev,0,  arrived at src, 4, Elevator call,554.0892922920482,4,0,2,0
570.0, elevID,0,  pos,4,  cmd, goto,0
577.0,Elev,1,  arrived at src, 0, Elevator call,565.0195521745534,0,-1,2,1
577.0, elevID,1,  pos,0,  cmd, goto,-1
582.0,Elevator call,581.8703090238192,0,3,1,1, got allocated to elevator, 1
584.0,Elev,0,  arrived at dest, 0, this call is done!, Elevator call,320.97607492210807,-1,0,3,0, Done, dt, 263.02392507789193
584.0,Elev,0,  arrived at dest, 0, this call is done!, Elevator call,336.93043046159545,-1,0,3,0, Done, dt, 247.06956953840455
584.0,Elev,0,  arrived at dest, 0, this call is done!, Elevator call,554.0892922920482,4,0,3,0, Done, dt, 29.910707707951815
584.0, elevID,0,  pos,0,  cmd, goto,10
588.0,Elev,1,  arrived at dest, -1, this call is done!, Elevator call,565.0195521745534,0,-1,3,1, Done, dt, 22.980447825446618
588.0, elevID,1,  pos,-1,  cmd, goto,0
597.0,Elevator call,596.1232022872633,8,0,1,0, got allocated to elevator, 0
599.0,Elev,1,  arrived at src, 0, Elevator call,581.8703090238192,0,3,2,1
599.0, elevID,1,  pos,0,  cmd, goto,3
601.0,Elevator call,600.9312879686208,1,0,1,0, got allocated to elevator, 0
604.0,Elevator call,603.9342326983083,7,0,1,0, got allocated to elevator, 0
604.0,Elev,0,  arrived at src, 10, Elevator call,557.2441390036331,10,0,2,0
604.0, elevID,0,  pos,10,  cmd, goto,8
612.0,Elev,1,  arrived at dest, 3, this call is done!, Elevator call,581.8703090238192,0,3,3,1, Done, dt, 30.12969097618077
616.0,Elev,0,  arrived at src, 8, Elevator call,596.1232022872633,8,0,2,0
616.0, elevID,0,  pos,8,  cmd, goto,1
618.0,Elevator call,617.9628338542149,0,3,1,0, got allocated to elevator, 0
620.0,Elevator call,619.6454196970012,9,0,1,1, got allocated to elevator, 1
620.0, elevID,1,  pos,3,  cmd, goto,9
627.0,Elevator call,626.2116172047942,0,1,1,1, got allocated to elevator, 1
633.0,Elev,0,  arrived at src, 1, Elevator call,600.9312879686208,1,0,2,0
633.0, elevID,0,  pos,1,  cmd, goto,7
636.0,Elev,1,  arrived at src, 9, Elevator call,619.6454196970012,9,0,2,1
636.0, elevID,1,  pos,9,  cmd, goto,0
644.0,Elevator call,643.8547514955396,-1,2,1,1, got allocated to elevator, 1
649.0,Elev,0,  arrived at src, 7, Elevator call,603.9342326983083,7,0,2,0
649.0, elevID,0,  pos,7,  cmd, goto,0
655.0,Elev,1,  arrived at dest, 0, this call is done!, Elevator call,619.6454196970012,9,0,3,1, Done, dt, 35.354580302998784
655.0,Elev,1,  arrived at src, 0, Elevator call,626.2116172047942,0,1,2,1
655.0, elevID,1,  pos,0,  cmd, goto,1
661.0,Elevator call,660.0732907797126,6,10,1,0, got allocated to elevator, 0
662.0,Elevator call,661.0420820268716,-1,3,1,0, got allocated to elevator, 0
663.0,Elevator call,662.1730527520776,-1,5,1,0, got allocated to elevator, 0
666.0,Elevator call,665.1155548533167,-1,8,1,0, got allocated to elevator, 0
666.0,Elev,0,  arrived at dest, 0, this call is done!, Elevator call,557.2441390036331,10,0,3,0, Done, dt, 108.75586099636689
666.0,Elev,0,  arrived at dest, 0, this call is done!, Elevator call,596.1232022872633,8,0,3,0, Done, dt, 69.87679771273667
666.0,Elev,0,  arrived at dest, 0, this call is done!, Elevator call,600.9312879686208,1,0,3,0, Done, dt, 65.06871203137916
666.0,Elev,0,  arrived at dest, 0, this call is done!, Elevator call,603.9342326983083,7,0,3,0, Done, dt, 62.06576730169172
666.0,Elev,0,  arrived at src, 0, Elevator call,617.9628338542149,0,3,2,0
666.0, elevID,0,  pos,0,  cmd, goto,3
666.0,Elev,1,  arrived at dest, 1, this call is done!, Elevator call,626.2116172047942,0,1,3,1, Done, dt, 39.78838279520585
666.0, elevID,1,  pos,1,  cmd, goto,-1
667.0,Elevator call,666.0340294605869,4,0,1,0, got allocated to elevator, 0
667.0,Elevator call,666.2411586665262,5,-1,1,0, got allocated to elevator, 0
673.0,Elevator call,672.677314157026,0,-1,1,0, got allocated to elevator, 0
678.0,Elevator call,677.7341948387335,0,-1,1,0, got allocated to elevator, 0
678.0,Elev,1,  arrived at src, -1, Elevator call,643.8547514955396,-1,2,2,1
678.0, elevID,1,  pos,-1,  cmd, goto,2
679.0,Elevator call,678.9953584914538,-1,-2,1,0, got allocated to elevator, 0
679.0,Elev,0,  arrived at dest, 3, this call is done!, Elevator call,617.9628338542149,0,3,3,0, Done, dt, 61.037166145785136
679.0, elevID,0,  pos,3,  cmd, goto,0
691.0,Elev,1,  arrived at dest, 2, this call is done!, Elevator call,643.8547514955396,-1,2,3,1, Done, dt, 47.14524850446037
692.0,Elev,0,  arrived at src, 0, Elevator call,672.677314157026,0,-1,2,0
692.0,Elev,0,  arrived at src, 0, Elevator call,677.7341948387335,0,-1,2,0
692.0, elevID,0,  pos,0,  cmd, goto,-1
696.0,Elevator call,695.2239881566923,0,10,1,0, got allocated to elevator, 0
703.0,Elev,0,  arrived at src, -1, Elevator call,661.0420820268716,-1,3,2,0
703.0,Elev,0,  arrived at src, -1, Elevator call,662.1730527520776,-1,5,2,0
703.0,Elev,0,  arrived at src, -1, Elevator call,665.1155548533167,-1,8,2,0
703.0,Elev,0,  arrived at dest, -1, this call is done!, Elevator call,672.677314157026,0,-1,3,0, Done, dt, 30.32268584297401
703.0,Elev,0,  arrived at dest, -1, this call is done!, Elevator call,677.7341948387335,0,-1,3,0, Done, dt, 25.265805161266485
703.0,Elev,0,  arrived at src, -1, Elevator call,678.9953584914538,-1,-2,2,0
703.0, elevID,0,  pos,-1,  cmd, goto,-2
707.0,Elevator call,706.1583474999188,-1,-2,1,1, got allocated to elevator, 1
707.0, elevID,1,  pos,2,  cmd, goto,-1
711.0,Elevator call,710.3249770041223,0,1,1,1, got allocated to elevator, 1
714.0,Elevator call,713.0191971398395,1,0,1,1, got allocated to elevator, 1
714.0,Elevator call,713.2499766424826,10,-1,1,1, got allocated to elevator, 1
714.0,Elev,0,  arrived at dest, -2, this call is done!, Elevator call,678.9953584914538,-1,-2,3,0, Done, dt, 35.00464150854623
714.0, elevID,0,  pos,-2,  cmd, goto,0
720.0,Elev,1,  arrived at src, -1, Elevator call,706.1583474999188,-1,-2,2,1
720.0, elevID,1,  pos,-1,  cmd, goto,-2
723.0,Elevator call,722.6161212799507,10,0,1,1, got allocated to elevator, 1
726.0,Elev,0,  arrived at src, 0, Elevator call,695.2239881566923,0,10,2,0
726.0, elevID,0,  pos,0,  cmd, goto,10
728.0,Elevator call,727.514602863032,-1,0,1,0, got allocated to elevator, 0
731.0,Elev,1,  arrived at dest, -2, this call is done!, Elevator call,706.1583474999188,-1,-2,3,1, Done, dt, 24.84165250008118
731.0, elevID,1,  pos,-2,  cmd, goto,0
733.0,Elevator call,732.9746341348998,6,-1,1,1, got allocated to elevator, 1
738.0,Elevator call,737.314720213409,1,0,1,1, got allocated to elevator, 1
743.0,Elev,1,  arrived at src, 0, Elevator call,710.3249770041223,0,1,2,1
743.0, elevID,1,  pos,0,  cmd, goto,1
746.0,Elev,0,  arrived at dest, 10, this call is done!, Elevator call,695.2239881566923,0,10,3,0, Done, dt, 50.77601184330774
754.0,Elev,1,  arrived at dest, 1, this call is done!, Elevator call,710.3249770041223,0,1,3,1, Done, dt, 43.675022995877725
754.0,Elev,1,  arrived at src, 1, Elevator call,713.0191971398395,1,0,2,1
754.0,Elev,1,  arrived at src, 1, Elevator call,737.314720213409,1,0,2,1
754.0, elevID,1,  pos,1,  cmd, goto,0
765.0,Elev,1,  arrived at dest, 0, this call is done!, Elevator call,713.0191971398395,1,0,3,1, Done, dt, 51.98080286016045
765.0,Elev,1,  arrived at dest, 0, this call is done!, Elevator call,737.314720213409,1,0,3,1, Done, dt, 27.685279786590968
765.0, elevID,1,  pos,0,  cmd, goto,10
780.0,Elevator call,779.399691386574,-1,5,1,0, got allocated to elevator, 0
780.0, elevID,0,  pos,10,  cmd, goto,-1
785.0,Elev,1,  arrived at src, 10, Elevator call,713.2499766424826,10,-1,2,1
785.0,Elev,1,  arrived at src, 10, Elevator call,722.6161212799507,10,0,2,1
785.0, elevID,1,  pos,10,  cmd, goto,6
799.0,Elev,1,  arrived at src, 6, Elevator call,732.9746341348998,6,-1,2,1
799.0, elevID,1,  pos,6,  cmd, goto,-1
801.0,Elev,0,  arrived at src, -1, Elevator call,727.514602863032,-1,0,2,0
801.0,Elev,0,  arrived at src, -1, Elevator call,779.399691386574,-1,5,2,0
801.0, elevID,0,  pos,-1,  cmd, goto,5
806.0,Elevator call,805.6754743307536,-1,-2,1,0, got allocated to elevator, 0
811.0,Elevator call,810.4469089359914,2,0,1,1, got allocated to elevator, 1
816.0,Elev,1,  arrived at dest, -1, this call is done!, Elevator call,713.2499766424826,10,-1,3,1, Done, dt, 102.75002335751742
816.0,Elev,1,  arrived at dest, -1, this call is done!, Elevator call,732.9746341348998,6,-1,3,1, Done, dt, 83.02536586510018
816.0, elevID,1,  pos,-1,  cmd, goto,10
817.0,Elevator call,816.1516998390152,7,-1,1,0, got allocated to elevator, 0
817.0,Elev,0,  arrived at dest, 5, this call is done!, Elevator call,662.1730527520776,-1,5,3,0, Done, dt, 154.82694724792236
817.0,Elev,0,  arrived at src, 5, Elevator call,666.2411586665262,5,-1,2,0
817.0,Elev,0,  arrived at dest, 5, this call is done!, Elevator call,779.399691386574,-1,5,3,0, Done, dt, 37.60030861342602
817.0, elevID,0,  pos,5,  cmd, goto,-1
826.0,Elevator call,825.4575184586336,7,0,1,1, got allocated to elevator, 1
833.0,Elev,0,  arrived at dest, -1, this call is done!, Elevator call,666.2411586665262,5,-1,3,0, Done, dt, 166.7588413334738
833.0,Elev,0,  arrived at src, -1, Elevator call,805.6754743307536,-1,-2,2,0
833.0, elevID,0,  pos,-1,  cmd, goto,-2
837.0, elevID,1,  pos,10,  cmd, goto,7
840.0,Elevator call,839.8525652620532,0,1,1,0, got allocated to elevator, 0
844.0,Elev,0,  arrived at dest, -2, this call is done!, Elevator call,805.6754743307536,-1,-2,3,0, Done, dt, 38.32452566924644
844.0, elevID,0,  pos,-2,  cmd, goto,0
850.0,Elev,1,  arrived at src, 7, Elevator call,825.4575184586336,7,0,2,1
850.0, elevID,1,  pos,7,  cmd, goto,0
855.0,Elevator call,854.2002278085795,6,-1,1,0, got allocated to elevator, 0
856.0,Elev,0,  arrived at dest, 0, this call is done!, Elevator call,727.514602863032,-1,0,3,0, Done, dt, 128.485397136968
856.0,Elev,0,  arrived at src, 0, Elevator call,839.8525652620532,0,1,2,0
856.0, elevID,0,  pos,0,  cmd, goto,1
864.0,Elevator call,863.893291272948,0,-1,1,0, got allocated to elevator, 0
867.0,Elev,0,  arrived at dest, 1, this call is done!, Elevator call,839.8525652620532,0,1,3,0, Done, dt, 27.14743473794681
867.0, elevID,0,  pos,1,  cmd, goto,6
867.0,Elev,1,  arrived at dest, 0, this call is done!, Elevator call,722.6161212799507,10,0,3,1, Done, dt, 144.38387872004932
867.0,Elev,1,  arrived at dest, 0, this call is done!, Elevator call,825.4575184586336,7,0,3,1, Done, dt, 41.54248154136644
867.0, elevID,1,  pos,0,  cmd, goto,2
871.0,Elevator call,870.5053023797483,0,7,1,0, got allocated to elevator, 0
879.0,Elev,1,  arrived at src, 2, Elevator call,810.4469089359914,2,0,2,1
879.0, elevID,1,  pos,2,  cmd, goto,0
882.0,Elev,0,  arrived at src, 6, Elevator call,304.99843880775313,6,0,2,0
882.0,Elev,0,  arrived at src, 6, Elevator call,319.90520204415634,6,5,2,0
882.0,Elev,0,  arrived at dest, 6, this call is done!, Elevator call,537.7866883694313,-1,6,3,0, Done, dt, 344.2133116305687
882.0,Elev,0,  arrived at src, 6, Elevator call,544.7880392034898,6,-1,2,0
882.0,Elev,0,  arrived at src, 6, Elevator call,660.0732907797126,6,10,2,0
882.0,Elev,0,  arrived at src, 6, Elevator call,854.2002278085795,6,-1,2,0
882.0, elevID,0,  pos,6,  cmd, goto,0
887.0,Elevator call,886.5649993239458,-1,-2,1,1, got allocated to elevator, 1
891.0,Elev,1,  arrived at dest, 0, this call is done!, Elevator call,810.4469089359914,2,0,3,1, Done, dt, 80.55309106400864
891.0, elevID,1,  pos,0,  cmd, goto,-1
893.0,Elevator call,892.5212150591021,9,-1,1,1, got allocated to elevator, 1
898.0,Elev,0,  arrived at dest, 0, this call is done!, Elevator call,304.99843880775313,6,0,3,0, Done, dt, 593.0015611922469
898.0,Elev,0,  arrived at src, 0, Elevator call,863.893291272948,0,-1,2,0
898.0,Elev,0,  arrived at src, 0, Elevator call,870.5053023797483,0,7,2,0
898.0, elevID,0,  pos,0,  cmd, goto,-1
902.0,Elev,1,  arrived at src, -1, Elevator call,886.5649993239458,-1,-2,2,1
902.0, elevID,1,  pos,-1,  cmd, goto,-2
909.0,Elev,0,  arrived at dest, -1, this call is done!, Elevator call,544.7880392034898,6,-1,3,0, Done, dt, 364.2119607965102
909.0,Elev,0,  arrived at dest, -1, this call is done!, Elevator call,854.2002278085795,6,-1,3,0, Done, dt, 54.799772191420516
909.0,Elev,0,  arrived at dest, -1, this call is done!, Elevator call,863.893291272948,0,-1,3,0, Done, dt, 45.10670872705202
909.0, elevID,0,  pos,-1,  cmd, goto,0
911.0,Elevator call,910.5388559417848,6,5,1,0, got allocated to elevator, 0
913.0,Elev,1,  arrived at dest, -2, this call is done!, Elevator call,886.5649993239458,-1,-2,3,1, Done, dt, 26.435000676054187
913.0, elevID,1,  pos,-2,  cmd, goto,9
916.0,Elevator call,915.9490574608818,4,-1,1,1, got allocated to elevator, 1
920.0, elevID,0,  pos,0,  cmd, goto,7
934.0,Elevator call,933.8580452488764,7,5,1,0, got allocated to elevator, 0
934.0,Elev,1,  arrived at src, 9, Elevator call,892.5212150591021,9,-1,2,1
934.0, elevID,1,  pos,9,  cmd, goto,4
937.0,Elev,0,  arrived at src, 7, Elevator call,816.1516998390152,7,-1,2,0
937.0,Elev,0,  arrived at dest, 7, this call is done!, Elevator call,870.5053023797483,0,7,3,0, Done, dt, 66.49469762025171
937.0,Elev,0,  arrived at src, 7, Elevator call,933.8580452488764,7,5,2,0
937.0, elevID,0,  pos,7,  cmd, goto,5
949.0,Elev,0,  arrived at dest, 5, this call is done!, Elevator call,319.90520204415634,6,5,3,0, Done, dt, 629.0947979558437
949.0,Elev,0,  arrived at dest, 5, this call is done!, Elevator call,933.8580452488764,7,5,3,0, Done, dt, 15.141954751123649
949.0,Elev,1,  arrived at src, 4, Elevator call,915.9490574608818,4,-1,2,1
949.0, elevID,1,  pos,4,  cmd, goto,-1
962.0,Elevator call,961.6862855708133,6,-1,1,0, got allocated to elevator, 0
962.0, elevID,0,  pos,5,  cmd, goto,6
964.0,Elev,1,  arrived at dest, -1, this call is done!, Elevator call,892.5212150591021,9,-1,3,1, Done, dt, 71.47878494089787
964.0,Elev,1,  arrived at dest, -1, this call is done!, Elevator call,915.9490574608818,4,-1,3,1, Done, dt, 48.05094253911818
973.0,Elevator call,972.8032126022729,1,0,1,0, got allocated to elevator, 0
973.0,Elev,0,  arrived at src, 6, Elevator call,910.5388559417848,6,5,2,0
973.0,Elev,0,  arrived at src, 6, Elevator call,961.6862855708133,6,-1,2,0
973.0, elevID,0,  pos,6,  cmd, goto,-1
976.0,Elevator call,975.8361202753667,0,-1,1,0, got allocated to elevator, 0
979.0,Elevator call,978.5925148564796,10,0,1,1, got allocated to elevator, 1
979.0,Elevator call,978.6210500641439,10,-1,1,1, got allocated to elevator, 1
979.0, elevID,1,  pos,-1,  cmd, goto,10
985.0,Elevator call,984.1840185574983,7,0,1,1, got allocated to elevator, 1
990.0,Elev,0,  arrived at dest, -1, this call is done!, Elevator call,816.1516998390152,7,-1,3,0, Done, dt, 173.84830016098476
990.0,Elev,0,  arrived at dest, -1, this call is done!, Elevator call,961.6862855708133,6,-1,3,0, Done, dt, 28.31371442918669
990.0, elevID,0,  pos,-1,  cmd, goto,1
1000.0,************* Simulation Ended ************
Code Owners,207051707,208785154,  Case,2,  Total waiting time: 9045.792822120191,  average waiting time per call: 90.45792822120191,  unCompleted calls,10,  certificate, -3215717564
