**** The Simulator log: stage 2
0.0,OOP_Ex0_Elevator_Simulator
0.0,Simulated Building, ex0.simulator.Builging_A [-2,10]
0) ex0.simulator.Elevator_A, Elev_0, speed: 1.0, open/close: 2.0,  start/stop: 3.0
1) ex0.simulator.Elevator_A, Elev_1, speed: 1.0, open/close: 2.0,  start/stop: 3.0
0.0,Simulated Period starTime,0.0,  endTime,1000.0,  dt,1.0
0.0,Simulated  calls,Elevetor log, size: 100
0.0,**** Simulation starts!! ****
5.0,Elevator call,4.374727290393253,0,-1,1,0, got allocated to elevator, 0
5.0, elevID,0,  pos,-2,  cmd, goto,0
17.0,Elevator call,16.957882888088932,-1,0,1,1, got allocated to elevator, 1
17.0,Elev,0,  arrived at src, 0, Elevator call,4.374727290393253,0,-1,2,0
17.0, elevID,0,  pos,0,  cmd, goto,-1
17.0, elevID,1,  pos,-2,  cmd, goto,-1
23.0,Elevator call,22.094056301593582,0,-1,1,0, got allocated to elevator, 0
28.0,Elev,0,  arrived at dest, -1, this call is done!, Elevator call,4.374727290393253,0,-1,3,0, Done, dt, 23.625272709606747
28.0, elevID,0,  pos,-1,  cmd, goto,0
28.0,Elev,1,  arrived at src, -1, Elevator call,16.957882888088932,-1,0,2,1
28.0, elevID,1,  pos,-1,  cmd, goto,0
39.0,Elev,0,  arrived at src, 0, Elevator call,22.094056301593582,0,-1,2,0
39.0, elevID,0,  pos,0,  cmd, goto,0
39.0, elevID,0,  pos,0,  cmd, goto,-1
39.0,Elev,1,  arrived at dest, 0, this call is done!, Elevator call,16.957882888088932,-1,0,3,1, Done, dt, 22.042117111911068
39.0, elevID,1,  pos,0,  cmd, goto,0
39.0, elevID,1,  pos,0,  cmd, goto,-1
50.0,Elev,0,  arrived at dest, -1, this call is done!, Elevator call,22.094056301593582,0,-1,3,0, Done, dt, 27.905943698406418
86.0,Elevator call,85.5209666204754,3,2,1,0, got allocated to elevator, 0
86.0, elevID,0,  pos,-1,  cmd, goto,3
92.0,Elevator call,91.21019413453945,-1,-2,1,1, got allocated to elevator, 1
92.0,Elev,1,  arrived at src, -1, Elevator call,91.21019413453945,-1,-2,2,1
92.0, elevID,1,  pos,-1,  cmd, goto,-1
92.0, elevID,1,  pos,-1,  cmd, goto,-2
100.0,Elev,0,  arrived at src, 3, Elevator call,85.5209666204754,3,2,2,0
100.0, elevID,0,  pos,3,  cmd, goto,-1
103.0,Elev,1,  arrived at dest, -2, this call is done!, Elevator call,91.21019413453945,-1,-2,3,1, Done, dt, 11.78980586546055
105.0,Elevator call,104.13701241869234,0,4,1,1, got allocated to elevator, 1
105.0, elevID,1,  pos,-2,  cmd, goto,0
110.0,Elevator call,109.21352909346587,-1,0,1,0, got allocated to elevator, 0
114.0,Elev,0,  arrived at src, -1, Elevator call,109.21352909346587,-1,0,2,0
114.0, elevID,0,  pos,-1,  cmd, goto,-1
114.0, elevID,0,  pos,-1,  cmd, goto,0
115.0,Elevator call,114.39235096774041,3,0,1,0, got allocated to elevator, 0
117.0,Elev,1,  arrived at src, 0, Elevator call,104.13701241869234,0,4,2,1
117.0, elevID,1,  pos,0,  cmd, goto,3
125.0,Elevator call,124.42557095980362,0,9,1,1, got allocated to elevator, 1
125.0,Elev,0,  arrived at dest, 0, this call is done!, Elevator call,109.21352909346587,-1,0,3,0, Done, dt, 15.786470906534134
125.0, elevID,0,  pos,0,  cmd, goto,0
125.0, elevID,0,  pos,0,  cmd, goto,9
130.0, elevID,1,  pos,3,  cmd, goto,0
131.0,Elevator call,130.02495678190564,8,10,1,0, got allocated to elevator, 0
131.0,Elevator call,130.224911275492,-1,1,1,1, got allocated to elevator, 1
138.0,Elevator call,137.9515274326701,0,4,1,1, got allocated to elevator, 1
143.0,Elev,1,  arrived at src, 0, Elevator call,124.42557095980362,0,9,2,1
143.0,Elev,1,  arrived at src, 0, Elevator call,137.9515274326701,0,4,2,1
143.0, elevID,1,  pos,0,  cmd, goto,0
143.0, elevID,1,  pos,0,  cmd, goto,4
144.0,Elevator call,143.91335838799415,0,6,1,1, got allocated to elevator, 1
144.0, elevID,0,  pos,9,  cmd, goto,0
157.0,Elev,1,  arrived at dest, 4, this call is done!, Elevator call,104.13701241869234,0,4,3,1, Done, dt, 52.862987581307664
157.0,Elev,1,  arrived at dest, 4, this call is done!, Elevator call,137.9515274326701,0,4,3,1, Done, dt, 19.048472567329895
157.0, elevID,1,  pos,4,  cmd, goto,0
163.0, elevID,0,  pos,0,  cmd, goto,0
163.0, elevID,0,  pos,0,  cmd, goto,6
170.0,Elevator call,169.78458339380109,-1,0,1,0, got allocated to elevator, 0
171.0,Elevator call,170.0099620835246,0,6,1,0, got allocated to elevator, 0
171.0,Elev,1,  arrived at src, 0, Elevator call,143.91335838799415,0,6,2,1
171.0, elevID,1,  pos,0,  cmd, goto,0
171.0, elevID,1,  pos,0,  cmd, goto,6
172.0,Elevator call,171.21173315221364,-1,8,1,1, got allocated to elevator, 1
175.0,Elevator call,174.84385152106802,0,-1,1,1, got allocated to elevator, 1
179.0, elevID,0,  pos,6,  cmd, goto,0
187.0,Elev,1,  arrived at dest, 6, this call is done!, Elevator call,143.91335838799415,0,6,3,1, Done, dt, 43.08664161200585
187.0, elevID,1,  pos,6,  cmd, goto,0
188.0,Elevator call,187.11678617348463,-1,-2,1,0, got allocated to elevator, 0
188.0,Elevator call,187.7299317966884,-1,-2,1,0, got allocated to elevator, 0
195.0,Elev,0,  arrived at src, 0, Elevator call,170.0099620835246,0,6,2,0
195.0, elevID,0,  pos,0,  cmd, goto,-1
196.0,Elevator call,195.90869649656992,0,7,1,0, got allocated to elevator, 0
198.0,Elevator call,197.5359191292572,-1,1,1,1, got allocated to elevator, 1
203.0,Elev,1,  arrived at src, 0, Elevator call,174.84385152106802,0,-1,2,1
203.0, elevID,1,  pos,0,  cmd, goto,-1
206.0,Elevator call,205.9895199338651,-1,0,1,0, got allocated to elevator, 0
206.0,Elev,0,  arrived at src, -1, Elevator call,169.78458339380109,-1,0,2,0
206.0,Elev,0,  arrived at src, -1, Elevator call,187.11678617348463,-1,-2,2,0
206.0,Elev,0,  arrived at src, -1, Elevator call,187.7299317966884,-1,-2,2,0
206.0,Elev,0,  arrived at src, -1, Elevator call,205.9895199338651,-1,0,2,0
206.0, elevID,0,  pos,-1,  cmd, goto,-1
206.0, elevID,0,  pos,-1,  cmd, goto,0
214.0,Elev,1,  arrived at src, -1, Elevator call,130.224911275492,-1,1,2,1
214.0,Elev,1,  arrived at src, -1, Elevator call,171.21173315221364,-1,8,2,1
214.0,Elev,1,  arrived at dest, -1, this call is done!, Elevator call,174.84385152106802,0,-1,3,1, Done, dt, 39.15614847893198
214.0,Elev,1,  arrived at src, -1, Elevator call,197.5359191292572,-1,1,2,1
214.0, elevID,1,  pos,-1,  cmd, goto,-1
214.0, elevID,1,  pos,-1,  cmd, goto,0
217.0,Elev,0,  arrived at dest, 0, this call is done!, Elevator call,169.78458339380109,-1,0,3,0, Done, dt, 47.215416606198914
217.0,Elev,0,  arrived at src, 0, Elevator call,195.90869649656992,0,7,2,0
217.0,Elev,0,  arrived at dest, 0, this call is done!, Elevator call,205.9895199338651,-1,0,3,0, Done, dt, 11.010480066134903
228.0,Elevator call,227.0798304557929,-1,5,1,0, got allocated to elevator, 0
228.0, elevID,0,  pos,0,  cmd, goto,-1
232.0,Elevator call,231.51578817426258,-1,0,1,1, got allocated to elevator, 1
232.0, elevID,1,  pos,0,  cmd, goto,-1
233.0,Elevator call,232.95043623946805,0,-1,1,0, got allocated to elevator, 0
239.0,Elev,0,  arrived at src, -1, Elevator call,227.0798304557929,-1,5,2,0
239.0, elevID,0,  pos,-1,  cmd, goto,0
243.0,Elev,1,  arrived at src, -1, Elevator call,231.51578817426258,-1,0,2,1
243.0, elevID,1,  pos,-1,  cmd, goto,0
250.0,Elev,0,  arrived at src, 0, Elevator call,232.95043623946805,0,-1,2,0
250.0, elevID,0,  pos,0,  cmd, goto,0
250.0, elevID,0,  pos,0,  cmd, goto,-1
252.0,Elevator call,251.10444690749756,-1,-2,1,1, got allocated to elevator, 1
252.0,Elevator call,251.23593354161653,0,9,1,0, got allocated to elevator, 0
254.0,Elev,1,  arrived at dest, 0, this call is done!, Elevator call,231.51578817426258,-1,0,3,1, Done, dt, 22.484211825737418
254.0, elevID,1,  pos,0,  cmd, goto,0
254.0, elevID,1,  pos,0,  cmd, goto,9
255.0,Elevator call,254.69771525200505,3,4,1,1, got allocated to elevator, 1
258.0,Elevator call,257.7974435335086,-1,0,1,1, got allocated to elevator, 1
261.0,Elev,0,  arrived at dest, -1, this call is done!, Elevator call,232.95043623946805,0,-1,3,0, Done, dt, 28.049563760531953
261.0, elevID,0,  pos,-1,  cmd, goto,-1
261.0, elevID,0,  pos,-1,  cmd, goto,0
272.0,Elev,0,  arrived at src, 0, Elevator call,251.23593354161653,0,9,2,0
272.0, elevID,0,  pos,0,  cmd, goto,-1
273.0,Elev,1,  arrived at dest, 9, this call is done!, Elevator call,124.42557095980362,0,9,3,1, Done, dt, 148.57442904019638
273.0, elevID,1,  pos,9,  cmd, goto,-1
283.0, elevID,0,  pos,-1,  cmd, goto,-1
283.0, elevID,0,  pos,-1,  cmd, goto,0
293.0,Elev,1,  arrived at src, -1, Elevator call,251.10444690749756,-1,-2,2,1
293.0,Elev,1,  arrived at src, -1, Elevator call,257.7974435335086,-1,0,2,1
293.0, elevID,1,  pos,-1,  cmd, goto,-1
293.0, elevID,1,  pos,-1,  cmd, goto,0
294.0, elevID,0,  pos,0,  cmd, goto,-1
296.0,Elevator call,295.7943356681491,0,1,1,0, got allocated to elevator, 0
304.0,Elev,1,  arrived at dest, 0, this call is done!, Elevator call,257.7974435335086,-1,0,3,1, Done, dt, 46.20255646649139
304.0, elevID,1,  pos,0,  cmd, goto,0
304.0, elevID,1,  pos,0,  cmd, goto,1
305.0,Elevator call,304.99843880775313,6,0,1,1, got allocated to elevator, 1
305.0, elevID,0,  pos,-1,  cmd, goto,6
310.0,Elevator call,309.30053828560517,0,-1,1,0, got allocated to elevator, 0
313.0,Elevator call,312.30185564398687,0,-1,1,1, got allocated to elevator, 1
315.0,Elev,1,  arrived at dest, 1, this call is done!, Elevator call,130.224911275492,-1,1,3,1, Done, dt, 184.775088724508
315.0,Elev,1,  arrived at dest, 1, this call is done!, Elevator call,197.5359191292572,-1,1,3,1, Done, dt, 117.4640808707428
315.0, elevID,1,  pos,1,  cmd, goto,0
317.0,Elevator call,316.03237827404377,0,-1,1,1, got allocated to elevator, 1
320.0,Elevator call,319.90520204415634,6,5,1,0, got allocated to elevator, 0
321.0,Elevator call,320.97607492210807,-1,0,1,0, got allocated to elevator, 0
322.0,Elevator call,321.37040904796595,7,-1,1,1, got allocated to elevator, 1
322.0,Elev,0,  arrived at dest, 6, this call is done!, Elevator call,170.0099620835246,0,6,3,0, Done, dt, 151.9900379164754
322.0,Elev,0,  arrived at src, 6, Elevator call,319.90520204415634,6,5,2,0
322.0, elevID,0,  pos,6,  cmd, goto,7
326.0,Elev,1,  arrived at src, 0, Elevator call,312.30185564398687,0,-1,2,1
326.0,Elev,1,  arrived at src, 0, Elevator call,316.03237827404377,0,-1,2,1
326.0, elevID,1,  pos,0,  cmd, goto,7
333.0,Elevator call,332.4267319393355,0,10,1,0, got allocated to elevator, 0
333.0,Elev,0,  arrived at dest, 7, this call is done!, Elevator call,195.90869649656992,0,7,3,0, Done, dt, 137.09130350343008
333.0, elevID,0,  pos,7,  cmd, goto,0
337.0,Elevator call,336.93043046159545,-1,0,1,1, got allocated to elevator, 1
343.0,Elev,1,  arrived at src, 7, Elevator call,321.37040904796595,7,-1,2,1
343.0, elevID,1,  pos,7,  cmd, goto,-1
350.0,Elev,0,  arrived at src, 0, Elevator call,295.7943356681491,0,1,2,0
350.0,Elev,0,  arrived at src, 0, Elevator call,309.30053828560517,0,-1,2,0
350.0,Elev,0,  arrived at src, 0, Elevator call,332.4267319393355,0,10,2,0
350.0, elevID,0,  pos,0,  cmd, goto,-1
361.0,Elev,0,  arrived at dest, -1, this call is done!, Elevator call,309.30053828560517,0,-1,3,0, Done, dt, 51.69946171439483
361.0,Elev,0,  arrived at src, -1, Elevator call,320.97607492210807,-1,0,2,0
361.0, elevID,0,  pos,-1,  cmd, goto,-1
361.0, elevID,0,  pos,-1,  cmd, goto,0
361.0,Elev,1,  arrived at dest, -1, this call is done!, Elevator call,312.30185564398687,0,-1,3,1, Done, dt, 48.69814435601313
361.0,Elev,1,  arrived at dest, -1, this call is done!, Elevator call,316.03237827404377,0,-1,3,1, Done, dt, 44.967621725956235
361.0,Elev,1,  arrived at dest, -1, this call is done!, Elevator call,321.37040904796595,7,-1,3,1, Done, dt, 39.62959095203405
361.0,Elev,1,  arrived at src, -1, Elevator call,336.93043046159545,-1,0,2,1
361.0, elevID,1,  pos,-1,  cmd, goto,-1
361.0, elevID,1,  pos,-1,  cmd, goto,0
372.0,Elev,0,  arrived at dest, 0, this call is done!, Elevator call,320.97607492210807,-1,0,3,0, Done, dt, 51.02392507789193
372.0, elevID,0,  pos,0,  cmd, goto,-1
372.0,Elev,1,  arrived at dest, 0, this call is done!, Elevator call,336.93043046159545,-1,0,3,1, Done, dt, 35.06956953840455
376.0,Elevator call,375.49048095381363,1,0,1,0, got allocated to elevator, 0
376.0, elevID,1,  pos,0,  cmd, goto,1
383.0, elevID,0,  pos,-1,  cmd, goto,1
387.0, elevID,1,  pos,1,  cmd, goto,1
387.0, elevID,1,  pos,1,  cmd, goto,0
393.0,Elevator call,392.5160764870397,0,5,1,1, got allocated to elevator, 1
395.0,Elev,0,  arrived at dest, 1, this call is done!, Elevator call,295.7943356681491,0,1,3,0, Done, dt, 99.20566433185093
395.0,Elev,0,  arrived at src, 1, Elevator call,375.49048095381363,1,0,2,0
395.0, elevID,0,  pos,1,  cmd, goto,0
398.0,Elev,1,  arrived at src, 0, Elevator call,392.5160764870397,0,5,2,1
398.0, elevID,1,  pos,0,  cmd, goto,0
398.0, elevID,1,  pos,0,  cmd, goto,5
406.0,Elevator call,405.1821140884023,-1,10,1,0, got allocated to elevator, 0
406.0,Elev,0,  arrived at dest, 0, this call is done!, Elevator call,375.49048095381363,1,0,3,0, Done, dt, 30.50951904618637
406.0, elevID,0,  pos,0,  cmd, goto,-1
413.0,Elev,1,  arrived at dest, 5, this call is done!, Elevator call,392.5160764870397,0,5,3,1, Done, dt, 20.483923512960303
413.0, elevID,1,  pos,5,  cmd, goto,-1
417.0,Elev,0,  arrived at src, -1, Elevator call,405.1821140884023,-1,10,2,0
417.0, elevID,0,  pos,-1,  cmd, goto,-1
417.0, elevID,0,  pos,-1,  cmd, goto,10
427.0,Elevator call,426.8615805478589,2,0,1,1, got allocated to elevator, 1
429.0, elevID,1,  pos,-1,  cmd, goto,2
438.0,Elevator call,437.17111576125836,1,0,1,1, got allocated to elevator, 1
438.0,Elev,0,  arrived at dest, 10, this call is done!, Elevator call,332.4267319393355,0,10,3,0, Done, dt, 105.57326806066447
438.0,Elev,0,  arrived at dest, 10, this call is done!, Elevator call,405.1821140884023,-1,10,3,0, Done, dt, 32.81788591159773
438.0, elevID,0,  pos,10,  cmd, goto,1
442.0,Elev,1,  arrived at src, 2, Elevator call,426.8615805478589,2,0,2,1
442.0, elevID,1,  pos,2,  cmd, goto,1
453.0,Elev,1,  arrived at src, 1, Elevator call,437.17111576125836,1,0,2,1
453.0, elevID,1,  pos,1,  cmd, goto,1
453.0, elevID,1,  pos,1,  cmd, goto,0
457.0, elevID,0,  pos,1,  cmd, goto,1
457.0, elevID,0,  pos,1,  cmd, goto,0
464.0,Elev,1,  arrived at dest, 0, this call is done!, Elevator call,426.8615805478589,2,0,3,1, Done, dt, 37.13841945214108
464.0,Elev,1,  arrived at dest, 0, this call is done!, Elevator call,437.17111576125836,1,0,3,1, Done, dt, 26.828884238741637
473.0,Elevator call,472.7445473930129,10,-1,1,0, got allocated to elevator, 0
473.0, elevID,0,  pos,0,  cmd, goto,10
493.0,Elev,0,  arrived at src, 10, Elevator call,472.7445473930129,10,-1,2,0
493.0, elevID,0,  pos,10,  cmd, goto,10
493.0, elevID,0,  pos,10,  cmd, goto,-1
501.0,Elevator call,500.3712044996745,8,-1,1,1, got allocated to elevator, 1
501.0, elevID,1,  pos,0,  cmd, goto,8
504.0,Elevator call,503.13847841893045,1,-1,1,0, got allocated to elevator, 0
505.0,Elevator call,504.4317942159655,0,-1,1,0, got allocated to elevator, 0
514.0,Elev,0,  arrived at dest, -1, this call is done!, Elevator call,472.7445473930129,10,-1,3,0, Done, dt, 41.25545260698709
514.0, elevID,0,  pos,-1,  cmd, goto,0
519.0,Elev,1,  arrived at dest, 8, this call is done!, Elevator call,171.21173315221364,-1,8,3,1, Done, dt, 347.78826684778636
519.0,Elev,1,  arrived at src, 8, Elevator call,500.3712044996745,8,-1,2,1
519.0, elevID,1,  pos,8,  cmd, goto,0
525.0,Elev,0,  arrived at src, 0, Elevator call,504.4317942159655,0,-1,2,0
525.0, elevID,0,  pos,0,  cmd, goto,0
525.0, elevID,0,  pos,0,  cmd, goto,0
526.0, elevID,0,  pos,0,  cmd, goto,0
526.0, elevID,0,  pos,0,  cmd, goto,0
527.0, elevID,0,  pos,0,  cmd, goto,0
527.0, elevID,0,  pos,0,  cmd, goto,0
528.0, elevID,0,  pos,0,  cmd, goto,0
528.0, elevID,0,  pos,0,  cmd, goto,0
529.0, elevID,0,  pos,0,  cmd, goto,0
529.0, elevID,0,  pos,0,  cmd, goto,0
530.0,Elevator call,529.6277472128405,3,-1,1,1, got allocated to elevator, 1
530.0, elevID,0,  pos,0,  cmd, goto,3
537.0, elevID,1,  pos,0,  cmd, goto,3
538.0,Elevator call,537.7866883694313,-1,6,1,1, got allocated to elevator, 1
543.0,Elev,0,  arrived at src, 3, Elevator call,114.39235096774041,3,0,2,0
543.0, elevID,0,  pos,3,  cmd, goto,-1
545.0,Elevator call,544.7880392034898,6,-1,1,0, got allocated to elevator, 0
550.0,Elev,1,  arrived at src, 3, Elevator call,254.69771525200505,3,4,2,1
550.0,Elev,1,  arrived at src, 3, Elevator call,529.6277472128405,3,-1,2,1
550.0, elevID,1,  pos,3,  cmd, goto,6
555.0,Elevator call,554.0892922920482,4,0,1,1, got allocated to elevator, 1
557.0,Elev,0,  arrived at dest, -1, this call is done!, Elevator call,504.4317942159655,0,-1,3,0, Done, dt, 52.56820578403449
557.0, elevID,0,  pos,-1,  cmd, goto,4
558.0,Elevator call,557.2441390036331,10,0,1,1, got allocated to elevator, 1
563.0,Elev,1,  arrived at src, 6, Elevator call,304.99843880775313,6,0,2,1
563.0, elevID,1,  pos,6,  cmd, goto,10
566.0,Elevator call,565.0195521745534,0,-1,1,0, got allocated to elevator, 0
572.0, elevID,0,  pos,4,  cmd, goto,0
577.0,Elev,1,  arrived at src, 10, Elevator call,557.2441390036331,10,0,2,1
577.0, elevID,1,  pos,10,  cmd, goto,0
582.0,Elevator call,581.8703090238192,0,3,1,0, got allocated to elevator, 0
586.0,Elev,0,  arrived at dest, 0, this call is done!, Elevator call,114.39235096774041,3,0,3,0, Done, dt, 471.6076490322596
586.0,Elev,0,  arrived at src, 0, Elevator call,565.0195521745534,0,-1,2,0
586.0,Elev,0,  arrived at src, 0, Elevator call,581.8703090238192,0,3,2,0
586.0, elevID,0,  pos,0,  cmd, goto,0
586.0, elevID,0,  pos,0,  cmd, goto,0
587.0, elevID,0,  pos,0,  cmd, goto,0
587.0, elevID,0,  pos,0,  cmd, goto,0
588.0, elevID,0,  pos,0,  cmd, goto,0
588.0, elevID,0,  pos,0,  cmd, goto,0
589.0, elevID,0,  pos,0,  cmd, goto,0
589.0, elevID,0,  pos,0,  cmd, goto,0
590.0, elevID,0,  pos,0,  cmd, goto,0
590.0, elevID,0,  pos,0,  cmd, goto,0
591.0, elevID,0,  pos,0,  cmd, goto,0
591.0, elevID,0,  pos,0,  cmd, goto,0
592.0, elevID,0,  pos,0,  cmd, goto,0
592.0, elevID,0,  pos,0,  cmd, goto,0
593.0, elevID,0,  pos,0,  cmd, goto,0
593.0, elevID,0,  pos,0,  cmd, goto,0
594.0, elevID,0,  pos,0,  cmd, goto,0
594.0, elevID,0,  pos,0,  cmd, goto,0
595.0, elevID,0,  pos,0,  cmd, goto,0
595.0, elevID,0,  pos,0,  cmd, goto,0
596.0, elevID,0,  pos,0,  cmd, goto,0
596.0, elevID,0,  pos,0,  cmd, goto,0
597.0,Elevator call,596.1232022872633,8,0,1,1, got allocated to elevator, 1
597.0, elevID,0,  pos,0,  cmd, goto,8
597.0,Elev,1,  arrived at dest, 0, this call is done!, Elevator call,304.99843880775313,6,0,3,1, Done, dt, 292.00156119224687
597.0,Elev,1,  arrived at dest, 0, this call is done!, Elevator call,557.2441390036331,10,0,3,1, Done, dt, 39.75586099636689
597.0, elevID,1,  pos,0,  cmd, goto,8
601.0,Elevator call,600.9312879686208,1,0,1,0, got allocated to elevator, 0
604.0,Elevator call,603.9342326983083,7,0,1,1, got allocated to elevator, 1
615.0,Elev,0,  arrived at src, 8, Elevator call,130.02495678190564,8,10,2,0
615.0, elevID,0,  pos,8,  cmd, goto,7
615.0,Elev,1,  arrived at src, 8, Elevator call,596.1232022872633,8,0,2,1
615.0, elevID,1,  pos,8,  cmd, goto,7
618.0,Elevator call,617.9628338542149,0,3,1,0, got allocated to elevator, 0
620.0,Elevator call,619.6454196970012,9,0,1,1, got allocated to elevator, 1
626.0, elevID,0,  pos,7,  cmd, goto,9
626.0,Elev,1,  arrived at src, 7, Elevator call,603.9342326983083,7,0,2,1
626.0, elevID,1,  pos,7,  cmd, goto,9
627.0,Elevator call,626.2116172047942,0,1,1,0, got allocated to elevator, 0
638.0,Elev,0,  arrived at dest, 9, this call is done!, Elevator call,251.23593354161653,0,9,3,0, Done, dt, 386.76406645838347
638.0, elevID,0,  pos,9,  cmd, goto,0
638.0,Elev,1,  arrived at src, 9, Elevator call,619.6454196970012,9,0,2,1
638.0, elevID,1,  pos,9,  cmd, goto,0
644.0,Elevator call,643.8547514955396,-1,2,1,1, got allocated to elevator, 1
657.0,Elev,0,  arrived at src, 0, Elevator call,617.9628338542149,0,3,2,0
657.0,Elev,0,  arrived at src, 0, Elevator call,626.2116172047942,0,1,2,0
657.0, elevID,0,  pos,0,  cmd, goto,-1
657.0,Elev,1,  arrived at dest, 0, this call is done!, Elevator call,596.1232022872633,8,0,3,1, Done, dt, 60.876797712736675
657.0,Elev,1,  arrived at dest, 0, this call is done!, Elevator call,603.9342326983083,7,0,3,1, Done, dt, 53.06576730169172
657.0,Elev,1,  arrived at dest, 0, this call is done!, Elevator call,619.6454196970012,9,0,3,1, Done, dt, 37.354580302998784
657.0, elevID,1,  pos,0,  cmd, goto,-1
661.0,Elevator call,660.0732907797126,6,10,1,0, got allocated to elevator, 0
662.0,Elevator call,661.0420820268716,-1,3,1,1, got allocated to elevator, 1
663.0,Elevator call,662.1730527520776,-1,5,1,0, got allocated to elevator, 0
666.0,Elevator call,665.1155548533167,-1,8,1,1, got allocated to elevator, 1
667.0,Elevator call,666.0340294605869,4,0,1,0, got allocated to elevator, 0
667.0,Elevator call,666.2411586665262,5,-1,1,1, got allocated to elevator, 1
668.0,Elev,0,  arrived at dest, -1, this call is done!, Elevator call,565.0195521745534,0,-1,3,0, Done, dt, 102.98044782544662
668.0,Elev,0,  arrived at src, -1, Elevator call,662.1730527520776,-1,5,2,0
668.0, elevID,0,  pos,-1,  cmd, goto,5
668.0,Elev,1,  arrived at dest, -1, this call is done!, Elevator call,500.3712044996745,8,-1,3,1, Done, dt, 167.6287955003255
668.0,Elev,1,  arrived at dest, -1, this call is done!, Elevator call,529.6277472128405,3,-1,3,1, Done, dt, 138.37225278715948
668.0,Elev,1,  arrived at src, -1, Elevator call,537.7866883694313,-1,6,2,1
668.0,Elev,1,  arrived at src, -1, Elevator call,643.8547514955396,-1,2,2,1
668.0,Elev,1,  arrived at src, -1, Elevator call,661.0420820268716,-1,3,2,1
668.0,Elev,1,  arrived at src, -1, Elevator call,665.1155548533167,-1,8,2,1
668.0, elevID,1,  pos,-1,  cmd, goto,5
673.0,Elevator call,672.677314157026,0,-1,1,0, got allocated to elevator, 0
678.0,Elevator call,677.7341948387335,0,-1,1,1, got allocated to elevator, 1
679.0,Elevator call,678.9953584914538,-1,-2,1,0, got allocated to elevator, 0
684.0,Elev,0,  arrived at dest, 5, this call is done!, Elevator call,227.0798304557929,-1,5,3,0, Done, dt, 456.9201695442071
684.0,Elev,0,  arrived at dest, 5, this call is done!, Elevator call,319.90520204415634,6,5,3,0, Done, dt, 364.09479795584366
684.0,Elev,0,  arrived at dest, 5, this call is done!, Elevator call,662.1730527520776,-1,5,3,0, Done, dt, 21.826947247922362
684.0, elevID,0,  pos,5,  cmd, goto,-1
684.0,Elev,1,  arrived at src, 5, Elevator call,666.2411586665262,5,-1,2,1
684.0, elevID,1,  pos,5,  cmd, goto,-1
696.0,Elevator call,695.2239881566923,0,10,1,1, got allocated to elevator, 1
700.0,Elev,0,  arrived at src, -1, Elevator call,678.9953584914538,-1,-2,2,0
700.0, elevID,0,  pos,-1,  cmd, goto,0
700.0,Elev,1,  arrived at dest, -1, this call is done!, Elevator call,666.2411586665262,5,-1,3,1, Done, dt, 33.75884133347381
700.0, elevID,1,  pos,-1,  cmd, goto,0
707.0,Elevator call,706.1583474999188,-1,-2,1,0, got allocated to elevator, 0
711.0,Elevator call,710.3249770041223,0,1,1,1, got allocated to elevator, 1
711.0,Elev,0,  arrived at src, 0, Elevator call,672.677314157026,0,-1,2,0
711.0, elevID,0,  pos,0,  cmd, goto,0
711.0, elevID,0,  pos,0,  cmd, goto,0
711.0,Elev,1,  arrived at src, 0, Elevator call,677.7341948387335,0,-1,2,1
711.0,Elev,1,  arrived at src, 0, Elevator call,695.2239881566923,0,10,2,1
711.0,Elev,1,  arrived at src, 0, Elevator call,710.3249770041223,0,1,2,1
711.0, elevID,1,  pos,0,  cmd, goto,0
711.0, elevID,1,  pos,0,  cmd, goto,1
712.0, elevID,0,  pos,0,  cmd, goto,0
712.0, elevID,0,  pos,0,  cmd, goto,0
713.0, elevID,0,  pos,0,  cmd, goto,0
713.0, elevID,0,  pos,0,  cmd, goto,0
714.0,Elevator call,713.0191971398395,1,0,1,0, got allocated to elevator, 0
714.0,Elevator call,713.2499766424826,10,-1,1,1, got allocated to elevator, 1
714.0, elevID,0,  pos,0,  cmd, goto,10
722.0,Elev,1,  arrived at dest, 1, this call is done!, Elevator call,710.3249770041223,0,1,3,1, Done, dt, 11.675022995877725
722.0, elevID,1,  pos,1,  cmd, goto,10
723.0,Elevator call,722.6161212799507,10,0,1,0, got allocated to elevator, 0
728.0,Elevator call,727.514602863032,-1,0,1,0, got allocated to elevator, 0
733.0,Elevator call,732.9746341348998,6,-1,1,1, got allocated to elevator, 1
734.0,Elev,0,  arrived at dest, 10, this call is done!, Elevator call,130.02495678190564,8,10,3,0, Done, dt, 603.9750432180944
734.0,Elev,0,  arrived at src, 10, Elevator call,722.6161212799507,10,0,2,0
734.0, elevID,0,  pos,10,  cmd, goto,6
738.0,Elevator call,737.314720213409,1,0,1,1, got allocated to elevator, 1
741.0,Elev,1,  arrived at dest, 10, this call is done!, Elevator call,695.2239881566923,0,10,3,1, Done, dt, 45.77601184330774
741.0,Elev,1,  arrived at src, 10, Elevator call,713.2499766424826,10,-1,2,1
741.0, elevID,1,  pos,10,  cmd, goto,1
748.0,Elev,0,  arrived at src, 6, Elevator call,544.7880392034898,6,-1,2,0
748.0,Elev,0,  arrived at src, 6, Elevator call,660.0732907797126,6,10,2,0
748.0, elevID,0,  pos,6,  cmd, goto,1
760.0,Elev,1,  arrived at src, 1, Elevator call,737.314720213409,1,0,2,1
760.0, elevID,1,  pos,1,  cmd, goto,1
760.0, elevID,1,  pos,1,  cmd, goto,0
763.0,Elev,0,  arrived at src, 1, Elevator call,503.13847841893045,1,-1,2,0
763.0,Elev,0,  arrived at src, 1, Elevator call,600.9312879686208,1,0,2,0
763.0,Elev,0,  arrived at dest, 1, this call is done!, Elevator call,626.2116172047942,0,1,3,0, Done, dt, 136.78838279520585
763.0,Elev,0,  arrived at src, 1, Elevator call,713.0191971398395,1,0,2,0
763.0, elevID,0,  pos,1,  cmd, goto,1
763.0, elevID,0,  pos,1,  cmd, goto,1
764.0, elevID,0,  pos,1,  cmd, goto,1
764.0, elevID,0,  pos,1,  cmd, goto,1
765.0, elevID,0,  pos,1,  cmd, goto,1
765.0, elevID,0,  pos,1,  cmd, goto,1
766.0, elevID,0,  pos,1,  cmd, goto,1
766.0, elevID,0,  pos,1,  cmd, goto,1
767.0, elevID,0,  pos,1,  cmd, goto,1
767.0, elevID,0,  pos,1,  cmd, goto,1
768.0, elevID,0,  pos,1,  cmd, goto,1
768.0, elevID,0,  pos,1,  cmd, goto,1
769.0, elevID,0,  pos,1,  cmd, goto,1
769.0, elevID,0,  pos,1,  cmd, goto,1
770.0, elevID,0,  pos,1,  cmd, goto,1
770.0, elevID,0,  pos,1,  cmd, goto,1
771.0, elevID,0,  pos,1,  cmd, goto,1
771.0, elevID,0,  pos,1,  cmd, goto,1
771.0,Elev,1,  arrived at dest, 0, this call is done!, Elevator call,737.314720213409,1,0,3,1, Done, dt, 33.68527978659097
780.0,Elevator call,779.399691386574,-1,5,1,1, got allocated to elevator, 1
780.0, elevID,0,  pos,1,  cmd, goto,-1
780.0, elevID,1,  pos,0,  cmd, goto,-1
791.0,Elev,1,  arrived at dest, -1, this call is done!, Elevator call,677.7341948387335,0,-1,3,1, Done, dt, 113.26580516126648
791.0,Elev,1,  arrived at dest, -1, this call is done!, Elevator call,713.2499766424826,10,-1,3,1, Done, dt, 77.75002335751742
791.0,Elev,1,  arrived at src, -1, Elevator call,779.399691386574,-1,5,2,1
791.0, elevID,1,  pos,-1,  cmd, goto,-1
791.0, elevID,1,  pos,-1,  cmd, goto,5
792.0,Elev,0,  arrived at dest, -1, this call is done!, Elevator call,503.13847841893045,1,-1,3,0, Done, dt, 288.86152158106955
792.0,Elev,0,  arrived at dest, -1, this call is done!, Elevator call,544.7880392034898,6,-1,3,0, Done, dt, 247.2119607965102
792.0,Elev,0,  arrived at dest, -1, this call is done!, Elevator call,672.677314157026,0,-1,3,0, Done, dt, 119.32268584297401
792.0,Elev,0,  arrived at src, -1, Elevator call,706.1583474999188,-1,-2,2,0
792.0,Elev,0,  arrived at src, -1, Elevator call,727.514602863032,-1,0,2,0
792.0, elevID,0,  pos,-1,  cmd, goto,-1
792.0, elevID,0,  pos,-1,  cmd, goto,5
806.0,Elevator call,805.6754743307536,-1,-2,1,0, got allocated to elevator, 0
807.0,Elev,1,  arrived at dest, 5, this call is done!, Elevator call,779.399691386574,-1,5,3,1, Done, dt, 27.600308613426023
807.0, elevID,1,  pos,5,  cmd, goto,-1
808.0, elevID,0,  pos,5,  cmd, goto,-1
811.0,Elevator call,810.4469089359914,2,0,1,1, got allocated to elevator, 1
817.0,Elevator call,816.1516998390152,7,-1,1,0, got allocated to elevator, 0
823.0, elevID,1,  pos,-1,  cmd, goto,7
824.0,Elev,0,  arrived at src, -1, Elevator call,805.6754743307536,-1,-2,2,0
824.0, elevID,0,  pos,-1,  cmd, goto,7
826.0,Elevator call,825.4575184586336,7,0,1,1, got allocated to elevator, 1
840.0,Elevator call,839.8525652620532,0,1,1,0, got allocated to elevator, 0
841.0,Elev,1,  arrived at src, 7, Elevator call,825.4575184586336,7,0,2,1
841.0, elevID,1,  pos,7,  cmd, goto,0
842.0,Elev,0,  arrived at src, 7, Elevator call,816.1516998390152,7,-1,2,0
842.0, elevID,0,  pos,7,  cmd, goto,0
855.0,Elevator call,854.2002278085795,6,-1,1,1, got allocated to elevator, 1
858.0,Elev,1,  arrived at dest, 0, this call is done!, Elevator call,825.4575184586336,7,0,3,1, Done, dt, 32.54248154136644
858.0, elevID,1,  pos,0,  cmd, goto,6
859.0,Elev,0,  arrived at dest, 0, this call is done!, Elevator call,600.9312879686208,1,0,3,0, Done, dt, 258.06871203137916
859.0,Elev,0,  arrived at dest, 0, this call is done!, Elevator call,713.0191971398395,1,0,3,0, Done, dt, 145.98080286016045
859.0,Elev,0,  arrived at dest, 0, this call is done!, Elevator call,722.6161212799507,10,0,3,0, Done, dt, 136.38387872004932
859.0,Elev,0,  arrived at dest, 0, this call is done!, Elevator call,727.514602863032,-1,0,3,0, Done, dt, 131.485397136968
859.0,Elev,0,  arrived at src, 0, Elevator call,839.8525652620532,0,1,2,0
859.0, elevID,0,  pos,0,  cmd, goto,6
864.0,Elevator call,863.893291272948,0,-1,1,1, got allocated to elevator, 1
871.0,Elevator call,870.5053023797483,0,7,1,0, got allocated to elevator, 0
874.0,Elev,1,  arrived at dest, 6, this call is done!, Elevator call,537.7866883694313,-1,6,3,1, Done, dt, 336.2133116305687
874.0,Elev,1,  arrived at src, 6, Elevator call,732.9746341348998,6,-1,2,1
874.0,Elev,1,  arrived at src, 6, Elevator call,854.2002278085795,6,-1,2,1
874.0, elevID,1,  pos,6,  cmd, goto,0
875.0, elevID,0,  pos,6,  cmd, goto,0
887.0,Elevator call,886.5649993239458,-1,-2,1,0, got allocated to elevator, 0
890.0,Elev,1,  arrived at src, 0, Elevator call,863.893291272948,0,-1,2,1
890.0, elevID,1,  pos,0,  cmd, goto,-1
891.0,Elev,0,  arrived at src, 0, Elevator call,870.5053023797483,0,7,2,0
891.0, elevID,0,  pos,0,  cmd, goto,-1
893.0,Elevator call,892.5212150591021,9,-1,1,1, got allocated to elevator, 1
901.0,Elev,1,  arrived at dest, -1, this call is done!, Elevator call,732.9746341348998,6,-1,3,1, Done, dt, 168.02536586510018
901.0,Elev,1,  arrived at dest, -1, this call is done!, Elevator call,854.2002278085795,6,-1,3,1, Done, dt, 46.799772191420516
901.0,Elev,1,  arrived at dest, -1, this call is done!, Elevator call,863.893291272948,0,-1,3,1, Done, dt, 37.10670872705202
901.0, elevID,1,  pos,-1,  cmd, goto,9
902.0,Elev,0,  arrived at dest, -1, this call is done!, Elevator call,816.1516998390152,7,-1,3,0, Done, dt, 85.84830016098476
902.0,Elev,0,  arrived at src, -1, Elevator call,886.5649993239458,-1,-2,2,0
902.0, elevID,0,  pos,-1,  cmd, goto,9
911.0,Elevator call,910.5388559417848,6,5,1,1, got allocated to elevator, 1
916.0,Elevator call,915.9490574608818,4,-1,1,0, got allocated to elevator, 0
921.0,Elev,1,  arrived at src, 9, Elevator call,892.5212150591021,9,-1,2,1
921.0, elevID,1,  pos,9,  cmd, goto,4
922.0, elevID,0,  pos,9,  cmd, goto,4
934.0,Elevator call,933.8580452488764,7,5,1,0, got allocated to elevator, 0
936.0,Elev,1,  arrived at dest, 4, this call is done!, Elevator call,254.69771525200505,3,4,3,1, Done, dt, 681.3022847479949
936.0,Elev,1,  arrived at src, 4, Elevator call,554.0892922920482,4,0,2,1
936.0, elevID,1,  pos,4,  cmd, goto,7
937.0,Elev,0,  arrived at src, 4, Elevator call,666.0340294605869,4,0,2,0
937.0,Elev,0,  arrived at src, 4, Elevator call,915.9490574608818,4,-1,2,0
937.0, elevID,0,  pos,4,  cmd, goto,7
949.0, elevID,1,  pos,7,  cmd, goto,7
949.0, elevID,1,  pos,7,  cmd, goto,5
950.0,Elev,0,  arrived at dest, 7, this call is done!, Elevator call,870.5053023797483,0,7,3,0, Done, dt, 79.49469762025171
950.0,Elev,0,  arrived at src, 7, Elevator call,933.8580452488764,7,5,2,0
950.0, elevID,0,  pos,7,  cmd, goto,7
950.0, elevID,0,  pos,7,  cmd, goto,5
961.0, elevID,1,  pos,5,  cmd, goto,7
962.0,Elevator call,961.6862855708133,6,-1,1,1, got allocated to elevator, 1
962.0,Elev,0,  arrived at dest, 5, this call is done!, Elevator call,933.8580452488764,7,5,3,0, Done, dt, 28.14195475112365
962.0, elevID,0,  pos,5,  cmd, goto,6
973.0,Elevator call,972.8032126022729,1,0,1,0, got allocated to elevator, 0
973.0, elevID,0,  pos,6,  cmd, goto,1
973.0, elevID,1,  pos,7,  cmd, goto,1
976.0,Elevator call,975.8361202753667,0,-1,1,1, got allocated to elevator, 1
979.0,Elevator call,978.5925148564796,10,0,1,0, got allocated to elevator, 0
979.0,Elevator call,978.6210500641439,10,-1,1,1, got allocated to elevator, 1
985.0,Elevator call,984.1840185574983,7,0,1,0, got allocated to elevator, 0
988.0,Elev,0,  arrived at dest, 1, this call is done!, Elevator call,839.8525652620532,0,1,3,0, Done, dt, 148.1474347379468
988.0,Elev,0,  arrived at src, 1, Elevator call,972.8032126022729,1,0,2,0
988.0, elevID,0,  pos,1,  cmd, goto,7
989.0, elevID,1,  pos,1,  cmd, goto,7
1000.0,************* Simulation Ended ************
Code Owners,207051707,208785154,  Case,2,  Total waiting time: 16643.792822120202,  average waiting time per call: 166.43792822120201,  unCompleted calls,26,  certificate, -5679055640
