**** The Simulator log: stage 2
0.0,OOP_Ex0_Elevator_Simulator
0.0,Simulated Building, ex0.simulator.Builging_A [-2,10]
0) ex0.simulator.Elevator_A, Elev_0, speed: 1.0, open/close: 2.0,  start/stop: 3.0
1) ex0.simulator.Elevator_A, Elev_1, speed: 1.0, open/close: 2.0,  start/stop: 3.0
0.0,Simulated Period starTime,0.0,  endTime,1000.0,  dt,1.0
0.0,Simulated  calls,Elevetor log, size: 100
0.0,**** Simulation starts!! ****
5.0,Elevator call,4.374727290393253,0,-1,1,0, got allocated to elevator, 0
5.0, elevID,0,  pos,-2,  cmd, goto,0
17.0,Elevator call,16.957882888088932,-1,0,1,0, got allocated to elevator, 0
17.0,Elev,0,  arrived at src, 0, Elevator call,4.374727290393253,0,-1,2,0
17.0, elevID,0,  pos,0,  cmd, goto,-1
23.0,Elevator call,22.094056301593582,0,-1,1,0, got allocated to elevator, 0
28.0,Elev,0,  arrived at dest, -1, this call is done!, Elevator call,4.374727290393253,0,-1,3,0, Done, dt, 23.625272709606747
28.0,Elev,0,  arrived at src, -1, Elevator call,16.957882888088932,-1,0,2,0
28.0, elevID,0,  pos,-1,  cmd, goto,0
39.0,Elev,0,  arrived at dest, 0, this call is done!, Elevator call,16.957882888088932,-1,0,3,0, Done, dt, 22.042117111911068
39.0,Elev,0,  arrived at src, 0, Elevator call,22.094056301593582,0,-1,2,0
39.0, elevID,0,  pos,0,  cmd, goto,-1
50.0,Elev,0,  arrived at dest, -1, this call is done!, Elevator call,22.094056301593582,0,-1,3,0, Done, dt, 27.905943698406418
86.0,Elevator call,85.5209666204754,3,2,1,0, got allocated to elevator, 0
86.0, elevID,0,  pos,-1,  cmd, goto,3
92.0,Elevator call,91.21019413453945,-1,-2,1,0, got allocated to elevator, 0
100.0,Elev,0,  arrived at src, 3, Elevator call,85.5209666204754,3,2,2,0
100.0, elevID,0,  pos,3,  cmd, goto,2
105.0,Elevator call,104.13701241869234,0,4,1,0, got allocated to elevator, 0
110.0,Elevator call,109.21352909346587,-1,0,1,1, got allocated to elevator, 1
110.0, elevID,1,  pos,-2,  cmd, goto,-1
111.0,Elev,0,  arrived at dest, 2, this call is done!, Elevator call,85.5209666204754,3,2,3,0, Done, dt, 25.479033379524594
111.0, elevID,0,  pos,2,  cmd, goto,-1
115.0,Elevator call,114.39235096774041,3,0,1,1, got allocated to elevator, 1
121.0,Elev,1,  arrived at src, -1, Elevator call,109.21352909346587,-1,0,2,1
121.0, elevID,1,  pos,-1,  cmd, goto,0
124.0,Elev,0,  arrived at src, -1, Elevator call,91.21019413453945,-1,-2,2,0
124.0, elevID,0,  pos,-1,  cmd, goto,-2
125.0,Elevator call,124.42557095980362,0,9,1,1, got allocated to elevator, 1
131.0,Elevator call,130.02495678190564,8,10,1,0, got allocated to elevator, 0
131.0,Elevator call,130.224911275492,-1,1,1,0, got allocated to elevator, 0
132.0,Elev,1,  arrived at dest, 0, this call is done!, Elevator call,109.21352909346587,-1,0,3,1, Done, dt, 22.786470906534134
132.0,Elev,1,  arrived at src, 0, Elevator call,124.42557095980362,0,9,2,1
132.0, elevID,1,  pos,0,  cmd, goto,3
135.0,Elev,0,  arrived at dest, -2, this call is done!, Elevator call,91.21019413453945,-1,-2,3,0, Done, dt, 43.78980586546055
135.0, elevID,0,  pos,-2,  cmd, goto,0
138.0,Elevator call,137.9515274326701,0,4,1,0, got allocated to elevator, 0
144.0,Elevator call,143.91335838799415,0,6,1,0, got allocated to elevator, 0
145.0,Elev,1,  arrived at src, 3, Elevator call,114.39235096774041,3,0,2,1
145.0, elevID,1,  pos,3,  cmd, goto,0
147.0,Elev,0,  arrived at src, 0, Elevator call,104.13701241869234,0,4,2,0
147.0,Elev,0,  arrived at src, 0, Elevator call,137.9515274326701,0,4,2,0
147.0,Elev,0,  arrived at src, 0, Elevator call,143.91335838799415,0,6,2,0
147.0, elevID,0,  pos,0,  cmd, goto,4
158.0,Elev,1,  arrived at dest, 0, this call is done!, Elevator call,114.39235096774041,3,0,3,1, Done, dt, 43.60764903225959
158.0, elevID,1,  pos,0,  cmd, goto,9
161.0,Elev,0,  arrived at dest, 4, this call is done!, Elevator call,104.13701241869234,0,4,3,0, Done, dt, 56.862987581307664
161.0,Elev,0,  arrived at dest, 4, this call is done!, Elevator call,137.9515274326701,0,4,3,0, Done, dt, 23.048472567329895
170.0,Elevator call,169.78458339380109,-1,0,1,0, got allocated to elevator, 0
170.0, elevID,0,  pos,4,  cmd, goto,-1
171.0,Elevator call,170.0099620835246,0,6,1,0, got allocated to elevator, 0
172.0,Elevator call,171.21173315221364,-1,8,1,0, got allocated to elevator, 0
175.0,Elevator call,174.84385152106802,0,-1,1,1, got allocated to elevator, 1
177.0,Elev,1,  arrived at dest, 9, this call is done!, Elevator call,124.42557095980362,0,9,3,1, Done, dt, 52.57442904019638
177.0, elevID,1,  pos,9,  cmd, goto,0
185.0,Elev,0,  arrived at src, -1, Elevator call,130.224911275492,-1,1,2,0
185.0,Elev,0,  arrived at src, -1, Elevator call,169.78458339380109,-1,0,2,0
185.0,Elev,0,  arrived at src, -1, Elevator call,171.21173315221364,-1,8,2,0
185.0, elevID,0,  pos,-1,  cmd, goto,0
188.0,Elevator call,187.11678617348463,-1,-2,1,1, got allocated to elevator, 1
188.0,Elevator call,187.7299317966884,-1,-2,1,1, got allocated to elevator, 1
196.0,Elevator call,195.90869649656992,0,7,1,1, got allocated to elevator, 1
196.0,Elev,0,  arrived at dest, 0, this call is done!, Elevator call,169.78458339380109,-1,0,3,0, Done, dt, 26.215416606198914
196.0,Elev,0,  arrived at src, 0, Elevator call,170.0099620835246,0,6,2,0
196.0, elevID,0,  pos,0,  cmd, goto,6
196.0,Elev,1,  arrived at src, 0, Elevator call,174.84385152106802,0,-1,2,1
196.0,Elev,1,  arrived at src, 0, Elevator call,195.90869649656992,0,7,2,1
196.0, elevID,1,  pos,0,  cmd, goto,-1
198.0,Elevator call,197.5359191292572,-1,1,1,1, got allocated to elevator, 1
206.0,Elevator call,205.9895199338651,-1,0,1,0, got allocated to elevator, 0
207.0,Elev,1,  arrived at dest, -1, this call is done!, Elevator call,174.84385152106802,0,-1,3,1, Done, dt, 32.15614847893198
207.0,Elev,1,  arrived at src, -1, Elevator call,187.11678617348463,-1,-2,2,1
207.0,Elev,1,  arrived at src, -1, Elevator call,187.7299317966884,-1,-2,2,1
207.0,Elev,1,  arrived at src, -1, Elevator call,197.5359191292572,-1,1,2,1
207.0, elevID,1,  pos,-1,  cmd, goto,-2
212.0,Elev,0,  arrived at dest, 6, this call is done!, Elevator call,143.91335838799415,0,6,3,0, Done, dt, 68.08664161200585
212.0,Elev,0,  arrived at dest, 6, this call is done!, Elevator call,170.0099620835246,0,6,3,0, Done, dt, 41.99003791647539
212.0, elevID,0,  pos,6,  cmd, goto,-1
218.0,Elev,1,  arrived at dest, -2, this call is done!, Elevator call,187.11678617348463,-1,-2,3,1, Done, dt, 30.883213826515373
218.0,Elev,1,  arrived at dest, -2, this call is done!, Elevator call,187.7299317966884,-1,-2,3,1, Done, dt, 30.27006820331161
218.0, elevID,1,  pos,-2,  cmd, goto,-1
228.0,Elevator call,227.0798304557929,-1,5,1,0, got allocated to elevator, 0
229.0,Elev,0,  arrived at src, -1, Elevator call,205.9895199338651,-1,0,2,0
229.0,Elev,0,  arrived at src, -1, Elevator call,227.0798304557929,-1,5,2,0
229.0, elevID,0,  pos,-1,  cmd, goto,8
229.0, elevID,1,  pos,-1,  cmd, goto,-2
232.0,Elevator call,231.51578817426258,-1,0,1,0, got allocated to elevator, 0
233.0,Elevator call,232.95043623946805,0,-1,1,0, got allocated to elevator, 0
240.0, elevID,1,  pos,-2,  cmd, goto,0
248.0,Elev,0,  arrived at src, 8, Elevator call,130.02495678190564,8,10,2,0
248.0,Elev,0,  arrived at dest, 8, this call is done!, Elevator call,171.21173315221364,-1,8,3,0, Done, dt, 76.78826684778636
252.0,Elevator call,251.10444690749756,-1,-2,1,0, got allocated to elevator, 0
252.0,Elevator call,251.23593354161653,0,9,1,0, got allocated to elevator, 0
252.0, elevID,0,  pos,8,  cmd, goto,-1
252.0, elevID,1,  pos,0,  cmd, goto,7
255.0,Elevator call,254.69771525200505,3,4,1,0, got allocated to elevator, 0
258.0,Elevator call,257.7974435335086,-1,0,1,0, got allocated to elevator, 0
269.0,Elev,1,  arrived at dest, 7, this call is done!, Elevator call,195.90869649656992,0,7,3,1, Done, dt, 73.09130350343008
269.0, elevID,1,  pos,7,  cmd, goto,-1
271.0,Elev,0,  arrived at src, -1, Elevator call,231.51578817426258,-1,0,2,0
271.0,Elev,0,  arrived at src, -1, Elevator call,251.10444690749756,-1,-2,2,0
271.0,Elev,0,  arrived at src, -1, Elevator call,257.7974435335086,-1,0,2,0
271.0, elevID,0,  pos,-1,  cmd, goto,-2
282.0,Elev,0,  arrived at dest, -2, this call is done!, Elevator call,251.10444690749756,-1,-2,3,0, Done, dt, 30.89555309250244
282.0, elevID,0,  pos,-2,  cmd, goto,-1
287.0, elevID,1,  pos,-1,  cmd, goto,1
293.0, elevID,0,  pos,-1,  cmd, goto,0
296.0,Elevator call,295.7943356681491,0,1,1,1, got allocated to elevator, 1
299.0,Elev,1,  arrived at dest, 1, this call is done!, Elevator call,197.5359191292572,-1,1,3,1, Done, dt, 101.4640808707428
299.0, elevID,1,  pos,1,  cmd, goto,0
304.0,Elev,0,  arrived at dest, 0, this call is done!, Elevator call,205.9895199338651,-1,0,3,0, Done, dt, 98.0104800661349
304.0,Elev,0,  arrived at dest, 0, this call is done!, Elevator call,231.51578817426258,-1,0,3,0, Done, dt, 72.48421182573742
304.0,Elev,0,  arrived at src, 0, Elevator call,232.95043623946805,0,-1,2,0
304.0,Elev,0,  arrived at src, 0, Elevator call,251.23593354161653,0,9,2,0
304.0,Elev,0,  arrived at dest, 0, this call is done!, Elevator call,257.7974435335086,-1,0,3,0, Done, dt, 46.20255646649139
304.0, elevID,0,  pos,0,  cmd, goto,9
305.0,Elevator call,304.99843880775313,6,0,1,1, got allocated to elevator, 1
310.0,Elevator call,309.30053828560517,0,-1,1,1, got allocated to elevator, 1
310.0,Elev,1,  arrived at src, 0, Elevator call,295.7943356681491,0,1,2,1
310.0,Elev,1,  arrived at src, 0, Elevator call,309.30053828560517,0,-1,2,1
310.0, elevID,1,  pos,0,  cmd, goto,1
313.0,Elevator call,312.30185564398687,0,-1,1,1, got allocated to elevator, 1
317.0,Elevator call,316.03237827404377,0,-1,1,1, got allocated to elevator, 1
320.0,Elevator call,319.90520204415634,6,5,1,0, got allocated to elevator, 0
321.0,Elevator call,320.97607492210807,-1,0,1,0, got allocated to elevator, 0
321.0,Elev,1,  arrived at dest, 1, this call is done!, Elevator call,295.7943356681491,0,1,3,1, Done, dt, 25.205664331850926
321.0, elevID,1,  pos,1,  cmd, goto,6
322.0,Elevator call,321.37040904796595,7,-1,1,0, got allocated to elevator, 0
323.0,Elev,0,  arrived at dest, 9, this call is done!, Elevator call,251.23593354161653,0,9,3,0, Done, dt, 71.76406645838347
323.0, elevID,0,  pos,9,  cmd, goto,3
333.0,Elevator call,332.4267319393355,0,10,1,1, got allocated to elevator, 1
336.0,Elev,1,  arrived at src, 6, Elevator call,304.99843880775313,6,0,2,1
336.0, elevID,1,  pos,6,  cmd, goto,0
337.0,Elevator call,336.93043046159545,-1,0,1,0, got allocated to elevator, 0
339.0,Elev,0,  arrived at src, 3, Elevator call,254.69771525200505,3,4,2,0
339.0, elevID,0,  pos,3,  cmd, goto,4
350.0,Elev,0,  arrived at dest, 4, this call is done!, Elevator call,254.69771525200505,3,4,3,0, Done, dt, 95.30228474799495
352.0,Elev,1,  arrived at dest, 0, this call is done!, Elevator call,304.99843880775313,6,0,3,1, Done, dt, 47.00156119224687
352.0,Elev,1,  arrived at src, 0, Elevator call,312.30185564398687,0,-1,2,1
352.0,Elev,1,  arrived at src, 0, Elevator call,316.03237827404377,0,-1,2,1
352.0,Elev,1,  arrived at src, 0, Elevator call,332.4267319393355,0,10,2,1
352.0, elevID,1,  pos,0,  cmd, goto,-1
363.0,Elev,1,  arrived at dest, -1, this call is done!, Elevator call,309.30053828560517,0,-1,3,1, Done, dt, 53.69946171439483
363.0,Elev,1,  arrived at dest, -1, this call is done!, Elevator call,312.30185564398687,0,-1,3,1, Done, dt, 50.69814435601313
363.0,Elev,1,  arrived at dest, -1, this call is done!, Elevator call,316.03237827404377,0,-1,3,1, Done, dt, 46.967621725956235
363.0, elevID,1,  pos,-1,  cmd, goto,0
374.0, elevID,1,  pos,0,  cmd, goto,10
376.0,Elevator call,375.49048095381363,1,0,1,0, got allocated to elevator, 0
376.0, elevID,0,  pos,4,  cmd, goto,1
389.0,Elev,0,  arrived at dest, 1, this call is done!, Elevator call,130.224911275492,-1,1,3,0, Done, dt, 258.775088724508
389.0,Elev,0,  arrived at src, 1, Elevator call,375.49048095381363,1,0,2,0
389.0, elevID,0,  pos,1,  cmd, goto,0
393.0,Elevator call,392.5160764870397,0,5,1,0, got allocated to elevator, 0
394.0,Elev,1,  arrived at dest, 10, this call is done!, Elevator call,332.4267319393355,0,10,3,1, Done, dt, 61.573268060664475
400.0,Elev,0,  arrived at dest, 0, this call is done!, Elevator call,375.49048095381363,1,0,3,0, Done, dt, 24.50951904618637
400.0,Elev,0,  arrived at src, 0, Elevator call,392.5160764870397,0,5,2,0
400.0, elevID,0,  pos,0,  cmd, goto,5
406.0,Elevator call,405.1821140884023,-1,10,1,1, got allocated to elevator, 1
406.0, elevID,1,  pos,10,  cmd, goto,-1
415.0,Elev,0,  arrived at dest, 5, this call is done!, Elevator call,227.0798304557929,-1,5,3,0, Done, dt, 187.9201695442071
415.0,Elev,0,  arrived at dest, 5, this call is done!, Elevator call,392.5160764870397,0,5,3,0, Done, dt, 22.483923512960303
427.0,Elevator call,426.8615805478589,2,0,1,1, got allocated to elevator, 1
427.0,Elev,1,  arrived at src, -1, Elevator call,405.1821140884023,-1,10,2,1
427.0, elevID,1,  pos,-1,  cmd, goto,10
438.0,Elevator call,437.17111576125836,1,0,1,0, got allocated to elevator, 0
438.0, elevID,0,  pos,5,  cmd, goto,1
448.0,Elev,1,  arrived at dest, 10, this call is done!, Elevator call,405.1821140884023,-1,10,3,1, Done, dt, 42.81788591159773
448.0, elevID,1,  pos,10,  cmd, goto,2
452.0,Elev,0,  arrived at src, 1, Elevator call,437.17111576125836,1,0,2,0
452.0, elevID,0,  pos,1,  cmd, goto,0
463.0,Elev,0,  arrived at dest, 0, this call is done!, Elevator call,437.17111576125836,1,0,3,0, Done, dt, 25.828884238741637
466.0,Elev,1,  arrived at src, 2, Elevator call,426.8615805478589,2,0,2,1
466.0, elevID,1,  pos,2,  cmd, goto,0
473.0,Elevator call,472.7445473930129,10,-1,1,0, got allocated to elevator, 0
473.0, elevID,0,  pos,0,  cmd, goto,10
478.0,Elev,1,  arrived at dest, 0, this call is done!, Elevator call,426.8615805478589,2,0,3,1, Done, dt, 51.13841945214108
493.0,Elev,0,  arrived at dest, 10, this call is done!, Elevator call,130.02495678190564,8,10,3,0, Done, dt, 362.97504321809436
493.0,Elev,0,  arrived at src, 10, Elevator call,472.7445473930129,10,-1,2,0
493.0, elevID,0,  pos,10,  cmd, goto,-1
501.0,Elevator call,500.3712044996745,8,-1,1,0, got allocated to elevator, 0
504.0,Elevator call,503.13847841893045,1,-1,1,1, got allocated to elevator, 1
504.0, elevID,1,  pos,0,  cmd, goto,1
505.0,Elevator call,504.4317942159655,0,-1,1,1, got allocated to elevator, 1
514.0,Elev,0,  arrived at dest, -1, this call is done!, Elevator call,232.95043623946805,0,-1,3,0, Done, dt, 281.04956376053195
514.0,Elev,0,  arrived at src, -1, Elevator call,320.97607492210807,-1,0,2,0
514.0,Elev,0,  arrived at src, -1, Elevator call,336.93043046159545,-1,0,2,0
514.0,Elev,0,  arrived at dest, -1, this call is done!, Elevator call,472.7445473930129,10,-1,3,0, Done, dt, 41.25545260698709
514.0, elevID,0,  pos,-1,  cmd, goto,8
515.0,Elev,1,  arrived at src, 1, Elevator call,503.13847841893045,1,-1,2,1
515.0, elevID,1,  pos,1,  cmd, goto,0
526.0,Elev,1,  arrived at src, 0, Elevator call,504.4317942159655,0,-1,2,1
526.0, elevID,1,  pos,0,  cmd, goto,-1
530.0,Elevator call,529.6277472128405,3,-1,1,1, got allocated to elevator, 1
533.0,Elev,0,  arrived at src, 8, Elevator call,500.3712044996745,8,-1,2,0
533.0, elevID,0,  pos,8,  cmd, goto,-1
537.0,Elev,1,  arrived at dest, -1, this call is done!, Elevator call,503.13847841893045,1,-1,3,1, Done, dt, 33.86152158106955
537.0,Elev,1,  arrived at dest, -1, this call is done!, Elevator call,504.4317942159655,0,-1,3,1, Done, dt, 32.56820578403449
537.0, elevID,1,  pos,-1,  cmd, goto,3
538.0,Elevator call,537.7866883694313,-1,6,1,0, got allocated to elevator, 0
545.0,Elevator call,544.7880392034898,6,-1,1,0, got allocated to elevator, 0
551.0,Elev,1,  arrived at src, 3, Elevator call,529.6277472128405,3,-1,2,1
551.0, elevID,1,  pos,3,  cmd, goto,-1
552.0,Elev,0,  arrived at dest, -1, this call is done!, Elevator call,500.3712044996745,8,-1,3,0, Done, dt, 51.62879550032551
552.0,Elev,0,  arrived at src, -1, Elevator call,537.7866883694313,-1,6,2,0
555.0,Elevator call,554.0892922920482,4,0,1,0, got allocated to elevator, 0
555.0, elevID,0,  pos,-1,  cmd, goto,4
558.0,Elevator call,557.2441390036331,10,0,1,0, got allocated to elevator, 0
565.0,Elev,1,  arrived at dest, -1, this call is done!, Elevator call,529.6277472128405,3,-1,3,1, Done, dt, 35.37225278715948
566.0,Elevator call,565.0195521745534,0,-1,1,1, got allocated to elevator, 1
566.0, elevID,1,  pos,-1,  cmd, goto,0
570.0,Elev,0,  arrived at src, 4, Elevator call,554.0892922920482,4,0,2,0
570.0, elevID,0,  pos,4,  cmd, goto,0
577.0,Elev,1,  arrived at src, 0, Elevator call,565.0195521745534,0,-1,2,1
577.0, elevID,1,  pos,0,  cmd, goto,-1
582.0,Elevator call,581.8703090238192,0,3,1,1, got allocated to elevator, 1
584.0,Elev,0,  arrived at dest, 0, this call is done!, Elevator call,320.97607492210807,-1,0,3,0, Done, dt, 263.02392507789193
584.0,Elev,0,  arrived at dest, 0, this call is done!, Elevator call,336.93043046159545,-1,0,3,0, Done, dt, 247.06956953840455
584.0,Elev,0,  arrived at dest, 0, this call is done!, Elevator call,554.0892922920482,4,0,3,0, Done, dt, 29.910707707951815
584.0, elevID,0,  pos,0,  cmd, goto,10
588.0,Elev,1,  arrived at dest, -1, this call is done!, Elevator call,565.0195521745534,0,-1,3,1, Done, dt, 22.980447825446618
588.0, elevID,1,  pos,-1,  cmd, goto,0
597.0,Elevator call,596.1232022872633,8,0,1,0, got allocated to elevator, 0
599.0,Elev,1,  arrived at src, 0, Elevator call,581.8703090238192,0,3,2,1
599.0, elevID,1,  pos,0,  cmd, goto,3
601.0,Elevator call,600.9312879686208,1,0,1,0, got allocated to elevator, 0
604.0,Elevator call,603.9342326983083,7,0,1,0, got allocated to elevator, 0
604.0,Elev,0,  arrived at src, 10, Elevator call,557.2441390036331,10,0,2,0
604.0, elevID,0,  pos,10,  cmd, goto,0
612.0,Elev,1,  arrived at dest, 3, this call is done!, Elevator call,581.8703090238192,0,3,3,1, Done, dt, 30.12969097618077
618.0,Elevator call,617.9628338542149,0,3,1,1, got allocated to elevator, 1
618.0, elevID,1,  pos,3,  cmd, goto,0
620.0,Elevator call,619.6454196970012,9,0,1,1, got allocated to elevator, 1
624.0,Elev,0,  arrived at dest, 0, this call is done!, Elevator call,557.2441390036331,10,0,3,0, Done, dt, 66.75586099636689
627.0,Elevator call,626.2116172047942,0,1,1,0, got allocated to elevator, 0
627.0,Elev,0,  arrived at src, 0, Elevator call,626.2116172047942,0,1,2,0
627.0, elevID,0,  pos,0,  cmd, goto,1
631.0,Elev,1,  arrived at src, 0, Elevator call,617.9628338542149,0,3,2,1
631.0, elevID,1,  pos,0,  cmd, goto,3
638.0,Elev,0,  arrived at src, 1, Elevator call,600.9312879686208,1,0,2,0
638.0,Elev,0,  arrived at dest, 1, this call is done!, Elevator call,626.2116172047942,0,1,3,0, Done, dt, 11.788382795205848
644.0,Elevator call,643.8547514955396,-1,2,1,0, got allocated to elevator, 0
644.0, elevID,0,  pos,1,  cmd, goto,-1
644.0,Elev,1,  arrived at dest, 3, this call is done!, Elevator call,617.9628338542149,0,3,3,1, Done, dt, 26.037166145785136
644.0, elevID,1,  pos,3,  cmd, goto,9
656.0,Elev,0,  arrived at src, -1, Elevator call,643.8547514955396,-1,2,2,0
656.0, elevID,0,  pos,-1,  cmd, goto,2
660.0,Elev,1,  arrived at src, 9, Elevator call,619.6454196970012,9,0,2,1
660.0, elevID,1,  pos,9,  cmd, goto,0
661.0,Elevator call,660.0732907797126,6,10,1,0, got allocated to elevator, 0
662.0,Elevator call,661.0420820268716,-1,3,1,0, got allocated to elevator, 0
663.0,Elevator call,662.1730527520776,-1,5,1,0, got allocated to elevator, 0
666.0,Elevator call,665.1155548533167,-1,8,1,0, got allocated to elevator, 0
667.0,Elevator call,666.0340294605869,4,0,1,0, got allocated to elevator, 0
667.0,Elevator call,666.2411586665262,5,-1,1,0, got allocated to elevator, 0
669.0,Elev,0,  arrived at dest, 2, this call is done!, Elevator call,643.8547514955396,-1,2,3,0, Done, dt, 25.14524850446037
669.0, elevID,0,  pos,2,  cmd, goto,6
673.0,Elevator call,672.677314157026,0,-1,1,0, got allocated to elevator, 0
678.0,Elevator call,677.7341948387335,0,-1,1,1, got allocated to elevator, 1
679.0,Elevator call,678.9953584914538,-1,-2,1,1, got allocated to elevator, 1
679.0,Elev,1,  arrived at dest, 0, this call is done!, Elevator call,619.6454196970012,9,0,3,1, Done, dt, 59.354580302998784
679.0,Elev,1,  arrived at src, 0, Elevator call,677.7341948387335,0,-1,2,1
679.0, elevID,1,  pos,0,  cmd, goto,-1
683.0,Elev,0,  arrived at src, 6, Elevator call,319.90520204415634,6,5,2,0
683.0,Elev,0,  arrived at dest, 6, this call is done!, Elevator call,537.7866883694313,-1,6,3,0, Done, dt, 145.21331163056868
683.0,Elev,0,  arrived at src, 6, Elevator call,544.7880392034898,6,-1,2,0
683.0,Elev,0,  arrived at src, 6, Elevator call,660.0732907797126,6,10,2,0
683.0, elevID,0,  pos,6,  cmd, goto,10
690.0,Elev,1,  arrived at dest, -1, this call is done!, Elevator call,677.7341948387335,0,-1,3,1, Done, dt, 12.265805161266485
690.0,Elev,1,  arrived at src, -1, Elevator call,678.9953584914538,-1,-2,2,1
690.0, elevID,1,  pos,-1,  cmd, goto,-2
696.0,Elevator call,695.2239881566923,0,10,1,0, got allocated to elevator, 0
697.0,Elev,0,  arrived at dest, 10, this call is done!, Elevator call,660.0732907797126,6,10,3,0, Done, dt, 36.92670922028742
697.0, elevID,0,  pos,10,  cmd, goto,-1
701.0,Elev,1,  arrived at dest, -2, this call is done!, Elevator call,678.9953584914538,-1,-2,3,1, Done, dt, 22.00464150854623
707.0,Elevator call,706.1583474999188,-1,-2,1,1, got allocated to elevator, 1
707.0, elevID,1,  pos,-2,  cmd, goto,-1
711.0,Elevator call,710.3249770041223,0,1,1,1, got allocated to elevator, 1
714.0,Elevator call,713.0191971398395,1,0,1,1, got allocated to elevator, 1
714.0,Elevator call,713.2499766424826,10,-1,1,1, got allocated to elevator, 1
718.0,Elev,0,  arrived at dest, -1, this call is done!, Elevator call,544.7880392034898,6,-1,3,0, Done, dt, 173.2119607965102
718.0,Elev,0,  arrived at src, -1, Elevator call,661.0420820268716,-1,3,2,0
718.0,Elev,0,  arrived at src, -1, Elevator call,662.1730527520776,-1,5,2,0
718.0,Elev,0,  arrived at src, -1, Elevator call,665.1155548533167,-1,8,2,0
718.0, elevID,0,  pos,-1,  cmd, goto,3
718.0,Elev,1,  arrived at src, -1, Elevator call,706.1583474999188,-1,-2,2,1
718.0, elevID,1,  pos,-1,  cmd, goto,-2
723.0,Elevator call,722.6161212799507,10,0,1,1, got allocated to elevator, 1
728.0,Elevator call,727.514602863032,-1,0,1,0, got allocated to elevator, 0
729.0,Elev,1,  arrived at dest, -2, this call is done!, Elevator call,706.1583474999188,-1,-2,3,1, Done, dt, 22.84165250008118
729.0, elevID,1,  pos,-2,  cmd, goto,0
732.0,Elev,0,  arrived at dest, 3, this call is done!, Elevator call,661.0420820268716,-1,3,3,0, Done, dt, 70.95791797312836
732.0, elevID,0,  pos,3,  cmd, goto,-1
733.0,Elevator call,732.9746341348998,6,-1,1,0, got allocated to elevator, 0
738.0,Elevator call,737.314720213409,1,0,1,0, got allocated to elevator, 0
741.0,Elev,1,  arrived at src, 0, Elevator call,710.3249770041223,0,1,2,1
741.0, elevID,1,  pos,0,  cmd, goto,1
746.0,Elev,0,  arrived at src, -1, Elevator call,727.514602863032,-1,0,2,0
746.0, elevID,0,  pos,-1,  cmd, goto,5
752.0,Elev,1,  arrived at dest, 1, this call is done!, Elevator call,710.3249770041223,0,1,3,1, Done, dt, 41.675022995877725
752.0,Elev,1,  arrived at src, 1, Elevator call,713.0191971398395,1,0,2,1
752.0, elevID,1,  pos,1,  cmd, goto,0
762.0,Elev,0,  arrived at dest, 5, this call is done!, Elevator call,319.90520204415634,6,5,3,0, Done, dt, 442.09479795584366
762.0,Elev,0,  arrived at dest, 5, this call is done!, Elevator call,662.1730527520776,-1,5,3,0, Done, dt, 99.82694724792236
762.0,Elev,0,  arrived at src, 5, Elevator call,666.2411586665262,5,-1,2,0
763.0,Elev,1,  arrived at dest, 0, this call is done!, Elevator call,713.0191971398395,1,0,3,1, Done, dt, 49.98080286016045
763.0, elevID,1,  pos,0,  cmd, goto,10
780.0,Elevator call,779.399691386574,-1,5,1,0, got allocated to elevator, 0
780.0, elevID,0,  pos,5,  cmd, goto,-1
783.0,Elev,1,  arrived at src, 10, Elevator call,713.2499766424826,10,-1,2,1
783.0,Elev,1,  arrived at src, 10, Elevator call,722.6161212799507,10,0,2,1
783.0, elevID,1,  pos,10,  cmd, goto,-1
796.0,Elev,0,  arrived at dest, -1, this call is done!, Elevator call,666.2411586665262,5,-1,3,0, Done, dt, 129.7588413334738
796.0,Elev,0,  arrived at src, -1, Elevator call,779.399691386574,-1,5,2,0
796.0, elevID,0,  pos,-1,  cmd, goto,5
804.0,Elev,1,  arrived at dest, -1, this call is done!, Elevator call,713.2499766424826,10,-1,3,1, Done, dt, 90.75002335751742
804.0, elevID,1,  pos,-1,  cmd, goto,10
806.0,Elevator call,805.6754743307536,-1,-2,1,0, got allocated to elevator, 0
811.0,Elevator call,810.4469089359914,2,0,1,0, got allocated to elevator, 0
812.0,Elev,0,  arrived at dest, 5, this call is done!, Elevator call,779.399691386574,-1,5,3,0, Done, dt, 32.60030861342602
812.0, elevID,0,  pos,5,  cmd, goto,-1
817.0,Elevator call,816.1516998390152,7,-1,1,0, got allocated to elevator, 0
825.0, elevID,1,  pos,10,  cmd, goto,0
826.0,Elevator call,825.4575184586336,7,0,1,0, got allocated to elevator, 0
828.0,Elev,0,  arrived at src, -1, Elevator call,805.6754743307536,-1,-2,2,0
828.0, elevID,0,  pos,-1,  cmd, goto,-2
839.0,Elev,0,  arrived at dest, -2, this call is done!, Elevator call,805.6754743307536,-1,-2,3,0, Done, dt, 33.32452566924644
840.0,Elevator call,839.8525652620532,0,1,1,0, got allocated to elevator, 0
840.0, elevID,0,  pos,-2,  cmd, goto,0
845.0,Elev,1,  arrived at dest, 0, this call is done!, Elevator call,722.6161212799507,10,0,3,1, Done, dt, 122.38387872004932
852.0,Elev,0,  arrived at dest, 0, this call is done!, Elevator call,600.9312879686208,1,0,3,0, Done, dt, 251.06871203137916
852.0,Elev,0,  arrived at src, 0, Elevator call,672.677314157026,0,-1,2,0
852.0,Elev,0,  arrived at src, 0, Elevator call,695.2239881566923,0,10,2,0
852.0,Elev,0,  arrived at dest, 0, this call is done!, Elevator call,727.514602863032,-1,0,3,0, Done, dt, 124.485397136968
852.0,Elev,0,  arrived at src, 0, Elevator call,839.8525652620532,0,1,2,0
852.0, elevID,0,  pos,0,  cmd, goto,1
855.0,Elevator call,854.2002278085795,6,-1,1,0, got allocated to elevator, 0
863.0,Elev,0,  arrived at src, 1, Elevator call,737.314720213409,1,0,2,0
863.0,Elev,0,  arrived at dest, 1, this call is done!, Elevator call,839.8525652620532,0,1,3,0, Done, dt, 23.14743473794681
863.0, elevID,0,  pos,1,  cmd, goto,6
864.0,Elevator call,863.893291272948,0,-1,1,1, got allocated to elevator, 1
864.0,Elev,1,  arrived at src, 0, Elevator call,863.893291272948,0,-1,2,1
864.0, elevID,1,  pos,0,  cmd, goto,-1
871.0,Elevator call,870.5053023797483,0,7,1,1, got allocated to elevator, 1
875.0,Elev,1,  arrived at dest, -1, this call is done!, Elevator call,863.893291272948,0,-1,3,1, Done, dt, 11.106708727052023
875.0, elevID,1,  pos,-1,  cmd, goto,0
878.0,Elev,0,  arrived at src, 6, Elevator call,732.9746341348998,6,-1,2,0
878.0,Elev,0,  arrived at src, 6, Elevator call,854.2002278085795,6,-1,2,0
878.0, elevID,0,  pos,6,  cmd, goto,-1
886.0,Elev,1,  arrived at src, 0, Elevator call,870.5053023797483,0,7,2,1
886.0, elevID,1,  pos,0,  cmd, goto,7
887.0,Elevator call,886.5649993239458,-1,-2,1,1, got allocated to elevator, 1
893.0,Elevator call,892.5212150591021,9,-1,1,1, got allocated to elevator, 1
895.0,Elev,0,  arrived at dest, -1, this call is done!, Elevator call,672.677314157026,0,-1,3,0, Done, dt, 222.322685842974
895.0,Elev,0,  arrived at dest, -1, this call is done!, Elevator call,732.9746341348998,6,-1,3,0, Done, dt, 162.02536586510018
895.0,Elev,0,  arrived at dest, -1, this call is done!, Elevator call,854.2002278085795,6,-1,3,0, Done, dt, 40.799772191420516
903.0,Elev,1,  arrived at dest, 7, this call is done!, Elevator call,870.5053023797483,0,7,3,1, Done, dt, 32.49469762025171
903.0, elevID,1,  pos,7,  cmd, goto,-1
911.0,Elevator call,910.5388559417848,6,5,1,0, got allocated to elevator, 0
911.0, elevID,0,  pos,-1,  cmd, goto,6
916.0,Elevator call,915.9490574608818,4,-1,1,0, got allocated to elevator, 0
921.0,Elev,1,  arrived at src, -1, Elevator call,886.5649993239458,-1,-2,2,1
921.0, elevID,1,  pos,-1,  cmd, goto,-2
928.0,Elev,0,  arrived at src, 6, Elevator call,910.5388559417848,6,5,2,0
928.0, elevID,0,  pos,6,  cmd, goto,5
932.0,Elev,1,  arrived at dest, -2, this call is done!, Elevator call,886.5649993239458,-1,-2,3,1, Done, dt, 45.43500067605419
932.0, elevID,1,  pos,-2,  cmd, goto,9
934.0,Elevator call,933.8580452488764,7,5,1,0, got allocated to elevator, 0
939.0,Elev,0,  arrived at dest, 5, this call is done!, Elevator call,910.5388559417848,6,5,3,0, Done, dt, 28.461144058215154
939.0, elevID,0,  pos,5,  cmd, goto,4
950.0,Elev,0,  arrived at src, 4, Elevator call,666.0340294605869,4,0,2,0
950.0,Elev,0,  arrived at src, 4, Elevator call,915.9490574608818,4,-1,2,0
950.0, elevID,0,  pos,4,  cmd, goto,-1
953.0,Elev,1,  arrived at src, 9, Elevator call,892.5212150591021,9,-1,2,1
953.0, elevID,1,  pos,9,  cmd, goto,-1
962.0,Elevator call,961.6862855708133,6,-1,1,0, got allocated to elevator, 0
965.0,Elev,0,  arrived at dest, -1, this call is done!, Elevator call,915.9490574608818,4,-1,3,0, Done, dt, 49.05094253911818
965.0, elevID,0,  pos,-1,  cmd, goto,7
973.0,Elevator call,972.8032126022729,1,0,1,1, got allocated to elevator, 1
973.0,Elev,1,  arrived at dest, -1, this call is done!, Elevator call,892.5212150591021,9,-1,3,1, Done, dt, 80.47878494089787
973.0, elevID,1,  pos,-1,  cmd, goto,1
976.0,Elevator call,975.8361202753667,0,-1,1,1, got allocated to elevator, 1
979.0,Elevator call,978.5925148564796,10,0,1,1, got allocated to elevator, 1
979.0,Elevator call,978.6210500641439,10,-1,1,1, got allocated to elevator, 1
983.0,Elev,0,  arrived at src, 7, Elevator call,321.37040904796595,7,-1,2,0
983.0,Elev,0,  arrived at src, 7, Elevator call,603.9342326983083,7,0,2,0
983.0,Elev,0,  arrived at src, 7, Elevator call,816.1516998390152,7,-1,2,0
983.0,Elev,0,  arrived at src, 7, Elevator call,825.4575184586336,7,0,2,0
983.0,Elev,0,  arrived at src, 7, Elevator call,933.8580452488764,7,5,2,0
983.0, elevID,0,  pos,7,  cmd, goto,5
985.0,Elevator call,984.1840185574983,7,0,1,1, got allocated to elevator, 1
985.0,Elev,1,  arrived at src, 1, Elevator call,972.8032126022729,1,0,2,1
985.0, elevID,1,  pos,1,  cmd, goto,0
995.0,Elev,0,  arrived at dest, 5, this call is done!, Elevator call,933.8580452488764,7,5,3,0, Done, dt, 61.14195475112365
996.0,Elev,1,  arrived at dest, 0, this call is done!, Elevator call,972.8032126022729,1,0,3,1, Done, dt, 23.19678739772712
996.0,Elev,1,  arrived at src, 0, Elevator call,975.8361202753667,0,-1,2,1
996.0, elevID,1,  pos,0,  cmd, goto,-1
1000.0,************* Simulation Ended ************
Code Owners,207051707,208785154,  Case,2,  Total waiting time: 9821.792822120187,  average waiting time per call: 98.21792822120187,  unCompleted calls,15,  certificate, -3458252074
