**** The Simulator log: stage 3
0.0,OOP_Ex0_Elevator_Simulator
0.0,Simulated Building, ex0.simulator.Builging_A [-3,20]
0) ex0.simulator.Elevator_A, Elev_0, speed: 1.0, open/close: 2.0,  start/stop: 3.0
1) ex0.simulator.Elevator_A, Elev_1, speed: 1.0, open/close: 2.0,  start/stop: 3.0
2) ex0.simulator.Elevator_A, Elev_2, speed: 1.0, open/close: 2.0,  start/stop: 3.0
3) ex0.simulator.Elevator_A, Elev_3, speed: 1.0, open/close: 2.0,  start/stop: 3.0
0.0,Simulated Period starTime,0.0,  endTime,3600.0,  dt,1.0
0.0,Simulated  calls,Elevetor log, size: 400
0.0,**** Simulation starts!! ****
16.0,Elevator call,15.749018245415527,0,-1,1,0, got allocated to elevator, 0
30.0,Elevator call,29.795724992354963,0,13,1,1, got allocated to elevator, 1
62.0,Elevator call,61.04837839712013,-2,15,1,2, got allocated to elevator, 2
68.0,Elevator call,67.39684559916532,0,12,1,3, got allocated to elevator, 3
73.0,Elevator call,72.32053834730914,0,11,1,0, got allocated to elevator, 0
73.0, elevID,0,  pos,-3,  cmd, goto,0
76.0,Elevator call,75.45009626287265,-2,0,1,3, got allocated to elevator, 3
76.0, elevID,3,  pos,-3,  cmd, goto,0
80.0,Elevator call,79.5386026857368,0,-1,1,1, got allocated to elevator, 1
80.0, elevID,1,  pos,-3,  cmd, goto,0
86.0,Elevator call,85.05084296434165,0,17,1,1, got allocated to elevator, 1
86.0,Elev,0,  arrived at src, 0, Elevator call,15.749018245415527,0,-1,2,0
86.0,Elev,0,  arrived at src, 0, Elevator call,72.32053834730914,0,11,2,0
86.0, elevID,0,  pos,0,  cmd, goto,0
86.0, elevID,0,  pos,0,  cmd, goto,-1
89.0,Elev,3,  arrived at src, 0, Elevator call,67.39684559916532,0,12,2,3
89.0, elevID,3,  pos,0,  cmd, goto,0
89.0, elevID,3,  pos,0,  cmd, goto,12
93.0,Elev,1,  arrived at src, 0, Elevator call,29.795724992354963,0,13,2,1
93.0,Elev,1,  arrived at src, 0, Elevator call,79.5386026857368,0,-1,2,1
93.0,Elev,1,  arrived at src, 0, Elevator call,85.05084296434165,0,17,2,1
93.0, elevID,1,  pos,0,  cmd, goto,0
93.0, elevID,1,  pos,0,  cmd, goto,13
97.0,Elev,0,  arrived at dest, -1, this call is done!, Elevator call,15.749018245415527,0,-1,3,0, Done, dt, 81.25098175458447
97.0, elevID,0,  pos,-1,  cmd, goto,0
100.0,Elevator call,99.09729234442648,0,11,1,0, got allocated to elevator, 0
105.0,Elevator call,104.82846934416693,0,4,1,2, got allocated to elevator, 2
105.0, elevID,2,  pos,-3,  cmd, goto,-2
108.0,Elev,0,  arrived at src, 0, Elevator call,99.09729234442648,0,11,2,0
108.0, elevID,0,  pos,0,  cmd, goto,0
108.0, elevID,0,  pos,0,  cmd, goto,-1
111.0,Elev,3,  arrived at dest, 12, this call is done!, Elevator call,67.39684559916532,0,12,3,3, Done, dt, 43.60315440083468
111.0, elevID,3,  pos,12,  cmd, goto,0
115.0,Elevator call,114.81417324516474,0,8,1,2, got allocated to elevator, 2
116.0,Elev,1,  arrived at dest, 13, this call is done!, Elevator call,29.795724992354963,0,13,3,1, Done, dt, 86.20427500764504
116.0, elevID,1,  pos,13,  cmd, goto,0
116.0,Elev,2,  arrived at src, -2, Elevator call,61.04837839712013,-2,15,2,2
116.0, elevID,2,  pos,-2,  cmd, goto,-2
116.0, elevID,2,  pos,-2,  cmd, goto,15
119.0, elevID,0,  pos,-1,  cmd, goto,0
130.0, elevID,0,  pos,0,  cmd, goto,0
130.0, elevID,0,  pos,0,  cmd, goto,-1
133.0,Elevator call,132.22282787251766,18,-1,1,3, got allocated to elevator, 3
133.0, elevID,3,  pos,0,  cmd, goto,0
133.0, elevID,3,  pos,0,  cmd, goto,12
139.0, elevID,1,  pos,0,  cmd, goto,0
139.0, elevID,1,  pos,0,  cmd, goto,13
141.0, elevID,0,  pos,-1,  cmd, goto,0
143.0,Elev,2,  arrived at dest, 15, this call is done!, Elevator call,61.04837839712013,-2,15,3,2, Done, dt, 81.95162160287987
143.0, elevID,2,  pos,15,  cmd, goto,-2
152.0, elevID,0,  pos,0,  cmd, goto,0
152.0, elevID,0,  pos,0,  cmd, goto,-1
155.0, elevID,3,  pos,12,  cmd, goto,0
159.0,Elevator call,158.57843474073547,0,-1,1,0, got allocated to elevator, 0
162.0, elevID,1,  pos,13,  cmd, goto,0
163.0, elevID,0,  pos,-1,  cmd, goto,0
170.0, elevID,2,  pos,-2,  cmd, goto,-2
170.0, elevID,2,  pos,-2,  cmd, goto,15
174.0,Elev,0,  arrived at src, 0, Elevator call,158.57843474073547,0,-1,2,0
174.0, elevID,0,  pos,0,  cmd, goto,0
174.0, elevID,0,  pos,0,  cmd, goto,-1
177.0, elevID,3,  pos,0,  cmd, goto,0
177.0, elevID,3,  pos,0,  cmd, goto,12
185.0,Elev,0,  arrived at dest, -1, this call is done!, Elevator call,158.57843474073547,0,-1,3,0, Done, dt, 26.421565259264526
185.0, elevID,0,  pos,-1,  cmd, goto,0
185.0, elevID,1,  pos,0,  cmd, goto,0
185.0, elevID,1,  pos,0,  cmd, goto,13
196.0, elevID,0,  pos,0,  cmd, goto,0
196.0, elevID,0,  pos,0,  cmd, goto,-1
197.0, elevID,2,  pos,15,  cmd, goto,-2
199.0,Elevator call,198.24467886016964,0,1,1,0, got allocated to elevator, 0
199.0, elevID,3,  pos,12,  cmd, goto,0
207.0, elevID,0,  pos,-1,  cmd, goto,0
208.0, elevID,1,  pos,13,  cmd, goto,0
216.0,Elevator call,215.59051445419368,-2,11,1,2, got allocated to elevator, 2
218.0,Elev,0,  arrived at src, 0, Elevator call,198.24467886016964,0,1,2,0
218.0, elevID,0,  pos,0,  cmd, goto,0
218.0, elevID,0,  pos,0,  cmd, goto,-1
221.0, elevID,3,  pos,0,  cmd, goto,0
221.0, elevID,3,  pos,0,  cmd, goto,12
222.0,Elevator call,221.97598265680836,0,-2,1,1, got allocated to elevator, 1
224.0,Elev,2,  arrived at src, -2, Elevator call,215.59051445419368,-2,11,2,2
224.0, elevID,2,  pos,-2,  cmd, goto,-2
224.0, elevID,2,  pos,-2,  cmd, goto,15
229.0,Elevator call,228.54160571475745,5,-2,1,1, got allocated to elevator, 1
229.0, elevID,0,  pos,-1,  cmd, goto,0
231.0,Elev,1,  arrived at src, 0, Elevator call,221.97598265680836,0,-2,2,1
231.0, elevID,1,  pos,0,  cmd, goto,0
231.0, elevID,1,  pos,0,  cmd, goto,13
240.0, elevID,0,  pos,0,  cmd, goto,0
240.0, elevID,0,  pos,0,  cmd, goto,-1
243.0, elevID,3,  pos,12,  cmd, goto,0
251.0, elevID,0,  pos,-1,  cmd, goto,0
251.0, elevID,2,  pos,15,  cmd, goto,-2
254.0, elevID,1,  pos,13,  cmd, goto,0
262.0, elevID,0,  pos,0,  cmd, goto,0
262.0, elevID,0,  pos,0,  cmd, goto,-1
265.0, elevID,3,  pos,0,  cmd, goto,0
265.0, elevID,3,  pos,0,  cmd, goto,12
270.0,Elevator call,269.20102863151715,0,11,1,3, got allocated to elevator, 3
273.0, elevID,0,  pos,-1,  cmd, goto,0
277.0, elevID,1,  pos,0,  cmd, goto,0
277.0, elevID,1,  pos,0,  cmd, goto,13
278.0, elevID,2,  pos,-2,  cmd, goto,-2
278.0, elevID,2,  pos,-2,  cmd, goto,15
283.0,Elevator call,282.3742556797197,13,11,1,0, got allocated to elevator, 0
284.0, elevID,0,  pos,0,  cmd, goto,0
284.0, elevID,0,  pos,0,  cmd, goto,-1
286.0,Elevator call,285.98693024600857,-1,-2,1,2, got allocated to elevator, 2
287.0, elevID,3,  pos,12,  cmd, goto,0
295.0, elevID,0,  pos,-1,  cmd, goto,0
300.0, elevID,1,  pos,13,  cmd, goto,0
305.0, elevID,2,  pos,15,  cmd, goto,-2
306.0, elevID,0,  pos,0,  cmd, goto,0
306.0, elevID,0,  pos,0,  cmd, goto,-1
308.0,Elevator call,307.87547983371155,6,5,1,1, got allocated to elevator, 1
309.0,Elev,3,  arrived at src, 0, Elevator call,269.20102863151715,0,11,2,3
309.0, elevID,3,  pos,0,  cmd, goto,0
309.0, elevID,3,  pos,0,  cmd, goto,12
311.0,Elevator call,310.61716965870755,10,13,1,3, got allocated to elevator, 3
313.0,Elevator call,312.0106401629912,9,0,1,0, got allocated to elevator, 0
316.0,Elevator call,315.10202800168577,-1,-2,1,1, got allocated to elevator, 1
317.0, elevID,0,  pos,-1,  cmd, goto,0
323.0, elevID,1,  pos,0,  cmd, goto,0
323.0, elevID,1,  pos,0,  cmd, goto,13
327.0,Elevator call,326.89462213255365,0,-1,1,2, got allocated to elevator, 2
328.0, elevID,0,  pos,0,  cmd, goto,0
328.0, elevID,0,  pos,0,  cmd, goto,-1
329.0,Elevator call,328.356698884342,-1,-2,1,2, got allocated to elevator, 2
331.0, elevID,3,  pos,12,  cmd, goto,0
332.0, elevID,2,  pos,-2,  cmd, goto,-2
332.0, elevID,2,  pos,-2,  cmd, goto,15
339.0, elevID,0,  pos,-1,  cmd, goto,0
346.0, elevID,1,  pos,13,  cmd, goto,0
350.0, elevID,0,  pos,0,  cmd, goto,0
350.0, elevID,0,  pos,0,  cmd, goto,-1
353.0, elevID,3,  pos,0,  cmd, goto,0
353.0, elevID,3,  pos,0,  cmd, goto,12
357.0,Elevator call,356.7750171885598,-2,0,1,3, got allocated to elevator, 3
359.0, elevID,2,  pos,15,  cmd, goto,-2
361.0, elevID,0,  pos,-1,  cmd, goto,0
369.0, elevID,1,  pos,0,  cmd, goto,0
369.0, elevID,1,  pos,0,  cmd, goto,13
370.0,Elevator call,369.88592756734556,0,-1,1,2, got allocated to elevator, 2
372.0, elevID,0,  pos,0,  cmd, goto,0
372.0, elevID,0,  pos,0,  cmd, goto,-1
375.0,Elevator call,374.7234961849488,0,4,1,0, got allocated to elevator, 0
375.0,Elevator call,374.8932447072923,0,12,1,1, got allocated to elevator, 1
375.0, elevID,3,  pos,12,  cmd, goto,0
383.0, elevID,0,  pos,-1,  cmd, goto,0
386.0, elevID,2,  pos,-2,  cmd, goto,-2
386.0, elevID,2,  pos,-2,  cmd, goto,15
392.0, elevID,1,  pos,13,  cmd, goto,0
394.0,Elevator call,393.16870473647714,-1,0,1,3, got allocated to elevator, 3
394.0,Elev,0,  arrived at src, 0, Elevator call,374.7234961849488,0,4,2,0
394.0, elevID,0,  pos,0,  cmd, goto,0
394.0, elevID,0,  pos,0,  cmd, goto,-1
397.0, elevID,3,  pos,0,  cmd, goto,0
397.0, elevID,3,  pos,0,  cmd, goto,12
405.0, elevID,0,  pos,-1,  cmd, goto,0
412.0,Elevator call,411.8124634838655,20,0,1,0, got allocated to elevator, 0
413.0, elevID,2,  pos,15,  cmd, goto,-2
415.0,Elev,1,  arrived at src, 0, Elevator call,374.8932447072923,0,12,2,1
415.0, elevID,1,  pos,0,  cmd, goto,0
415.0, elevID,1,  pos,0,  cmd, goto,13
416.0, elevID,0,  pos,0,  cmd, goto,0
416.0, elevID,0,  pos,0,  cmd, goto,-1
419.0, elevID,3,  pos,12,  cmd, goto,0
427.0, elevID,0,  pos,-1,  cmd, goto,0
438.0, elevID,0,  pos,0,  cmd, goto,0
438.0, elevID,0,  pos,0,  cmd, goto,-1
438.0, elevID,1,  pos,13,  cmd, goto,0
439.0,Elevator call,438.99163815922134,-1,14,1,2, got allocated to elevator, 2
440.0, elevID,2,  pos,-2,  cmd, goto,-2
440.0, elevID,2,  pos,-2,  cmd, goto,15
441.0, elevID,3,  pos,0,  cmd, goto,0
441.0, elevID,3,  pos,0,  cmd, goto,12
448.0,Elevator call,447.93205545529304,0,16,1,3, got allocated to elevator, 3
449.0, elevID,0,  pos,-1,  cmd, goto,0
452.0,Elevator call,451.3692847322909,-1,19,1,1, got allocated to elevator, 1
453.0,Elevator call,452.03633893661413,-2,5,1,1, got allocated to elevator, 1
460.0, elevID,0,  pos,0,  cmd, goto,0
460.0, elevID,0,  pos,0,  cmd, goto,-1
461.0, elevID,1,  pos,0,  cmd, goto,0
461.0, elevID,1,  pos,0,  cmd, goto,13
463.0, elevID,3,  pos,12,  cmd, goto,0
467.0, elevID,2,  pos,15,  cmd, goto,-2
469.0,Elevator call,468.0898444148602,3,4,1,0, got allocated to elevator, 0
469.0,Elevator call,468.8096805917712,-2,11,1,0, got allocated to elevator, 0
471.0, elevID,0,  pos,-1,  cmd, goto,0
474.0,Elevator call,473.7625230253907,0,16,1,0, got allocated to elevator, 0
476.0,Elevator call,475.6592720845995,-1,19,1,3, got allocated to elevator, 3
482.0,Elevator call,481.281534942201,-2,4,1,2, got allocated to elevator, 2
482.0,Elev,0,  arrived at src, 0, Elevator call,473.7625230253907,0,16,2,0
482.0, elevID,0,  pos,0,  cmd, goto,0
482.0, elevID,0,  pos,0,  cmd, goto,-1
484.0, elevID,1,  pos,13,  cmd, goto,0
485.0,Elev,3,  arrived at src, 0, Elevator call,447.93205545529304,0,16,2,3
485.0, elevID,3,  pos,0,  cmd, goto,0
485.0, elevID,3,  pos,0,  cmd, goto,12
493.0, elevID,0,  pos,-1,  cmd, goto,0
494.0,Elev,2,  arrived at src, -2, Elevator call,481.281534942201,-2,4,2,2
494.0, elevID,2,  pos,-2,  cmd, goto,-2
494.0, elevID,2,  pos,-2,  cmd, goto,15
495.0,Elevator call,494.9607965395985,0,1,1,0, got allocated to elevator, 0
497.0,Elevator call,496.6254987576124,0,2,1,0, got allocated to elevator, 0
500.0,Elevator call,499.05586101531685,0,5,1,2, got allocated to elevator, 2
504.0,Elev,0,  arrived at src, 0, Elevator call,494.9607965395985,0,1,2,0
504.0,Elev,0,  arrived at src, 0, Elevator call,496.6254987576124,0,2,2,0
504.0, elevID,0,  pos,0,  cmd, goto,0
504.0, elevID,0,  pos,0,  cmd, goto,-1
506.0,Elevator call,505.16613839243473,14,0,1,1, got allocated to elevator, 1
506.0,Elevator call,505.6566422952949,0,-2,1,1, got allocated to elevator, 1
507.0,Elev,1,  arrived at src, 0, Elevator call,505.6566422952949,0,-2,2,1
507.0, elevID,1,  pos,0,  cmd, goto,0
507.0, elevID,1,  pos,0,  cmd, goto,13
507.0, elevID,3,  pos,12,  cmd, goto,0
515.0, elevID,0,  pos,-1,  cmd, goto,0
519.0,Elevator call,518.0880901967789,16,17,1,3, got allocated to elevator, 3
521.0, elevID,2,  pos,15,  cmd, goto,-2
526.0, elevID,0,  pos,0,  cmd, goto,0
526.0, elevID,0,  pos,0,  cmd, goto,-1
529.0, elevID,3,  pos,0,  cmd, goto,0
529.0, elevID,3,  pos,0,  cmd, goto,12
530.0, elevID,1,  pos,13,  cmd, goto,0
537.0, elevID,0,  pos,-1,  cmd, goto,0
541.0,Elevator call,540.3602365444688,-2,0,1,2, got allocated to elevator, 2
547.0,Elevator call,546.6587095561388,12,-1,1,2, got allocated to elevator, 2
548.0, elevID,0,  pos,0,  cmd, goto,0
548.0, elevID,0,  pos,0,  cmd, goto,-1
548.0,Elev,2,  arrived at src, -2, Elevator call,540.3602365444688,-2,0,2,2
548.0, elevID,2,  pos,-2,  cmd, goto,-2
548.0, elevID,2,  pos,-2,  cmd, goto,15
551.0, elevID,3,  pos,12,  cmd, goto,0
553.0,Elevator call,552.3403654341223,0,9,1,2, got allocated to elevator, 2
553.0, elevID,1,  pos,0,  cmd, goto,0
553.0, elevID,1,  pos,0,  cmd, goto,13
559.0, elevID,0,  pos,-1,  cmd, goto,0
560.0,Elevator call,559.0984936097279,0,5,1,0, got allocated to elevator, 0
570.0,Elev,0,  arrived at src, 0, Elevator call,559.0984936097279,0,5,2,0
570.0, elevID,0,  pos,0,  cmd, goto,0
570.0, elevID,0,  pos,0,  cmd, goto,-1
573.0, elevID,3,  pos,0,  cmd, goto,0
573.0, elevID,3,  pos,0,  cmd, goto,12
575.0, elevID,2,  pos,15,  cmd, goto,-2
576.0, elevID,1,  pos,13,  cmd, goto,0
581.0, elevID,0,  pos,-1,  cmd, goto,0
590.0,Elevator call,589.0230372565832,-1,0,1,1, got allocated to elevator, 1
592.0, elevID,0,  pos,0,  cmd, goto,0
592.0, elevID,0,  pos,0,  cmd, goto,-1
595.0, elevID,3,  pos,12,  cmd, goto,0
596.0,Elevator call,595.490775913092,-1,5,1,1, got allocated to elevator, 1
598.0,Elevator call,597.5318029103412,-2,10,1,2, got allocated to elevator, 2
599.0, elevID,1,  pos,0,  cmd, goto,0
599.0, elevID,1,  pos,0,  cmd, goto,13
602.0,Elev,2,  arrived at src, -2, Elevator call,597.5318029103412,-2,10,2,2
602.0, elevID,2,  pos,-2,  cmd, goto,-2
602.0, elevID,2,  pos,-2,  cmd, goto,15
603.0, elevID,0,  pos,-1,  cmd, goto,0
608.0,Elevator call,607.5990041120776,0,5,1,0, got allocated to elevator, 0
612.0,Elevator call,611.224500217684,-2,1,1,3, got allocated to elevator, 3
613.0,Elevator call,612.0358635006885,0,6,1,3, got allocated to elevator, 3
614.0,Elevator call,613.9293840790681,-1,4,1,3, got allocated to elevator, 3
614.0,Elev,0,  arrived at src, 0, Elevator call,607.5990041120776,0,5,2,0
614.0, elevID,0,  pos,0,  cmd, goto,0
614.0, elevID,0,  pos,0,  cmd, goto,-1
617.0,Elevator call,616.3622393479691,-2,2,1,3, got allocated to elevator, 3
617.0,Elev,3,  arrived at src, 0, Elevator call,612.0358635006885,0,6,2,3
617.0, elevID,3,  pos,0,  cmd, goto,0
617.0, elevID,3,  pos,0,  cmd, goto,12
622.0, elevID,1,  pos,13,  cmd, goto,0
624.0,Elevator call,623.189995332772,-1,19,1,3, got allocated to elevator, 3
625.0,Elevator call,624.9698485206718,-2,14,1,0, got allocated to elevator, 0
625.0, elevID,0,  pos,-1,  cmd, goto,0
629.0, elevID,2,  pos,15,  cmd, goto,-2
630.0,Elevator call,629.4378654758448,0,-2,1,1, got allocated to elevator, 1
636.0, elevID,0,  pos,0,  cmd, goto,0
636.0, elevID,0,  pos,0,  cmd, goto,-1
639.0, elevID,3,  pos,12,  cmd, goto,0
645.0,Elev,1,  arrived at src, 0, Elevator call,629.4378654758448,0,-2,2,1
645.0, elevID,1,  pos,0,  cmd, goto,0
645.0, elevID,1,  pos,0,  cmd, goto,13
647.0, elevID,0,  pos,-1,  cmd, goto,0
652.0,Elevator call,651.3868818369699,-2,0,1,2, got allocated to elevator, 2
656.0,Elev,2,  arrived at src, -2, Elevator call,651.3868818369699,-2,0,2,2
656.0, elevID,2,  pos,-2,  cmd, goto,-2
656.0, elevID,2,  pos,-2,  cmd, goto,15
658.0, elevID,0,  pos,0,  cmd, goto,0
658.0, elevID,0,  pos,0,  cmd, goto,-1
661.0, elevID,3,  pos,0,  cmd, goto,0
661.0, elevID,3,  pos,0,  cmd, goto,12
668.0, elevID,1,  pos,13,  cmd, goto,0
669.0, elevID,0,  pos,-1,  cmd, goto,0
671.0,Elevator call,670.989016205667,0,12,1,0, got allocated to elevator, 0
674.0,Elevator call,673.6204302245446,-1,-2,1,1, got allocated to elevator, 1
676.0,Elevator call,675.8277544680782,-1,-2,1,1, got allocated to elevator, 1
680.0,Elev,0,  arrived at src, 0, Elevator call,670.989016205667,0,12,2,0
680.0, elevID,0,  pos,0,  cmd, goto,0
680.0, elevID,0,  pos,0,  cmd, goto,-1
683.0, elevID,2,  pos,15,  cmd, goto,-2
683.0, elevID,3,  pos,12,  cmd, goto,0
691.0, elevID,0,  pos,-1,  cmd, goto,0
691.0, elevID,1,  pos,0,  cmd, goto,0
691.0, elevID,1,  pos,0,  cmd, goto,13
702.0, elevID,0,  pos,0,  cmd, goto,0
702.0, elevID,0,  pos,0,  cmd, goto,-1
705.0, elevID,3,  pos,0,  cmd, goto,0
705.0, elevID,3,  pos,0,  cmd, goto,12
706.0,Elevator call,705.2713073876516,0,15,1,2, got allocated to elevator, 2
710.0, elevID,2,  pos,-2,  cmd, goto,-2
710.0, elevID,2,  pos,-2,  cmd, goto,15
712.0,Elevator call,711.129308865326,-2,14,1,2, got allocated to elevator, 2
713.0, elevID,0,  pos,-1,  cmd, goto,0
714.0,Elevator call,713.1376730035772,-2,15,1,3, got allocated to elevator, 3
714.0, elevID,1,  pos,13,  cmd, goto,0
718.0,Elevator call,717.5512012445001,-2,-3,1,2, got allocated to elevator, 2
724.0, elevID,0,  pos,0,  cmd, goto,0
724.0, elevID,0,  pos,0,  cmd, goto,-1
727.0, elevID,3,  pos,12,  cmd, goto,0
735.0, elevID,0,  pos,-1,  cmd, goto,0
737.0, elevID,1,  pos,0,  cmd, goto,0
737.0, elevID,1,  pos,0,  cmd, goto,13
737.0, elevID,2,  pos,15,  cmd, goto,-2
742.0,Elevator call,741.5622717619144,-1,0,1,1, got allocated to elevator, 1
746.0, elevID,0,  pos,0,  cmd, goto,0
746.0, elevID,0,  pos,0,  cmd, goto,-1
749.0, elevID,3,  pos,0,  cmd, goto,0
749.0, elevID,3,  pos,0,  cmd, goto,12
755.0,Elevator call,754.6284250093952,-1,7,1,3, got allocated to elevator, 3
757.0, elevID,0,  pos,-1,  cmd, goto,0
760.0, elevID,1,  pos,13,  cmd, goto,0
764.0,Elev,2,  arrived at src, -2, Elevator call,711.129308865326,-2,14,2,2
764.0,Elev,2,  arrived at src, -2, Elevator call,717.5512012445001,-2,-3,2,2
764.0, elevID,2,  pos,-2,  cmd, goto,-2
764.0, elevID,2,  pos,-2,  cmd, goto,15
768.0, elevID,0,  pos,0,  cmd, goto,0
768.0, elevID,0,  pos,0,  cmd, goto,-1
771.0, elevID,3,  pos,12,  cmd, goto,0
776.0,Elevator call,775.2702685445281,-2,16,1,1, got allocated to elevator, 1
779.0, elevID,0,  pos,-1,  cmd, goto,0
783.0, elevID,1,  pos,0,  cmd, goto,0
783.0, elevID,1,  pos,0,  cmd, goto,13
790.0, elevID,0,  pos,0,  cmd, goto,0
790.0, elevID,0,  pos,0,  cmd, goto,-1
791.0, elevID,2,  pos,15,  cmd, goto,-2
793.0, elevID,3,  pos,0,  cmd, goto,0
793.0, elevID,3,  pos,0,  cmd, goto,12
801.0, elevID,0,  pos,-1,  cmd, goto,0
806.0, elevID,1,  pos,13,  cmd, goto,0
812.0, elevID,0,  pos,0,  cmd, goto,0
812.0, elevID,0,  pos,0,  cmd, goto,-1
815.0, elevID,3,  pos,12,  cmd, goto,0
818.0,Elevator call,817.4873896408544,-2,16,1,2, got allocated to elevator, 2
818.0,Elev,2,  arrived at src, -2, Elevator call,817.4873896408544,-2,16,2,2
818.0, elevID,2,  pos,-2,  cmd, goto,-2
818.0, elevID,2,  pos,-2,  cmd, goto,15
823.0, elevID,0,  pos,-1,  cmd, goto,0
829.0, elevID,1,  pos,0,  cmd, goto,0
829.0, elevID,1,  pos,0,  cmd, goto,13
834.0,Elevator call,833.4568374273454,-2,0,1,0, got allocated to elevator, 0
834.0, elevID,0,  pos,0,  cmd, goto,0
834.0, elevID,0,  pos,0,  cmd, goto,-1
837.0,Elevator call,836.0439962699525,0,13,1,3, got allocated to elevator, 3
837.0,Elev,3,  arrived at src, 0, Elevator call,836.0439962699525,0,13,2,3
837.0, elevID,3,  pos,0,  cmd, goto,0
837.0, elevID,3,  pos,0,  cmd, goto,12
839.0,Elevator call,838.621570462085,3,-1,1,0, got allocated to elevator, 0
845.0, elevID,0,  pos,-1,  cmd, goto,0
845.0, elevID,2,  pos,15,  cmd, goto,-2
852.0, elevID,1,  pos,13,  cmd, goto,0
856.0, elevID,0,  pos,0,  cmd, goto,0
856.0, elevID,0,  pos,0,  cmd, goto,-1
859.0,Elevator call,858.0973433429377,-2,0,1,0, got allocated to elevator, 0
859.0, elevID,3,  pos,12,  cmd, goto,0
867.0,Elevator call,866.5927868088187,10,6,1,1, got allocated to elevator, 1
867.0, elevID,0,  pos,-1,  cmd, goto,0
872.0, elevID,2,  pos,-2,  cmd, goto,-2
872.0, elevID,2,  pos,-2,  cmd, goto,15
874.0,Elevator call,873.723507324602,0,-1,1,3, got allocated to elevator, 3
875.0, elevID,1,  pos,0,  cmd, goto,0
875.0, elevID,1,  pos,0,  cmd, goto,13
878.0, elevID,0,  pos,0,  cmd, goto,0
878.0, elevID,0,  pos,0,  cmd, goto,-1
881.0,Elev,3,  arrived at src, 0, Elevator call,873.723507324602,0,-1,2,3
881.0, elevID,3,  pos,0,  cmd, goto,0
881.0, elevID,3,  pos,0,  cmd, goto,12
889.0, elevID,0,  pos,-1,  cmd, goto,0
898.0, elevID,1,  pos,13,  cmd, goto,0
899.0, elevID,2,  pos,15,  cmd, goto,-2
900.0, elevID,0,  pos,0,  cmd, goto,0
900.0, elevID,0,  pos,0,  cmd, goto,-1
903.0, elevID,3,  pos,12,  cmd, goto,0
904.0,Elevator call,903.9760088669913,-2,-1,1,0, got allocated to elevator, 0
905.0,Elevator call,904.4493607498194,0,13,1,0, got allocated to elevator, 0
905.0,Elevator call,904.7476220042074,-1,15,1,0, got allocated to elevator, 0
911.0,Elev,0,  arrived at src, -1, Elevator call,904.7476220042074,-1,15,2,0
911.0, elevID,0,  pos,-1,  cmd, goto,0
917.0,Elevator call,916.9117749072182,1,13,1,0, got allocated to elevator, 0
921.0,Elevator call,920.3691333028187,-1,1,1,1, got allocated to elevator, 1
921.0, elevID,1,  pos,0,  cmd, goto,0
921.0, elevID,1,  pos,0,  cmd, goto,13
922.0,Elev,0,  arrived at src, 0, Elevator call,904.4493607498194,0,13,2,0
922.0, elevID,0,  pos,0,  cmd, goto,0
922.0, elevID,0,  pos,0,  cmd, goto,-1
925.0, elevID,3,  pos,0,  cmd, goto,0
925.0, elevID,3,  pos,0,  cmd, goto,12
926.0, elevID,2,  pos,-2,  cmd, goto,-2
926.0, elevID,2,  pos,-2,  cmd, goto,15
927.0,Elevator call,926.6693132841524,-2,0,1,2, got allocated to elevator, 2
929.0,Elevator call,928.0707967206309,-1,14,1,2, got allocated to elevator, 2
933.0, elevID,0,  pos,-1,  cmd, goto,0
944.0, elevID,0,  pos,0,  cmd, goto,0
944.0, elevID,0,  pos,0,  cmd, goto,-1
944.0, elevID,1,  pos,13,  cmd, goto,0
947.0, elevID,3,  pos,12,  cmd, goto,0
953.0, elevID,2,  pos,15,  cmd, goto,-2
955.0, elevID,0,  pos,-1,  cmd, goto,0
957.0,Elevator call,956.5930699726732,0,13,1,0, got allocated to elevator, 0
966.0,Elev,0,  arrived at src, 0, Elevator call,956.5930699726732,0,13,2,0
966.0, elevID,0,  pos,0,  cmd, goto,0
966.0, elevID,0,  pos,0,  cmd, goto,-1
967.0, elevID,1,  pos,0,  cmd, goto,0
967.0, elevID,1,  pos,0,  cmd, goto,13
969.0, elevID,3,  pos,0,  cmd, goto,0
969.0, elevID,3,  pos,0,  cmd, goto,12
977.0, elevID,0,  pos,-1,  cmd, goto,0
978.0,Elevator call,977.2552179973972,0,6,1,0, got allocated to elevator, 0
980.0,Elev,2,  arrived at src, -2, Elevator call,926.6693132841524,-2,0,2,2
980.0, elevID,2,  pos,-2,  cmd, goto,-2
980.0, elevID,2,  pos,-2,  cmd, goto,15
987.0,Elevator call,986.5456660052421,0,16,1,2, got allocated to elevator, 2
988.0,Elev,0,  arrived at src, 0, Elevator call,977.2552179973972,0,6,2,0
988.0, elevID,0,  pos,0,  cmd, goto,0
988.0, elevID,0,  pos,0,  cmd, goto,-1
990.0, elevID,1,  pos,13,  cmd, goto,0
991.0, elevID,3,  pos,12,  cmd, goto,0
997.0,Elevator call,996.3578078670561,0,9,1,3, got allocated to elevator, 3
999.0, elevID,0,  pos,-1,  cmd, goto,0
1007.0, elevID,2,  pos,15,  cmd, goto,-2
1008.0,Elevator call,1007.7458269955551,17,4,1,1, got allocated to elevator, 1
1010.0, elevID,0,  pos,0,  cmd, goto,0
1010.0, elevID,0,  pos,0,  cmd, goto,-1
1013.0, elevID,1,  pos,0,  cmd, goto,0
1013.0, elevID,1,  pos,0,  cmd, goto,13
1013.0,Elev,3,  arrived at src, 0, Elevator call,996.3578078670561,0,9,2,3
1013.0, elevID,3,  pos,0,  cmd, goto,0
1013.0, elevID,3,  pos,0,  cmd, goto,12
1021.0, elevID,0,  pos,-1,  cmd, goto,0
1032.0, elevID,0,  pos,0,  cmd, goto,0
1032.0, elevID,0,  pos,0,  cmd, goto,-1
1034.0, elevID,2,  pos,-2,  cmd, goto,-2
1034.0, elevID,2,  pos,-2,  cmd, goto,15
1035.0, elevID,3,  pos,12,  cmd, goto,0
1036.0, elevID,1,  pos,13,  cmd, goto,0
1038.0,Elevator call,1037.5381863870532,8,11,1,2, got allocated to elevator, 2
1043.0, elevID,0,  pos,-1,  cmd, goto,0
1053.0,Elevator call,1052.1533586579985,0,-1,1,1, got allocated to elevator, 1
1054.0, elevID,0,  pos,0,  cmd, goto,0
1054.0, elevID,0,  pos,0,  cmd, goto,-1
1057.0,Elevator call,1056.025973584793,19,0,1,3, got allocated to elevator, 3
1057.0, elevID,3,  pos,0,  cmd, goto,0
1057.0, elevID,3,  pos,0,  cmd, goto,12
1059.0,Elevator call,1058.3081232225413,-1,0,1,1, got allocated to elevator, 1
1059.0,Elev,1,  arrived at src, 0, Elevator call,1052.1533586579985,0,-1,2,1
1059.0, elevID,1,  pos,0,  cmd, goto,0
1059.0, elevID,1,  pos,0,  cmd, goto,13
1061.0, elevID,2,  pos,15,  cmd, goto,-2
1065.0,Elevator call,1064.8596084053365,0,3,1,1, got allocated to elevator, 1
1065.0, elevID,0,  pos,-1,  cmd, goto,0
1076.0, elevID,0,  pos,0,  cmd, goto,0
1076.0, elevID,0,  pos,0,  cmd, goto,-1
1079.0, elevID,3,  pos,12,  cmd, goto,0
1082.0,Elevator call,1081.876341151392,16,-2,1,2, got allocated to elevator, 2
1082.0, elevID,1,  pos,13,  cmd, goto,0
1087.0, elevID,0,  pos,-1,  cmd, goto,0
1088.0,Elevator call,1087.096912309178,0,1,1,0, got allocated to elevator, 0
1088.0, elevID,2,  pos,-2,  cmd, goto,-2
1088.0, elevID,2,  pos,-2,  cmd, goto,15
1097.0,Elevator call,1096.1940935251605,1,0,1,1, got allocated to elevator, 1
1097.0,Elevator call,1096.3608057449887,17,-2,1,3, got allocated to elevator, 3
1098.0,Elevator call,1097.9943797079113,8,0,1,3, got allocated to elevator, 3
1098.0,Elev,0,  arrived at src, 0, Elevator call,1087.096912309178,0,1,2,0
1098.0, elevID,0,  pos,0,  cmd, goto,0
1098.0, elevID,0,  pos,0,  cmd, goto,-1
1101.0, elevID,3,  pos,0,  cmd, goto,0
1101.0, elevID,3,  pos,0,  cmd, goto,12
1105.0,Elev,1,  arrived at src, 0, Elevator call,1064.8596084053365,0,3,2,1
1105.0, elevID,1,  pos,0,  cmd, goto,0
1105.0, elevID,1,  pos,0,  cmd, goto,13
1109.0, elevID,0,  pos,-1,  cmd, goto,0
1110.0,Elevator call,1109.5092579654965,4,0,1,1, got allocated to elevator, 1
1114.0,Elevator call,1113.4819378281786,0,-1,1,1, got allocated to elevator, 1
1115.0, elevID,2,  pos,15,  cmd, goto,-2
1120.0, elevID,0,  pos,0,  cmd, goto,0
1120.0, elevID,0,  pos,0,  cmd, goto,-1
1123.0, elevID,3,  pos,12,  cmd, goto,0
1125.0,Elevator call,1124.2866803183526,0,-1,1,2, got allocated to elevator, 2
1128.0,Elevator call,1127.2771396873368,0,12,1,0, got allocated to elevator, 0
1128.0, elevID,1,  pos,13,  cmd, goto,0
1131.0, elevID,0,  pos,-1,  cmd, goto,0
1132.0,Elevator call,1131.9386400734377,0,10,1,0, got allocated to elevator, 0
1138.0,Elevator call,1137.7165617865576,0,-1,1,1, got allocated to elevator, 1
1141.0,Elevator call,1140.1116595096928,1,10,1,0, got allocated to elevator, 0
1142.0,Elev,0,  arrived at src, 0, Elevator call,1127.2771396873368,0,12,2,0
1142.0,Elev,0,  arrived at src, 0, Elevator call,1131.9386400734377,0,10,2,0
1142.0, elevID,0,  pos,0,  cmd, goto,0
1142.0, elevID,0,  pos,0,  cmd, goto,-1
1142.0, elevID,2,  pos,-2,  cmd, goto,-2
1142.0, elevID,2,  pos,-2,  cmd, goto,15
1145.0, elevID,3,  pos,0,  cmd, goto,0
1145.0, elevID,3,  pos,0,  cmd, goto,12
1148.0,Elevator call,1147.586188832025,0,6,1,2, got allocated to elevator, 2
1151.0,Elevator call,1150.267507837832,0,15,1,3, got allocated to elevator, 3
1151.0,Elev,1,  arrived at src, 0, Elevator call,1113.4819378281786,0,-1,2,1
1151.0,Elev,1,  arrived at src, 0, Elevator call,1137.7165617865576,0,-1,2,1
1151.0, elevID,1,  pos,0,  cmd, goto,0
1151.0, elevID,1,  pos,0,  cmd, goto,13
1152.0,Elevator call,1151.658727358963,20,14,1,1, got allocated to elevator, 1
1153.0, elevID,0,  pos,-1,  cmd, goto,0
1156.0,Elevator call,1155.2478699706228,16,-1,1,1, got allocated to elevator, 1
1156.0,Elevator call,1155.513869719589,-2,0,1,1, got allocated to elevator, 1
1157.0,Elevator call,1156.9334725726774,0,-1,1,3, got allocated to elevator, 3
1164.0, elevID,0,  pos,0,  cmd, goto,0
1164.0, elevID,0,  pos,0,  cmd, goto,-1
1165.0,Elevator call,1164.728331519608,-2,5,1,0, got allocated to elevator, 0
1167.0, elevID,3,  pos,12,  cmd, goto,0
1169.0, elevID,2,  pos,15,  cmd, goto,-2
1174.0, elevID,1,  pos,13,  cmd, goto,0
1175.0, elevID,0,  pos,-1,  cmd, goto,0
1176.0,Elevator call,1175.8064061576379,0,-2,1,1, got allocated to elevator, 1
1179.0,Elevator call,1178.015835246246,0,-1,1,1, got allocated to elevator, 1
1186.0, elevID,0,  pos,0,  cmd, goto,0
1186.0, elevID,0,  pos,0,  cmd, goto,-1
1189.0,Elev,3,  arrived at src, 0, Elevator call,1150.267507837832,0,15,2,3
1189.0,Elev,3,  arrived at src, 0, Elevator call,1156.9334725726774,0,-1,2,3
1189.0, elevID,3,  pos,0,  cmd, goto,0
1189.0, elevID,3,  pos,0,  cmd, goto,12
1196.0, elevID,2,  pos,-2,  cmd, goto,-2
1196.0, elevID,2,  pos,-2,  cmd, goto,15
1197.0,Elevator call,1196.736234981608,0,20,1,2, got allocated to elevator, 2
1197.0, elevID,0,  pos,-1,  cmd, goto,0
1197.0,Elev,1,  arrived at src, 0, Elevator call,1175.8064061576379,0,-2,2,1
1197.0,Elev,1,  arrived at src, 0, Elevator call,1178.015835246246,0,-1,2,1
1197.0, elevID,1,  pos,0,  cmd, goto,0
1197.0, elevID,1,  pos,0,  cmd, goto,13
1208.0, elevID,0,  pos,0,  cmd, goto,0
1208.0, elevID,0,  pos,0,  cmd, goto,-1
1211.0, elevID,3,  pos,12,  cmd, goto,0
1213.0,Elevator call,1212.9495496617437,-1,0,1,0, got allocated to elevator, 0
1219.0,Elev,0,  arrived at src, -1, Elevator call,1212.9495496617437,-1,0,2,0
1219.0, elevID,0,  pos,-1,  cmd, goto,0
1220.0, elevID,1,  pos,13,  cmd, goto,0
1223.0, elevID,2,  pos,15,  cmd, goto,-2
1230.0,Elev,0,  arrived at dest, 0, this call is done!, Elevator call,1212.9495496617437,-1,0,3,0, Done, dt, 17.05045033825627
1230.0, elevID,0,  pos,0,  cmd, goto,0
1230.0, elevID,0,  pos,0,  cmd, goto,-1
1233.0, elevID,3,  pos,0,  cmd, goto,0
1233.0, elevID,3,  pos,0,  cmd, goto,12
1241.0, elevID,0,  pos,-1,  cmd, goto,0
1243.0, elevID,1,  pos,0,  cmd, goto,0
1243.0, elevID,1,  pos,0,  cmd, goto,13
1250.0, elevID,2,  pos,-2,  cmd, goto,-2
1250.0, elevID,2,  pos,-2,  cmd, goto,15
1252.0, elevID,0,  pos,0,  cmd, goto,0
1252.0, elevID,0,  pos,0,  cmd, goto,-1
1255.0, elevID,3,  pos,12,  cmd, goto,0
1259.0,Elevator call,1258.6213960712685,-2,0,1,2, got allocated to elevator, 2
1262.0,Elevator call,1261.00756521848,8,0,1,3, got allocated to elevator, 3
1263.0, elevID,0,  pos,-1,  cmd, goto,0
1266.0, elevID,1,  pos,13,  cmd, goto,0
1269.0,Elevator call,1268.5913848370521,0,-1,1,1, got allocated to elevator, 1
1274.0, elevID,0,  pos,0,  cmd, goto,0
1274.0, elevID,0,  pos,0,  cmd, goto,-1
1277.0, elevID,2,  pos,15,  cmd, goto,-2
1277.0, elevID,3,  pos,0,  cmd, goto,0
1277.0, elevID,3,  pos,0,  cmd, goto,12
1285.0, elevID,0,  pos,-1,  cmd, goto,0
1289.0,Elev,1,  arrived at src, 0, Elevator call,1268.5913848370521,0,-1,2,1
1289.0, elevID,1,  pos,0,  cmd, goto,0
1289.0, elevID,1,  pos,0,  cmd, goto,13
1294.0,Elevator call,1293.4065510053879,0,1,1,0, got allocated to elevator, 0
1296.0,Elevator call,1295.1651335589634,0,17,1,2, got allocated to elevator, 2
1296.0,Elev,0,  arrived at src, 0, Elevator call,1293.4065510053879,0,1,2,0
1296.0, elevID,0,  pos,0,  cmd, goto,0
1296.0, elevID,0,  pos,0,  cmd, goto,-1
1299.0, elevID,3,  pos,12,  cmd, goto,0
1304.0,Elev,2,  arrived at src, -2, Elevator call,1258.6213960712685,-2,0,2,2
1304.0, elevID,2,  pos,-2,  cmd, goto,-2
1304.0, elevID,2,  pos,-2,  cmd, goto,15
1307.0, elevID,0,  pos,-1,  cmd, goto,0
1312.0, elevID,1,  pos,13,  cmd, goto,0
1318.0, elevID,0,  pos,0,  cmd, goto,0
1318.0, elevID,0,  pos,0,  cmd, goto,-1
1321.0, elevID,3,  pos,0,  cmd, goto,0
1321.0, elevID,3,  pos,0,  cmd, goto,12
1322.0,Elevator call,1321.8354086257034,4,-2,1,3, got allocated to elevator, 3
1329.0, elevID,0,  pos,-1,  cmd, goto,0
1331.0, elevID,2,  pos,15,  cmd, goto,-2
1332.0,Elevator call,1331.2069623289547,0,-1,1,2, got allocated to elevator, 2
1334.0,Elevator call,1333.039214889335,-2,-1,1,1, got allocated to elevator, 1
1335.0, elevID,1,  pos,0,  cmd, goto,0
1335.0, elevID,1,  pos,0,  cmd, goto,13
1336.0,Elevator call,1335.7389474728477,-2,-1,1,0, got allocated to elevator, 0
1340.0, elevID,0,  pos,0,  cmd, goto,0
1340.0, elevID,0,  pos,0,  cmd, goto,-1
1343.0, elevID,3,  pos,12,  cmd, goto,0
1351.0, elevID,0,  pos,-1,  cmd, goto,0
1352.0,Elevator call,1351.7657314337291,3,0,1,3, got allocated to elevator, 3
1358.0, elevID,1,  pos,13,  cmd, goto,0
1358.0, elevID,2,  pos,-2,  cmd, goto,-2
1358.0, elevID,2,  pos,-2,  cmd, goto,15
1362.0, elevID,0,  pos,0,  cmd, goto,0
1362.0, elevID,0,  pos,0,  cmd, goto,-1
1365.0, elevID,3,  pos,0,  cmd, goto,0
1365.0, elevID,3,  pos,0,  cmd, goto,12
1373.0, elevID,0,  pos,-1,  cmd, goto,0
1381.0, elevID,1,  pos,0,  cmd, goto,0
1381.0, elevID,1,  pos,0,  cmd, goto,13
1383.0,Elevator call,1382.6004668956462,0,-2,1,0, got allocated to elevator, 0
1384.0,Elev,0,  arrived at src, 0, Elevator call,1382.6004668956462,0,-2,2,0
1384.0, elevID,0,  pos,0,  cmd, goto,0
1384.0, elevID,0,  pos,0,  cmd, goto,-1
1385.0, elevID,2,  pos,15,  cmd, goto,-2
1387.0, elevID,3,  pos,12,  cmd, goto,0
1395.0, elevID,0,  pos,-1,  cmd, goto,0
1404.0, elevID,1,  pos,13,  cmd, goto,0
1406.0, elevID,0,  pos,0,  cmd, goto,0
1406.0, elevID,0,  pos,0,  cmd, goto,-1
1409.0, elevID,3,  pos,0,  cmd, goto,0
1409.0, elevID,3,  pos,0,  cmd, goto,12
1410.0,Elevator call,1409.0936787967266,10,0,1,1, got allocated to elevator, 1
1412.0, elevID,2,  pos,-2,  cmd, goto,-2
1412.0, elevID,2,  pos,-2,  cmd, goto,15
1414.0,Elevator call,1413.057875353343,0,10,1,2, got allocated to elevator, 2
1416.0,Elevator call,1415.2198614251874,20,0,1,3, got allocated to elevator, 3
1417.0, elevID,0,  pos,-1,  cmd, goto,0
1427.0, elevID,1,  pos,0,  cmd, goto,0
1427.0, elevID,1,  pos,0,  cmd, goto,13
1428.0, elevID,0,  pos,0,  cmd, goto,0
1428.0, elevID,0,  pos,0,  cmd, goto,-1
1431.0, elevID,3,  pos,12,  cmd, goto,0
1439.0,Elevator call,1438.9733911522667,0,2,1,0, got allocated to elevator, 0
1439.0, elevID,0,  pos,-1,  cmd, goto,0
1439.0, elevID,2,  pos,15,  cmd, goto,-2
1449.0,Elevator call,1448.363061045125,0,-1,1,2, got allocated to elevator, 2
1450.0,Elev,0,  arrived at src, 0, Elevator call,1438.9733911522667,0,2,2,0
1450.0, elevID,0,  pos,0,  cmd, goto,0
1450.0, elevID,0,  pos,0,  cmd, goto,-1
1450.0, elevID,1,  pos,13,  cmd, goto,0
1453.0, elevID,3,  pos,0,  cmd, goto,0
1453.0, elevID,3,  pos,0,  cmd, goto,12
1454.0,Elevator call,1453.0719209259003,18,5,1,3, got allocated to elevator, 3
1454.0,Elevator call,1453.9463870022385,0,-1,1,1, got allocated to elevator, 1
1455.0,Elevator call,1454.8285009964547,-2,11,1,0, got allocated to elevator, 0
1459.0,Elevator call,1458.6556107182482,-2,19,1,2, got allocated to elevator, 2
1461.0, elevID,0,  pos,-1,  cmd, goto,0
1466.0,Elev,2,  arrived at src, -2, Elevator call,1458.6556107182482,-2,19,2,2
1466.0, elevID,2,  pos,-2,  cmd, goto,-2
1466.0, elevID,2,  pos,-2,  cmd, goto,15
1468.0,Elevator call,1467.0278870048103,17,-1,1,2, got allocated to elevator, 2
1470.0,Elevator call,1469.4040181557145,6,-2,1,1, got allocated to elevator, 1
1471.0,Elevator call,1470.0343725472844,-1,-2,1,1, got allocated to elevator, 1
1471.0,Elevator call,1470.5915544130855,7,-1,1,0, got allocated to elevator, 0
1472.0, elevID,0,  pos,0,  cmd, goto,0
1472.0, elevID,0,  pos,0,  cmd, goto,-1
1473.0,Elev,1,  arrived at src, 0, Elevator call,1453.9463870022385,0,-1,2,1
1473.0, elevID,1,  pos,0,  cmd, goto,0
1473.0, elevID,1,  pos,0,  cmd, goto,13
1475.0, elevID,3,  pos,12,  cmd, goto,0
1481.0,Elevator call,1480.8499657928244,-2,0,1,0, got allocated to elevator, 0
1483.0, elevID,0,  pos,-1,  cmd, goto,0
1485.0,Elevator call,1484.4219848364883,-1,11,1,3, got allocated to elevator, 3
1485.0,Elevator call,1484.9843372457965,19,0,1,3, got allocated to elevator, 3
1487.0,Elevator call,1486.4270603590999,4,6,1,0, got allocated to elevator, 0
1492.0,Elevator call,1491.5501911539536,-2,0,1,3, got allocated to elevator, 3
1493.0,Elevator call,1492.2050732571352,-2,17,1,0, got allocated to elevator, 0
1493.0, elevID,2,  pos,15,  cmd, goto,-2
1494.0,Elevator call,1493.5040011527858,3,0,1,2, got allocated to elevator, 2
1494.0, elevID,0,  pos,0,  cmd, goto,0
1494.0, elevID,0,  pos,0,  cmd, goto,-1
1496.0, elevID,1,  pos,13,  cmd, goto,0
1497.0, elevID,3,  pos,0,  cmd, goto,0
1497.0, elevID,3,  pos,0,  cmd, goto,12
1502.0,Elevator call,1501.9792231166773,-2,16,1,3, got allocated to elevator, 3
1505.0, elevID,0,  pos,-1,  cmd, goto,0
1507.0,Elevator call,1506.6405513680484,9,0,1,0, got allocated to elevator, 0
1512.0,Elevator call,1511.122814913926,14,-2,1,2, got allocated to elevator, 2
1513.0,Elevator call,1512.0862103742395,-1,0,1,1, got allocated to elevator, 1
1516.0, elevID,0,  pos,0,  cmd, goto,0
1516.0, elevID,0,  pos,0,  cmd, goto,-1
1519.0, elevID,1,  pos,0,  cmd, goto,0
1519.0, elevID,1,  pos,0,  cmd, goto,13
1519.0, elevID,3,  pos,12,  cmd, goto,0
1520.0,Elevator call,1519.0011868479132,19,-1,1,1, got allocated to elevator, 1
1520.0, elevID,2,  pos,-2,  cmd, goto,-2
1520.0, elevID,2,  pos,-2,  cmd, goto,15
1522.0,Elevator call,1521.3196549866036,-1,0,1,2, got allocated to elevator, 2
1522.0,Elevator call,1521.9781647845343,0,-1,1,3, got allocated to elevator, 3
1523.0,Elevator call,1522.6379258519248,0,15,1,2, got allocated to elevator, 2
1527.0, elevID,0,  pos,-1,  cmd, goto,0
1531.0,Elevator call,1530.85754457119,0,18,1,0, got allocated to elevator, 0
1537.0,Elevator call,1536.7016899722921,19,0,1,3, got allocated to elevator, 3
1538.0,Elev,0,  arrived at src, 0, Elevator call,1530.85754457119,0,18,2,0
1538.0, elevID,0,  pos,0,  cmd, goto,0
1538.0, elevID,0,  pos,0,  cmd, goto,-1
1541.0,Elev,3,  arrived at src, 0, Elevator call,1521.9781647845343,0,-1,2,3
1541.0, elevID,3,  pos,0,  cmd, goto,0
1541.0, elevID,3,  pos,0,  cmd, goto,12
1542.0, elevID,1,  pos,13,  cmd, goto,0
1545.0,Elevator call,1544.548897024319,-2,8,1,3, got allocated to elevator, 3
1547.0, elevID,2,  pos,15,  cmd, goto,-2
1549.0, elevID,0,  pos,-1,  cmd, goto,0
1560.0, elevID,0,  pos,0,  cmd, goto,0
1560.0, elevID,0,  pos,0,  cmd, goto,-1
1561.0,Elevator call,1560.2286689629939,-2,1,1,1, got allocated to elevator, 1
1563.0, elevID,3,  pos,12,  cmd, goto,0
1565.0, elevID,1,  pos,0,  cmd, goto,0
1565.0, elevID,1,  pos,0,  cmd, goto,13
1571.0, elevID,0,  pos,-1,  cmd, goto,0
1574.0,Elevator call,1573.8160167405301,7,0,1,2, got allocated to elevator, 2
1574.0, elevID,2,  pos,-2,  cmd, goto,-2
1574.0, elevID,2,  pos,-2,  cmd, goto,15
1576.0,Elevator call,1575.8128326474823,18,0,1,2, got allocated to elevator, 2
1582.0, elevID,0,  pos,0,  cmd, goto,0
1582.0, elevID,0,  pos,0,  cmd, goto,-1
1585.0, elevID,3,  pos,0,  cmd, goto,0
1585.0, elevID,3,  pos,0,  cmd, goto,12
1587.0,Elevator call,1586.8937915181255,-1,18,1,0, got allocated to elevator, 0
1588.0, elevID,1,  pos,13,  cmd, goto,0
1593.0,Elev,0,  arrived at src, -1, Elevator call,1586.8937915181255,-1,18,2,0
1593.0, elevID,0,  pos,-1,  cmd, goto,0
1597.0,Elevator call,1596.42375311512,5,-1,1,1, got allocated to elevator, 1
1597.0,Elevator call,1596.498825648534,-2,2,1,0, got allocated to elevator, 0
1601.0, elevID,2,  pos,15,  cmd, goto,-2
1604.0, elevID,0,  pos,0,  cmd, goto,0
1604.0, elevID,0,  pos,0,  cmd, goto,-1
1607.0,Elevator call,1606.048199107591,-1,13,1,1, got allocated to elevator, 1
1607.0, elevID,3,  pos,12,  cmd, goto,0
1611.0, elevID,1,  pos,0,  cmd, goto,0
1611.0, elevID,1,  pos,0,  cmd, goto,13
1612.0,Elevator call,1611.625231787892,-1,0,1,1, got allocated to elevator, 1
1615.0, elevID,0,  pos,-1,  cmd, goto,0
1626.0,Elevator call,1625.9681052615276,0,20,1,3, got allocated to elevator, 3
1626.0, elevID,0,  pos,0,  cmd, goto,0
1626.0, elevID,0,  pos,0,  cmd, goto,-1
1628.0, elevID,2,  pos,-2,  cmd, goto,-2
1628.0, elevID,2,  pos,-2,  cmd, goto,15
1629.0,Elev,3,  arrived at src, 0, Elevator call,1625.9681052615276,0,20,2,3
1629.0, elevID,3,  pos,0,  cmd, goto,0
1629.0, elevID,3,  pos,0,  cmd, goto,12
1631.0,Elevator call,1630.1516366527085,-2,-3,1,2, got allocated to elevator, 2
1634.0, elevID,1,  pos,13,  cmd, goto,0
1637.0, elevID,0,  pos,-1,  cmd, goto,0
1648.0,Elevator call,1647.6372030195641,5,0,1,0, got allocated to elevator, 0
1648.0, elevID,0,  pos,0,  cmd, goto,0
1648.0, elevID,0,  pos,0,  cmd, goto,-1
1651.0, elevID,3,  pos,12,  cmd, goto,0
1655.0, elevID,2,  pos,15,  cmd, goto,-2
1657.0, elevID,1,  pos,0,  cmd, goto,0
1657.0, elevID,1,  pos,0,  cmd, goto,13
1659.0, elevID,0,  pos,-1,  cmd, goto,0
1666.0,Elevator call,1665.195253462125,18,17,1,0, got allocated to elevator, 0
1670.0, elevID,0,  pos,0,  cmd, goto,0
1670.0, elevID,0,  pos,0,  cmd, goto,-1
1673.0, elevID,3,  pos,0,  cmd, goto,0
1673.0, elevID,3,  pos,0,  cmd, goto,12
1680.0, elevID,1,  pos,13,  cmd, goto,0
1681.0, elevID,0,  pos,-1,  cmd, goto,0
1682.0,Elev,2,  arrived at src, -2, Elevator call,1630.1516366527085,-2,-3,2,2
1682.0, elevID,2,  pos,-2,  cmd, goto,-2
1682.0, elevID,2,  pos,-2,  cmd, goto,15
1683.0,Elevator call,1682.3284965323571,0,15,1,0, got allocated to elevator, 0
1692.0,Elev,0,  arrived at src, 0, Elevator call,1682.3284965323571,0,15,2,0
1692.0, elevID,0,  pos,0,  cmd, goto,0
1692.0, elevID,0,  pos,0,  cmd, goto,-1
1695.0, elevID,3,  pos,12,  cmd, goto,0
1699.0,Elevator call,1698.762803655117,0,5,1,1, got allocated to elevator, 1
1702.0,Elevator call,1701.4201763845674,-1,0,1,1, got allocated to elevator, 1
1702.0,Elevator call,1701.8803706148465,9,-2,1,3, got allocated to elevator, 3
1703.0, elevID,0,  pos,-1,  cmd, goto,0
1703.0,Elev,1,  arrived at src, 0, Elevator call,1698.762803655117,0,5,2,1
1703.0, elevID,1,  pos,0,  cmd, goto,0
1703.0, elevID,1,  pos,0,  cmd, goto,13
1707.0,Elevator call,1706.5142392407379,0,-1,1,3, got allocated to elevator, 3
1709.0, elevID,2,  pos,15,  cmd, goto,-2
1714.0, elevID,0,  pos,0,  cmd, goto,0
1714.0, elevID,0,  pos,0,  cmd, goto,-1
1717.0,Elev,3,  arrived at src, 0, Elevator call,1706.5142392407379,0,-1,2,3
1717.0, elevID,3,  pos,0,  cmd, goto,0
1717.0, elevID,3,  pos,0,  cmd, goto,12
1718.0,Elevator call,1717.932502343578,18,8,1,3, got allocated to elevator, 3
1720.0,Elevator call,1719.963571290317,0,10,1,3, got allocated to elevator, 3
1725.0, elevID,0,  pos,-1,  cmd, goto,0
1726.0,Elevator call,1725.9393946095554,1,-2,1,2, got allocated to elevator, 2
1726.0, elevID,1,  pos,13,  cmd, goto,0
1736.0, elevID,0,  pos,0,  cmd, goto,0
1736.0, elevID,0,  pos,0,  cmd, goto,-1
1736.0, elevID,2,  pos,-2,  cmd, goto,-2
1736.0, elevID,2,  pos,-2,  cmd, goto,15
1739.0, elevID,3,  pos,12,  cmd, goto,0
1747.0, elevID,0,  pos,-1,  cmd, goto,0
1749.0, elevID,1,  pos,0,  cmd, goto,0
1749.0, elevID,1,  pos,0,  cmd, goto,13
1751.0,Elevator call,1750.164102800524,0,12,1,0, got allocated to elevator, 0
1752.0,Elevator call,1751.6678216247053,7,-2,1,1, got allocated to elevator, 1
1758.0,Elev,0,  arrived at src, 0, Elevator call,1750.164102800524,0,12,2,0
1758.0, elevID,0,  pos,0,  cmd, goto,0
1758.0, elevID,0,  pos,0,  cmd, goto,-1
1761.0,Elev,3,  arrived at src, 0, Elevator call,1719.963571290317,0,10,2,3
1761.0, elevID,3,  pos,0,  cmd, goto,0
1761.0, elevID,3,  pos,0,  cmd, goto,12
1763.0, elevID,2,  pos,15,  cmd, goto,-2
1769.0, elevID,0,  pos,-1,  cmd, goto,0
1770.0,Elevator call,1769.8389626703392,-2,-1,1,0, got allocated to elevator, 0
1772.0, elevID,1,  pos,13,  cmd, goto,0
1780.0, elevID,0,  pos,0,  cmd, goto,0
1780.0, elevID,0,  pos,0,  cmd, goto,-1
1783.0, elevID,3,  pos,12,  cmd, goto,0
1784.0,Elevator call,1783.460185580543,0,8,1,2, got allocated to elevator, 2
1790.0, elevID,2,  pos,-2,  cmd, goto,-2
1790.0, elevID,2,  pos,-2,  cmd, goto,15
1791.0, elevID,0,  pos,-1,  cmd, goto,0
1795.0, elevID,1,  pos,0,  cmd, goto,0
1795.0, elevID,1,  pos,0,  cmd, goto,13
1802.0,Elevator call,1801.3363361988281,15,-2,1,1, got allocated to elevator, 1
1802.0, elevID,0,  pos,0,  cmd, goto,0
1802.0, elevID,0,  pos,0,  cmd, goto,-1
1805.0, elevID,3,  pos,0,  cmd, goto,0
1805.0, elevID,3,  pos,0,  cmd, goto,12
1806.0,Elevator call,1805.9677687934318,-2,0,1,3, got allocated to elevator, 3
1811.0,Elevator call,1810.4987269971934,14,0,1,0, got allocated to elevator, 0
1812.0,Elevator call,1811.2985223081496,2,-1,1,3, got allocated to elevator, 3
1813.0, elevID,0,  pos,-1,  cmd, goto,0
1816.0,Elevator call,1815.9544591774759,0,-1,1,0, got allocated to elevator, 0
1817.0, elevID,2,  pos,15,  cmd, goto,-2
1818.0, elevID,1,  pos,13,  cmd, goto,0
1824.0,Elev,0,  arrived at src, 0, Elevator call,1815.9544591774759,0,-1,2,0
1824.0, elevID,0,  pos,0,  cmd, goto,0
1824.0, elevID,0,  pos,0,  cmd, goto,-1
1825.0,Elevator call,1824.5142257256014,-1,0,1,0, got allocated to elevator, 0
1826.0,Elevator call,1825.222850516972,-2,-1,1,0, got allocated to elevator, 0
1827.0, elevID,3,  pos,12,  cmd, goto,0
1835.0,Elevator call,1834.5108518114855,-1,2,1,2, got allocated to elevator, 2
1835.0,Elev,0,  arrived at dest, -1, this call is done!, Elevator call,1815.9544591774759,0,-1,3,0, Done, dt, 19.045540822524117
1835.0,Elev,0,  arrived at src, -1, Elevator call,1824.5142257256014,-1,0,2,0
1835.0, elevID,0,  pos,-1,  cmd, goto,0
1841.0,Elevator call,1840.6184402802592,-1,5,1,2, got allocated to elevator, 2
1841.0, elevID,1,  pos,0,  cmd, goto,0
1841.0, elevID,1,  pos,0,  cmd, goto,13
1844.0, elevID,2,  pos,-2,  cmd, goto,-2
1844.0, elevID,2,  pos,-2,  cmd, goto,15
1846.0,Elev,0,  arrived at dest, 0, this call is done!, Elevator call,1824.5142257256014,-1,0,3,0, Done, dt, 21.485774274398636
1846.0, elevID,0,  pos,0,  cmd, goto,0
1846.0, elevID,0,  pos,0,  cmd, goto,-1
1847.0,Elevator call,1846.7868554713177,18,0,1,2, got allocated to elevator, 2
1849.0, elevID,3,  pos,0,  cmd, goto,0
1849.0, elevID,3,  pos,0,  cmd, goto,12
1857.0, elevID,0,  pos,-1,  cmd, goto,0
1860.0,Elevator call,1859.349320167251,-2,16,1,0, got allocated to elevator, 0
1864.0, elevID,1,  pos,13,  cmd, goto,0
1868.0, elevID,0,  pos,0,  cmd, goto,0
1868.0, elevID,0,  pos,0,  cmd, goto,-1
1871.0, elevID,2,  pos,15,  cmd, goto,-2
1871.0, elevID,3,  pos,12,  cmd, goto,0
1879.0, elevID,0,  pos,-1,  cmd, goto,0
1887.0, elevID,1,  pos,0,  cmd, goto,0
1887.0, elevID,1,  pos,0,  cmd, goto,13
1888.0,Elevator call,1887.0557642165068,-2,0,1,1, got allocated to elevator, 1
1890.0, elevID,0,  pos,0,  cmd, goto,0
1890.0, elevID,0,  pos,0,  cmd, goto,-1
1893.0, elevID,3,  pos,0,  cmd, goto,0
1893.0, elevID,3,  pos,0,  cmd, goto,12
1898.0, elevID,2,  pos,-2,  cmd, goto,-2
1898.0, elevID,2,  pos,-2,  cmd, goto,15
1899.0,Elevator call,1898.8634607597169,0,13,1,2, got allocated to elevator, 2
1901.0,Elevator call,1900.9976263527983,-1,3,1,2, got allocated to elevator, 2
1901.0, elevID,0,  pos,-1,  cmd, goto,0
1902.0,Elevator call,1901.607017830804,12,18,1,0, got allocated to elevator, 0
1907.0,Elevator call,1906.6598899662258,8,-1,1,2, got allocated to elevator, 2
1910.0, elevID,1,  pos,13,  cmd, goto,0
1912.0, elevID,0,  pos,0,  cmd, goto,0
1912.0, elevID,0,  pos,0,  cmd, goto,-1
1913.0,Elevator call,1912.2314885532705,-2,-3,1,0, got allocated to elevator, 0
1915.0, elevID,3,  pos,12,  cmd, goto,0
1916.0,Elevator call,1915.2291894348991,-2,15,1,0, got allocated to elevator, 0
1920.0,Elevator call,1919.3074429779163,0,-1,1,1, got allocated to elevator, 1
1920.0,Elevator call,1919.6716972342283,-1,-2,1,1, got allocated to elevator, 1
1923.0, elevID,0,  pos,-1,  cmd, goto,0
1925.0, elevID,2,  pos,15,  cmd, goto,-2
1933.0,Elev,1,  arrived at src, 0, Elevator call,1919.3074429779163,0,-1,2,1
1933.0, elevID,1,  pos,0,  cmd, goto,0
1933.0, elevID,1,  pos,0,  cmd, goto,13
1934.0,Elevator call,1933.0337015632977,12,-1,1,1, got allocated to elevator, 1
1934.0, elevID,0,  pos,0,  cmd, goto,0
1934.0, elevID,0,  pos,0,  cmd, goto,-1
1937.0,Elevator call,1936.0320781299527,-2,4,1,3, got allocated to elevator, 3
1937.0, elevID,3,  pos,0,  cmd, goto,0
1937.0, elevID,3,  pos,0,  cmd, goto,12
1938.0,Elevator call,1937.925728003978,9,0,1,1, got allocated to elevator, 1
1939.0,Elevator call,1938.0762716201752,12,0,1,3, got allocated to elevator, 3
1945.0, elevID,0,  pos,-1,  cmd, goto,0
1952.0, elevID,2,  pos,-2,  cmd, goto,-2
1952.0, elevID,2,  pos,-2,  cmd, goto,15
1956.0, elevID,0,  pos,0,  cmd, goto,0
1956.0, elevID,0,  pos,0,  cmd, goto,-1
1956.0, elevID,1,  pos,13,  cmd, goto,0
1959.0,Elev,3,  arrived at src, 12, Elevator call,1938.0762716201752,12,0,2,3
1959.0, elevID,3,  pos,12,  cmd, goto,0
1962.0,Elevator call,1961.0240553170938,-1,-2,1,1, got allocated to elevator, 1
1962.0,Elevator call,1961.2369411325635,13,-2,1,2, got allocated to elevator, 2
1964.0,Elevator call,1963.2447780873338,0,19,1,0, got allocated to elevator, 0
1967.0, elevID,0,  pos,-1,  cmd, goto,0
1978.0,Elev,0,  arrived at src, 0, Elevator call,1963.2447780873338,0,19,2,0
1978.0, elevID,0,  pos,0,  cmd, goto,0
1978.0, elevID,0,  pos,0,  cmd, goto,-1
1979.0, elevID,1,  pos,0,  cmd, goto,0
1979.0, elevID,1,  pos,0,  cmd, goto,13
1979.0, elevID,2,  pos,15,  cmd, goto,-2
1981.0,Elev,3,  arrived at dest, 0, this call is done!, Elevator call,1938.0762716201752,12,0,3,3, Done, dt, 42.92372837982475
1981.0, elevID,3,  pos,0,  cmd, goto,0
1981.0, elevID,3,  pos,0,  cmd, goto,12
1982.0,Elevator call,1981.7856707361307,9,0,1,2, got allocated to elevator, 2
1988.0,Elevator call,1987.0127160886243,-1,12,1,3, got allocated to elevator, 3
1988.0,Elevator call,1987.9478433322706,0,15,1,3, got allocated to elevator, 3
1989.0,Elevator call,1988.3117574500216,-1,4,1,3, got allocated to elevator, 3
1989.0, elevID,0,  pos,-1,  cmd, goto,0
1995.0,Elevator call,1994.1579094560807,0,19,1,0, got allocated to elevator, 0
1995.0,Elevator call,1994.7214522513736,4,0,1,2, got allocated to elevator, 2
2000.0,Elev,0,  arrived at src, 0, Elevator call,1994.1579094560807,0,19,2,0
2000.0, elevID,0,  pos,0,  cmd, goto,0
2000.0, elevID,0,  pos,0,  cmd, goto,-1
2002.0, elevID,1,  pos,13,  cmd, goto,0
2003.0, elevID,3,  pos,12,  cmd, goto,0
2006.0, elevID,2,  pos,-2,  cmd, goto,-2
2006.0, elevID,2,  pos,-2,  cmd, goto,15
2007.0,Elevator call,2006.0789004130793,9,0,1,1, got allocated to elevator, 1
2011.0, elevID,0,  pos,-1,  cmd, goto,0
2022.0, elevID,0,  pos,0,  cmd, goto,0
2022.0, elevID,0,  pos,0,  cmd, goto,-1
2025.0, elevID,1,  pos,0,  cmd, goto,0
2025.0, elevID,1,  pos,0,  cmd, goto,13
2025.0,Elev,3,  arrived at src, 0, Elevator call,1987.9478433322706,0,15,2,3
2025.0, elevID,3,  pos,0,  cmd, goto,0
2025.0, elevID,3,  pos,0,  cmd, goto,12
2033.0, elevID,0,  pos,-1,  cmd, goto,0
2033.0, elevID,2,  pos,15,  cmd, goto,-2
2034.0,Elevator call,2033.6829780053977,0,-1,1,2, got allocated to elevator, 2
2035.0,Elevator call,2034.0703878283923,0,-1,1,2, got allocated to elevator, 2
2038.0,Elevator call,2037.5403520097275,0,-2,1,2, got allocated to elevator, 2
2041.0,Elevator call,2040.5403912392665,20,0,1,0, got allocated to elevator, 0
2044.0, elevID,0,  pos,0,  cmd, goto,0
2044.0, elevID,0,  pos,0,  cmd, goto,-1
2047.0, elevID,3,  pos,12,  cmd, goto,0
2048.0, elevID,1,  pos,13,  cmd, goto,0
2053.0,Elevator call,2052.1381634545337,0,19,1,2, got allocated to elevator, 2
2055.0, elevID,0,  pos,-1,  cmd, goto,0
2056.0,Elevator call,2055.2048584188574,0,15,1,0, got allocated to elevator, 0
2060.0, elevID,2,  pos,-2,  cmd, goto,-2
2060.0, elevID,2,  pos,-2,  cmd, goto,15
2066.0,Elev,0,  arrived at src, 0, Elevator call,2055.2048584188574,0,15,2,0
2066.0, elevID,0,  pos,0,  cmd, goto,0
2066.0, elevID,0,  pos,0,  cmd, goto,-1
2069.0, elevID,3,  pos,0,  cmd, goto,0
2069.0, elevID,3,  pos,0,  cmd, goto,12
2071.0, elevID,1,  pos,0,  cmd, goto,0
2071.0, elevID,1,  pos,0,  cmd, goto,13
2075.0,Elevator call,2074.827971861633,0,-2,1,1, got allocated to elevator, 1
2077.0, elevID,0,  pos,-1,  cmd, goto,0
2087.0, elevID,2,  pos,15,  cmd, goto,-2
2088.0, elevID,0,  pos,0,  cmd, goto,0
2088.0, elevID,0,  pos,0,  cmd, goto,-1
2091.0, elevID,3,  pos,12,  cmd, goto,0
2094.0, elevID,1,  pos,13,  cmd, goto,0
2095.0,Elevator call,2094.733112485749,0,7,1,0, got allocated to elevator, 0
2099.0, elevID,0,  pos,-1,  cmd, goto,0
2107.0,Elevator call,2106.798348438753,6,-2,1,3, got allocated to elevator, 3
2108.0,Elevator call,2107.243942145056,-2,14,1,3, got allocated to elevator, 3
2110.0,Elev,0,  arrived at src, 0, Elevator call,2094.733112485749,0,7,2,0
2110.0, elevID,0,  pos,0,  cmd, goto,0
2110.0, elevID,0,  pos,0,  cmd, goto,-1
2113.0, elevID,3,  pos,0,  cmd, goto,0
2113.0, elevID,3,  pos,0,  cmd, goto,12
2114.0, elevID,2,  pos,-2,  cmd, goto,-2
2114.0, elevID,2,  pos,-2,  cmd, goto,15
2117.0,Elev,1,  arrived at src, 0, Elevator call,2074.827971861633,0,-2,2,1
2117.0, elevID,1,  pos,0,  cmd, goto,0
2117.0, elevID,1,  pos,0,  cmd, goto,13
2121.0,Elevator call,2120.03235734159,0,-1,1,1, got allocated to elevator, 1
2121.0, elevID,0,  pos,-1,  cmd, goto,0
2122.0,Elevator call,2121.3783153766067,12,0,1,1, got allocated to elevator, 1
2130.0,Elevator call,2129.2611835497505,14,0,1,0, got allocated to elevator, 0
2132.0, elevID,0,  pos,0,  cmd, goto,0
2132.0, elevID,0,  pos,0,  cmd, goto,-1
2135.0, elevID,3,  pos,12,  cmd, goto,0
2140.0, elevID,1,  pos,13,  cmd, goto,0
2141.0, elevID,2,  pos,15,  cmd, goto,-2
2143.0, elevID,0,  pos,-1,  cmd, goto,0
2147.0,Elevator call,2146.043528234148,2,0,1,1, got allocated to elevator, 1
2147.0,Elevator call,2146.5467075788324,0,15,1,0, got allocated to elevator, 0
2154.0,Elev,0,  arrived at src, 0, Elevator call,2146.5467075788324,0,15,2,0
2154.0, elevID,0,  pos,0,  cmd, goto,0
2154.0, elevID,0,  pos,0,  cmd, goto,-1
2157.0, elevID,3,  pos,0,  cmd, goto,0
2157.0, elevID,3,  pos,0,  cmd, goto,12
2163.0,Elev,1,  arrived at src, 0, Elevator call,2120.03235734159,0,-1,2,1
2163.0, elevID,1,  pos,0,  cmd, goto,0
2163.0, elevID,1,  pos,0,  cmd, goto,13
2164.0,Elevator call,2163.3526366870346,8,0,1,1, got allocated to elevator, 1
2165.0, elevID,0,  pos,-1,  cmd, goto,0
2168.0, elevID,2,  pos,-2,  cmd, goto,-2
2168.0, elevID,2,  pos,-2,  cmd, goto,15
2175.0,Elevator call,2174.16323771391,14,0,1,2, got allocated to elevator, 2
2176.0, elevID,0,  pos,0,  cmd, goto,0
2176.0, elevID,0,  pos,0,  cmd, goto,-1
2179.0,Elevator call,2178.1451183918025,0,18,1,2, got allocated to elevator, 2
2179.0, elevID,3,  pos,12,  cmd, goto,0
2186.0,Elevator call,2185.3963906660806,2,-1,1,3, got allocated to elevator, 3
2186.0, elevID,1,  pos,13,  cmd, goto,0
2187.0, elevID,0,  pos,-1,  cmd, goto,0
2188.0,Elevator call,2187.657378164671,12,0,1,3, got allocated to elevator, 3
2195.0, elevID,2,  pos,15,  cmd, goto,-2
2197.0,Elevator call,2196.9779474754614,-1,6,1,3, got allocated to elevator, 3
2198.0, elevID,0,  pos,0,  cmd, goto,0
2198.0, elevID,0,  pos,0,  cmd, goto,-1
2201.0, elevID,3,  pos,0,  cmd, goto,0
2201.0, elevID,3,  pos,0,  cmd, goto,12
2209.0, elevID,0,  pos,-1,  cmd, goto,0
2209.0, elevID,1,  pos,0,  cmd, goto,0
2209.0, elevID,1,  pos,0,  cmd, goto,13
2220.0,Elevator call,2219.465030465447,0,-1,1,2, got allocated to elevator, 2
2220.0, elevID,0,  pos,0,  cmd, goto,0
2220.0, elevID,0,  pos,0,  cmd, goto,-1
2222.0,Elevator call,2221.536680482424,0,9,1,2, got allocated to elevator, 2
2222.0, elevID,2,  pos,-2,  cmd, goto,-2
2222.0, elevID,2,  pos,-2,  cmd, goto,15
2223.0,Elev,3,  arrived at src, 12, Elevator call,2187.657378164671,12,0,2,3
2223.0, elevID,3,  pos,12,  cmd, goto,0
2225.0,Elevator call,2224.6662018751736,0,2,1,2, got allocated to elevator, 2
2231.0,Elevator call,2230.7235109092044,3,0,1,3, got allocated to elevator, 3
2231.0, elevID,0,  pos,-1,  cmd, goto,0
2232.0, elevID,1,  pos,13,  cmd, goto,0
2233.0,Elevator call,2232.3214983791286,13,-2,1,3, got allocated to elevator, 3
2242.0,Elevator call,2241.170720452289,16,-2,1,3, got allocated to elevator, 3
2242.0, elevID,0,  pos,0,  cmd, goto,0
2242.0, elevID,0,  pos,0,  cmd, goto,-1
2245.0,Elev,3,  arrived at dest, 0, this call is done!, Elevator call,2187.657378164671,12,0,3,3, Done, dt, 57.34262183532883
2245.0, elevID,3,  pos,0,  cmd, goto,0
2245.0, elevID,3,  pos,0,  cmd, goto,12
2249.0, elevID,2,  pos,15,  cmd, goto,-2
2253.0, elevID,0,  pos,-1,  cmd, goto,0
2255.0,Elevator call,2254.3618219372593,0,5,1,0, got allocated to elevator, 0
2255.0, elevID,1,  pos,0,  cmd, goto,0
2255.0, elevID,1,  pos,0,  cmd, goto,13
2264.0,Elev,0,  arrived at src, 0, Elevator call,2254.3618219372593,0,5,2,0
2264.0, elevID,0,  pos,0,  cmd, goto,0
2264.0, elevID,0,  pos,0,  cmd, goto,-1
2267.0, elevID,3,  pos,12,  cmd, goto,0
2275.0, elevID,0,  pos,-1,  cmd, goto,0
2276.0, elevID,2,  pos,-2,  cmd, goto,-2
2276.0, elevID,2,  pos,-2,  cmd, goto,15
2278.0, elevID,1,  pos,13,  cmd, goto,0
2280.0,Elevator call,2279.9622007779158,4,0,1,1, got allocated to elevator, 1
2286.0, elevID,0,  pos,0,  cmd, goto,0
2286.0, elevID,0,  pos,0,  cmd, goto,-1
2289.0, elevID,3,  pos,0,  cmd, goto,0
2289.0, elevID,3,  pos,0,  cmd, goto,12
2295.0,Elevator call,2294.4424718164473,-2,0,1,1, got allocated to elevator, 1
2297.0, elevID,0,  pos,-1,  cmd, goto,0
2301.0, elevID,1,  pos,0,  cmd, goto,0
2301.0, elevID,1,  pos,0,  cmd, goto,13
2303.0, elevID,2,  pos,15,  cmd, goto,-2
2308.0, elevID,0,  pos,0,  cmd, goto,0
2308.0, elevID,0,  pos,0,  cmd, goto,-1
2311.0, elevID,3,  pos,12,  cmd, goto,0
2318.0,Elevator call,2317.8771053839428,-2,6,1,0, got allocated to elevator, 0
2319.0, elevID,0,  pos,-1,  cmd, goto,0
2323.0,Elevator call,2322.899527495319,-1,0,1,2, got allocated to elevator, 2
2324.0, elevID,1,  pos,13,  cmd, goto,0
2330.0, elevID,0,  pos,0,  cmd, goto,0
2330.0, elevID,0,  pos,0,  cmd, goto,-1
2330.0, elevID,2,  pos,-2,  cmd, goto,-2
2330.0, elevID,2,  pos,-2,  cmd, goto,15
2333.0, elevID,3,  pos,0,  cmd, goto,0
2333.0, elevID,3,  pos,0,  cmd, goto,12
2341.0,Elevator call,2340.1601898674744,14,0,1,1, got allocated to elevator, 1
2341.0, elevID,0,  pos,-1,  cmd, goto,0
2347.0, elevID,1,  pos,0,  cmd, goto,0
2347.0, elevID,1,  pos,0,  cmd, goto,13
2352.0, elevID,0,  pos,0,  cmd, goto,0
2352.0, elevID,0,  pos,0,  cmd, goto,-1
2355.0, elevID,3,  pos,12,  cmd, goto,0
2357.0, elevID,2,  pos,15,  cmd, goto,-2
2360.0,Elevator call,2359.4536108053444,-2,19,1,0, got allocated to elevator, 0
2363.0, elevID,0,  pos,-1,  cmd, goto,0
2370.0, elevID,1,  pos,13,  cmd, goto,0
2374.0,Elevator call,2373.781177200145,0,12,1,3, got allocated to elevator, 3
2374.0, elevID,0,  pos,0,  cmd, goto,0
2374.0, elevID,0,  pos,0,  cmd, goto,-1
2377.0,Elevator call,2376.2638468069654,0,12,1,2, got allocated to elevator, 2
2377.0,Elev,3,  arrived at src, 0, Elevator call,2373.781177200145,0,12,2,3
2377.0, elevID,3,  pos,0,  cmd, goto,0
2377.0, elevID,3,  pos,0,  cmd, goto,12
2379.0,Elevator call,2378.13998607122,18,0,1,3, got allocated to elevator, 3
2380.0,Elevator call,2379.7514952967376,-1,10,1,2, got allocated to elevator, 2
2384.0,Elevator call,2383.8229899074795,-2,0,1,1, got allocated to elevator, 1
2384.0, elevID,2,  pos,-2,  cmd, goto,-2
2384.0, elevID,2,  pos,-2,  cmd, goto,15
2385.0, elevID,0,  pos,-1,  cmd, goto,0
2388.0,Elevator call,2387.241648330506,-2,7,1,1, got allocated to elevator, 1
2391.0,Elevator call,2390.1445902747987,0,10,1,1, got allocated to elevator, 1
2393.0,Elev,1,  arrived at src, 0, Elevator call,2390.1445902747987,0,10,2,1
2393.0, elevID,1,  pos,0,  cmd, goto,0
2393.0, elevID,1,  pos,0,  cmd, goto,13
2395.0,Elevator call,2394.41599747194,-2,16,1,1, got allocated to elevator, 1
2396.0,Elevator call,2395.8785663049275,0,8,1,1, got allocated to elevator, 1
2396.0, elevID,0,  pos,0,  cmd, goto,0
2396.0, elevID,0,  pos,0,  cmd, goto,-1
2398.0,Elevator call,2397.7225060581127,3,0,1,1, got allocated to elevator, 1
2399.0,Elevator call,2398.4681711994945,10,-2,1,1, got allocated to elevator, 1
2399.0,Elev,3,  arrived at dest, 12, this call is done!, Elevator call,2373.781177200145,0,12,3,3, Done, dt, 25.218822799854934
2399.0, elevID,3,  pos,12,  cmd, goto,0
2400.0,Elevator call,2399.0243058960814,17,12,1,0, got allocated to elevator, 0
2406.0,Elevator call,2405.3879915923358,0,16,1,0, got allocated to elevator, 0
2407.0, elevID,0,  pos,-1,  cmd, goto,0
2411.0,Elevator call,2410.518570067554,18,5,1,3, got allocated to elevator, 3
2411.0, elevID,2,  pos,15,  cmd, goto,-2
2416.0, elevID,1,  pos,13,  cmd, goto,0
2418.0,Elev,0,  arrived at src, 0, Elevator call,2405.3879915923358,0,16,2,0
2418.0, elevID,0,  pos,0,  cmd, goto,0
2418.0, elevID,0,  pos,0,  cmd, goto,-1
2421.0, elevID,3,  pos,0,  cmd, goto,0
2421.0, elevID,3,  pos,0,  cmd, goto,12
2422.0,Elevator call,2421.638330965294,0,-2,1,1, got allocated to elevator, 1
2423.0,Elevator call,2422.047762487187,11,0,1,3, got allocated to elevator, 3
2427.0,Elevator call,2426.9353012743386,13,-1,1,3, got allocated to elevator, 3
2429.0, elevID,0,  pos,-1,  cmd, goto,0
2434.0,Elevator call,2433.0514032357246,7,-2,1,2, got allocated to elevator, 2
2438.0, elevID,2,  pos,-2,  cmd, goto,-2
2438.0, elevID,2,  pos,-2,  cmd, goto,15
2439.0,Elev,1,  arrived at src, 0, Elevator call,2395.8785663049275,0,8,2,1
2439.0,Elev,1,  arrived at src, 0, Elevator call,2421.638330965294,0,-2,2,1
2439.0, elevID,1,  pos,0,  cmd, goto,0
2439.0, elevID,1,  pos,0,  cmd, goto,13
2440.0,Elevator call,2439.8431014194407,0,-1,1,1, got allocated to elevator, 1
2440.0, elevID,0,  pos,0,  cmd, goto,0
2440.0, elevID,0,  pos,0,  cmd, goto,-1
2443.0,Elevator call,2442.6227976628834,0,-1,1,2, got allocated to elevator, 2
2443.0, elevID,3,  pos,12,  cmd, goto,0
2445.0,Elevator call,2444.3832905692334,-1,-2,1,0, got allocated to elevator, 0
2448.0,Elevator call,2447.435116341085,20,2,1,2, got allocated to elevator, 2
2448.0,Elevator call,2447.8692982438984,0,-1,1,3, got allocated to elevator, 3
2450.0,Elevator call,2449.118020548336,18,8,1,0, got allocated to elevator, 0
2451.0,Elev,0,  arrived at src, -1, Elevator call,2444.3832905692334,-1,-2,2,0
2451.0, elevID,0,  pos,-1,  cmd, goto,0
2462.0, elevID,0,  pos,0,  cmd, goto,0
2462.0, elevID,0,  pos,0,  cmd, goto,-1
2462.0, elevID,1,  pos,13,  cmd, goto,0
2464.0,Elevator call,2463.3545199987684,-1,-2,1,0, got allocated to elevator, 0
2465.0, elevID,2,  pos,15,  cmd, goto,-2
2465.0,Elev,3,  arrived at src, 0, Elevator call,2447.8692982438984,0,-1,2,3
2465.0, elevID,3,  pos,0,  cmd, goto,0
2465.0, elevID,3,  pos,0,  cmd, goto,12
2468.0,Elevator call,2467.302332462817,1,0,1,1, got allocated to elevator, 1
2473.0,Elev,0,  arrived at src, -1, Elevator call,2463.3545199987684,-1,-2,2,0
2473.0, elevID,0,  pos,-1,  cmd, goto,0
2479.0,Elevator call,2478.0322772670493,0,-1,1,1, got allocated to elevator, 1
2484.0, elevID,0,  pos,0,  cmd, goto,0
2484.0, elevID,0,  pos,0,  cmd, goto,-1
2485.0,Elev,1,  arrived at src, 0, Elevator call,2439.8431014194407,0,-1,2,1
2485.0,Elev,1,  arrived at src, 0, Elevator call,2478.0322772670493,0,-1,2,1
2485.0, elevID,1,  pos,0,  cmd, goto,0
2485.0, elevID,1,  pos,0,  cmd, goto,13
2487.0, elevID,3,  pos,12,  cmd, goto,0
2491.0,Elevator call,2490.3953829909597,1,-2,1,3, got allocated to elevator, 3
2492.0, elevID,2,  pos,-2,  cmd, goto,-2
2492.0, elevID,2,  pos,-2,  cmd, goto,15
2495.0, elevID,0,  pos,-1,  cmd, goto,0
2501.0,Elevator call,2500.7941977189357,0,-1,1,3, got allocated to elevator, 3
2503.0,Elevator call,2502.806357364092,0,18,1,0, got allocated to elevator, 0
2506.0,Elev,0,  arrived at src, 0, Elevator call,2502.806357364092,0,18,2,0
2506.0, elevID,0,  pos,0,  cmd, goto,0
2506.0, elevID,0,  pos,0,  cmd, goto,-1
2508.0, elevID,1,  pos,13,  cmd, goto,0
2509.0,Elev,3,  arrived at src, 0, Elevator call,2500.7941977189357,0,-1,2,3
2509.0, elevID,3,  pos,0,  cmd, goto,0
2509.0, elevID,3,  pos,0,  cmd, goto,12
2517.0, elevID,0,  pos,-1,  cmd, goto,0
2519.0, elevID,2,  pos,15,  cmd, goto,-2
2527.0,Elevator call,2526.277384105768,13,-1,1,1, got allocated to elevator, 1
2528.0, elevID,0,  pos,0,  cmd, goto,0
2528.0, elevID,0,  pos,0,  cmd, goto,-1
2531.0, elevID,1,  pos,0,  cmd, goto,0
2531.0, elevID,1,  pos,0,  cmd, goto,13
2531.0, elevID,3,  pos,12,  cmd, goto,0
2539.0,Elevator call,2538.4992621567803,0,-1,1,3, got allocated to elevator, 3
2539.0, elevID,0,  pos,-1,  cmd, goto,0
2543.0,Elevator call,2542.1700509997077,-1,-2,1,3, got allocated to elevator, 3
2544.0,Elevator call,2543.0478247984524,13,0,1,2, got allocated to elevator, 2
2546.0, elevID,2,  pos,-2,  cmd, goto,-2
2546.0, elevID,2,  pos,-2,  cmd, goto,15
2548.0,Elevator call,2547.157617575322,14,-1,1,2, got allocated to elevator, 2
2550.0, elevID,0,  pos,0,  cmd, goto,0
2550.0, elevID,0,  pos,0,  cmd, goto,-1
2553.0,Elev,3,  arrived at src, 0, Elevator call,2538.4992621567803,0,-1,2,3
2553.0, elevID,3,  pos,0,  cmd, goto,0
2553.0, elevID,3,  pos,0,  cmd, goto,12
2554.0,Elev,1,  arrived at src, 13, Elevator call,2526.277384105768,13,-1,2,1
2554.0, elevID,1,  pos,13,  cmd, goto,0
2558.0,Elevator call,2557.16991721484,0,11,1,3, got allocated to elevator, 3
2561.0, elevID,0,  pos,-1,  cmd, goto,0
2565.0,Elevator call,2564.1433162864314,4,0,1,1, got allocated to elevator, 1
2567.0,Elevator call,2566.8691097034225,12,0,1,0, got allocated to elevator, 0
2568.0,Elevator call,2567.6999159129373,19,-2,1,0, got allocated to elevator, 0
2572.0, elevID,0,  pos,0,  cmd, goto,0
2572.0, elevID,0,  pos,0,  cmd, goto,-1
2573.0, elevID,2,  pos,15,  cmd, goto,-2
2575.0, elevID,3,  pos,12,  cmd, goto,0
2577.0, elevID,1,  pos,0,  cmd, goto,0
2577.0, elevID,1,  pos,0,  cmd, goto,13
2583.0, elevID,0,  pos,-1,  cmd, goto,0
2594.0, elevID,0,  pos,0,  cmd, goto,0
2594.0, elevID,0,  pos,0,  cmd, goto,-1
2597.0,Elev,3,  arrived at src, 0, Elevator call,2557.16991721484,0,11,2,3
2597.0, elevID,3,  pos,0,  cmd, goto,0
2597.0, elevID,3,  pos,0,  cmd, goto,12
2599.0,Elevator call,2598.630298221444,0,-2,1,2, got allocated to elevator, 2
2600.0, elevID,1,  pos,13,  cmd, goto,0
2600.0, elevID,2,  pos,-2,  cmd, goto,-2
2600.0, elevID,2,  pos,-2,  cmd, goto,15
2602.0,Elevator call,2601.418036607822,20,0,1,2, got allocated to elevator, 2
2605.0, elevID,0,  pos,-1,  cmd, goto,0
2612.0,Elevator call,2611.476950047295,4,0,1,1, got allocated to elevator, 1
2613.0,Elevator call,2612.2071362421257,8,-2,1,0, got allocated to elevator, 0
2616.0, elevID,0,  pos,0,  cmd, goto,0
2616.0, elevID,0,  pos,0,  cmd, goto,-1
2619.0,Elevator call,2618.332370458634,1,0,1,1, got allocated to elevator, 1
2619.0, elevID,3,  pos,12,  cmd, goto,0
2620.0,Elevator call,2619.052570306915,-2,0,1,1, got allocated to elevator, 1
2622.0,Elevator call,2621.2009609587844,-2,0,1,1, got allocated to elevator, 1
2623.0, elevID,1,  pos,0,  cmd, goto,0
2623.0, elevID,1,  pos,0,  cmd, goto,13
2627.0, elevID,0,  pos,-1,  cmd, goto,0
2627.0, elevID,2,  pos,15,  cmd, goto,-2
2638.0,Elevator call,2637.4299364854637,13,0,1,3, got allocated to elevator, 3
2638.0, elevID,0,  pos,0,  cmd, goto,0
2638.0, elevID,0,  pos,0,  cmd, goto,-1
2639.0,Elevator call,2638.7086828856395,3,-2,1,2, got allocated to elevator, 2
2641.0, elevID,3,  pos,0,  cmd, goto,0
2641.0, elevID,3,  pos,0,  cmd, goto,12
2646.0, elevID,1,  pos,13,  cmd, goto,0
2649.0, elevID,0,  pos,-1,  cmd, goto,0
2654.0, elevID,2,  pos,-2,  cmd, goto,-2
2654.0, elevID,2,  pos,-2,  cmd, goto,15
2655.0,Elevator call,2654.3329927682726,20,0,1,2, got allocated to elevator, 2
2660.0, elevID,0,  pos,0,  cmd, goto,0
2660.0, elevID,0,  pos,0,  cmd, goto,-1
2663.0, elevID,3,  pos,12,  cmd, goto,0
2665.0,Elevator call,2664.710815831351,0,11,1,1, got allocated to elevator, 1
2669.0,Elev,1,  arrived at src, 0, Elevator call,2664.710815831351,0,11,2,1
2669.0, elevID,1,  pos,0,  cmd, goto,0
2669.0, elevID,1,  pos,0,  cmd, goto,13
2671.0, elevID,0,  pos,-1,  cmd, goto,0
2675.0,Elevator call,2674.0416723032395,2,0,1,3, got allocated to elevator, 3
2681.0, elevID,2,  pos,15,  cmd, goto,-2
2682.0,Elevator call,2681.5748691173508,7,16,1,0, got allocated to elevator, 0
2682.0, elevID,0,  pos,0,  cmd, goto,0
2682.0, elevID,0,  pos,0,  cmd, goto,-1
2685.0, elevID,3,  pos,0,  cmd, goto,0
2685.0, elevID,3,  pos,0,  cmd, goto,12
2692.0, elevID,1,  pos,13,  cmd, goto,0
2693.0, elevID,0,  pos,-1,  cmd, goto,0
2698.0,Elevator call,2697.03138109063,1,0,1,1, got allocated to elevator, 1
2704.0, elevID,0,  pos,0,  cmd, goto,0
2704.0, elevID,0,  pos,0,  cmd, goto,-1
2707.0, elevID,3,  pos,12,  cmd, goto,0
2708.0,Elevator call,2707.2369562874496,-2,-3,1,0, got allocated to elevator, 0
2708.0, elevID,2,  pos,-2,  cmd, goto,-2
2708.0, elevID,2,  pos,-2,  cmd, goto,15
2715.0, elevID,0,  pos,-1,  cmd, goto,0
2715.0, elevID,1,  pos,0,  cmd, goto,0
2715.0, elevID,1,  pos,0,  cmd, goto,13
2726.0, elevID,0,  pos,0,  cmd, goto,0
2726.0, elevID,0,  pos,0,  cmd, goto,-1
2729.0, elevID,3,  pos,0,  cmd, goto,0
2729.0, elevID,3,  pos,0,  cmd, goto,12
2735.0, elevID,2,  pos,15,  cmd, goto,-2
2737.0, elevID,0,  pos,-1,  cmd, goto,0
2738.0, elevID,1,  pos,13,  cmd, goto,0
2742.0,Elevator call,2741.296573070143,-2,14,1,0, got allocated to elevator, 0
2748.0, elevID,0,  pos,0,  cmd, goto,0
2748.0, elevID,0,  pos,0,  cmd, goto,-1
2751.0, elevID,3,  pos,12,  cmd, goto,0
2759.0, elevID,0,  pos,-1,  cmd, goto,0
2761.0, elevID,1,  pos,0,  cmd, goto,0
2761.0, elevID,1,  pos,0,  cmd, goto,13
2762.0, elevID,2,  pos,-2,  cmd, goto,-2
2762.0, elevID,2,  pos,-2,  cmd, goto,15
2770.0, elevID,0,  pos,0,  cmd, goto,0
2770.0, elevID,0,  pos,0,  cmd, goto,-1
2773.0, elevID,3,  pos,0,  cmd, goto,0
2773.0, elevID,3,  pos,0,  cmd, goto,12
2774.0,Elevator call,2773.683167721264,15,3,1,3, got allocated to elevator, 3
2774.0,Elevator call,2773.8220714880235,7,-1,1,3, got allocated to elevator, 3
2781.0, elevID,0,  pos,-1,  cmd, goto,0
2784.0, elevID,1,  pos,13,  cmd, goto,0
2788.0,Elevator call,2787.081034480574,18,-1,1,0, got allocated to elevator, 0
2789.0, elevID,2,  pos,15,  cmd, goto,-2
2792.0, elevID,0,  pos,0,  cmd, goto,0
2792.0, elevID,0,  pos,0,  cmd, goto,-1
2795.0, elevID,3,  pos,12,  cmd, goto,0
2803.0, elevID,0,  pos,-1,  cmd, goto,0
2806.0,Elevator call,2805.838888991666,-2,7,1,1, got allocated to elevator, 1
2807.0, elevID,1,  pos,0,  cmd, goto,0
2807.0, elevID,1,  pos,0,  cmd, goto,13
2814.0, elevID,0,  pos,0,  cmd, goto,0
2814.0, elevID,0,  pos,0,  cmd, goto,-1
2816.0, elevID,2,  pos,-2,  cmd, goto,-2
2816.0, elevID,2,  pos,-2,  cmd, goto,15
2817.0, elevID,3,  pos,0,  cmd, goto,0
2817.0, elevID,3,  pos,0,  cmd, goto,12
2819.0,Elevator call,2818.14643263412,14,0,1,2, got allocated to elevator, 2
2821.0,Elevator call,2820.3960110026246,20,-2,1,3, got allocated to elevator, 3
2825.0, elevID,0,  pos,-1,  cmd, goto,0
2828.0,Elevator call,2827.8628481914875,16,12,1,2, got allocated to elevator, 2
2830.0,Elevator call,2829.0363434020783,9,-1,1,0, got allocated to elevator, 0
2830.0, elevID,1,  pos,13,  cmd, goto,0
2835.0,Elevator call,2834.227618965505,8,0,1,1, got allocated to elevator, 1
2836.0, elevID,0,  pos,0,  cmd, goto,0
2836.0, elevID,0,  pos,0,  cmd, goto,-1
2839.0, elevID,3,  pos,12,  cmd, goto,0
2843.0, elevID,2,  pos,15,  cmd, goto,-2
2844.0,Elevator call,2843.66076345678,0,-2,1,1, got allocated to elevator, 1
2845.0,Elevator call,2844.0390257165845,3,0,1,2, got allocated to elevator, 2
2847.0, elevID,0,  pos,-1,  cmd, goto,0
2853.0,Elev,1,  arrived at src, 0, Elevator call,2843.66076345678,0,-2,2,1
2853.0, elevID,1,  pos,0,  cmd, goto,0
2853.0, elevID,1,  pos,0,  cmd, goto,13
2858.0, elevID,0,  pos,0,  cmd, goto,0
2858.0, elevID,0,  pos,0,  cmd, goto,-1
2861.0, elevID,3,  pos,0,  cmd, goto,0
2861.0, elevID,3,  pos,0,  cmd, goto,12
2863.0,Elevator call,2862.0687944501838,20,0,1,2, got allocated to elevator, 2
2869.0, elevID,0,  pos,-1,  cmd, goto,0
2870.0, elevID,2,  pos,-2,  cmd, goto,-2
2870.0, elevID,2,  pos,-2,  cmd, goto,15
2875.0,Elevator call,2874.76871708427,6,0,1,0, got allocated to elevator, 0
2876.0,Elevator call,2875.728652175877,-2,15,1,2, got allocated to elevator, 2
2876.0, elevID,1,  pos,13,  cmd, goto,0
2880.0, elevID,0,  pos,0,  cmd, goto,0
2880.0, elevID,0,  pos,0,  cmd, goto,-1
2883.0, elevID,3,  pos,12,  cmd, goto,0
2887.0,Elevator call,2886.7780741986526,6,-2,1,1, got allocated to elevator, 1
2891.0, elevID,0,  pos,-1,  cmd, goto,0
2896.0,Elevator call,2895.7750519621804,-1,-2,1,1, got allocated to elevator, 1
2897.0, elevID,2,  pos,15,  cmd, goto,-2
2899.0, elevID,1,  pos,0,  cmd, goto,0
2899.0, elevID,1,  pos,0,  cmd, goto,13
2901.0,Elevator call,2900.431707590713,-1,-2,1,2, got allocated to elevator, 2
2902.0, elevID,0,  pos,0,  cmd, goto,0
2902.0, elevID,0,  pos,0,  cmd, goto,-1
2905.0,Elevator call,2904.8293372438766,8,-1,1,2, got allocated to elevator, 2
2905.0, elevID,3,  pos,0,  cmd, goto,0
2905.0, elevID,3,  pos,0,  cmd, goto,12
2913.0, elevID,0,  pos,-1,  cmd, goto,0
2918.0,Elevator call,2917.608872169569,11,0,1,3, got allocated to elevator, 3
2921.0,Elevator call,2920.584401237239,0,-1,1,0, got allocated to elevator, 0
2922.0, elevID,1,  pos,13,  cmd, goto,0
2924.0,Elev,0,  arrived at src, 0, Elevator call,2920.584401237239,0,-1,2,0
2924.0, elevID,0,  pos,0,  cmd, goto,0
2924.0, elevID,0,  pos,0,  cmd, goto,-1
2924.0,Elev,2,  arrived at src, -2, Elevator call,2875.728652175877,-2,15,2,2
2924.0, elevID,2,  pos,-2,  cmd, goto,-2
2924.0, elevID,2,  pos,-2,  cmd, goto,15
2927.0, elevID,3,  pos,12,  cmd, goto,0
2935.0,Elev,0,  arrived at dest, -1, this call is done!, Elevator call,2920.584401237239,0,-1,3,0, Done, dt, 14.415598762760965
2935.0, elevID,0,  pos,-1,  cmd, goto,0
2939.0,Elevator call,2938.146119420455,11,-1,1,1, got allocated to elevator, 1
2944.0,Elevator call,2943.4590584950756,9,7,1,1, got allocated to elevator, 1
2945.0,Elevator call,2944.207987957163,14,4,1,3, got allocated to elevator, 3
2945.0, elevID,1,  pos,0,  cmd, goto,0
2945.0, elevID,1,  pos,0,  cmd, goto,13
2946.0,Elevator call,2945.6043821056865,0,9,1,1, got allocated to elevator, 1
2946.0, elevID,0,  pos,0,  cmd, goto,0
2946.0, elevID,0,  pos,0,  cmd, goto,-1
2947.0,Elevator call,2946.920514890693,12,-1,1,3, got allocated to elevator, 3
2949.0, elevID,3,  pos,0,  cmd, goto,0
2949.0, elevID,3,  pos,0,  cmd, goto,12
2951.0,Elev,2,  arrived at dest, 15, this call is done!, Elevator call,2875.728652175877,-2,15,3,2, Done, dt, 75.27134782412304
2951.0, elevID,2,  pos,15,  cmd, goto,-2
2957.0, elevID,0,  pos,-1,  cmd, goto,0
2959.0,Elevator call,2958.2461483307566,2,0,1,2, got allocated to elevator, 2
2959.0,Elevator call,2958.964174984712,7,0,1,2, got allocated to elevator, 2
2968.0, elevID,0,  pos,0,  cmd, goto,0
2968.0, elevID,0,  pos,0,  cmd, goto,-1
2968.0, elevID,1,  pos,13,  cmd, goto,0
2971.0,Elev,3,  arrived at src, 12, Elevator call,2946.920514890693,12,-1,2,3
2971.0, elevID,3,  pos,12,  cmd, goto,0
2972.0,Elevator call,2971.6470664510807,10,0,1,1, got allocated to elevator, 1
2973.0,Elevator call,2972.7286975708316,15,-2,1,0, got allocated to elevator, 0
2978.0, elevID,2,  pos,-2,  cmd, goto,-2
2978.0, elevID,2,  pos,-2,  cmd, goto,15
2979.0, elevID,0,  pos,-1,  cmd, goto,0
2983.0,Elevator call,2982.4038921139677,0,-2,1,1, got allocated to elevator, 1
2990.0, elevID,0,  pos,0,  cmd, goto,0
2990.0, elevID,0,  pos,0,  cmd, goto,-1
2991.0,Elev,1,  arrived at src, 0, Elevator call,2945.6043821056865,0,9,2,1
2991.0,Elev,1,  arrived at src, 0, Elevator call,2982.4038921139677,0,-2,2,1
2991.0, elevID,1,  pos,0,  cmd, goto,0
2991.0, elevID,1,  pos,0,  cmd, goto,13
2992.0,Elevator call,2991.8921386600255,13,0,1,3, got allocated to elevator, 3
2993.0, elevID,3,  pos,0,  cmd, goto,0
2993.0, elevID,3,  pos,0,  cmd, goto,12
2995.0,Elevator call,2994.0590371699163,14,-1,1,1, got allocated to elevator, 1
3001.0, elevID,0,  pos,-1,  cmd, goto,0
3005.0, elevID,2,  pos,15,  cmd, goto,-2
3012.0, elevID,0,  pos,0,  cmd, goto,0
3012.0, elevID,0,  pos,0,  cmd, goto,-1
3014.0, elevID,1,  pos,13,  cmd, goto,0
3015.0, elevID,3,  pos,12,  cmd, goto,0
3023.0, elevID,0,  pos,-1,  cmd, goto,0
3024.0,Elevator call,3023.4692349433917,0,13,1,0, got allocated to elevator, 0
3026.0,Elevator call,3025.3526240938145,1,-2,1,1, got allocated to elevator, 1
3032.0, elevID,2,  pos,-2,  cmd, goto,-2
3032.0, elevID,2,  pos,-2,  cmd, goto,15
3034.0,Elev,0,  arrived at src, 0, Elevator call,3023.4692349433917,0,13,2,0
3034.0, elevID,0,  pos,0,  cmd, goto,0
3034.0, elevID,0,  pos,0,  cmd, goto,-1
3037.0, elevID,1,  pos,0,  cmd, goto,0
3037.0, elevID,1,  pos,0,  cmd, goto,13
3037.0, elevID,3,  pos,0,  cmd, goto,0
3037.0, elevID,3,  pos,0,  cmd, goto,12
3045.0, elevID,0,  pos,-1,  cmd, goto,0
3050.0,Elevator call,3049.629128216686,-1,-2,1,0, got allocated to elevator, 0
3056.0, elevID,0,  pos,0,  cmd, goto,0
3056.0, elevID,0,  pos,0,  cmd, goto,-1
3059.0, elevID,2,  pos,15,  cmd, goto,-2
3059.0, elevID,3,  pos,12,  cmd, goto,0
3060.0,Elevator call,3059.428634128863,-2,3,1,0, got allocated to elevator, 0
3060.0, elevID,1,  pos,13,  cmd, goto,0
3067.0,Elev,0,  arrived at src, -1, Elevator call,3049.629128216686,-1,-2,2,0
3067.0, elevID,0,  pos,-1,  cmd, goto,0
3076.0,Elevator call,3075.120820110886,3,-2,1,3, got allocated to elevator, 3
3078.0, elevID,0,  pos,0,  cmd, goto,0
3078.0, elevID,0,  pos,0,  cmd, goto,-1
3081.0, elevID,3,  pos,0,  cmd, goto,0
3081.0, elevID,3,  pos,0,  cmd, goto,12
3083.0, elevID,1,  pos,0,  cmd, goto,0
3083.0, elevID,1,  pos,0,  cmd, goto,13
3086.0, elevID,2,  pos,-2,  cmd, goto,-2
3086.0, elevID,2,  pos,-2,  cmd, goto,15
3089.0, elevID,0,  pos,-1,  cmd, goto,0
3100.0, elevID,0,  pos,0,  cmd, goto,0
3100.0, elevID,0,  pos,0,  cmd, goto,-1
3102.0,Elevator call,3101.386930291006,-2,2,1,0, got allocated to elevator, 0
3103.0, elevID,3,  pos,12,  cmd, goto,0
3106.0, elevID,1,  pos,13,  cmd, goto,0
3111.0,Elevator call,3110.0158485826128,0,-1,1,1, got allocated to elevator, 1
3111.0, elevID,0,  pos,-1,  cmd, goto,0
3113.0, elevID,2,  pos,15,  cmd, goto,-2
3114.0,Elevator call,3113.030779557331,0,-2,1,1, got allocated to elevator, 1
3114.0,Elevator call,3113.910412649525,13,4,1,3, got allocated to elevator, 3
3117.0,Elevator call,3116.537004178288,11,-1,1,2, got allocated to elevator, 2
3122.0, elevID,0,  pos,0,  cmd, goto,0
3122.0, elevID,0,  pos,0,  cmd, goto,-1
3125.0, elevID,3,  pos,0,  cmd, goto,0
3125.0, elevID,3,  pos,0,  cmd, goto,12
3129.0,Elev,1,  arrived at src, 0, Elevator call,3110.0158485826128,0,-1,2,1
3129.0,Elev,1,  arrived at src, 0, Elevator call,3113.030779557331,0,-2,2,1
3129.0, elevID,1,  pos,0,  cmd, goto,0
3129.0, elevID,1,  pos,0,  cmd, goto,13
3133.0, elevID,0,  pos,-1,  cmd, goto,0
3134.0,Elevator call,3133.766119224859,10,0,1,2, got allocated to elevator, 2
3134.0,Elevator call,3133.819088567094,0,7,1,0, got allocated to elevator, 0
3140.0, elevID,2,  pos,-2,  cmd, goto,-2
3140.0, elevID,2,  pos,-2,  cmd, goto,15
3144.0,Elev,0,  arrived at src, 0, Elevator call,3133.819088567094,0,7,2,0
3144.0, elevID,0,  pos,0,  cmd, goto,0
3144.0, elevID,0,  pos,0,  cmd, goto,-1
3147.0, elevID,3,  pos,12,  cmd, goto,0
3152.0,Elevator call,3151.613776276552,20,19,1,0, got allocated to elevator, 0
3152.0, elevID,1,  pos,13,  cmd, goto,0
3154.0,Elevator call,3153.222867197947,-1,7,1,0, got allocated to elevator, 0
3155.0,Elev,0,  arrived at src, -1, Elevator call,3153.222867197947,-1,7,2,0
3155.0, elevID,0,  pos,-1,  cmd, goto,0
3160.0,Elevator call,3159.4678660380837,4,-1,1,1, got allocated to elevator, 1
3166.0, elevID,0,  pos,0,  cmd, goto,0
3166.0, elevID,0,  pos,0,  cmd, goto,-1
3167.0, elevID,2,  pos,15,  cmd, goto,-2
3169.0, elevID,3,  pos,0,  cmd, goto,0
3169.0, elevID,3,  pos,0,  cmd, goto,12
3175.0, elevID,1,  pos,0,  cmd, goto,0
3175.0, elevID,1,  pos,0,  cmd, goto,13
3177.0, elevID,0,  pos,-1,  cmd, goto,0
3188.0, elevID,0,  pos,0,  cmd, goto,0
3188.0, elevID,0,  pos,0,  cmd, goto,-1
3189.0,Elevator call,3188.0658377694995,-1,1,1,2, got allocated to elevator, 2
3189.0,Elevator call,3188.9007106348195,0,-1,1,2, got allocated to elevator, 2
3191.0, elevID,3,  pos,12,  cmd, goto,0
3192.0,Elevator call,3191.633997566205,-2,-1,1,2, got allocated to elevator, 2
3194.0,Elev,2,  arrived at src, -2, Elevator call,3191.633997566205,-2,-1,2,2
3194.0, elevID,2,  pos,-2,  cmd, goto,-2
3194.0, elevID,2,  pos,-2,  cmd, goto,15
3198.0, elevID,1,  pos,13,  cmd, goto,0
3199.0, elevID,0,  pos,-1,  cmd, goto,0
3209.0,Elevator call,3208.4796943822043,16,-2,1,3, got allocated to elevator, 3
3210.0, elevID,0,  pos,0,  cmd, goto,0
3210.0, elevID,0,  pos,0,  cmd, goto,-1
3213.0, elevID,3,  pos,0,  cmd, goto,0
3213.0, elevID,3,  pos,0,  cmd, goto,12
3214.0,Elevator call,3213.0763742127674,8,-2,1,3, got allocated to elevator, 3
3221.0, elevID,0,  pos,-1,  cmd, goto,0
3221.0, elevID,1,  pos,0,  cmd, goto,0
3221.0, elevID,1,  pos,0,  cmd, goto,13
3221.0, elevID,2,  pos,15,  cmd, goto,-2
3232.0, elevID,0,  pos,0,  cmd, goto,0
3232.0, elevID,0,  pos,0,  cmd, goto,-1
3234.0,Elevator call,3233.6496084741684,8,-1,1,0, got allocated to elevator, 0
3235.0, elevID,3,  pos,12,  cmd, goto,0
3243.0, elevID,0,  pos,-1,  cmd, goto,0
3244.0, elevID,1,  pos,13,  cmd, goto,0
3248.0, elevID,2,  pos,-2,  cmd, goto,-2
3248.0, elevID,2,  pos,-2,  cmd, goto,15
3254.0,Elevator call,3253.919892175599,7,0,1,1, got allocated to elevator, 1
3254.0, elevID,0,  pos,0,  cmd, goto,0
3254.0, elevID,0,  pos,0,  cmd, goto,-1
3257.0,Elevator call,3256.2986436672563,17,0,1,3, got allocated to elevator, 3
3257.0, elevID,3,  pos,0,  cmd, goto,0
3257.0, elevID,3,  pos,0,  cmd, goto,12
3260.0,Elevator call,3259.9142215307706,15,0,1,1, got allocated to elevator, 1
3265.0, elevID,0,  pos,-1,  cmd, goto,0
3267.0, elevID,1,  pos,0,  cmd, goto,0
3267.0, elevID,1,  pos,0,  cmd, goto,13
3274.0,Elevator call,3273.391151964396,20,0,1,1, got allocated to elevator, 1
3275.0, elevID,2,  pos,15,  cmd, goto,-2
3276.0, elevID,0,  pos,0,  cmd, goto,0
3276.0, elevID,0,  pos,0,  cmd, goto,-1
3278.0,Elevator call,3277.9398813904254,10,9,1,2, got allocated to elevator, 2
3279.0,Elevator call,3278.7262348762774,4,0,1,2, got allocated to elevator, 2
3279.0, elevID,3,  pos,12,  cmd, goto,0
3287.0, elevID,0,  pos,-1,  cmd, goto,0
3288.0,Elevator call,3287.5252167862673,3,0,1,2, got allocated to elevator, 2
3289.0,Elevator call,3288.104053145415,14,13,1,3, got allocated to elevator, 3
3290.0,Elevator call,3289.098903553297,1,14,1,0, got allocated to elevator, 0
3290.0, elevID,1,  pos,13,  cmd, goto,0
3298.0,Elevator call,3297.416606859175,20,-2,1,3, got allocated to elevator, 3
3298.0, elevID,0,  pos,0,  cmd, goto,0
3298.0, elevID,0,  pos,0,  cmd, goto,-1
3301.0, elevID,3,  pos,0,  cmd, goto,0
3301.0, elevID,3,  pos,0,  cmd, goto,12
3302.0, elevID,2,  pos,-2,  cmd, goto,-2
3302.0, elevID,2,  pos,-2,  cmd, goto,15
3309.0, elevID,0,  pos,-1,  cmd, goto,0
3313.0, elevID,1,  pos,0,  cmd, goto,0
3313.0, elevID,1,  pos,0,  cmd, goto,13
3320.0, elevID,0,  pos,0,  cmd, goto,0
3320.0, elevID,0,  pos,0,  cmd, goto,-1
3321.0,Elevator call,3320.4066654146523,0,-1,1,0, got allocated to elevator, 0
3323.0, elevID,3,  pos,12,  cmd, goto,0
3329.0, elevID,2,  pos,15,  cmd, goto,-2
3331.0,Elevator call,3330.156910309705,2,0,1,2, got allocated to elevator, 2
3331.0, elevID,0,  pos,-1,  cmd, goto,0
3334.0,Elevator call,3333.8432831826594,17,0,1,3, got allocated to elevator, 3
3336.0, elevID,1,  pos,13,  cmd, goto,0
3342.0,Elev,0,  arrived at src, 0, Elevator call,3320.4066654146523,0,-1,2,0
3342.0, elevID,0,  pos,0,  cmd, goto,0
3342.0, elevID,0,  pos,0,  cmd, goto,-1
3345.0, elevID,3,  pos,0,  cmd, goto,0
3345.0, elevID,3,  pos,0,  cmd, goto,12
3353.0,Elev,0,  arrived at dest, -1, this call is done!, Elevator call,3320.4066654146523,0,-1,3,0, Done, dt, 32.59333458534775
3353.0, elevID,0,  pos,-1,  cmd, goto,0
3356.0, elevID,2,  pos,-2,  cmd, goto,-2
3356.0, elevID,2,  pos,-2,  cmd, goto,15
3359.0,Elevator call,3358.6678313228704,-1,-2,1,1, got allocated to elevator, 1
3359.0, elevID,1,  pos,0,  cmd, goto,0
3359.0, elevID,1,  pos,0,  cmd, goto,13
3362.0,Elevator call,3361.888962895955,12,3,1,1, got allocated to elevator, 1
3364.0, elevID,0,  pos,0,  cmd, goto,0
3364.0, elevID,0,  pos,0,  cmd, goto,-1
3367.0,Elevator call,3366.4656977708864,20,-2,1,0, got allocated to elevator, 0
3367.0, elevID,3,  pos,12,  cmd, goto,0
3368.0,Elevator call,3367.638428158384,8,-1,1,3, got allocated to elevator, 3
3375.0, elevID,0,  pos,-1,  cmd, goto,0
3382.0, elevID,1,  pos,13,  cmd, goto,0
3383.0, elevID,2,  pos,15,  cmd, goto,-2
3386.0,Elevator call,3385.8833917378406,15,0,1,0, got allocated to elevator, 0
3386.0, elevID,0,  pos,0,  cmd, goto,0
3386.0, elevID,0,  pos,0,  cmd, goto,-1
3389.0,Elevator call,3388.4137627005866,8,2,1,1, got allocated to elevator, 1
3389.0, elevID,3,  pos,0,  cmd, goto,0
3389.0, elevID,3,  pos,0,  cmd, goto,12
3395.0,Elevator call,3394.987033397337,6,0,1,2, got allocated to elevator, 2
3397.0, elevID,0,  pos,-1,  cmd, goto,0
3405.0, elevID,1,  pos,0,  cmd, goto,0
3405.0, elevID,1,  pos,0,  cmd, goto,13
3408.0, elevID,0,  pos,0,  cmd, goto,0
3408.0, elevID,0,  pos,0,  cmd, goto,-1
3410.0, elevID,2,  pos,-2,  cmd, goto,-2
3410.0, elevID,2,  pos,-2,  cmd, goto,15
3411.0, elevID,3,  pos,12,  cmd, goto,0
3419.0,Elevator call,3418.8509131488263,1,0,1,3, got allocated to elevator, 3
3419.0, elevID,0,  pos,-1,  cmd, goto,0
3428.0, elevID,1,  pos,13,  cmd, goto,0
3430.0, elevID,0,  pos,0,  cmd, goto,0
3430.0, elevID,0,  pos,0,  cmd, goto,-1
3433.0, elevID,3,  pos,0,  cmd, goto,0
3433.0, elevID,3,  pos,0,  cmd, goto,12
3437.0, elevID,2,  pos,15,  cmd, goto,-2
3441.0, elevID,0,  pos,-1,  cmd, goto,0
3449.0,Elevator call,3448.4456421894647,9,-1,1,1, got allocated to elevator, 1
3451.0, elevID,1,  pos,0,  cmd, goto,0
3451.0, elevID,1,  pos,0,  cmd, goto,13
3452.0,Elevator call,3451.750826337353,7,0,1,1, got allocated to elevator, 1
3452.0, elevID,0,  pos,0,  cmd, goto,0
3452.0, elevID,0,  pos,0,  cmd, goto,-1
3453.0,Elevator call,3452.6704248820165,5,-1,1,2, got allocated to elevator, 2
3455.0, elevID,3,  pos,12,  cmd, goto,0
3460.0,Elevator call,3459.4036188763357,20,17,1,2, got allocated to elevator, 2
3463.0,Elevator call,3462.070628054928,20,-1,1,2, got allocated to elevator, 2
3463.0,Elevator call,3462.075199754012,12,0,1,0, got allocated to elevator, 0
3463.0, elevID,0,  pos,-1,  cmd, goto,0
3464.0, elevID,2,  pos,-2,  cmd, goto,-2
3464.0, elevID,2,  pos,-2,  cmd, goto,15
3472.0,Elevator call,3471.5025233652577,16,0,1,3, got allocated to elevator, 3
3474.0,Elevator call,3473.310881079986,14,0,1,0, got allocated to elevator, 0
3474.0, elevID,0,  pos,0,  cmd, goto,0
3474.0, elevID,0,  pos,0,  cmd, goto,-1
3474.0, elevID,1,  pos,13,  cmd, goto,0
3477.0, elevID,3,  pos,0,  cmd, goto,0
3477.0, elevID,3,  pos,0,  cmd, goto,12
3485.0, elevID,0,  pos,-1,  cmd, goto,0
3491.0, elevID,2,  pos,15,  cmd, goto,-2
3492.0,Elevator call,3491.642056360314,12,0,1,1, got allocated to elevator, 1
3496.0, elevID,0,  pos,0,  cmd, goto,0
3496.0, elevID,0,  pos,0,  cmd, goto,-1
3497.0, elevID,1,  pos,0,  cmd, goto,0
3497.0, elevID,1,  pos,0,  cmd, goto,13
3499.0, elevID,3,  pos,12,  cmd, goto,0
3503.0,Elevator call,3502.0915653681823,2,0,1,2, got allocated to elevator, 2
3507.0, elevID,0,  pos,-1,  cmd, goto,0
3514.0,Elevator call,3513.0100329913203,18,-2,1,3, got allocated to elevator, 3
3518.0, elevID,0,  pos,0,  cmd, goto,0
3518.0, elevID,0,  pos,0,  cmd, goto,-1
3518.0, elevID,2,  pos,-2,  cmd, goto,-2
3518.0, elevID,2,  pos,-2,  cmd, goto,15
3520.0, elevID,1,  pos,13,  cmd, goto,0
3521.0, elevID,3,  pos,0,  cmd, goto,0
3521.0, elevID,3,  pos,0,  cmd, goto,12
3523.0,Elevator call,3522.9330534833266,19,0,1,0, got allocated to elevator, 0
3524.0,Elevator call,3523.035780230918,2,-1,1,1, got allocated to elevator, 1
3529.0, elevID,0,  pos,-1,  cmd, goto,0
3534.0,Elevator call,3533.2398652773627,0,-1,1,1, got allocated to elevator, 1
3540.0, elevID,0,  pos,0,  cmd, goto,0
3540.0, elevID,0,  pos,0,  cmd, goto,-1
3543.0,Elev,1,  arrived at src, 0, Elevator call,3533.2398652773627,0,-1,2,1
3543.0, elevID,1,  pos,0,  cmd, goto,0
3543.0, elevID,1,  pos,0,  cmd, goto,13
3543.0, elevID,3,  pos,12,  cmd, goto,0
3544.0,Elevator call,3543.062466806994,10,0,1,3, got allocated to elevator, 3
3545.0, elevID,2,  pos,15,  cmd, goto,-2
3551.0, elevID,0,  pos,-1,  cmd, goto,0
3562.0, elevID,0,  pos,0,  cmd, goto,0
3562.0, elevID,0,  pos,0,  cmd, goto,-1
3565.0, elevID,3,  pos,0,  cmd, goto,0
3565.0, elevID,3,  pos,0,  cmd, goto,12
3566.0, elevID,1,  pos,13,  cmd, goto,0
3571.0,Elevator call,3570.3036949573066,-2,0,1,2, got allocated to elevator, 2
3572.0,Elev,2,  arrived at src, -2, Elevator call,3570.3036949573066,-2,0,2,2
3572.0, elevID,2,  pos,-2,  cmd, goto,-2
3572.0, elevID,2,  pos,-2,  cmd, goto,15
3573.0, elevID,0,  pos,-1,  cmd, goto,0
3584.0, elevID,0,  pos,0,  cmd, goto,0
3584.0, elevID,0,  pos,0,  cmd, goto,-1
3587.0, elevID,3,  pos,12,  cmd, goto,0
3589.0, elevID,1,  pos,0,  cmd, goto,0
3589.0, elevID,1,  pos,0,  cmd, goto,13
3590.0,Elevator call,3589.038047558616,2,0,1,3, got allocated to elevator, 3
3595.0, elevID,0,  pos,-1,  cmd, goto,0
3599.0, elevID,2,  pos,15,  cmd, goto,-2
3600.0,************* Simulation Ended ************
Code Owners,123456789,  Case,3,  Total waiting time: 666703.5382843332,  average waiting time per call: 1666.758845710833,  unCompleted calls,386,  certificate, -51172141098650
