**** The Simulator log: stage 2
0.0,OOP_Ex0_Elevator_Simulator
0.0,Simulated Building, ex0.simulator.Builging_A [-2,10]
0) ex0.simulator.Elevator_A, Elev_0, speed: 1.0, open/close: 2.0,  start/stop: 3.0
1) ex0.simulator.Elevator_A, Elev_1, speed: 1.0, open/close: 2.0,  start/stop: 3.0
0.0,Simulated Period starTime,0.0,  endTime,1000.0,  dt,1.0
0.0,Simulated  calls,Elevetor log, size: 100
0.0,**** Simulation starts!! ****
5.0,Elevator call,4.374727290393253,0,-1,1,0, got allocated to elevator, 0
5.0, elevID,0,  pos,-2,  cmd, goto,0
17.0,Elevator call,16.957882888088932,-1,0,1,1, got allocated to elevator, 1
17.0,Elev,0,  arrived at src, 0, Elevator call,4.374727290393253,0,-1,2,0
17.0, elevID,0,  pos,0,  cmd, goto,0
17.0, elevID,0,  pos,0,  cmd, goto,-1
17.0, elevID,1,  pos,-2,  cmd, goto,-1
23.0,Elevator call,22.094056301593582,0,-1,1,1, got allocated to elevator, 1
28.0,Elev,0,  arrived at dest, -1, this call is done!, Elevator call,4.374727290393253,0,-1,3,0, Done, dt, 23.625272709606747
28.0, elevID,0,  pos,-1,  cmd, goto,0
28.0,Elev,1,  arrived at src, -1, Elevator call,16.957882888088932,-1,0,2,1
28.0, elevID,1,  pos,-1,  cmd, goto,-1
28.0, elevID,1,  pos,-1,  cmd, goto,0
39.0, elevID,0,  pos,0,  cmd, goto,0
39.0, elevID,0,  pos,0,  cmd, goto,-1
39.0,Elev,1,  arrived at dest, 0, this call is done!, Elevator call,16.957882888088932,-1,0,3,1, Done, dt, 22.042117111911068
39.0,Elev,1,  arrived at src, 0, Elevator call,22.094056301593582,0,-1,2,1
39.0, elevID,1,  pos,0,  cmd, goto,-1
50.0, elevID,0,  pos,-1,  cmd, goto,0
50.0,Elev,1,  arrived at dest, -1, this call is done!, Elevator call,22.094056301593582,0,-1,3,1, Done, dt, 27.905943698406418
50.0, elevID,1,  pos,-1,  cmd, goto,-1
50.0, elevID,1,  pos,-1,  cmd, goto,0
61.0, elevID,0,  pos,0,  cmd, goto,0
61.0, elevID,0,  pos,0,  cmd, goto,-1
61.0, elevID,1,  pos,0,  cmd, goto,-1
72.0, elevID,0,  pos,-1,  cmd, goto,0
72.0, elevID,1,  pos,-1,  cmd, goto,-1
72.0, elevID,1,  pos,-1,  cmd, goto,0
83.0, elevID,0,  pos,0,  cmd, goto,0
83.0, elevID,0,  pos,0,  cmd, goto,-1
83.0, elevID,1,  pos,0,  cmd, goto,-1
86.0,Elevator call,85.5209666204754,3,2,1,0, got allocated to elevator, 0
92.0,Elevator call,91.21019413453945,-1,-2,1,1, got allocated to elevator, 1
94.0, elevID,0,  pos,-1,  cmd, goto,0
94.0,Elev,1,  arrived at src, -1, Elevator call,91.21019413453945,-1,-2,2,1
94.0, elevID,1,  pos,-1,  cmd, goto,-1
94.0, elevID,1,  pos,-1,  cmd, goto,0
105.0,Elevator call,104.13701241869234,0,4,1,0, got allocated to elevator, 0
105.0,Elev,0,  arrived at src, 0, Elevator call,104.13701241869234,0,4,2,0
105.0, elevID,0,  pos,0,  cmd, goto,0
105.0, elevID,0,  pos,0,  cmd, goto,-1
105.0, elevID,1,  pos,0,  cmd, goto,-1
110.0,Elevator call,109.21352909346587,-1,0,1,1, got allocated to elevator, 1
115.0,Elevator call,114.39235096774041,3,0,1,0, got allocated to elevator, 0
116.0, elevID,0,  pos,-1,  cmd, goto,0
116.0,Elev,1,  arrived at src, -1, Elevator call,109.21352909346587,-1,0,2,1
116.0, elevID,1,  pos,-1,  cmd, goto,-1
116.0, elevID,1,  pos,-1,  cmd, goto,0
125.0,Elevator call,124.42557095980362,0,9,1,1, got allocated to elevator, 1
127.0, elevID,0,  pos,0,  cmd, goto,0
127.0, elevID,0,  pos,0,  cmd, goto,-1
127.0,Elev,1,  arrived at dest, 0, this call is done!, Elevator call,109.21352909346587,-1,0,3,1, Done, dt, 17.786470906534134
127.0,Elev,1,  arrived at src, 0, Elevator call,124.42557095980362,0,9,2,1
127.0, elevID,1,  pos,0,  cmd, goto,-1
131.0,Elevator call,130.02495678190564,8,10,1,0, got allocated to elevator, 0
131.0,Elevator call,130.224911275492,-1,1,1,1, got allocated to elevator, 1
138.0,Elevator call,137.9515274326701,0,4,1,1, got allocated to elevator, 1
138.0, elevID,0,  pos,-1,  cmd, goto,0
138.0,Elev,1,  arrived at src, -1, Elevator call,130.224911275492,-1,1,2,1
138.0, elevID,1,  pos,-1,  cmd, goto,-1
138.0, elevID,1,  pos,-1,  cmd, goto,4
144.0,Elevator call,143.91335838799415,0,6,1,0, got allocated to elevator, 0
149.0,Elev,0,  arrived at src, 0, Elevator call,143.91335838799415,0,6,2,0
149.0, elevID,0,  pos,0,  cmd, goto,0
149.0, elevID,0,  pos,0,  cmd, goto,-1
153.0, elevID,1,  pos,4,  cmd, goto,-1
160.0, elevID,0,  pos,-1,  cmd, goto,0
168.0, elevID,1,  pos,-1,  cmd, goto,-1
168.0, elevID,1,  pos,-1,  cmd, goto,4
170.0,Elevator call,169.78458339380109,-1,0,1,0, got allocated to elevator, 0
171.0,Elevator call,170.0099620835246,0,6,1,1, got allocated to elevator, 1
171.0, elevID,0,  pos,0,  cmd, goto,0
171.0, elevID,0,  pos,0,  cmd, goto,-1
172.0,Elevator call,171.21173315221364,-1,8,1,0, got allocated to elevator, 0
175.0,Elevator call,174.84385152106802,0,-1,1,1, got allocated to elevator, 1
182.0,Elev,0,  arrived at src, -1, Elevator call,169.78458339380109,-1,0,2,0
182.0,Elev,0,  arrived at src, -1, Elevator call,171.21173315221364,-1,8,2,0
182.0, elevID,0,  pos,-1,  cmd, goto,0
183.0, elevID,1,  pos,4,  cmd, goto,-1
188.0,Elevator call,187.11678617348463,-1,-2,1,1, got allocated to elevator, 1
188.0,Elevator call,187.7299317966884,-1,-2,1,1, got allocated to elevator, 1
193.0,Elev,0,  arrived at dest, 0, this call is done!, Elevator call,169.78458339380109,-1,0,3,0, Done, dt, 23.215416606198914
193.0, elevID,0,  pos,0,  cmd, goto,0
193.0, elevID,0,  pos,0,  cmd, goto,-1
196.0,Elevator call,195.90869649656992,0,7,1,1, got allocated to elevator, 1
198.0,Elevator call,197.5359191292572,-1,1,1,0, got allocated to elevator, 0
198.0,Elev,1,  arrived at src, -1, Elevator call,187.11678617348463,-1,-2,2,1
198.0,Elev,1,  arrived at src, -1, Elevator call,187.7299317966884,-1,-2,2,1
198.0, elevID,1,  pos,-1,  cmd, goto,-1
198.0, elevID,1,  pos,-1,  cmd, goto,7
204.0,Elev,0,  arrived at src, -1, Elevator call,197.5359191292572,-1,1,2,0
204.0, elevID,0,  pos,-1,  cmd, goto,0
206.0,Elevator call,205.9895199338651,-1,0,1,0, got allocated to elevator, 0
215.0, elevID,0,  pos,0,  cmd, goto,0
215.0, elevID,0,  pos,0,  cmd, goto,-1
216.0, elevID,1,  pos,7,  cmd, goto,-1
226.0,Elev,0,  arrived at src, -1, Elevator call,205.9895199338651,-1,0,2,0
226.0, elevID,0,  pos,-1,  cmd, goto,0
228.0,Elevator call,227.0798304557929,-1,5,1,0, got allocated to elevator, 0
232.0,Elevator call,231.51578817426258,-1,0,1,0, got allocated to elevator, 0
233.0,Elevator call,232.95043623946805,0,-1,1,1, got allocated to elevator, 1
234.0, elevID,1,  pos,-1,  cmd, goto,-1
234.0, elevID,1,  pos,-1,  cmd, goto,7
237.0,Elev,0,  arrived at dest, 0, this call is done!, Elevator call,205.9895199338651,-1,0,3,0, Done, dt, 31.010480066134903
237.0, elevID,0,  pos,0,  cmd, goto,0
237.0, elevID,0,  pos,0,  cmd, goto,-1
248.0,Elev,0,  arrived at src, -1, Elevator call,227.0798304557929,-1,5,2,0
248.0,Elev,0,  arrived at src, -1, Elevator call,231.51578817426258,-1,0,2,0
248.0, elevID,0,  pos,-1,  cmd, goto,0
252.0,Elevator call,251.10444690749756,-1,-2,1,1, got allocated to elevator, 1
252.0,Elevator call,251.23593354161653,0,9,1,0, got allocated to elevator, 0
252.0, elevID,1,  pos,7,  cmd, goto,-1
255.0,Elevator call,254.69771525200505,3,4,1,0, got allocated to elevator, 0
258.0,Elevator call,257.7974435335086,-1,0,1,0, got allocated to elevator, 0
259.0,Elev,0,  arrived at dest, 0, this call is done!, Elevator call,231.51578817426258,-1,0,3,0, Done, dt, 27.484211825737418
259.0,Elev,0,  arrived at src, 0, Elevator call,251.23593354161653,0,9,2,0
259.0, elevID,0,  pos,0,  cmd, goto,0
259.0, elevID,0,  pos,0,  cmd, goto,-1
270.0,Elev,0,  arrived at src, -1, Elevator call,257.7974435335086,-1,0,2,0
270.0, elevID,0,  pos,-1,  cmd, goto,0
270.0,Elev,1,  arrived at src, -1, Elevator call,251.10444690749756,-1,-2,2,1
270.0, elevID,1,  pos,-1,  cmd, goto,-1
270.0, elevID,1,  pos,-1,  cmd, goto,7
281.0,Elev,0,  arrived at dest, 0, this call is done!, Elevator call,257.7974435335086,-1,0,3,0, Done, dt, 23.202556466491387
281.0, elevID,0,  pos,0,  cmd, goto,0
281.0, elevID,0,  pos,0,  cmd, goto,-1
288.0, elevID,1,  pos,7,  cmd, goto,-1
292.0, elevID,0,  pos,-1,  cmd, goto,0
296.0,Elevator call,295.7943356681491,0,1,1,0, got allocated to elevator, 0
303.0,Elev,0,  arrived at src, 0, Elevator call,295.7943356681491,0,1,2,0
303.0, elevID,0,  pos,0,  cmd, goto,0
303.0, elevID,0,  pos,0,  cmd, goto,-1
305.0,Elevator call,304.99843880775313,6,0,1,1, got allocated to elevator, 1
306.0, elevID,1,  pos,-1,  cmd, goto,-1
306.0, elevID,1,  pos,-1,  cmd, goto,7
310.0,Elevator call,309.30053828560517,0,-1,1,1, got allocated to elevator, 1
313.0,Elevator call,312.30185564398687,0,-1,1,1, got allocated to elevator, 1
314.0, elevID,0,  pos,-1,  cmd, goto,0
317.0,Elevator call,316.03237827404377,0,-1,1,1, got allocated to elevator, 1
320.0,Elevator call,319.90520204415634,6,5,1,0, got allocated to elevator, 0
321.0,Elevator call,320.97607492210807,-1,0,1,0, got allocated to elevator, 0
322.0,Elevator call,321.37040904796595,7,-1,1,0, got allocated to elevator, 0
324.0, elevID,1,  pos,7,  cmd, goto,-1
325.0, elevID,0,  pos,0,  cmd, goto,0
325.0, elevID,0,  pos,0,  cmd, goto,-1
333.0,Elevator call,332.4267319393355,0,10,1,0, got allocated to elevator, 0
336.0,Elev,0,  arrived at src, -1, Elevator call,320.97607492210807,-1,0,2,0
336.0, elevID,0,  pos,-1,  cmd, goto,0
337.0,Elevator call,336.93043046159545,-1,0,1,1, got allocated to elevator, 1
342.0,Elev,1,  arrived at src, -1, Elevator call,336.93043046159545,-1,0,2,1
342.0, elevID,1,  pos,-1,  cmd, goto,-1
342.0, elevID,1,  pos,-1,  cmd, goto,7
347.0,Elev,0,  arrived at dest, 0, this call is done!, Elevator call,320.97607492210807,-1,0,3,0, Done, dt, 26.02392507789193
347.0,Elev,0,  arrived at src, 0, Elevator call,332.4267319393355,0,10,2,0
347.0, elevID,0,  pos,0,  cmd, goto,0
347.0, elevID,0,  pos,0,  cmd, goto,-1
358.0, elevID,0,  pos,-1,  cmd, goto,0
360.0, elevID,1,  pos,7,  cmd, goto,-1
369.0, elevID,0,  pos,0,  cmd, goto,0
369.0, elevID,0,  pos,0,  cmd, goto,-1
376.0,Elevator call,375.49048095381363,1,0,1,1, got allocated to elevator, 1
378.0, elevID,1,  pos,-1,  cmd, goto,-1
378.0, elevID,1,  pos,-1,  cmd, goto,7
380.0, elevID,0,  pos,-1,  cmd, goto,0
391.0, elevID,0,  pos,0,  cmd, goto,0
391.0, elevID,0,  pos,0,  cmd, goto,-1
393.0,Elevator call,392.5160764870397,0,5,1,0, got allocated to elevator, 0
396.0, elevID,1,  pos,7,  cmd, goto,-1
402.0, elevID,0,  pos,-1,  cmd, goto,0
406.0,Elevator call,405.1821140884023,-1,10,1,1, got allocated to elevator, 1
413.0,Elev,0,  arrived at src, 0, Elevator call,392.5160764870397,0,5,2,0
413.0, elevID,0,  pos,0,  cmd, goto,0
413.0, elevID,0,  pos,0,  cmd, goto,-1
414.0,Elev,1,  arrived at src, -1, Elevator call,405.1821140884023,-1,10,2,1
414.0, elevID,1,  pos,-1,  cmd, goto,-1
414.0, elevID,1,  pos,-1,  cmd, goto,7
424.0, elevID,0,  pos,-1,  cmd, goto,0
427.0,Elevator call,426.8615805478589,2,0,1,0, got allocated to elevator, 0
432.0, elevID,1,  pos,7,  cmd, goto,-1
435.0, elevID,0,  pos,0,  cmd, goto,0
435.0, elevID,0,  pos,0,  cmd, goto,-1
438.0,Elevator call,437.17111576125836,1,0,1,0, got allocated to elevator, 0
446.0, elevID,0,  pos,-1,  cmd, goto,0
450.0, elevID,1,  pos,-1,  cmd, goto,-1
450.0, elevID,1,  pos,-1,  cmd, goto,7
457.0, elevID,0,  pos,0,  cmd, goto,0
457.0, elevID,0,  pos,0,  cmd, goto,-1
468.0, elevID,0,  pos,-1,  cmd, goto,0
468.0, elevID,1,  pos,7,  cmd, goto,-1
473.0,Elevator call,472.7445473930129,10,-1,1,0, got allocated to elevator, 0
479.0, elevID,0,  pos,0,  cmd, goto,0
479.0, elevID,0,  pos,0,  cmd, goto,-1
486.0, elevID,1,  pos,-1,  cmd, goto,-1
486.0, elevID,1,  pos,-1,  cmd, goto,7
490.0, elevID,0,  pos,-1,  cmd, goto,0
501.0,Elevator call,500.3712044996745,8,-1,1,0, got allocated to elevator, 0
501.0, elevID,0,  pos,0,  cmd, goto,0
501.0, elevID,0,  pos,0,  cmd, goto,-1
504.0,Elevator call,503.13847841893045,1,-1,1,1, got allocated to elevator, 1
504.0, elevID,1,  pos,7,  cmd, goto,-1
505.0,Elevator call,504.4317942159655,0,-1,1,1, got allocated to elevator, 1
512.0, elevID,0,  pos,-1,  cmd, goto,0
522.0, elevID,1,  pos,-1,  cmd, goto,-1
522.0, elevID,1,  pos,-1,  cmd, goto,7
523.0, elevID,0,  pos,0,  cmd, goto,0
523.0, elevID,0,  pos,0,  cmd, goto,-1
530.0,Elevator call,529.6277472128405,3,-1,1,1, got allocated to elevator, 1
534.0, elevID,0,  pos,-1,  cmd, goto,0
538.0,Elevator call,537.7866883694313,-1,6,1,0, got allocated to elevator, 0
540.0, elevID,1,  pos,7,  cmd, goto,-1
545.0,Elevator call,544.7880392034898,6,-1,1,0, got allocated to elevator, 0
545.0, elevID,0,  pos,0,  cmd, goto,0
545.0, elevID,0,  pos,0,  cmd, goto,-1
555.0,Elevator call,554.0892922920482,4,0,1,1, got allocated to elevator, 1
556.0,Elev,0,  arrived at src, -1, Elevator call,537.7866883694313,-1,6,2,0
556.0, elevID,0,  pos,-1,  cmd, goto,0
558.0,Elevator call,557.2441390036331,10,0,1,1, got allocated to elevator, 1
558.0, elevID,1,  pos,-1,  cmd, goto,-1
558.0, elevID,1,  pos,-1,  cmd, goto,7
566.0,Elevator call,565.0195521745534,0,-1,1,1, got allocated to elevator, 1
567.0, elevID,0,  pos,0,  cmd, goto,0
567.0, elevID,0,  pos,0,  cmd, goto,-1
576.0, elevID,1,  pos,7,  cmd, goto,-1
578.0, elevID,0,  pos,-1,  cmd, goto,0
582.0,Elevator call,581.8703090238192,0,3,1,0, got allocated to elevator, 0
589.0,Elev,0,  arrived at src, 0, Elevator call,581.8703090238192,0,3,2,0
589.0, elevID,0,  pos,0,  cmd, goto,0
589.0, elevID,0,  pos,0,  cmd, goto,-1
594.0, elevID,1,  pos,-1,  cmd, goto,-1
594.0, elevID,1,  pos,-1,  cmd, goto,7
597.0,Elevator call,596.1232022872633,8,0,1,1, got allocated to elevator, 1
600.0, elevID,0,  pos,-1,  cmd, goto,0
601.0,Elevator call,600.9312879686208,1,0,1,1, got allocated to elevator, 1
604.0,Elevator call,603.9342326983083,7,0,1,0, got allocated to elevator, 0
611.0, elevID,0,  pos,0,  cmd, goto,0
611.0, elevID,0,  pos,0,  cmd, goto,-1
612.0, elevID,1,  pos,7,  cmd, goto,-1
618.0,Elevator call,617.9628338542149,0,3,1,0, got allocated to elevator, 0
620.0,Elevator call,619.6454196970012,9,0,1,1, got allocated to elevator, 1
622.0, elevID,0,  pos,-1,  cmd, goto,0
627.0,Elevator call,626.2116172047942,0,1,1,0, got allocated to elevator, 0
630.0, elevID,1,  pos,-1,  cmd, goto,-1
630.0, elevID,1,  pos,-1,  cmd, goto,7
633.0,Elev,0,  arrived at src, 0, Elevator call,617.9628338542149,0,3,2,0
633.0,Elev,0,  arrived at src, 0, Elevator call,626.2116172047942,0,1,2,0
633.0, elevID,0,  pos,0,  cmd, goto,0
633.0, elevID,0,  pos,0,  cmd, goto,-1
644.0,Elevator call,643.8547514955396,-1,2,1,0, got allocated to elevator, 0
644.0,Elev,0,  arrived at src, -1, Elevator call,643.8547514955396,-1,2,2,0
644.0, elevID,0,  pos,-1,  cmd, goto,0
648.0, elevID,1,  pos,7,  cmd, goto,-1
655.0, elevID,0,  pos,0,  cmd, goto,0
655.0, elevID,0,  pos,0,  cmd, goto,-1
661.0,Elevator call,660.0732907797126,6,10,1,1, got allocated to elevator, 1
662.0,Elevator call,661.0420820268716,-1,3,1,1, got allocated to elevator, 1
663.0,Elevator call,662.1730527520776,-1,5,1,1, got allocated to elevator, 1
666.0,Elevator call,665.1155548533167,-1,8,1,1, got allocated to elevator, 1
666.0, elevID,0,  pos,-1,  cmd, goto,0
666.0,Elev,1,  arrived at src, -1, Elevator call,661.0420820268716,-1,3,2,1
666.0,Elev,1,  arrived at src, -1, Elevator call,662.1730527520776,-1,5,2,1
666.0,Elev,1,  arrived at src, -1, Elevator call,665.1155548533167,-1,8,2,1
666.0, elevID,1,  pos,-1,  cmd, goto,-1
666.0, elevID,1,  pos,-1,  cmd, goto,7
667.0,Elevator call,666.0340294605869,4,0,1,0, got allocated to elevator, 0
667.0,Elevator call,666.2411586665262,5,-1,1,1, got allocated to elevator, 1
673.0,Elevator call,672.677314157026,0,-1,1,1, got allocated to elevator, 1
677.0, elevID,0,  pos,0,  cmd, goto,0
677.0, elevID,0,  pos,0,  cmd, goto,-1
678.0,Elevator call,677.7341948387335,0,-1,1,1, got allocated to elevator, 1
679.0,Elevator call,678.9953584914538,-1,-2,1,1, got allocated to elevator, 1
684.0, elevID,1,  pos,7,  cmd, goto,-1
688.0, elevID,0,  pos,-1,  cmd, goto,0
696.0,Elevator call,695.2239881566923,0,10,1,0, got allocated to elevator, 0
699.0,Elev,0,  arrived at src, 0, Elevator call,695.2239881566923,0,10,2,0
699.0, elevID,0,  pos,0,  cmd, goto,0
699.0, elevID,0,  pos,0,  cmd, goto,-1
702.0,Elev,1,  arrived at src, -1, Elevator call,678.9953584914538,-1,-2,2,1
702.0, elevID,1,  pos,-1,  cmd, goto,-1
702.0, elevID,1,  pos,-1,  cmd, goto,7
707.0,Elevator call,706.1583474999188,-1,-2,1,0, got allocated to elevator, 0
710.0,Elev,0,  arrived at src, -1, Elevator call,706.1583474999188,-1,-2,2,0
710.0, elevID,0,  pos,-1,  cmd, goto,0
711.0,Elevator call,710.3249770041223,0,1,1,0, got allocated to elevator, 0
714.0,Elevator call,713.0191971398395,1,0,1,1, got allocated to elevator, 1
714.0,Elevator call,713.2499766424826,10,-1,1,0, got allocated to elevator, 0
720.0, elevID,1,  pos,7,  cmd, goto,-1
721.0,Elev,0,  arrived at src, 0, Elevator call,710.3249770041223,0,1,2,0
721.0, elevID,0,  pos,0,  cmd, goto,0
721.0, elevID,0,  pos,0,  cmd, goto,-1
723.0,Elevator call,722.6161212799507,10,0,1,0, got allocated to elevator, 0
728.0,Elevator call,727.514602863032,-1,0,1,0, got allocated to elevator, 0
732.0,Elev,0,  arrived at src, -1, Elevator call,727.514602863032,-1,0,2,0
732.0, elevID,0,  pos,-1,  cmd, goto,0
733.0,Elevator call,732.9746341348998,6,-1,1,1, got allocated to elevator, 1
738.0,Elevator call,737.314720213409,1,0,1,1, got allocated to elevator, 1
738.0, elevID,1,  pos,-1,  cmd, goto,-1
738.0, elevID,1,  pos,-1,  cmd, goto,7
743.0,Elev,0,  arrived at dest, 0, this call is done!, Elevator call,727.514602863032,-1,0,3,0, Done, dt, 15.485397136968004
743.0, elevID,0,  pos,0,  cmd, goto,0
743.0, elevID,0,  pos,0,  cmd, goto,-1
754.0, elevID,0,  pos,-1,  cmd, goto,0
756.0, elevID,1,  pos,7,  cmd, goto,-1
765.0, elevID,0,  pos,0,  cmd, goto,0
765.0, elevID,0,  pos,0,  cmd, goto,-1
774.0, elevID,1,  pos,-1,  cmd, goto,-1
774.0, elevID,1,  pos,-1,  cmd, goto,7
776.0, elevID,0,  pos,-1,  cmd, goto,0
780.0,Elevator call,779.399691386574,-1,5,1,1, got allocated to elevator, 1
787.0, elevID,0,  pos,0,  cmd, goto,0
787.0, elevID,0,  pos,0,  cmd, goto,-1
792.0, elevID,1,  pos,7,  cmd, goto,-1
798.0, elevID,0,  pos,-1,  cmd, goto,0
806.0,Elevator call,805.6754743307536,-1,-2,1,0, got allocated to elevator, 0
809.0, elevID,0,  pos,0,  cmd, goto,0
809.0, elevID,0,  pos,0,  cmd, goto,-1
810.0,Elev,1,  arrived at src, -1, Elevator call,779.399691386574,-1,5,2,1
810.0, elevID,1,  pos,-1,  cmd, goto,-1
810.0, elevID,1,  pos,-1,  cmd, goto,7
811.0,Elevator call,810.4469089359914,2,0,1,0, got allocated to elevator, 0
817.0,Elevator call,816.1516998390152,7,-1,1,1, got allocated to elevator, 1
820.0,Elev,0,  arrived at src, -1, Elevator call,805.6754743307536,-1,-2,2,0
820.0, elevID,0,  pos,-1,  cmd, goto,0
826.0,Elevator call,825.4575184586336,7,0,1,0, got allocated to elevator, 0
828.0,Elev,1,  arrived at src, 7, Elevator call,816.1516998390152,7,-1,2,1
828.0, elevID,1,  pos,7,  cmd, goto,-1
831.0, elevID,0,  pos,0,  cmd, goto,0
831.0, elevID,0,  pos,0,  cmd, goto,-1
840.0,Elevator call,839.8525652620532,0,1,1,0, got allocated to elevator, 0
842.0, elevID,0,  pos,-1,  cmd, goto,0
846.0,Elev,1,  arrived at dest, -1, this call is done!, Elevator call,816.1516998390152,7,-1,3,1, Done, dt, 29.848300160984763
846.0, elevID,1,  pos,-1,  cmd, goto,-1
846.0, elevID,1,  pos,-1,  cmd, goto,7
853.0,Elev,0,  arrived at src, 0, Elevator call,839.8525652620532,0,1,2,0
853.0, elevID,0,  pos,0,  cmd, goto,0
853.0, elevID,0,  pos,0,  cmd, goto,-1
855.0,Elevator call,854.2002278085795,6,-1,1,0, got allocated to elevator, 0
864.0,Elevator call,863.893291272948,0,-1,1,1, got allocated to elevator, 1
864.0, elevID,0,  pos,-1,  cmd, goto,0
864.0, elevID,1,  pos,7,  cmd, goto,-1
871.0,Elevator call,870.5053023797483,0,7,1,0, got allocated to elevator, 0
875.0,Elev,0,  arrived at src, 0, Elevator call,870.5053023797483,0,7,2,0
875.0, elevID,0,  pos,0,  cmd, goto,0
875.0, elevID,0,  pos,0,  cmd, goto,-1
882.0, elevID,1,  pos,-1,  cmd, goto,-1
882.0, elevID,1,  pos,-1,  cmd, goto,7
886.0, elevID,0,  pos,-1,  cmd, goto,0
887.0,Elevator call,886.5649993239458,-1,-2,1,1, got allocated to elevator, 1
893.0,Elevator call,892.5212150591021,9,-1,1,0, got allocated to elevator, 0
897.0, elevID,0,  pos,0,  cmd, goto,0
897.0, elevID,0,  pos,0,  cmd, goto,-1
900.0, elevID,1,  pos,7,  cmd, goto,-1
908.0, elevID,0,  pos,-1,  cmd, goto,0
911.0,Elevator call,910.5388559417848,6,5,1,1, got allocated to elevator, 1
916.0,Elevator call,915.9490574608818,4,-1,1,1, got allocated to elevator, 1
918.0,Elev,1,  arrived at src, -1, Elevator call,886.5649993239458,-1,-2,2,1
918.0, elevID,1,  pos,-1,  cmd, goto,-1
918.0, elevID,1,  pos,-1,  cmd, goto,7
919.0, elevID,0,  pos,0,  cmd, goto,0
919.0, elevID,0,  pos,0,  cmd, goto,-1
930.0, elevID,0,  pos,-1,  cmd, goto,0
934.0,Elevator call,933.8580452488764,7,5,1,0, got allocated to elevator, 0
936.0, elevID,1,  pos,7,  cmd, goto,-1
941.0, elevID,0,  pos,0,  cmd, goto,0
941.0, elevID,0,  pos,0,  cmd, goto,-1
952.0, elevID,0,  pos,-1,  cmd, goto,0
954.0, elevID,1,  pos,-1,  cmd, goto,-1
954.0, elevID,1,  pos,-1,  cmd, goto,7
962.0,Elevator call,961.6862855708133,6,-1,1,1, got allocated to elevator, 1
963.0, elevID,0,  pos,0,  cmd, goto,0
963.0, elevID,0,  pos,0,  cmd, goto,-1
972.0, elevID,1,  pos,7,  cmd, goto,-1
973.0,Elevator call,972.8032126022729,1,0,1,1, got allocated to elevator, 1
974.0, elevID,0,  pos,-1,  cmd, goto,0
976.0,Elevator call,975.8361202753667,0,-1,1,1, got allocated to elevator, 1
979.0,Elevator call,978.5925148564796,10,0,1,0, got allocated to elevator, 0
979.0,Elevator call,978.6210500641439,10,-1,1,0, got allocated to elevator, 0
985.0,Elevator call,984.1840185574983,7,0,1,1, got allocated to elevator, 1
985.0, elevID,0,  pos,0,  cmd, goto,0
985.0, elevID,0,  pos,0,  cmd, goto,-1
990.0, elevID,1,  pos,-1,  cmd, goto,-1
990.0, elevID,1,  pos,-1,  cmd, goto,7
996.0, elevID,0,  pos,-1,  cmd, goto,0
1000.0,************* Simulation Ended ************
Code Owners,207051707,208785154,  Case,2,  Total waiting time: 41876.792822120195,  average waiting time per call: 418.76792822120194,  unCompleted calls,89,  certificate, -32792834842
