**** The Simulator log: stage 2
0.0,OOP_Ex0_Elevator_Simulator
0.0,Simulated Building, ex0.simulator.Builging_A [-2,10]
0) ex0.simulator.Elevator_A, Elev_0, speed: 1.0, open/close: 2.0,  start/stop: 3.0
1) ex0.simulator.Elevator_A, Elev_1, speed: 1.0, open/close: 2.0,  start/stop: 3.0
0.0,Simulated Period starTime,0.0,  endTime,1000.0,  dt,1.0
0.0,Simulated  calls,Elevetor log, size: 100
0.0,**** Simulation starts!! ****
5.0,Elevator call,4.374727290393253,0,-1,1,0, got allocated to elevator, 0
5.0, elevID,0,  pos,-2,  cmd, goto,0
17.0,Elevator call,16.957882888088932,-1,0,1,0, got allocated to elevator, 0
17.0,Elev,0,  arrived at src, 0, Elevator call,4.374727290393253,0,-1,2,0
17.0, elevID,0,  pos,0,  cmd, goto,-1
23.0,Elevator call,22.094056301593582,0,-1,1,0, got allocated to elevator, 0
28.0,Elev,0,  arrived at dest, -1, this call is done!, Elevator call,4.374727290393253,0,-1,3,0, Done, dt, 23.625272709606747
28.0,Elev,0,  arrived at src, -1, Elevator call,16.957882888088932,-1,0,2,0
86.0,Elevator call,85.5209666204754,3,2,1,0, got allocated to elevator, 0
86.0, elevID,0,  pos,-1,  cmd, goto,3
92.0,Elevator call,91.21019413453945,-1,-2,1,0, got allocated to elevator, 0
100.0,Elev,0,  arrived at src, 3, Elevator call,85.5209666204754,3,2,2,0
105.0,Elevator call,104.13701241869234,0,4,1,1, got allocated to elevator, 1
105.0, elevID,1,  pos,-2,  cmd, goto,0
110.0,Elevator call,109.21352909346587,-1,0,1,1, got allocated to elevator, 1
115.0,Elevator call,114.39235096774041,3,0,1,0, got allocated to elevator, 0
115.0,Elev,0,  arrived at src, 3, Elevator call,114.39235096774041,3,0,2,0
115.0, elevID,0,  pos,3,  cmd, goto,3
115.0, elevID,0,  pos,3,  cmd, goto,0
117.0,Elev,1,  arrived at src, 0, Elevator call,104.13701241869234,0,4,2,1
125.0,Elevator call,124.42557095980362,0,9,1,0, got allocated to elevator, 0
128.0,Elev,0,  arrived at dest, 0, this call is done!, Elevator call,16.957882888088932,-1,0,3,0, Done, dt, 111.04211711191107
128.0,Elev,0,  arrived at src, 0, Elevator call,22.094056301593582,0,-1,2,0
128.0,Elev,0,  arrived at dest, 0, this call is done!, Elevator call,114.39235096774041,3,0,3,0, Done, dt, 13.607649032259587
128.0,Elev,0,  arrived at src, 0, Elevator call,124.42557095980362,0,9,2,0
131.0,Elevator call,130.02495678190564,8,10,1,0, got allocated to elevator, 0
131.0,Elevator call,130.224911275492,-1,1,1,1, got allocated to elevator, 1
131.0, elevID,0,  pos,0,  cmd, goto,8
131.0, elevID,1,  pos,0,  cmd, goto,-1
138.0,Elevator call,137.9515274326701,0,4,1,1, got allocated to elevator, 1
142.0,Elev,1,  arrived at src, -1, Elevator call,109.21352909346587,-1,0,2,1
142.0,Elev,1,  arrived at src, -1, Elevator call,130.224911275492,-1,1,2,1
144.0,Elevator call,143.91335838799415,0,6,1,1, got allocated to elevator, 1
144.0, elevID,1,  pos,-1,  cmd, goto,0
149.0,Elev,0,  arrived at src, 8, Elevator call,130.02495678190564,8,10,2,0
155.0,Elev,1,  arrived at dest, 0, this call is done!, Elevator call,109.21352909346587,-1,0,3,1, Done, dt, 45.786470906534134
155.0,Elev,1,  arrived at src, 0, Elevator call,137.9515274326701,0,4,2,1
155.0,Elev,1,  arrived at src, 0, Elevator call,143.91335838799415,0,6,2,1
170.0,Elevator call,169.78458339380109,-1,0,1,1, got allocated to elevator, 1
170.0, elevID,1,  pos,0,  cmd, goto,-1
171.0,Elevator call,170.0099620835246,0,6,1,1, got allocated to elevator, 1
172.0,Elevator call,171.21173315221364,-1,8,1,1, got allocated to elevator, 1
175.0,Elevator call,174.84385152106802,0,-1,1,1, got allocated to elevator, 1
181.0,Elev,1,  arrived at src, -1, Elevator call,169.78458339380109,-1,0,2,1
181.0,Elev,1,  arrived at src, -1, Elevator call,171.21173315221364,-1,8,2,1
188.0,Elevator call,187.11678617348463,-1,-2,1,1, got allocated to elevator, 1
188.0,Elevator call,187.7299317966884,-1,-2,1,0, got allocated to elevator, 0
188.0, elevID,0,  pos,8,  cmd, goto,-1
188.0,Elev,1,  arrived at src, -1, Elevator call,187.11678617348463,-1,-2,2,1
188.0, elevID,1,  pos,-1,  cmd, goto,-1
188.0, elevID,1,  pos,-1,  cmd, goto,-2
196.0,Elevator call,195.90869649656992,0,7,1,1, got allocated to elevator, 1
198.0,Elevator call,197.5359191292572,-1,1,1,1, got allocated to elevator, 1
199.0,Elev,1,  arrived at dest, -2, this call is done!, Elevator call,187.11678617348463,-1,-2,3,1, Done, dt, 11.883213826515373
206.0,Elevator call,205.9895199338651,-1,0,1,0, got allocated to elevator, 0
207.0,Elev,0,  arrived at dest, -1, this call is done!, Elevator call,22.094056301593582,0,-1,3,0, Done, dt, 184.90594369840642
207.0,Elev,0,  arrived at src, -1, Elevator call,91.21019413453945,-1,-2,2,0
207.0,Elev,0,  arrived at src, -1, Elevator call,187.7299317966884,-1,-2,2,0
207.0,Elev,0,  arrived at src, -1, Elevator call,205.9895199338651,-1,0,2,0
228.0,Elevator call,227.0798304557929,-1,5,1,0, got allocated to elevator, 0
228.0,Elev,0,  arrived at src, -1, Elevator call,227.0798304557929,-1,5,2,0
228.0, elevID,0,  pos,-1,  cmd, goto,-1
228.0, elevID,0,  pos,-1,  cmd, goto,5
232.0,Elevator call,231.51578817426258,-1,0,1,0, got allocated to elevator, 0
233.0,Elevator call,232.95043623946805,0,-1,1,0, got allocated to elevator, 0
244.0,Elev,0,  arrived at dest, 5, this call is done!, Elevator call,227.0798304557929,-1,5,3,0, Done, dt, 16.920169544207113
252.0,Elevator call,251.10444690749756,-1,-2,1,1, got allocated to elevator, 1
252.0,Elevator call,251.23593354161653,0,9,1,0, got allocated to elevator, 0
252.0, elevID,0,  pos,5,  cmd, goto,0
252.0, elevID,1,  pos,-2,  cmd, goto,-1
255.0,Elevator call,254.69771525200505,3,4,1,0, got allocated to elevator, 0
258.0,Elevator call,257.7974435335086,-1,0,1,1, got allocated to elevator, 1
263.0,Elev,1,  arrived at src, -1, Elevator call,197.5359191292572,-1,1,2,1
263.0,Elev,1,  arrived at src, -1, Elevator call,251.10444690749756,-1,-2,2,1
263.0,Elev,1,  arrived at src, -1, Elevator call,257.7974435335086,-1,0,2,1
267.0,Elev,0,  arrived at dest, 0, this call is done!, Elevator call,205.9895199338651,-1,0,3,0, Done, dt, 61.0104800661349
267.0,Elev,0,  arrived at src, 0, Elevator call,232.95043623946805,0,-1,2,0
267.0,Elev,0,  arrived at src, 0, Elevator call,251.23593354161653,0,9,2,0
296.0,Elevator call,295.7943356681491,0,1,1,0, got allocated to elevator, 0
296.0,Elev,0,  arrived at src, 0, Elevator call,295.7943356681491,0,1,2,0
296.0, elevID,0,  pos,0,  cmd, goto,0
296.0, elevID,0,  pos,0,  cmd, goto,1
305.0,Elevator call,304.99843880775313,6,0,1,0, got allocated to elevator, 0
307.0,Elev,0,  arrived at dest, 1, this call is done!, Elevator call,295.7943356681491,0,1,3,0, Done, dt, 11.205664331850926
310.0,Elevator call,309.30053828560517,0,-1,1,0, got allocated to elevator, 0
310.0, elevID,0,  pos,1,  cmd, goto,0
313.0,Elevator call,312.30185564398687,0,-1,1,0, got allocated to elevator, 0
317.0,Elevator call,316.03237827404377,0,-1,1,0, got allocated to elevator, 0
320.0,Elevator call,319.90520204415634,6,5,1,0, got allocated to elevator, 0
321.0,Elevator call,320.97607492210807,-1,0,1,1, got allocated to elevator, 1
321.0,Elev,0,  arrived at src, 0, Elevator call,309.30053828560517,0,-1,2,0
321.0,Elev,0,  arrived at src, 0, Elevator call,312.30185564398687,0,-1,2,0
321.0,Elev,0,  arrived at src, 0, Elevator call,316.03237827404377,0,-1,2,0
321.0,Elev,1,  arrived at src, -1, Elevator call,320.97607492210807,-1,0,2,1
321.0, elevID,1,  pos,-1,  cmd, goto,-1
321.0, elevID,1,  pos,-1,  cmd, goto,0
322.0,Elevator call,321.37040904796595,7,-1,1,0, got allocated to elevator, 0
322.0, elevID,0,  pos,0,  cmd, goto,7
332.0,Elev,1,  arrived at dest, 0, this call is done!, Elevator call,169.78458339380109,-1,0,3,1, Done, dt, 162.21541660619891
332.0,Elev,1,  arrived at src, 0, Elevator call,170.0099620835246,0,6,2,1
332.0,Elev,1,  arrived at src, 0, Elevator call,174.84385152106802,0,-1,2,1
332.0,Elev,1,  arrived at src, 0, Elevator call,195.90869649656992,0,7,2,1
332.0,Elev,1,  arrived at dest, 0, this call is done!, Elevator call,257.7974435335086,-1,0,3,1, Done, dt, 74.20255646649139
332.0,Elev,1,  arrived at dest, 0, this call is done!, Elevator call,320.97607492210807,-1,0,3,1, Done, dt, 11.023925077891931
333.0,Elevator call,332.4267319393355,0,10,1,1, got allocated to elevator, 1
333.0,Elev,1,  arrived at src, 0, Elevator call,332.4267319393355,0,10,2,1
333.0, elevID,1,  pos,0,  cmd, goto,0
333.0, elevID,1,  pos,0,  cmd, goto,10
337.0,Elevator call,336.93043046159545,-1,0,1,1, got allocated to elevator, 1
339.0,Elev,0,  arrived at src, 7, Elevator call,321.37040904796595,7,-1,2,0
353.0,Elev,1,  arrived at dest, 10, this call is done!, Elevator call,332.4267319393355,0,10,3,1, Done, dt, 20.573268060664475
376.0,Elevator call,375.49048095381363,1,0,1,0, got allocated to elevator, 0
376.0, elevID,0,  pos,7,  cmd, goto,1
392.0,Elev,0,  arrived at src, 1, Elevator call,375.49048095381363,1,0,2,0
393.0,Elevator call,392.5160764870397,0,5,1,0, got allocated to elevator, 0
393.0, elevID,0,  pos,1,  cmd, goto,0
404.0,Elev,0,  arrived at dest, 0, this call is done!, Elevator call,375.49048095381363,1,0,3,0, Done, dt, 28.50951904618637
404.0,Elev,0,  arrived at src, 0, Elevator call,392.5160764870397,0,5,2,0
406.0,Elevator call,405.1821140884023,-1,10,1,0, got allocated to elevator, 0
406.0, elevID,0,  pos,0,  cmd, goto,-1
417.0,Elev,0,  arrived at src, -1, Elevator call,231.51578817426258,-1,0,2,0
417.0,Elev,0,  arrived at dest, -1, this call is done!, Elevator call,232.95043623946805,0,-1,3,0, Done, dt, 184.04956376053195
417.0,Elev,0,  arrived at dest, -1, this call is done!, Elevator call,309.30053828560517,0,-1,3,0, Done, dt, 107.69946171439483
417.0,Elev,0,  arrived at dest, -1, this call is done!, Elevator call,312.30185564398687,0,-1,3,0, Done, dt, 104.69814435601313
417.0,Elev,0,  arrived at dest, -1, this call is done!, Elevator call,316.03237827404377,0,-1,3,0, Done, dt, 100.96762172595623
417.0,Elev,0,  arrived at dest, -1, this call is done!, Elevator call,321.37040904796595,7,-1,3,0, Done, dt, 95.62959095203405
417.0,Elev,0,  arrived at src, -1, Elevator call,405.1821140884023,-1,10,2,0
427.0,Elevator call,426.8615805478589,2,0,1,0, got allocated to elevator, 0
427.0, elevID,0,  pos,-1,  cmd, goto,2
438.0,Elevator call,437.17111576125836,1,0,1,0, got allocated to elevator, 0
440.0,Elev,0,  arrived at dest, 2, this call is done!, Elevator call,85.5209666204754,3,2,3,0, Done, dt, 354.4790333795246
440.0,Elev,0,  arrived at src, 2, Elevator call,426.8615805478589,2,0,2,0
473.0,Elevator call,472.7445473930129,10,-1,1,1, got allocated to elevator, 1
473.0,Elev,1,  arrived at src, 10, Elevator call,472.7445473930129,10,-1,2,1
473.0, elevID,1,  pos,10,  cmd, goto,10
473.0, elevID,1,  pos,10,  cmd, goto,-1
494.0,Elev,1,  arrived at dest, -1, this call is done!, Elevator call,174.84385152106802,0,-1,3,1, Done, dt, 319.156148478932
494.0,Elev,1,  arrived at src, -1, Elevator call,336.93043046159545,-1,0,2,1
494.0,Elev,1,  arrived at dest, -1, this call is done!, Elevator call,472.7445473930129,10,-1,3,1, Done, dt, 21.25545260698709
501.0,Elevator call,500.3712044996745,8,-1,1,0, got allocated to elevator, 0
501.0, elevID,0,  pos,2,  cmd, goto,8
504.0,Elevator call,503.13847841893045,1,-1,1,0, got allocated to elevator, 0
505.0,Elevator call,504.4317942159655,0,-1,1,1, got allocated to elevator, 1
505.0, elevID,1,  pos,-1,  cmd, goto,0
516.0,Elev,1,  arrived at dest, 0, this call is done!, Elevator call,336.93043046159545,-1,0,3,1, Done, dt, 179.06956953840455
516.0,Elev,1,  arrived at src, 0, Elevator call,504.4317942159655,0,-1,2,1
517.0,Elev,0,  arrived at src, 8, Elevator call,500.3712044996745,8,-1,2,0
530.0,Elevator call,529.6277472128405,3,-1,1,1, got allocated to elevator, 1
530.0, elevID,1,  pos,0,  cmd, goto,3
538.0,Elevator call,537.7866883694313,-1,6,1,1, got allocated to elevator, 1
543.0,Elev,1,  arrived at src, 3, Elevator call,529.6277472128405,3,-1,2,1
545.0,Elevator call,544.7880392034898,6,-1,1,0, got allocated to elevator, 0
545.0, elevID,0,  pos,8,  cmd, goto,6
555.0,Elevator call,554.0892922920482,4,0,1,1, got allocated to elevator, 1
555.0, elevID,1,  pos,3,  cmd, goto,4
557.0,Elev,0,  arrived at src, 6, Elevator call,304.99843880775313,6,0,2,0
557.0,Elev,0,  arrived at src, 6, Elevator call,319.90520204415634,6,5,2,0
557.0,Elev,0,  arrived at src, 6, Elevator call,544.7880392034898,6,-1,2,0
558.0,Elevator call,557.2441390036331,10,0,1,0, got allocated to elevator, 0
558.0, elevID,0,  pos,6,  cmd, goto,10
566.0,Elevator call,565.0195521745534,0,-1,1,1, got allocated to elevator, 1
566.0,Elev,1,  arrived at dest, 4, this call is done!, Elevator call,104.13701241869234,0,4,3,1, Done, dt, 461.86298758130766
566.0,Elev,1,  arrived at dest, 4, this call is done!, Elevator call,137.9515274326701,0,4,3,1, Done, dt, 428.0484725673299
566.0,Elev,1,  arrived at src, 4, Elevator call,554.0892922920482,4,0,2,1
566.0, elevID,1,  pos,4,  cmd, goto,0
572.0,Elev,0,  arrived at dest, 10, this call is done!, Elevator call,130.02495678190564,8,10,3,0, Done, dt, 441.97504321809436
572.0,Elev,0,  arrived at dest, 10, this call is done!, Elevator call,405.1821140884023,-1,10,3,0, Done, dt, 166.81788591159773
572.0,Elev,0,  arrived at src, 10, Elevator call,557.2441390036331,10,0,2,0
580.0,Elev,1,  arrived at dest, 0, this call is done!, Elevator call,554.0892922920482,4,0,3,1, Done, dt, 25.910707707951815
580.0,Elev,1,  arrived at src, 0, Elevator call,565.0195521745534,0,-1,2,1
582.0,Elevator call,581.8703090238192,0,3,1,1, got allocated to elevator, 1
582.0,Elev,1,  arrived at src, 0, Elevator call,581.8703090238192,0,3,2,1
582.0, elevID,1,  pos,0,  cmd, goto,0
582.0, elevID,1,  pos,0,  cmd, goto,3
595.0,Elev,1,  arrived at dest, 3, this call is done!, Elevator call,581.8703090238192,0,3,3,1, Done, dt, 13.129690976180768
597.0,Elevator call,596.1232022872633,8,0,1,0, got allocated to elevator, 0
597.0, elevID,0,  pos,10,  cmd, goto,8
601.0,Elevator call,600.9312879686208,1,0,1,1, got allocated to elevator, 1
601.0, elevID,1,  pos,3,  cmd, goto,1
604.0,Elevator call,603.9342326983083,7,0,1,0, got allocated to elevator, 0
609.0,Elev,0,  arrived at src, 8, Elevator call,596.1232022872633,8,0,2,0
613.0,Elev,1,  arrived at dest, 1, this call is done!, Elevator call,130.224911275492,-1,1,3,1, Done, dt, 482.775088724508
613.0,Elev,1,  arrived at dest, 1, this call is done!, Elevator call,197.5359191292572,-1,1,3,1, Done, dt, 415.4640808707428
613.0,Elev,1,  arrived at src, 1, Elevator call,600.9312879686208,1,0,2,1
618.0,Elevator call,617.9628338542149,0,3,1,1, got allocated to elevator, 1
618.0, elevID,1,  pos,1,  cmd, goto,0
620.0,Elevator call,619.6454196970012,9,0,1,0, got allocated to elevator, 0
620.0, elevID,0,  pos,8,  cmd, goto,9
627.0,Elevator call,626.2116172047942,0,1,1,1, got allocated to elevator, 1
629.0,Elev,1,  arrived at dest, 0, this call is done!, Elevator call,600.9312879686208,1,0,3,1, Done, dt, 28.068712031379164
629.0,Elev,1,  arrived at src, 0, Elevator call,617.9628338542149,0,3,2,1
629.0,Elev,1,  arrived at src, 0, Elevator call,626.2116172047942,0,1,2,1
631.0,Elev,0,  arrived at dest, 9, this call is done!, Elevator call,124.42557095980362,0,9,3,0, Done, dt, 506.5744290401964
631.0,Elev,0,  arrived at dest, 9, this call is done!, Elevator call,251.23593354161653,0,9,3,0, Done, dt, 379.76406645838347
631.0,Elev,0,  arrived at src, 9, Elevator call,619.6454196970012,9,0,2,0
644.0,Elevator call,643.8547514955396,-1,2,1,1, got allocated to elevator, 1
644.0, elevID,1,  pos,0,  cmd, goto,-1
655.0,Elev,1,  arrived at dest, -1, this call is done!, Elevator call,504.4317942159655,0,-1,3,1, Done, dt, 150.5682057840345
655.0,Elev,1,  arrived at dest, -1, this call is done!, Elevator call,529.6277472128405,3,-1,3,1, Done, dt, 125.37225278715948
655.0,Elev,1,  arrived at src, -1, Elevator call,537.7866883694313,-1,6,2,1
655.0,Elev,1,  arrived at dest, -1, this call is done!, Elevator call,565.0195521745534,0,-1,3,1, Done, dt, 89.98044782544662
655.0,Elev,1,  arrived at src, -1, Elevator call,643.8547514955396,-1,2,2,1
661.0,Elevator call,660.0732907797126,6,10,1,0, got allocated to elevator, 0
661.0, elevID,0,  pos,9,  cmd, goto,6
662.0,Elevator call,661.0420820268716,-1,3,1,1, got allocated to elevator, 1
662.0,Elev,1,  arrived at src, -1, Elevator call,661.0420820268716,-1,3,2,1
662.0, elevID,1,  pos,-1,  cmd, goto,-1
662.0, elevID,1,  pos,-1,  cmd, goto,3
663.0,Elevator call,662.1730527520776,-1,5,1,1, got allocated to elevator, 1
666.0,Elevator call,665.1155548533167,-1,8,1,1, got allocated to elevator, 1
667.0,Elevator call,666.0340294605869,4,0,1,0, got allocated to elevator, 0
667.0,Elevator call,666.2411586665262,5,-1,1,1, got allocated to elevator, 1
673.0,Elevator call,672.677314157026,0,-1,1,1, got allocated to elevator, 1
674.0,Elev,0,  arrived at src, 6, Elevator call,660.0732907797126,6,10,2,0
676.0,Elev,1,  arrived at dest, 3, this call is done!, Elevator call,617.9628338542149,0,3,3,1, Done, dt, 58.037166145785136
676.0,Elev,1,  arrived at dest, 3, this call is done!, Elevator call,661.0420820268716,-1,3,3,1, Done, dt, 14.95791797312836
678.0,Elevator call,677.7341948387335,0,-1,1,1, got allocated to elevator, 1
678.0, elevID,1,  pos,3,  cmd, goto,0
679.0,Elevator call,678.9953584914538,-1,-2,1,1, got allocated to elevator, 1
691.0,Elev,1,  arrived at src, 0, Elevator call,672.677314157026,0,-1,2,1
691.0,Elev,1,  arrived at src, 0, Elevator call,677.7341948387335,0,-1,2,1
696.0,Elevator call,695.2239881566923,0,10,1,1, got allocated to elevator, 1
696.0,Elev,1,  arrived at src, 0, Elevator call,695.2239881566923,0,10,2,1
696.0, elevID,1,  pos,0,  cmd, goto,0
696.0, elevID,1,  pos,0,  cmd, goto,10
707.0,Elevator call,706.1583474999188,-1,-2,1,0, got allocated to elevator, 0
707.0, elevID,0,  pos,6,  cmd, goto,-1
711.0,Elevator call,710.3249770041223,0,1,1,0, got allocated to elevator, 0
714.0,Elevator call,713.0191971398395,1,0,1,0, got allocated to elevator, 0
714.0,Elevator call,713.2499766424826,10,-1,1,1, got allocated to elevator, 1
716.0,Elev,1,  arrived at dest, 10, this call is done!, Elevator call,695.2239881566923,0,10,3,1, Done, dt, 20.776011843307742
716.0,Elev,1,  arrived at src, 10, Elevator call,713.2499766424826,10,-1,2,1
723.0,Elevator call,722.6161212799507,10,0,1,1, got allocated to elevator, 1
723.0,Elev,1,  arrived at src, 10, Elevator call,722.6161212799507,10,0,2,1
723.0, elevID,1,  pos,10,  cmd, goto,10
723.0, elevID,1,  pos,10,  cmd, goto,0
724.0,Elev,0,  arrived at dest, -1, this call is done!, Elevator call,500.3712044996745,8,-1,3,0, Done, dt, 223.6287955003255
724.0,Elev,0,  arrived at dest, -1, this call is done!, Elevator call,544.7880392034898,6,-1,3,0, Done, dt, 179.2119607965102
724.0,Elev,0,  arrived at src, -1, Elevator call,706.1583474999188,-1,-2,2,0
728.0,Elevator call,727.514602863032,-1,0,1,0, got allocated to elevator, 0
728.0,Elev,0,  arrived at src, -1, Elevator call,727.514602863032,-1,0,2,0
728.0, elevID,0,  pos,-1,  cmd, goto,-1
728.0, elevID,0,  pos,-1,  cmd, goto,0
733.0,Elevator call,732.9746341348998,6,-1,1,1, got allocated to elevator, 1
738.0,Elevator call,737.314720213409,1,0,1,0, got allocated to elevator, 0
739.0,Elev,0,  arrived at dest, 0, this call is done!, Elevator call,231.51578817426258,-1,0,3,0, Done, dt, 507.4842118257374
739.0,Elev,0,  arrived at dest, 0, this call is done!, Elevator call,304.99843880775313,6,0,3,0, Done, dt, 434.00156119224687
739.0,Elev,0,  arrived at dest, 0, this call is done!, Elevator call,426.8615805478589,2,0,3,0, Done, dt, 312.1384194521411
739.0,Elev,0,  arrived at dest, 0, this call is done!, Elevator call,557.2441390036331,10,0,3,0, Done, dt, 181.7558609963669
739.0,Elev,0,  arrived at dest, 0, this call is done!, Elevator call,596.1232022872633,8,0,3,0, Done, dt, 142.87679771273667
739.0,Elev,0,  arrived at dest, 0, this call is done!, Elevator call,619.6454196970012,9,0,3,0, Done, dt, 119.35458030299878
739.0,Elev,0,  arrived at src, 0, Elevator call,710.3249770041223,0,1,2,0
739.0,Elev,0,  arrived at dest, 0, this call is done!, Elevator call,727.514602863032,-1,0,3,0, Done, dt, 11.485397136968004
743.0,Elev,1,  arrived at dest, 0, this call is done!, Elevator call,722.6161212799507,10,0,3,1, Done, dt, 20.383878720049324
780.0,Elevator call,779.399691386574,-1,5,1,0, got allocated to elevator, 0
780.0, elevID,0,  pos,0,  cmd, goto,-1
791.0,Elev,0,  arrived at src, -1, Elevator call,779.399691386574,-1,5,2,0
806.0,Elevator call,805.6754743307536,-1,-2,1,0, got allocated to elevator, 0
806.0,Elev,0,  arrived at src, -1, Elevator call,805.6754743307536,-1,-2,2,0
806.0, elevID,0,  pos,-1,  cmd, goto,-1
806.0, elevID,0,  pos,-1,  cmd, goto,-2
811.0,Elevator call,810.4469089359914,2,0,1,1, got allocated to elevator, 1
811.0, elevID,1,  pos,0,  cmd, goto,2
817.0,Elevator call,816.1516998390152,7,-1,1,1, got allocated to elevator, 1
817.0,Elev,0,  arrived at dest, -2, this call is done!, Elevator call,91.21019413453945,-1,-2,3,0, Done, dt, 725.7898058654605
817.0,Elev,0,  arrived at dest, -2, this call is done!, Elevator call,187.7299317966884,-1,-2,3,0, Done, dt, 629.2700682033117
817.0,Elev,0,  arrived at dest, -2, this call is done!, Elevator call,706.1583474999188,-1,-2,3,0, Done, dt, 110.84165250008118
817.0,Elev,0,  arrived at dest, -2, this call is done!, Elevator call,805.6754743307536,-1,-2,3,0, Done, dt, 11.32452566924644
823.0,Elev,1,  arrived at dest, 2, this call is done!, Elevator call,643.8547514955396,-1,2,3,1, Done, dt, 179.14524850446037
823.0,Elev,1,  arrived at src, 2, Elevator call,810.4469089359914,2,0,2,1
826.0,Elevator call,825.4575184586336,7,0,1,1, got allocated to elevator, 1
826.0, elevID,1,  pos,2,  cmd, goto,7
840.0,Elevator call,839.8525652620532,0,1,1,0, got allocated to elevator, 0
840.0, elevID,0,  pos,-2,  cmd, goto,0
841.0,Elev,1,  arrived at dest, 7, this call is done!, Elevator call,195.90869649656992,0,7,3,1, Done, dt, 645.09130350343
841.0,Elev,1,  arrived at src, 7, Elevator call,816.1516998390152,7,-1,2,1
841.0,Elev,1,  arrived at src, 7, Elevator call,825.4575184586336,7,0,2,1
852.0,Elev,0,  arrived at src, 0, Elevator call,839.8525652620532,0,1,2,0
855.0,Elevator call,854.2002278085795,6,-1,1,1, got allocated to elevator, 1
855.0, elevID,1,  pos,7,  cmd, goto,6
864.0,Elevator call,863.893291272948,0,-1,1,0, got allocated to elevator, 0
864.0,Elev,0,  arrived at src, 0, Elevator call,863.893291272948,0,-1,2,0
864.0, elevID,0,  pos,0,  cmd, goto,0
864.0, elevID,0,  pos,0,  cmd, goto,-1
866.0,Elev,1,  arrived at dest, 6, this call is done!, Elevator call,143.91335838799415,0,6,3,1, Done, dt, 722.0866416120059
866.0,Elev,1,  arrived at dest, 6, this call is done!, Elevator call,170.0099620835246,0,6,3,1, Done, dt, 695.9900379164753
866.0,Elev,1,  arrived at dest, 6, this call is done!, Elevator call,537.7866883694313,-1,6,3,1, Done, dt, 328.2133116305687
866.0,Elev,1,  arrived at src, 6, Elevator call,732.9746341348998,6,-1,2,1
866.0,Elev,1,  arrived at src, 6, Elevator call,854.2002278085795,6,-1,2,1
871.0,Elevator call,870.5053023797483,0,7,1,0, got allocated to elevator, 0
875.0,Elev,0,  arrived at dest, -1, this call is done!, Elevator call,863.893291272948,0,-1,3,0, Done, dt, 11.106708727052023
887.0,Elevator call,886.5649993239458,-1,-2,1,0, got allocated to elevator, 0
887.0,Elev,0,  arrived at src, -1, Elevator call,886.5649993239458,-1,-2,2,0
887.0, elevID,0,  pos,-1,  cmd, goto,-1
887.0, elevID,0,  pos,-1,  cmd, goto,-2
893.0,Elevator call,892.5212150591021,9,-1,1,1, got allocated to elevator, 1
893.0, elevID,1,  pos,6,  cmd, goto,9
898.0,Elev,0,  arrived at dest, -2, this call is done!, Elevator call,886.5649993239458,-1,-2,3,0, Done, dt, 11.435000676054187
906.0,Elev,1,  arrived at src, 9, Elevator call,892.5212150591021,9,-1,2,1
911.0,Elevator call,910.5388559417848,6,5,1,1, got allocated to elevator, 1
911.0, elevID,1,  pos,9,  cmd, goto,6
916.0,Elevator call,915.9490574608818,4,-1,1,1, got allocated to elevator, 1
924.0,Elev,1,  arrived at src, 6, Elevator call,910.5388559417848,6,5,2,1
934.0,Elevator call,933.8580452488764,7,5,1,1, got allocated to elevator, 1
934.0, elevID,1,  pos,6,  cmd, goto,7
945.0,Elev,1,  arrived at src, 7, Elevator call,933.8580452488764,7,5,2,1
962.0,Elevator call,961.6862855708133,6,-1,1,1, got allocated to elevator, 1
962.0, elevID,1,  pos,7,  cmd, goto,6
973.0,Elevator call,972.8032126022729,1,0,1,0, got allocated to elevator, 0
973.0, elevID,0,  pos,-2,  cmd, goto,1
973.0,Elev,1,  arrived at src, 6, Elevator call,961.6862855708133,6,-1,2,1
976.0,Elevator call,975.8361202753667,0,-1,1,0, got allocated to elevator, 0
979.0,Elevator call,978.5925148564796,10,0,1,1, got allocated to elevator, 1
979.0,Elevator call,978.6210500641439,10,-1,1,0, got allocated to elevator, 0
979.0, elevID,1,  pos,6,  cmd, goto,10
985.0,Elevator call,984.1840185574983,7,0,1,1, got allocated to elevator, 1
986.0,Elev,0,  arrived at src, 1, Elevator call,437.17111576125836,1,0,2,0
986.0,Elev,0,  arrived at src, 1, Elevator call,503.13847841893045,1,-1,2,0
986.0,Elev,0,  arrived at dest, 1, this call is done!, Elevator call,710.3249770041223,0,1,3,0, Done, dt, 275.6750229958777
986.0,Elev,0,  arrived at src, 1, Elevator call,713.0191971398395,1,0,2,0
986.0,Elev,0,  arrived at src, 1, Elevator call,737.314720213409,1,0,2,0
986.0,Elev,0,  arrived at dest, 1, this call is done!, Elevator call,839.8525652620532,0,1,3,0, Done, dt, 146.1474347379468
986.0,Elev,0,  arrived at src, 1, Elevator call,972.8032126022729,1,0,2,0
993.0,Elev,1,  arrived at src, 10, Elevator call,978.5925148564796,10,0,2,1
1000.0,************* Simulation Ended ************
Code Owners,207051707,208785154,  Case,2,  Total waiting time: 23411.79282212021,  average waiting time per call: 234.11792822120208,  unCompleted calls,37,  certificate, -8250531140
