**** The Simulator log: stage 1
0.0,OOP_Ex0_Elevator_Simulator
0.0,Simulated Building, ex0.simulator.Builging_A [-2,10]
0) ex0.simulator.Elevator_A, Elev_0, speed: 1.0, open/close: 2.0,  start/stop: 3.0
0.0,Simulated Period starTime,0.0,  endTime,100.0,  dt,1.0
0.0,Simulated  calls,Elevetor log, size: 10
0.0,**** Simulation starts!! ****
1.0,Elevator call,0.437472729039321,0,-1,1,0, got allocated to elevator, 0
1.0, elevID,0,  pos,-2,  cmd, goto,0
3.0,Elevator call,2.2094056301593525,0,-1,1,0, got allocated to elevator, 0
13.0,Elev,0,  arrived at src, 0, Elevator call,0.437472729039321,0,-1,2,0
13.0,Elev,0,  arrived at src, 0, Elevator call,2.2094056301593525,0,-1,2,0
13.0, elevID,0,  pos,0,  cmd, goto,0
13.0, elevID,0,  pos,0,  cmd, goto,-1
19.0,Elevator call,18.77299317966884,-1,-2,1,0, got allocated to elevator, 0
20.0,Elevator call,19.590869649656987,0,7,1,0, got allocated to elevator, 0
24.0,Elev,0,  arrived at dest, -1, this call is done!, Elevator call,0.437472729039321,0,-1,3,0, Done, dt, 23.56252727096068
24.0,Elev,0,  arrived at dest, -1, this call is done!, Elevator call,2.2094056301593525,0,-1,3,0, Done, dt, 21.790594369840647
24.0,Elev,0,  arrived at src, -1, Elevator call,18.77299317966884,-1,-2,2,0
24.0, elevID,0,  pos,-1,  cmd, goto,-1
24.0, elevID,0,  pos,-1,  cmd, goto,-2
30.0,Elevator call,29.579433566814906,0,1,1,0, got allocated to elevator, 0
34.0,Elevator call,33.242673193933555,0,10,1,0, got allocated to elevator, 0
35.0,Elev,0,  arrived at dest, -2, this call is done!, Elevator call,18.77299317966884,-1,-2,3,0, Done, dt, 16.22700682033116
35.0, elevID,0,  pos,-2,  cmd, goto,0
47.0,Elev,0,  arrived at src, 0, Elevator call,19.590869649656987,0,7,2,0
47.0,Elev,0,  arrived at src, 0, Elevator call,29.579433566814906,0,1,2,0
47.0,Elev,0,  arrived at src, 0, Elevator call,33.242673193933555,0,10,2,0
47.0, elevID,0,  pos,0,  cmd, goto,0
47.0, elevID,0,  pos,0,  cmd, goto,7
53.0,Elevator call,52.96277472128405,3,-1,1,0, got allocated to elevator, 0
64.0,Elev,0,  arrived at dest, 7, this call is done!, Elevator call,19.590869649656987,0,7,3,0, Done, dt, 44.40913035034301
64.0, elevID,0,  pos,7,  cmd, goto,0
65.0,Elevator call,64.38547514955395,-1,2,1,0, got allocated to elevator, 0
73.0,Elevator call,72.26161212799506,10,0,1,0, got allocated to elevator, 0
81.0,Elevator call,80.56754743307536,-1,-2,1,0, got allocated to elevator, 0
81.0, elevID,0,  pos,0,  cmd, goto,0
81.0, elevID,0,  pos,0,  cmd, goto,1
92.0,Elev,0,  arrived at dest, 1, this call is done!, Elevator call,29.579433566814906,0,1,3,0, Done, dt, 62.420566433185094
92.0, elevID,0,  pos,1,  cmd, goto,3
100.0,************* Simulation Ended ************
Code Owners,207051707,208785154,  Case,1,  Total waiting time: 364.9897426188186,  average waiting time per call: 36.498974261881855,  unCompleted calls,5,  certificate, -1318541528
