**** The Simulator log: stage 2
0.0,OOP_Ex0_Elevator_Simulator
0.0,Simulated Building, ex0.simulator.Builging_A [-2,10]
0) ex0.simulator.Elevator_A, Elev_0, speed: 1.0, open/close: 2.0,  start/stop: 3.0
1) ex0.simulator.Elevator_A, Elev_1, speed: 1.0, open/close: 2.0,  start/stop: 3.0
0.0,Simulated Period starTime,0.0,  endTime,1000.0,  dt,1.0
0.0,Simulated  calls,Elevetor log, size: 100
0.0,**** Simulation starts!! ****
5.0,Elevator call,4.374727290393253,0,-1,1,0, got allocated to elevator, 0
5.0, elevID,0,  pos,-2,  cmd, goto,0
17.0,Elevator call,16.957882888088932,-1,0,1,0, got allocated to elevator, 0
17.0,Elev,0,  arrived at src, 0, Elevator call,4.374727290393253,0,-1,2,0
17.0, elevID,0,  pos,0,  cmd, goto,-1
23.0,Elevator call,22.094056301593582,0,-1,1,0, got allocated to elevator, 0
28.0,Elev,0,  arrived at dest, -1, this call is done!, Elevator call,4.374727290393253,0,-1,3,0, Done, dt, 23.625272709606747
28.0,Elev,0,  arrived at src, -1, Elevator call,16.957882888088932,-1,0,2,0
28.0, elevID,0,  pos,-1,  cmd, goto,0
39.0,Elev,0,  arrived at dest, 0, this call is done!, Elevator call,16.957882888088932,-1,0,3,0, Done, dt, 22.042117111911068
39.0,Elev,0,  arrived at src, 0, Elevator call,22.094056301593582,0,-1,2,0
39.0, elevID,0,  pos,0,  cmd, goto,-1
50.0,Elev,0,  arrived at dest, -1, this call is done!, Elevator call,22.094056301593582,0,-1,3,0, Done, dt, 27.905943698406418
86.0,Elevator call,85.5209666204754,3,2,1,0, got allocated to elevator, 0
86.0, elevID,0,  pos,-1,  cmd, goto,3
92.0,Elevator call,91.21019413453945,-1,-2,1,0, got allocated to elevator, 0
100.0,Elev,0,  arrived at src, 3, Elevator call,85.5209666204754,3,2,2,0
100.0, elevID,0,  pos,3,  cmd, goto,2
105.0,Elevator call,104.13701241869234,0,4,1,0, got allocated to elevator, 0
110.0,Elevator call,109.21352909346587,-1,0,1,0, got allocated to elevator, 0
111.0,Elev,0,  arrived at dest, 2, this call is done!, Elevator call,85.5209666204754,3,2,3,0, Done, dt, 25.479033379524594
111.0, elevID,0,  pos,2,  cmd, goto,-1
115.0,Elevator call,114.39235096774041,3,0,1,0, got allocated to elevator, 0
124.0,Elev,0,  arrived at src, -1, Elevator call,91.21019413453945,-1,-2,2,0
124.0,Elev,0,  arrived at src, -1, Elevator call,109.21352909346587,-1,0,2,0
124.0, elevID,0,  pos,-1,  cmd, goto,-2
125.0,Elevator call,124.42557095980362,0,9,1,1, got allocated to elevator, 1
125.0, elevID,1,  pos,-2,  cmd, goto,0
131.0,Elevator call,130.02495678190564,8,10,1,1, got allocated to elevator, 1
131.0,Elevator call,130.224911275492,-1,1,1,0, got allocated to elevator, 0
135.0,Elev,0,  arrived at dest, -2, this call is done!, Elevator call,91.21019413453945,-1,-2,3,0, Done, dt, 43.78980586546055
135.0, elevID,0,  pos,-2,  cmd, goto,0
137.0,Elev,1,  arrived at src, 0, Elevator call,124.42557095980362,0,9,2,1
137.0, elevID,1,  pos,0,  cmd, goto,9
138.0,Elevator call,137.9515274326701,0,4,1,0, got allocated to elevator, 0
144.0,Elevator call,143.91335838799415,0,6,1,0, got allocated to elevator, 0
147.0,Elev,0,  arrived at src, 0, Elevator call,104.13701241869234,0,4,2,0
147.0,Elev,0,  arrived at dest, 0, this call is done!, Elevator call,109.21352909346587,-1,0,3,0, Done, dt, 37.786470906534134
147.0,Elev,0,  arrived at src, 0, Elevator call,137.9515274326701,0,4,2,0
147.0,Elev,0,  arrived at src, 0, Elevator call,143.91335838799415,0,6,2,0
147.0, elevID,0,  pos,0,  cmd, goto,4
156.0,Elev,1,  arrived at dest, 9, this call is done!, Elevator call,124.42557095980362,0,9,3,1, Done, dt, 31.574429040196378
156.0, elevID,1,  pos,9,  cmd, goto,8
161.0,Elev,0,  arrived at dest, 4, this call is done!, Elevator call,104.13701241869234,0,4,3,0, Done, dt, 56.862987581307664
161.0,Elev,0,  arrived at dest, 4, this call is done!, Elevator call,137.9515274326701,0,4,3,0, Done, dt, 23.048472567329895
161.0, elevID,0,  pos,4,  cmd, goto,-1
167.0,Elev,1,  arrived at src, 8, Elevator call,130.02495678190564,8,10,2,1
167.0, elevID,1,  pos,8,  cmd, goto,10
170.0,Elevator call,169.78458339380109,-1,0,1,0, got allocated to elevator, 0
171.0,Elevator call,170.0099620835246,0,6,1,0, got allocated to elevator, 0
172.0,Elevator call,171.21173315221364,-1,8,1,0, got allocated to elevator, 0
175.0,Elevator call,174.84385152106802,0,-1,1,0, got allocated to elevator, 0
176.0,Elev,0,  arrived at src, -1, Elevator call,130.224911275492,-1,1,2,0
176.0,Elev,0,  arrived at src, -1, Elevator call,169.78458339380109,-1,0,2,0
176.0,Elev,0,  arrived at src, -1, Elevator call,171.21173315221364,-1,8,2,0
176.0, elevID,0,  pos,-1,  cmd, goto,0
179.0,Elev,1,  arrived at dest, 10, this call is done!, Elevator call,130.02495678190564,8,10,3,1, Done, dt, 48.975043218094356
187.0,Elev,0,  arrived at dest, 0, this call is done!, Elevator call,169.78458339380109,-1,0,3,0, Done, dt, 17.215416606198914
187.0,Elev,0,  arrived at src, 0, Elevator call,170.0099620835246,0,6,2,0
187.0,Elev,0,  arrived at src, 0, Elevator call,174.84385152106802,0,-1,2,0
187.0, elevID,0,  pos,0,  cmd, goto,3
188.0,Elevator call,187.11678617348463,-1,-2,1,0, got allocated to elevator, 0
188.0,Elevator call,187.7299317966884,-1,-2,1,0, got allocated to elevator, 0
196.0,Elevator call,195.90869649656992,0,7,1,0, got allocated to elevator, 0
198.0,Elevator call,197.5359191292572,-1,1,1,0, got allocated to elevator, 0
200.0,Elev,0,  arrived at src, 3, Elevator call,114.39235096774041,3,0,2,0
200.0, elevID,0,  pos,3,  cmd, goto,0
206.0,Elevator call,205.9895199338651,-1,0,1,0, got allocated to elevator, 0
213.0,Elev,0,  arrived at dest, 0, this call is done!, Elevator call,114.39235096774041,3,0,3,0, Done, dt, 98.60764903225959
213.0,Elev,0,  arrived at src, 0, Elevator call,195.90869649656992,0,7,2,0
213.0, elevID,0,  pos,0,  cmd, goto,-1
224.0,Elev,0,  arrived at dest, -1, this call is done!, Elevator call,174.84385152106802,0,-1,3,0, Done, dt, 49.15614847893198
224.0,Elev,0,  arrived at src, -1, Elevator call,187.11678617348463,-1,-2,2,0
224.0,Elev,0,  arrived at src, -1, Elevator call,187.7299317966884,-1,-2,2,0
224.0,Elev,0,  arrived at src, -1, Elevator call,197.5359191292572,-1,1,2,0
224.0,Elev,0,  arrived at src, -1, Elevator call,205.9895199338651,-1,0,2,0
224.0, elevID,0,  pos,-1,  cmd, goto,1
228.0,Elevator call,227.0798304557929,-1,5,1,0, got allocated to elevator, 0
232.0,Elevator call,231.51578817426258,-1,0,1,0, got allocated to elevator, 0
233.0,Elevator call,232.95043623946805,0,-1,1,0, got allocated to elevator, 0
236.0,Elev,0,  arrived at dest, 1, this call is done!, Elevator call,130.224911275492,-1,1,3,0, Done, dt, 105.77508872450801
236.0,Elev,0,  arrived at dest, 1, this call is done!, Elevator call,197.5359191292572,-1,1,3,0, Done, dt, 38.464080870742805
236.0, elevID,0,  pos,1,  cmd, goto,0
247.0,Elev,0,  arrived at dest, 0, this call is done!, Elevator call,205.9895199338651,-1,0,3,0, Done, dt, 41.0104800661349
247.0,Elev,0,  arrived at src, 0, Elevator call,232.95043623946805,0,-1,2,0
247.0, elevID,0,  pos,0,  cmd, goto,4
252.0,Elevator call,251.10444690749756,-1,-2,1,0, got allocated to elevator, 0
252.0,Elevator call,251.23593354161653,0,9,1,0, got allocated to elevator, 0
255.0,Elevator call,254.69771525200505,3,4,1,0, got allocated to elevator, 0
258.0,Elevator call,257.7974435335086,-1,0,1,0, got allocated to elevator, 0
261.0, elevID,0,  pos,4,  cmd, goto,0
275.0,Elev,0,  arrived at src, 0, Elevator call,251.23593354161653,0,9,2,0
275.0, elevID,0,  pos,0,  cmd, goto,6
291.0,Elev,0,  arrived at dest, 6, this call is done!, Elevator call,143.91335838799415,0,6,3,0, Done, dt, 147.08664161200585
291.0,Elev,0,  arrived at dest, 6, this call is done!, Elevator call,170.0099620835246,0,6,3,0, Done, dt, 120.99003791647539
291.0, elevID,0,  pos,6,  cmd, goto,-1
296.0,Elevator call,295.7943356681491,0,1,1,0, got allocated to elevator, 0
305.0,Elevator call,304.99843880775313,6,0,1,1, got allocated to elevator, 1
305.0, elevID,1,  pos,10,  cmd, goto,6
308.0,Elev,0,  arrived at src, -1, Elevator call,227.0798304557929,-1,5,2,0
308.0,Elev,0,  arrived at src, -1, Elevator call,231.51578817426258,-1,0,2,0
308.0,Elev,0,  arrived at dest, -1, this call is done!, Elevator call,232.95043623946805,0,-1,3,0, Done, dt, 75.04956376053195
308.0,Elev,0,  arrived at src, -1, Elevator call,251.10444690749756,-1,-2,2,0
308.0,Elev,0,  arrived at src, -1, Elevator call,257.7974435335086,-1,0,2,0
308.0, elevID,0,  pos,-1,  cmd, goto,0
310.0,Elevator call,309.30053828560517,0,-1,1,1, got allocated to elevator, 1
313.0,Elevator call,312.30185564398687,0,-1,1,1, got allocated to elevator, 1
317.0,Elevator call,316.03237827404377,0,-1,1,1, got allocated to elevator, 1
319.0,Elev,0,  arrived at dest, 0, this call is done!, Elevator call,231.51578817426258,-1,0,3,0, Done, dt, 87.48421182573742
319.0,Elev,0,  arrived at dest, 0, this call is done!, Elevator call,257.7974435335086,-1,0,3,0, Done, dt, 61.20255646649139
319.0,Elev,0,  arrived at src, 0, Elevator call,295.7943356681491,0,1,2,0
319.0, elevID,0,  pos,0,  cmd, goto,6
319.0,Elev,1,  arrived at src, 6, Elevator call,304.99843880775313,6,0,2,1
319.0, elevID,1,  pos,6,  cmd, goto,0
320.0,Elevator call,319.90520204415634,6,5,1,1, got allocated to elevator, 1
321.0,Elevator call,320.97607492210807,-1,0,1,1, got allocated to elevator, 1
322.0,Elevator call,321.37040904796595,7,-1,1,1, got allocated to elevator, 1
333.0,Elevator call,332.4267319393355,0,10,1,0, got allocated to elevator, 0
335.0, elevID,0,  pos,6,  cmd, goto,-1
335.0,Elev,1,  arrived at dest, 0, this call is done!, Elevator call,304.99843880775313,6,0,3,1, Done, dt, 30.001561192246868
335.0,Elev,1,  arrived at src, 0, Elevator call,309.30053828560517,0,-1,2,1
335.0,Elev,1,  arrived at src, 0, Elevator call,312.30185564398687,0,-1,2,1
335.0,Elev,1,  arrived at src, 0, Elevator call,316.03237827404377,0,-1,2,1
335.0, elevID,1,  pos,0,  cmd, goto,-1
337.0,Elevator call,336.93043046159545,-1,0,1,1, got allocated to elevator, 1
346.0,Elev,1,  arrived at dest, -1, this call is done!, Elevator call,309.30053828560517,0,-1,3,1, Done, dt, 36.69946171439483
346.0,Elev,1,  arrived at dest, -1, this call is done!, Elevator call,312.30185564398687,0,-1,3,1, Done, dt, 33.69814435601313
346.0,Elev,1,  arrived at dest, -1, this call is done!, Elevator call,316.03237827404377,0,-1,3,1, Done, dt, 29.967621725956235
346.0,Elev,1,  arrived at src, -1, Elevator call,320.97607492210807,-1,0,2,1
346.0,Elev,1,  arrived at src, -1, Elevator call,336.93043046159545,-1,0,2,1
346.0, elevID,1,  pos,-1,  cmd, goto,0
352.0, elevID,0,  pos,-1,  cmd, goto,8
357.0,Elev,1,  arrived at dest, 0, this call is done!, Elevator call,320.97607492210807,-1,0,3,1, Done, dt, 36.02392507789193
357.0,Elev,1,  arrived at dest, 0, this call is done!, Elevator call,336.93043046159545,-1,0,3,1, Done, dt, 20.06956953840455
357.0, elevID,1,  pos,0,  cmd, goto,-1
368.0, elevID,1,  pos,-1,  cmd, goto,0
371.0,Elev,0,  arrived at dest, 8, this call is done!, Elevator call,171.21173315221364,-1,8,3,0, Done, dt, 199.78826684778636
371.0, elevID,0,  pos,8,  cmd, goto,0
376.0,Elevator call,375.49048095381363,1,0,1,1, got allocated to elevator, 1
379.0, elevID,1,  pos,0,  cmd, goto,-1
389.0,Elev,0,  arrived at src, 0, Elevator call,332.4267319393355,0,10,2,0
389.0, elevID,0,  pos,0,  cmd, goto,-1
390.0, elevID,1,  pos,-1,  cmd, goto,6
393.0,Elevator call,392.5160764870397,0,5,1,0, got allocated to elevator, 0
400.0, elevID,0,  pos,-1,  cmd, goto,-2
406.0,Elevator call,405.1821140884023,-1,10,1,1, got allocated to elevator, 1
407.0,Elev,1,  arrived at src, 6, Elevator call,319.90520204415634,6,5,2,1
407.0, elevID,1,  pos,6,  cmd, goto,5
411.0,Elev,0,  arrived at dest, -2, this call is done!, Elevator call,187.11678617348463,-1,-2,3,0, Done, dt, 223.88321382651537
411.0,Elev,0,  arrived at dest, -2, this call is done!, Elevator call,187.7299317966884,-1,-2,3,0, Done, dt, 223.2700682033116
411.0,Elev,0,  arrived at dest, -2, this call is done!, Elevator call,251.10444690749756,-1,-2,3,0, Done, dt, 159.89555309250244
411.0, elevID,0,  pos,-2,  cmd, goto,-1
418.0,Elev,1,  arrived at dest, 5, this call is done!, Elevator call,319.90520204415634,6,5,3,1, Done, dt, 98.09479795584366
418.0, elevID,1,  pos,5,  cmd, goto,-1
422.0, elevID,0,  pos,-1,  cmd, goto,-2
427.0,Elevator call,426.8615805478589,2,0,1,0, got allocated to elevator, 0
433.0, elevID,0,  pos,-2,  cmd, goto,0
434.0,Elev,1,  arrived at src, -1, Elevator call,405.1821140884023,-1,10,2,1
434.0, elevID,1,  pos,-1,  cmd, goto,0
438.0,Elevator call,437.17111576125836,1,0,1,0, got allocated to elevator, 0
445.0,Elev,0,  arrived at src, 0, Elevator call,392.5160764870397,0,5,2,0
445.0, elevID,0,  pos,0,  cmd, goto,7
445.0, elevID,1,  pos,0,  cmd, goto,7
462.0,Elev,0,  arrived at dest, 7, this call is done!, Elevator call,195.90869649656992,0,7,3,0, Done, dt, 266.0913035034301
462.0, elevID,0,  pos,7,  cmd, goto,-1
462.0,Elev,1,  arrived at src, 7, Elevator call,321.37040904796595,7,-1,2,1
462.0, elevID,1,  pos,7,  cmd, goto,-1
473.0,Elevator call,472.7445473930129,10,-1,1,1, got allocated to elevator, 1
480.0, elevID,0,  pos,-1,  cmd, goto,0
480.0,Elev,1,  arrived at dest, -1, this call is done!, Elevator call,321.37040904796595,7,-1,3,1, Done, dt, 158.62959095203405
480.0, elevID,1,  pos,-1,  cmd, goto,0
491.0, elevID,0,  pos,0,  cmd, goto,1
491.0, elevID,1,  pos,0,  cmd, goto,1
501.0,Elevator call,500.3712044996745,8,-1,1,1, got allocated to elevator, 1
502.0,Elev,0,  arrived at dest, 1, this call is done!, Elevator call,295.7943356681491,0,1,3,0, Done, dt, 206.20566433185093
502.0,Elev,0,  arrived at src, 1, Elevator call,437.17111576125836,1,0,2,0
502.0, elevID,0,  pos,1,  cmd, goto,-1
502.0,Elev,1,  arrived at src, 1, Elevator call,375.49048095381363,1,0,2,1
502.0, elevID,1,  pos,1,  cmd, goto,0
504.0,Elevator call,503.13847841893045,1,-1,1,1, got allocated to elevator, 1
505.0,Elevator call,504.4317942159655,0,-1,1,0, got allocated to elevator, 0
513.0,Elev,1,  arrived at dest, 0, this call is done!, Elevator call,375.49048095381363,1,0,3,1, Done, dt, 137.50951904618637
513.0, elevID,1,  pos,0,  cmd, goto,-1
514.0, elevID,0,  pos,-1,  cmd, goto,0
524.0, elevID,1,  pos,-1,  cmd, goto,10
525.0,Elev,0,  arrived at dest, 0, this call is done!, Elevator call,437.17111576125836,1,0,3,0, Done, dt, 87.82888423874164
525.0,Elev,0,  arrived at src, 0, Elevator call,504.4317942159655,0,-1,2,0
525.0, elevID,0,  pos,0,  cmd, goto,-1
530.0,Elevator call,529.6277472128405,3,-1,1,1, got allocated to elevator, 1
536.0,Elev,0,  arrived at dest, -1, this call is done!, Elevator call,504.4317942159655,0,-1,3,0, Done, dt, 31.56820578403449
536.0, elevID,0,  pos,-1,  cmd, goto,0
538.0,Elevator call,537.7866883694313,-1,6,1,0, got allocated to elevator, 0
545.0,Elevator call,544.7880392034898,6,-1,1,0, got allocated to elevator, 0
545.0,Elev,1,  arrived at dest, 10, this call is done!, Elevator call,405.1821140884023,-1,10,3,1, Done, dt, 139.81788591159773
545.0,Elev,1,  arrived at src, 10, Elevator call,472.7445473930129,10,-1,2,1
545.0, elevID,1,  pos,10,  cmd, goto,-1
547.0, elevID,0,  pos,0,  cmd, goto,5
555.0,Elevator call,554.0892922920482,4,0,1,0, got allocated to elevator, 0
558.0,Elevator call,557.2441390036331,10,0,1,0, got allocated to elevator, 0
562.0,Elev,0,  arrived at dest, 5, this call is done!, Elevator call,227.0798304557929,-1,5,3,0, Done, dt, 334.9201695442071
562.0,Elev,0,  arrived at dest, 5, this call is done!, Elevator call,392.5160764870397,0,5,3,0, Done, dt, 169.4839235129603
562.0, elevID,0,  pos,5,  cmd, goto,-1
566.0,Elevator call,565.0195521745534,0,-1,1,0, got allocated to elevator, 0
566.0,Elev,1,  arrived at dest, -1, this call is done!, Elevator call,472.7445473930129,10,-1,3,1, Done, dt, 93.25545260698709
566.0, elevID,1,  pos,-1,  cmd, goto,8
578.0,Elev,0,  arrived at src, -1, Elevator call,537.7866883694313,-1,6,2,0
578.0, elevID,0,  pos,-1,  cmd, goto,0
582.0,Elevator call,581.8703090238192,0,3,1,0, got allocated to elevator, 0
585.0,Elev,1,  arrived at src, 8, Elevator call,500.3712044996745,8,-1,2,1
585.0, elevID,1,  pos,8,  cmd, goto,-1
589.0,Elev,0,  arrived at src, 0, Elevator call,565.0195521745534,0,-1,2,0
589.0,Elev,0,  arrived at src, 0, Elevator call,581.8703090238192,0,3,2,0
589.0, elevID,0,  pos,0,  cmd, goto,-1
597.0,Elevator call,596.1232022872633,8,0,1,0, got allocated to elevator, 0
600.0,Elev,0,  arrived at dest, -1, this call is done!, Elevator call,565.0195521745534,0,-1,3,0, Done, dt, 34.98044782544662
600.0, elevID,0,  pos,-1,  cmd, goto,-2
601.0,Elevator call,600.9312879686208,1,0,1,0, got allocated to elevator, 0
604.0,Elevator call,603.9342326983083,7,0,1,0, got allocated to elevator, 0
604.0,Elev,1,  arrived at dest, -1, this call is done!, Elevator call,500.3712044996745,8,-1,3,1, Done, dt, 103.62879550032551
604.0, elevID,1,  pos,-1,  cmd, goto,1
611.0, elevID,0,  pos,-2,  cmd, goto,0
616.0,Elev,1,  arrived at src, 1, Elevator call,503.13847841893045,1,-1,2,1
616.0, elevID,1,  pos,1,  cmd, goto,-1
618.0,Elevator call,617.9628338542149,0,3,1,1, got allocated to elevator, 1
620.0,Elevator call,619.6454196970012,9,0,1,0, got allocated to elevator, 0
623.0, elevID,0,  pos,0,  cmd, goto,9
627.0,Elevator call,626.2116172047942,0,1,1,0, got allocated to elevator, 0
628.0,Elev,1,  arrived at dest, -1, this call is done!, Elevator call,503.13847841893045,1,-1,3,1, Done, dt, 124.86152158106955
628.0, elevID,1,  pos,-1,  cmd, goto,3
642.0,Elev,0,  arrived at dest, 9, this call is done!, Elevator call,251.23593354161653,0,9,3,0, Done, dt, 390.76406645838347
642.0,Elev,0,  arrived at src, 9, Elevator call,619.6454196970012,9,0,2,0
642.0, elevID,0,  pos,9,  cmd, goto,3
642.0,Elev,1,  arrived at src, 3, Elevator call,529.6277472128405,3,-1,2,1
642.0, elevID,1,  pos,3,  cmd, goto,-1
644.0,Elevator call,643.8547514955396,-1,2,1,0, got allocated to elevator, 0
656.0,Elev,1,  arrived at dest, -1, this call is done!, Elevator call,529.6277472128405,3,-1,3,1, Done, dt, 126.37225278715948
656.0, elevID,1,  pos,-1,  cmd, goto,0
658.0,Elev,0,  arrived at src, 3, Elevator call,254.69771525200505,3,4,2,0
658.0,Elev,0,  arrived at dest, 3, this call is done!, Elevator call,581.8703090238192,0,3,3,0, Done, dt, 76.12969097618077
658.0, elevID,0,  pos,3,  cmd, goto,4
661.0,Elevator call,660.0732907797126,6,10,1,0, got allocated to elevator, 0
662.0,Elevator call,661.0420820268716,-1,3,1,0, got allocated to elevator, 0
663.0,Elevator call,662.1730527520776,-1,5,1,0, got allocated to elevator, 0
666.0,Elevator call,665.1155548533167,-1,8,1,1, got allocated to elevator, 1
667.0,Elevator call,666.0340294605869,4,0,1,0, got allocated to elevator, 0
667.0,Elevator call,666.2411586665262,5,-1,1,0, got allocated to elevator, 0
667.0,Elev,1,  arrived at src, 0, Elevator call,617.9628338542149,0,3,2,1
667.0, elevID,1,  pos,0,  cmd, goto,3
669.0,Elev,0,  arrived at dest, 4, this call is done!, Elevator call,254.69771525200505,3,4,3,0, Done, dt, 414.3022847479949
669.0,Elev,0,  arrived at src, 4, Elevator call,554.0892922920482,4,0,2,0
669.0,Elev,0,  arrived at src, 4, Elevator call,666.0340294605869,4,0,2,0
669.0, elevID,0,  pos,4,  cmd, goto,-1
673.0,Elevator call,672.677314157026,0,-1,1,0, got allocated to elevator, 0
678.0,Elevator call,677.7341948387335,0,-1,1,0, got allocated to elevator, 0
679.0,Elevator call,678.9953584914538,-1,-2,1,0, got allocated to elevator, 0
680.0,Elev,1,  arrived at dest, 3, this call is done!, Elevator call,617.9628338542149,0,3,3,1, Done, dt, 62.037166145785136
680.0, elevID,1,  pos,3,  cmd, goto,-1
684.0,Elev,0,  arrived at src, -1, Elevator call,643.8547514955396,-1,2,2,0
684.0,Elev,0,  arrived at src, -1, Elevator call,661.0420820268716,-1,3,2,0
684.0,Elev,0,  arrived at src, -1, Elevator call,662.1730527520776,-1,5,2,0
684.0,Elev,0,  arrived at src, -1, Elevator call,678.9953584914538,-1,-2,2,0
684.0, elevID,0,  pos,-1,  cmd, goto,0
694.0,Elev,1,  arrived at src, -1, Elevator call,665.1155548533167,-1,8,2,1
694.0, elevID,1,  pos,-1,  cmd, goto,8
695.0,Elev,0,  arrived at dest, 0, this call is done!, Elevator call,554.0892922920482,4,0,3,0, Done, dt, 140.91070770795181
695.0,Elev,0,  arrived at dest, 0, this call is done!, Elevator call,619.6454196970012,9,0,3,0, Done, dt, 75.35458030299878
695.0,Elev,0,  arrived at src, 0, Elevator call,626.2116172047942,0,1,2,0
695.0,Elev,0,  arrived at dest, 0, this call is done!, Elevator call,666.0340294605869,4,0,3,0, Done, dt, 28.965970539413092
695.0,Elev,0,  arrived at src, 0, Elevator call,672.677314157026,0,-1,2,0
695.0,Elev,0,  arrived at src, 0, Elevator call,677.7341948387335,0,-1,2,0
695.0, elevID,0,  pos,0,  cmd, goto,6
696.0,Elevator call,695.2239881566923,0,10,1,0, got allocated to elevator, 0
707.0,Elevator call,706.1583474999188,-1,-2,1,1, got allocated to elevator, 1
711.0,Elevator call,710.3249770041223,0,1,1,1, got allocated to elevator, 1
711.0,Elev,0,  arrived at dest, 6, this call is done!, Elevator call,537.7866883694313,-1,6,3,0, Done, dt, 173.21331163056868
711.0,Elev,0,  arrived at src, 6, Elevator call,544.7880392034898,6,-1,2,0
711.0,Elev,0,  arrived at src, 6, Elevator call,660.0732907797126,6,10,2,0
711.0, elevID,0,  pos,6,  cmd, goto,10
713.0,Elev,1,  arrived at dest, 8, this call is done!, Elevator call,665.1155548533167,-1,8,3,1, Done, dt, 47.88444514668333
713.0, elevID,1,  pos,8,  cmd, goto,-1
714.0,Elevator call,713.0191971398395,1,0,1,0, got allocated to elevator, 0
714.0,Elevator call,713.2499766424826,10,-1,1,0, got allocated to elevator, 0
723.0,Elevator call,722.6161212799507,10,0,1,1, got allocated to elevator, 1
725.0,Elev,0,  arrived at dest, 10, this call is done!, Elevator call,332.4267319393355,0,10,3,0, Done, dt, 392.5732680606645
725.0,Elev,0,  arrived at src, 10, Elevator call,557.2441390036331,10,0,2,0
725.0,Elev,0,  arrived at dest, 10, this call is done!, Elevator call,660.0732907797126,6,10,3,0, Done, dt, 64.92670922028742
725.0,Elev,0,  arrived at src, 10, Elevator call,713.2499766424826,10,-1,2,0
725.0, elevID,0,  pos,10,  cmd, goto,2
728.0,Elevator call,727.514602863032,-1,0,1,0, got allocated to elevator, 0
732.0,Elev,1,  arrived at src, -1, Elevator call,706.1583474999188,-1,-2,2,1
732.0, elevID,1,  pos,-1,  cmd, goto,-2
733.0,Elevator call,732.9746341348998,6,-1,1,0, got allocated to elevator, 0
738.0,Elevator call,737.314720213409,1,0,1,0, got allocated to elevator, 0
743.0,Elev,0,  arrived at src, 2, Elevator call,426.8615805478589,2,0,2,0
743.0,Elev,0,  arrived at dest, 2, this call is done!, Elevator call,643.8547514955396,-1,2,3,0, Done, dt, 99.14524850446037
743.0, elevID,0,  pos,2,  cmd, goto,1
743.0,Elev,1,  arrived at dest, -2, this call is done!, Elevator call,706.1583474999188,-1,-2,3,1, Done, dt, 36.84165250008118
743.0, elevID,1,  pos,-2,  cmd, goto,0
754.0,Elev,0,  arrived at src, 1, Elevator call,600.9312879686208,1,0,2,0
754.0,Elev,0,  arrived at dest, 1, this call is done!, Elevator call,626.2116172047942,0,1,3,0, Done, dt, 127.78838279520585
754.0,Elev,0,  arrived at src, 1, Elevator call,713.0191971398395,1,0,2,0
754.0,Elev,0,  arrived at src, 1, Elevator call,737.314720213409,1,0,2,0
754.0, elevID,0,  pos,1,  cmd, goto,0
755.0,Elev,1,  arrived at src, 0, Elevator call,710.3249770041223,0,1,2,1
755.0, elevID,1,  pos,0,  cmd, goto,1
765.0,Elev,0,  arrived at dest, 0, this call is done!, Elevator call,426.8615805478589,2,0,3,0, Done, dt, 338.1384194521411
765.0,Elev,0,  arrived at dest, 0, this call is done!, Elevator call,557.2441390036331,10,0,3,0, Done, dt, 207.7558609963669
765.0,Elev,0,  arrived at dest, 0, this call is done!, Elevator call,600.9312879686208,1,0,3,0, Done, dt, 164.06871203137916
765.0,Elev,0,  arrived at src, 0, Elevator call,695.2239881566923,0,10,2,0
765.0,Elev,0,  arrived at dest, 0, this call is done!, Elevator call,713.0191971398395,1,0,3,0, Done, dt, 51.98080286016045
765.0,Elev,0,  arrived at dest, 0, this call is done!, Elevator call,737.314720213409,1,0,3,0, Done, dt, 27.685279786590968
765.0, elevID,0,  pos,0,  cmd, goto,-1
766.0,Elev,1,  arrived at dest, 1, this call is done!, Elevator call,710.3249770041223,0,1,3,1, Done, dt, 55.675022995877725
766.0, elevID,1,  pos,1,  cmd, goto,10
776.0,Elev,0,  arrived at dest, -1, this call is done!, Elevator call,544.7880392034898,6,-1,3,0, Done, dt, 231.2119607965102
776.0,Elev,0,  arrived at dest, -1, this call is done!, Elevator call,672.677314157026,0,-1,3,0, Done, dt, 103.32268584297401
776.0,Elev,0,  arrived at dest, -1, this call is done!, Elevator call,677.7341948387335,0,-1,3,0, Done, dt, 98.26580516126648
776.0,Elev,0,  arrived at dest, -1, this call is done!, Elevator call,713.2499766424826,10,-1,3,0, Done, dt, 62.75002335751742
776.0,Elev,0,  arrived at src, -1, Elevator call,727.514602863032,-1,0,2,0
776.0, elevID,0,  pos,-1,  cmd, goto,6
780.0,Elevator call,779.399691386574,-1,5,1,0, got allocated to elevator, 0
785.0,Elev,1,  arrived at src, 10, Elevator call,722.6161212799507,10,0,2,1
785.0, elevID,1,  pos,10,  cmd, goto,0
793.0,Elev,0,  arrived at src, 6, Elevator call,732.9746341348998,6,-1,2,0
793.0, elevID,0,  pos,6,  cmd, goto,4
805.0, elevID,0,  pos,4,  cmd, goto,0
805.0,Elev,1,  arrived at dest, 0, this call is done!, Elevator call,722.6161212799507,10,0,3,1, Done, dt, 82.38387872004932
806.0,Elevator call,805.6754743307536,-1,-2,1,0, got allocated to elevator, 0
811.0,Elevator call,810.4469089359914,2,0,1,0, got allocated to elevator, 0
817.0,Elevator call,816.1516998390152,7,-1,1,0, got allocated to elevator, 0
819.0,Elev,0,  arrived at dest, 0, this call is done!, Elevator call,727.514602863032,-1,0,3,0, Done, dt, 91.485397136968
819.0, elevID,0,  pos,0,  cmd, goto,5
826.0,Elevator call,825.4575184586336,7,0,1,0, got allocated to elevator, 0
834.0,Elev,0,  arrived at dest, 5, this call is done!, Elevator call,662.1730527520776,-1,5,3,0, Done, dt, 171.82694724792236
834.0,Elev,0,  arrived at src, 5, Elevator call,666.2411586665262,5,-1,2,0
834.0, elevID,0,  pos,5,  cmd, goto,2
840.0,Elevator call,839.8525652620532,0,1,1,0, got allocated to elevator, 0
847.0,Elev,0,  arrived at src, 2, Elevator call,810.4469089359914,2,0,2,0
847.0, elevID,0,  pos,2,  cmd, goto,0
855.0,Elevator call,854.2002278085795,6,-1,1,0, got allocated to elevator, 0
859.0,Elev,0,  arrived at dest, 0, this call is done!, Elevator call,810.4469089359914,2,0,3,0, Done, dt, 48.55309106400864
859.0,Elev,0,  arrived at src, 0, Elevator call,839.8525652620532,0,1,2,0
859.0, elevID,0,  pos,0,  cmd, goto,-1
864.0,Elevator call,863.893291272948,0,-1,1,0, got allocated to elevator, 0
870.0,Elev,0,  arrived at dest, -1, this call is done!, Elevator call,666.2411586665262,5,-1,3,0, Done, dt, 203.7588413334738
870.0,Elev,0,  arrived at dest, -1, this call is done!, Elevator call,732.9746341348998,6,-1,3,0, Done, dt, 137.02536586510018
870.0,Elev,0,  arrived at src, -1, Elevator call,779.399691386574,-1,5,2,0
870.0,Elev,0,  arrived at src, -1, Elevator call,805.6754743307536,-1,-2,2,0
870.0, elevID,0,  pos,-1,  cmd, goto,4
871.0,Elevator call,870.5053023797483,0,7,1,0, got allocated to elevator, 0
885.0, elevID,0,  pos,4,  cmd, goto,0
887.0,Elevator call,886.5649993239458,-1,-2,1,0, got allocated to elevator, 0
893.0,Elevator call,892.5212150591021,9,-1,1,0, got allocated to elevator, 0
899.0,Elev,0,  arrived at src, 0, Elevator call,863.893291272948,0,-1,2,0
899.0,Elev,0,  arrived at src, 0, Elevator call,870.5053023797483,0,7,2,0
899.0, elevID,0,  pos,0,  cmd, goto,10
911.0,Elevator call,910.5388559417848,6,5,1,0, got allocated to elevator, 0
916.0,Elevator call,915.9490574608818,4,-1,1,0, got allocated to elevator, 0
919.0,Elev,0,  arrived at dest, 10, this call is done!, Elevator call,695.2239881566923,0,10,3,0, Done, dt, 223.77601184330774
919.0, elevID,0,  pos,10,  cmd, goto,8
931.0,Elev,0,  arrived at src, 8, Elevator call,596.1232022872633,8,0,2,0
931.0, elevID,0,  pos,8,  cmd, goto,7
934.0,Elevator call,933.8580452488764,7,5,1,0, got allocated to elevator, 0
942.0,Elev,0,  arrived at src, 7, Elevator call,603.9342326983083,7,0,2,0
942.0,Elev,0,  arrived at src, 7, Elevator call,816.1516998390152,7,-1,2,0
942.0,Elev,0,  arrived at src, 7, Elevator call,825.4575184586336,7,0,2,0
942.0,Elev,0,  arrived at dest, 7, this call is done!, Elevator call,870.5053023797483,0,7,3,0, Done, dt, 71.49469762025171
942.0,Elev,0,  arrived at src, 7, Elevator call,933.8580452488764,7,5,2,0
942.0, elevID,0,  pos,7,  cmd, goto,9
954.0,Elev,0,  arrived at src, 9, Elevator call,892.5212150591021,9,-1,2,0
954.0, elevID,0,  pos,9,  cmd, goto,7
962.0,Elevator call,961.6862855708133,6,-1,1,0, got allocated to elevator, 0
966.0, elevID,0,  pos,7,  cmd, goto,0
973.0,Elevator call,972.8032126022729,1,0,1,0, got allocated to elevator, 0
976.0,Elevator call,975.8361202753667,0,-1,1,0, got allocated to elevator, 0
979.0,Elevator call,978.5925148564796,10,0,1,0, got allocated to elevator, 0
979.0,Elevator call,978.6210500641439,10,-1,1,0, got allocated to elevator, 0
983.0,Elev,0,  arrived at dest, 0, this call is done!, Elevator call,596.1232022872633,8,0,3,0, Done, dt, 386.8767977127367
983.0,Elev,0,  arrived at dest, 0, this call is done!, Elevator call,603.9342326983083,7,0,3,0, Done, dt, 379.0657673016917
983.0,Elev,0,  arrived at dest, 0, this call is done!, Elevator call,825.4575184586336,7,0,3,0, Done, dt, 157.54248154136644
983.0,Elev,0,  arrived at src, 0, Elevator call,975.8361202753667,0,-1,2,0
983.0, elevID,0,  pos,0,  cmd, goto,3
985.0,Elevator call,984.1840185574983,7,0,1,0, got allocated to elevator, 0
996.0,Elev,0,  arrived at dest, 3, this call is done!, Elevator call,661.0420820268716,-1,3,3,0, Done, dt, 334.95791797312836
996.0, elevID,0,  pos,3,  cmd, goto,0
1000.0,************* Simulation Ended ************
Code Owners,207051707,208785154,  Case,2,  Total waiting time: 12020.792822120191,  average waiting time per call: 120.20792822120191,  unCompleted calls,18,  certificate, -4048813407
