**** The Simulator log: stage 2
0.0,OOP_Ex0_Elevator_Simulator
0.0,Simulated Building, ex0.simulator.Builging_A [-2,10]
0) ex0.simulator.Elevator_A, Elev_0, speed: 1.0, open/close: 2.0,  start/stop: 3.0
1) ex0.simulator.Elevator_A, Elev_1, speed: 1.0, open/close: 2.0,  start/stop: 3.0
0.0,Simulated Period starTime,0.0,  endTime,1000.0,  dt,1.0
0.0,Simulated  calls,Elevetor log, size: 100
0.0,**** Simulation starts!! ****
5.0,Elevator call,4.374727290393253,0,-1,1,0, got allocated to elevator, 0
17.0,Elevator call,16.957882888088932,-1,0,1,1, got allocated to elevator, 1
23.0,Elevator call,22.094056301593582,0,-1,1,1, got allocated to elevator, 1
23.0, elevID,1,  pos,-2,  cmd, goto,-1
34.0,Elev,1,  arrived at src, -1, Elevator call,16.957882888088932,-1,0,2,1
34.0, elevID,1,  pos,-1,  cmd, goto,-1
34.0, elevID,1,  pos,-1,  cmd, goto,0
45.0,Elev,1,  arrived at dest, 0, this call is done!, Elevator call,16.957882888088932,-1,0,3,1, Done, dt, 28.042117111911068
45.0,Elev,1,  arrived at src, 0, Elevator call,22.094056301593582,0,-1,2,1
45.0, elevID,1,  pos,0,  cmd, goto,-1
56.0,Elev,1,  arrived at dest, -1, this call is done!, Elevator call,22.094056301593582,0,-1,3,1, Done, dt, 33.90594369840642
56.0, elevID,1,  pos,-1,  cmd, goto,-1
56.0, elevID,1,  pos,-1,  cmd, goto,0
67.0, elevID,1,  pos,0,  cmd, goto,-1
78.0, elevID,1,  pos,-1,  cmd, goto,-1
78.0, elevID,1,  pos,-1,  cmd, goto,0
86.0,Elevator call,85.5209666204754,3,2,1,0, got allocated to elevator, 0
86.0, elevID,0,  pos,-2,  cmd, goto,0
89.0, elevID,1,  pos,0,  cmd, goto,-1
92.0,Elevator call,91.21019413453945,-1,-2,1,1, got allocated to elevator, 1
98.0,Elev,0,  arrived at src, 0, Elevator call,4.374727290393253,0,-1,2,0
98.0, elevID,0,  pos,0,  cmd, goto,0
98.0, elevID,0,  pos,0,  cmd, goto,-1
100.0,Elev,1,  arrived at src, -1, Elevator call,91.21019413453945,-1,-2,2,1
100.0, elevID,1,  pos,-1,  cmd, goto,-1
100.0, elevID,1,  pos,-1,  cmd, goto,0
105.0,Elevator call,104.13701241869234,0,4,1,1, got allocated to elevator, 1
109.0,Elev,0,  arrived at dest, -1, this call is done!, Elevator call,4.374727290393253,0,-1,3,0, Done, dt, 104.62527270960675
109.0, elevID,0,  pos,-1,  cmd, goto,0
110.0,Elevator call,109.21352909346587,-1,0,1,0, got allocated to elevator, 0
111.0,Elev,1,  arrived at src, 0, Elevator call,104.13701241869234,0,4,2,1
111.0, elevID,1,  pos,0,  cmd, goto,0
111.0, elevID,1,  pos,0,  cmd, goto,4
115.0,Elevator call,114.39235096774041,3,0,1,0, got allocated to elevator, 0
120.0, elevID,0,  pos,0,  cmd, goto,0
120.0, elevID,0,  pos,0,  cmd, goto,-1
125.0,Elevator call,124.42557095980362,0,9,1,0, got allocated to elevator, 0
125.0,Elev,1,  arrived at dest, 4, this call is done!, Elevator call,104.13701241869234,0,4,3,1, Done, dt, 20.862987581307664
125.0, elevID,1,  pos,4,  cmd, goto,0
131.0,Elevator call,130.02495678190564,8,10,1,1, got allocated to elevator, 1
131.0,Elevator call,130.224911275492,-1,1,1,0, got allocated to elevator, 0
131.0,Elev,0,  arrived at src, -1, Elevator call,109.21352909346587,-1,0,2,0
131.0,Elev,0,  arrived at src, -1, Elevator call,130.224911275492,-1,1,2,0
131.0, elevID,0,  pos,-1,  cmd, goto,0
138.0,Elevator call,137.9515274326701,0,4,1,1, got allocated to elevator, 1
139.0,Elev,1,  arrived at src, 0, Elevator call,137.9515274326701,0,4,2,1
139.0, elevID,1,  pos,0,  cmd, goto,0
139.0, elevID,1,  pos,0,  cmd, goto,4
142.0,Elev,0,  arrived at dest, 0, this call is done!, Elevator call,109.21352909346587,-1,0,3,0, Done, dt, 32.786470906534134
142.0,Elev,0,  arrived at src, 0, Elevator call,124.42557095980362,0,9,2,0
142.0, elevID,0,  pos,0,  cmd, goto,0
142.0, elevID,0,  pos,0,  cmd, goto,-1
144.0,Elevator call,143.91335838799415,0,6,1,1, got allocated to elevator, 1
153.0, elevID,0,  pos,-1,  cmd, goto,0
153.0,Elev,1,  arrived at dest, 4, this call is done!, Elevator call,137.9515274326701,0,4,3,1, Done, dt, 15.048472567329895
153.0, elevID,1,  pos,4,  cmd, goto,0
164.0, elevID,0,  pos,0,  cmd, goto,0
164.0, elevID,0,  pos,0,  cmd, goto,-1
167.0,Elev,1,  arrived at src, 0, Elevator call,143.91335838799415,0,6,2,1
167.0, elevID,1,  pos,0,  cmd, goto,0
167.0, elevID,1,  pos,0,  cmd, goto,4
170.0,Elevator call,169.78458339380109,-1,0,1,0, got allocated to elevator, 0
171.0,Elevator call,170.0099620835246,0,6,1,0, got allocated to elevator, 0
172.0,Elevator call,171.21173315221364,-1,8,1,1, got allocated to elevator, 1
175.0,Elevator call,174.84385152106802,0,-1,1,0, got allocated to elevator, 0
175.0,Elev,0,  arrived at src, -1, Elevator call,169.78458339380109,-1,0,2,0
175.0, elevID,0,  pos,-1,  cmd, goto,0
181.0, elevID,1,  pos,4,  cmd, goto,0
186.0,Elev,0,  arrived at dest, 0, this call is done!, Elevator call,169.78458339380109,-1,0,3,0, Done, dt, 16.215416606198914
186.0,Elev,0,  arrived at src, 0, Elevator call,170.0099620835246,0,6,2,0
186.0,Elev,0,  arrived at src, 0, Elevator call,174.84385152106802,0,-1,2,0
186.0, elevID,0,  pos,0,  cmd, goto,0
186.0, elevID,0,  pos,0,  cmd, goto,-1
188.0,Elevator call,187.11678617348463,-1,-2,1,1, got allocated to elevator, 1
188.0,Elevator call,187.7299317966884,-1,-2,1,1, got allocated to elevator, 1
195.0, elevID,1,  pos,0,  cmd, goto,0
195.0, elevID,1,  pos,0,  cmd, goto,4
196.0,Elevator call,195.90869649656992,0,7,1,0, got allocated to elevator, 0
197.0,Elev,0,  arrived at dest, -1, this call is done!, Elevator call,174.84385152106802,0,-1,3,0, Done, dt, 22.156148478931982
197.0, elevID,0,  pos,-1,  cmd, goto,0
198.0,Elevator call,197.5359191292572,-1,1,1,1, got allocated to elevator, 1
206.0,Elevator call,205.9895199338651,-1,0,1,0, got allocated to elevator, 0
208.0,Elev,0,  arrived at src, 0, Elevator call,195.90869649656992,0,7,2,0
208.0, elevID,0,  pos,0,  cmd, goto,0
208.0, elevID,0,  pos,0,  cmd, goto,-1
209.0, elevID,1,  pos,4,  cmd, goto,0
219.0,Elev,0,  arrived at src, -1, Elevator call,205.9895199338651,-1,0,2,0
219.0, elevID,0,  pos,-1,  cmd, goto,0
223.0, elevID,1,  pos,0,  cmd, goto,0
223.0, elevID,1,  pos,0,  cmd, goto,4
228.0,Elevator call,227.0798304557929,-1,5,1,0, got allocated to elevator, 0
230.0,Elev,0,  arrived at dest, 0, this call is done!, Elevator call,205.9895199338651,-1,0,3,0, Done, dt, 24.010480066134903
230.0, elevID,0,  pos,0,  cmd, goto,0
230.0, elevID,0,  pos,0,  cmd, goto,-1
232.0,Elevator call,231.51578817426258,-1,0,1,0, got allocated to elevator, 0
233.0,Elevator call,232.95043623946805,0,-1,1,1, got allocated to elevator, 1
237.0, elevID,1,  pos,4,  cmd, goto,0
241.0,Elev,0,  arrived at src, -1, Elevator call,227.0798304557929,-1,5,2,0
241.0,Elev,0,  arrived at src, -1, Elevator call,231.51578817426258,-1,0,2,0
241.0, elevID,0,  pos,-1,  cmd, goto,0
251.0,Elev,1,  arrived at src, 0, Elevator call,232.95043623946805,0,-1,2,1
251.0, elevID,1,  pos,0,  cmd, goto,0
251.0, elevID,1,  pos,0,  cmd, goto,4
252.0,Elevator call,251.10444690749756,-1,-2,1,1, got allocated to elevator, 1
252.0,Elevator call,251.23593354161653,0,9,1,1, got allocated to elevator, 1
252.0,Elev,0,  arrived at dest, 0, this call is done!, Elevator call,231.51578817426258,-1,0,3,0, Done, dt, 20.484211825737418
252.0, elevID,0,  pos,0,  cmd, goto,0
252.0, elevID,0,  pos,0,  cmd, goto,-1
255.0,Elevator call,254.69771525200505,3,4,1,1, got allocated to elevator, 1
258.0,Elevator call,257.7974435335086,-1,0,1,0, got allocated to elevator, 0
263.0,Elev,0,  arrived at src, -1, Elevator call,257.7974435335086,-1,0,2,0
263.0, elevID,0,  pos,-1,  cmd, goto,0
265.0, elevID,1,  pos,4,  cmd, goto,0
274.0,Elev,0,  arrived at dest, 0, this call is done!, Elevator call,257.7974435335086,-1,0,3,0, Done, dt, 16.202556466491387
274.0, elevID,0,  pos,0,  cmd, goto,0
274.0, elevID,0,  pos,0,  cmd, goto,-1
279.0,Elev,1,  arrived at src, 0, Elevator call,251.23593354161653,0,9,2,1
279.0, elevID,1,  pos,0,  cmd, goto,0
279.0, elevID,1,  pos,0,  cmd, goto,4
285.0, elevID,0,  pos,-1,  cmd, goto,0
293.0, elevID,1,  pos,4,  cmd, goto,0
296.0,Elevator call,295.7943356681491,0,1,1,0, got allocated to elevator, 0
296.0,Elev,0,  arrived at src, 0, Elevator call,295.7943356681491,0,1,2,0
296.0, elevID,0,  pos,0,  cmd, goto,0
296.0, elevID,0,  pos,0,  cmd, goto,-1
305.0,Elevator call,304.99843880775313,6,0,1,0, got allocated to elevator, 0
307.0, elevID,0,  pos,-1,  cmd, goto,0
307.0, elevID,1,  pos,0,  cmd, goto,0
307.0, elevID,1,  pos,0,  cmd, goto,4
310.0,Elevator call,309.30053828560517,0,-1,1,1, got allocated to elevator, 1
313.0,Elevator call,312.30185564398687,0,-1,1,0, got allocated to elevator, 0
317.0,Elevator call,316.03237827404377,0,-1,1,0, got allocated to elevator, 0
318.0,Elev,0,  arrived at src, 0, Elevator call,312.30185564398687,0,-1,2,0
318.0,Elev,0,  arrived at src, 0, Elevator call,316.03237827404377,0,-1,2,0
318.0, elevID,0,  pos,0,  cmd, goto,0
318.0, elevID,0,  pos,0,  cmd, goto,-1
320.0,Elevator call,319.90520204415634,6,5,1,0, got allocated to elevator, 0
321.0,Elevator call,320.97607492210807,-1,0,1,1, got allocated to elevator, 1
321.0, elevID,1,  pos,4,  cmd, goto,0
322.0,Elevator call,321.37040904796595,7,-1,1,0, got allocated to elevator, 0
329.0,Elev,0,  arrived at dest, -1, this call is done!, Elevator call,312.30185564398687,0,-1,3,0, Done, dt, 16.69814435601313
329.0,Elev,0,  arrived at dest, -1, this call is done!, Elevator call,316.03237827404377,0,-1,3,0, Done, dt, 12.967621725956235
329.0, elevID,0,  pos,-1,  cmd, goto,0
333.0,Elevator call,332.4267319393355,0,10,1,0, got allocated to elevator, 0
335.0,Elev,1,  arrived at src, 0, Elevator call,309.30053828560517,0,-1,2,1
335.0, elevID,1,  pos,0,  cmd, goto,0
335.0, elevID,1,  pos,0,  cmd, goto,4
337.0,Elevator call,336.93043046159545,-1,0,1,1, got allocated to elevator, 1
340.0,Elev,0,  arrived at src, 0, Elevator call,332.4267319393355,0,10,2,0
340.0, elevID,0,  pos,0,  cmd, goto,0
340.0, elevID,0,  pos,0,  cmd, goto,10
349.0, elevID,1,  pos,4,  cmd, goto,0
360.0,Elev,0,  arrived at dest, 10, this call is done!, Elevator call,332.4267319393355,0,10,3,0, Done, dt, 27.573268060664475
360.0, elevID,0,  pos,10,  cmd, goto,0
363.0, elevID,1,  pos,0,  cmd, goto,0
363.0, elevID,1,  pos,0,  cmd, goto,4
376.0,Elevator call,375.49048095381363,1,0,1,1, got allocated to elevator, 1
377.0, elevID,1,  pos,4,  cmd, goto,0
380.0, elevID,0,  pos,0,  cmd, goto,0
380.0, elevID,0,  pos,0,  cmd, goto,10
391.0, elevID,1,  pos,0,  cmd, goto,0
391.0, elevID,1,  pos,0,  cmd, goto,4
393.0,Elevator call,392.5160764870397,0,5,1,1, got allocated to elevator, 1
400.0, elevID,0,  pos,10,  cmd, goto,0
405.0, elevID,1,  pos,4,  cmd, goto,0
406.0,Elevator call,405.1821140884023,-1,10,1,1, got allocated to elevator, 1
419.0,Elev,1,  arrived at src, 0, Elevator call,392.5160764870397,0,5,2,1
419.0, elevID,1,  pos,0,  cmd, goto,0
419.0, elevID,1,  pos,0,  cmd, goto,4
420.0, elevID,0,  pos,0,  cmd, goto,0
420.0, elevID,0,  pos,0,  cmd, goto,10
427.0,Elevator call,426.8615805478589,2,0,1,0, got allocated to elevator, 0
433.0, elevID,1,  pos,4,  cmd, goto,0
438.0,Elevator call,437.17111576125836,1,0,1,1, got allocated to elevator, 1
440.0, elevID,0,  pos,10,  cmd, goto,0
447.0, elevID,1,  pos,0,  cmd, goto,0
447.0, elevID,1,  pos,0,  cmd, goto,4
460.0, elevID,0,  pos,0,  cmd, goto,0
460.0, elevID,0,  pos,0,  cmd, goto,10
461.0, elevID,1,  pos,4,  cmd, goto,0
473.0,Elevator call,472.7445473930129,10,-1,1,1, got allocated to elevator, 1
475.0, elevID,1,  pos,0,  cmd, goto,0
475.0, elevID,1,  pos,0,  cmd, goto,4
480.0, elevID,0,  pos,10,  cmd, goto,0
489.0, elevID,1,  pos,4,  cmd, goto,0
500.0, elevID,0,  pos,0,  cmd, goto,0
500.0, elevID,0,  pos,0,  cmd, goto,10
501.0,Elevator call,500.3712044996745,8,-1,1,0, got allocated to elevator, 0
503.0, elevID,1,  pos,0,  cmd, goto,0
503.0, elevID,1,  pos,0,  cmd, goto,4
504.0,Elevator call,503.13847841893045,1,-1,1,1, got allocated to elevator, 1
505.0,Elevator call,504.4317942159655,0,-1,1,0, got allocated to elevator, 0
517.0, elevID,1,  pos,4,  cmd, goto,0
520.0, elevID,0,  pos,10,  cmd, goto,0
530.0,Elevator call,529.6277472128405,3,-1,1,0, got allocated to elevator, 0
531.0, elevID,1,  pos,0,  cmd, goto,0
531.0, elevID,1,  pos,0,  cmd, goto,4
538.0,Elevator call,537.7866883694313,-1,6,1,1, got allocated to elevator, 1
540.0,Elev,0,  arrived at src, 0, Elevator call,504.4317942159655,0,-1,2,0
540.0, elevID,0,  pos,0,  cmd, goto,0
540.0, elevID,0,  pos,0,  cmd, goto,10
545.0,Elevator call,544.7880392034898,6,-1,1,0, got allocated to elevator, 0
545.0, elevID,1,  pos,4,  cmd, goto,0
555.0,Elevator call,554.0892922920482,4,0,1,1, got allocated to elevator, 1
558.0,Elevator call,557.2441390036331,10,0,1,1, got allocated to elevator, 1
559.0, elevID,1,  pos,0,  cmd, goto,0
559.0, elevID,1,  pos,0,  cmd, goto,4
560.0, elevID,0,  pos,10,  cmd, goto,0
566.0,Elevator call,565.0195521745534,0,-1,1,0, got allocated to elevator, 0
573.0,Elev,1,  arrived at src, 4, Elevator call,554.0892922920482,4,0,2,1
573.0, elevID,1,  pos,4,  cmd, goto,0
580.0,Elev,0,  arrived at src, 0, Elevator call,565.0195521745534,0,-1,2,0
580.0, elevID,0,  pos,0,  cmd, goto,0
580.0, elevID,0,  pos,0,  cmd, goto,10
582.0,Elevator call,581.8703090238192,0,3,1,0, got allocated to elevator, 0
587.0,Elev,1,  arrived at dest, 0, this call is done!, Elevator call,554.0892922920482,4,0,3,1, Done, dt, 32.910707707951815
587.0, elevID,1,  pos,0,  cmd, goto,0
587.0, elevID,1,  pos,0,  cmd, goto,4
597.0,Elevator call,596.1232022872633,8,0,1,1, got allocated to elevator, 1
600.0, elevID,0,  pos,10,  cmd, goto,0
601.0,Elevator call,600.9312879686208,1,0,1,0, got allocated to elevator, 0
601.0, elevID,1,  pos,4,  cmd, goto,0
604.0,Elevator call,603.9342326983083,7,0,1,1, got allocated to elevator, 1
615.0, elevID,1,  pos,0,  cmd, goto,0
615.0, elevID,1,  pos,0,  cmd, goto,4
618.0,Elevator call,617.9628338542149,0,3,1,0, got allocated to elevator, 0
620.0,Elevator call,619.6454196970012,9,0,1,0, got allocated to elevator, 0
620.0,Elev,0,  arrived at src, 0, Elevator call,581.8703090238192,0,3,2,0
620.0,Elev,0,  arrived at src, 0, Elevator call,617.9628338542149,0,3,2,0
620.0, elevID,0,  pos,0,  cmd, goto,0
620.0, elevID,0,  pos,0,  cmd, goto,10
627.0,Elevator call,626.2116172047942,0,1,1,0, got allocated to elevator, 0
629.0, elevID,1,  pos,4,  cmd, goto,0
640.0, elevID,0,  pos,10,  cmd, goto,0
643.0, elevID,1,  pos,0,  cmd, goto,0
643.0, elevID,1,  pos,0,  cmd, goto,4
644.0,Elevator call,643.8547514955396,-1,2,1,1, got allocated to elevator, 1
657.0, elevID,1,  pos,4,  cmd, goto,0
660.0,Elev,0,  arrived at src, 0, Elevator call,626.2116172047942,0,1,2,0
660.0, elevID,0,  pos,0,  cmd, goto,0
660.0, elevID,0,  pos,0,  cmd, goto,10
661.0,Elevator call,660.0732907797126,6,10,1,0, got allocated to elevator, 0
662.0,Elevator call,661.0420820268716,-1,3,1,0, got allocated to elevator, 0
663.0,Elevator call,662.1730527520776,-1,5,1,1, got allocated to elevator, 1
666.0,Elevator call,665.1155548533167,-1,8,1,1, got allocated to elevator, 1
667.0,Elevator call,666.0340294605869,4,0,1,1, got allocated to elevator, 1
667.0,Elevator call,666.2411586665262,5,-1,1,1, got allocated to elevator, 1
671.0, elevID,1,  pos,0,  cmd, goto,0
671.0, elevID,1,  pos,0,  cmd, goto,4
673.0,Elevator call,672.677314157026,0,-1,1,1, got allocated to elevator, 1
678.0,Elevator call,677.7341948387335,0,-1,1,1, got allocated to elevator, 1
679.0,Elevator call,678.9953584914538,-1,-2,1,1, got allocated to elevator, 1
680.0, elevID,0,  pos,10,  cmd, goto,0
685.0,Elev,1,  arrived at src, 4, Elevator call,666.0340294605869,4,0,2,1
685.0, elevID,1,  pos,4,  cmd, goto,0
696.0,Elevator call,695.2239881566923,0,10,1,0, got allocated to elevator, 0
699.0,Elev,1,  arrived at dest, 0, this call is done!, Elevator call,666.0340294605869,4,0,3,1, Done, dt, 32.96597053941309
699.0,Elev,1,  arrived at src, 0, Elevator call,672.677314157026,0,-1,2,1
699.0,Elev,1,  arrived at src, 0, Elevator call,677.7341948387335,0,-1,2,1
699.0, elevID,1,  pos,0,  cmd, goto,0
699.0, elevID,1,  pos,0,  cmd, goto,4
700.0,Elev,0,  arrived at src, 0, Elevator call,695.2239881566923,0,10,2,0
700.0, elevID,0,  pos,0,  cmd, goto,0
700.0, elevID,0,  pos,0,  cmd, goto,10
707.0,Elevator call,706.1583474999188,-1,-2,1,0, got allocated to elevator, 0
711.0,Elevator call,710.3249770041223,0,1,1,0, got allocated to elevator, 0
713.0, elevID,1,  pos,4,  cmd, goto,0
714.0,Elevator call,713.0191971398395,1,0,1,1, got allocated to elevator, 1
714.0,Elevator call,713.2499766424826,10,-1,1,1, got allocated to elevator, 1
720.0,Elev,0,  arrived at dest, 10, this call is done!, Elevator call,695.2239881566923,0,10,3,0, Done, dt, 24.776011843307742
720.0, elevID,0,  pos,10,  cmd, goto,0
723.0,Elevator call,722.6161212799507,10,0,1,1, got allocated to elevator, 1
727.0, elevID,1,  pos,0,  cmd, goto,0
727.0, elevID,1,  pos,0,  cmd, goto,4
728.0,Elevator call,727.514602863032,-1,0,1,1, got allocated to elevator, 1
733.0,Elevator call,732.9746341348998,6,-1,1,0, got allocated to elevator, 0
738.0,Elevator call,737.314720213409,1,0,1,0, got allocated to elevator, 0
740.0,Elev,0,  arrived at src, 0, Elevator call,710.3249770041223,0,1,2,0
740.0, elevID,0,  pos,0,  cmd, goto,0
740.0, elevID,0,  pos,0,  cmd, goto,10
741.0, elevID,1,  pos,4,  cmd, goto,0
755.0, elevID,1,  pos,0,  cmd, goto,0
755.0, elevID,1,  pos,0,  cmd, goto,4
760.0, elevID,0,  pos,10,  cmd, goto,0
769.0, elevID,1,  pos,4,  cmd, goto,0
780.0,Elevator call,779.399691386574,-1,5,1,0, got allocated to elevator, 0
780.0, elevID,0,  pos,0,  cmd, goto,0
780.0, elevID,0,  pos,0,  cmd, goto,10
783.0, elevID,1,  pos,0,  cmd, goto,0
783.0, elevID,1,  pos,0,  cmd, goto,4
797.0, elevID,1,  pos,4,  cmd, goto,0
800.0, elevID,0,  pos,10,  cmd, goto,0
806.0,Elevator call,805.6754743307536,-1,-2,1,0, got allocated to elevator, 0
811.0,Elevator call,810.4469089359914,2,0,1,0, got allocated to elevator, 0
811.0, elevID,1,  pos,0,  cmd, goto,0
811.0, elevID,1,  pos,0,  cmd, goto,4
817.0,Elevator call,816.1516998390152,7,-1,1,0, got allocated to elevator, 0
820.0, elevID,0,  pos,0,  cmd, goto,0
820.0, elevID,0,  pos,0,  cmd, goto,10
825.0, elevID,1,  pos,4,  cmd, goto,0
826.0,Elevator call,825.4575184586336,7,0,1,0, got allocated to elevator, 0
839.0, elevID,1,  pos,0,  cmd, goto,0
839.0, elevID,1,  pos,0,  cmd, goto,4
840.0,Elevator call,839.8525652620532,0,1,1,1, got allocated to elevator, 1
840.0, elevID,0,  pos,10,  cmd, goto,0
853.0, elevID,1,  pos,4,  cmd, goto,0
855.0,Elevator call,854.2002278085795,6,-1,1,0, got allocated to elevator, 0
860.0, elevID,0,  pos,0,  cmd, goto,0
860.0, elevID,0,  pos,0,  cmd, goto,10
864.0,Elevator call,863.893291272948,0,-1,1,1, got allocated to elevator, 1
867.0,Elev,1,  arrived at src, 0, Elevator call,839.8525652620532,0,1,2,1
867.0,Elev,1,  arrived at src, 0, Elevator call,863.893291272948,0,-1,2,1
867.0, elevID,1,  pos,0,  cmd, goto,0
867.0, elevID,1,  pos,0,  cmd, goto,4
871.0,Elevator call,870.5053023797483,0,7,1,1, got allocated to elevator, 1
880.0, elevID,0,  pos,10,  cmd, goto,0
881.0, elevID,1,  pos,4,  cmd, goto,0
887.0,Elevator call,886.5649993239458,-1,-2,1,0, got allocated to elevator, 0
893.0,Elevator call,892.5212150591021,9,-1,1,1, got allocated to elevator, 1
895.0,Elev,1,  arrived at src, 0, Elevator call,870.5053023797483,0,7,2,1
895.0, elevID,1,  pos,0,  cmd, goto,0
895.0, elevID,1,  pos,0,  cmd, goto,4
900.0, elevID,0,  pos,0,  cmd, goto,0
900.0, elevID,0,  pos,0,  cmd, goto,10
909.0, elevID,1,  pos,4,  cmd, goto,0
911.0,Elevator call,910.5388559417848,6,5,1,1, got allocated to elevator, 1
916.0,Elevator call,915.9490574608818,4,-1,1,1, got allocated to elevator, 1
920.0, elevID,0,  pos,10,  cmd, goto,0
923.0, elevID,1,  pos,0,  cmd, goto,0
923.0, elevID,1,  pos,0,  cmd, goto,4
934.0,Elevator call,933.8580452488764,7,5,1,0, got allocated to elevator, 0
937.0,Elev,1,  arrived at src, 4, Elevator call,915.9490574608818,4,-1,2,1
937.0, elevID,1,  pos,4,  cmd, goto,0
940.0, elevID,0,  pos,0,  cmd, goto,0
940.0, elevID,0,  pos,0,  cmd, goto,10
951.0, elevID,1,  pos,0,  cmd, goto,0
951.0, elevID,1,  pos,0,  cmd, goto,4
960.0, elevID,0,  pos,10,  cmd, goto,0
962.0,Elevator call,961.6862855708133,6,-1,1,0, got allocated to elevator, 0
965.0, elevID,1,  pos,4,  cmd, goto,0
973.0,Elevator call,972.8032126022729,1,0,1,0, got allocated to elevator, 0
976.0,Elevator call,975.8361202753667,0,-1,1,1, got allocated to elevator, 1
979.0,Elevator call,978.5925148564796,10,0,1,1, got allocated to elevator, 1
979.0,Elevator call,978.6210500641439,10,-1,1,0, got allocated to elevator, 0
979.0,Elev,1,  arrived at src, 0, Elevator call,975.8361202753667,0,-1,2,1
979.0, elevID,1,  pos,0,  cmd, goto,0
979.0, elevID,1,  pos,0,  cmd, goto,4
980.0, elevID,0,  pos,0,  cmd, goto,0
980.0, elevID,0,  pos,0,  cmd, goto,10
985.0,Elevator call,984.1840185574983,7,0,1,0, got allocated to elevator, 0
993.0, elevID,1,  pos,4,  cmd, goto,0
1000.0,************* Simulation Ended ************
Code Owners,207051707,208785154,  Case,2,  Total waiting time: 37519.792822120195,  average waiting time per call: 375.19792822120195,  unCompleted calls,83,  certificate, -1988928806
