**** The Simulator log: stage 2
0.0,OOP_Ex0_Elevator_Simulator
0.0,Simulated Building, ex0.simulator.Builging_A [-2,10]
0) ex0.simulator.Elevator_A, Elev_0, speed: 1.0, open/close: 2.0,  start/stop: 3.0
1) ex0.simulator.Elevator_A, Elev_1, speed: 1.0, open/close: 2.0,  start/stop: 3.0
0.0,Simulated Period starTime,0.0,  endTime,1000.0,  dt,1.0
0.0,Simulated  calls,Elevetor log, size: 100
0.0,**** Simulation starts!! ****
5.0,Elevator call,4.374727290393253,0,-1,1,0, got allocated to elevator, 0
5.0, elevID,0,  pos,-2,  cmd, goto,0
17.0,Elevator call,16.957882888088932,-1,0,1,0, got allocated to elevator, 0
17.0,Elev,0,  arrived at src, 0, Elevator call,4.374727290393253,0,-1,2,0
17.0, elevID,0,  pos,0,  cmd, goto,-1
23.0,Elevator call,22.094056301593582,0,-1,1,0, got allocated to elevator, 0
28.0,Elev,0,  arrived at dest, -1, this call is done!, Elevator call,4.374727290393253,0,-1,3,0, Done, dt, 23.625272709606747
28.0,Elev,0,  arrived at src, -1, Elevator call,16.957882888088932,-1,0,2,0
28.0, elevID,0,  pos,-1,  cmd, goto,0
39.0,Elev,0,  arrived at dest, 0, this call is done!, Elevator call,16.957882888088932,-1,0,3,0, Done, dt, 22.042117111911068
39.0,Elev,0,  arrived at src, 0, Elevator call,22.094056301593582,0,-1,2,0
39.0, elevID,0,  pos,0,  cmd, goto,-1
50.0,Elev,0,  arrived at dest, -1, this call is done!, Elevator call,22.094056301593582,0,-1,3,0, Done, dt, 27.905943698406418
86.0,Elevator call,85.5209666204754,3,2,1,0, got allocated to elevator, 0
86.0, elevID,0,  pos,-1,  cmd, goto,3
92.0,Elevator call,91.21019413453945,-1,-2,1,0, got allocated to elevator, 0
100.0,Elev,0,  arrived at src, 3, Elevator call,85.5209666204754,3,2,2,0
100.0, elevID,0,  pos,3,  cmd, goto,2
105.0,Elevator call,104.13701241869234,0,4,1,0, got allocated to elevator, 0
110.0,Elevator call,109.21352909346587,-1,0,1,0, got allocated to elevator, 0
111.0,Elev,0,  arrived at dest, 2, this call is done!, Elevator call,85.5209666204754,3,2,3,0, Done, dt, 25.479033379524594
111.0, elevID,0,  pos,2,  cmd, goto,-1
115.0,Elevator call,114.39235096774041,3,0,1,0, got allocated to elevator, 0
124.0,Elev,0,  arrived at src, -1, Elevator call,91.21019413453945,-1,-2,2,0
124.0,Elev,0,  arrived at src, -1, Elevator call,109.21352909346587,-1,0,2,0
124.0, elevID,0,  pos,-1,  cmd, goto,-2
125.0,Elevator call,124.42557095980362,0,9,1,1, got allocated to elevator, 1
125.0, elevID,1,  pos,-2,  cmd, goto,0
131.0,Elevator call,130.02495678190564,8,10,1,1, got allocated to elevator, 1
131.0,Elevator call,130.224911275492,-1,1,1,0, got allocated to elevator, 0
135.0,Elev,0,  arrived at dest, -2, this call is done!, Elevator call,91.21019413453945,-1,-2,3,0, Done, dt, 43.78980586546055
135.0, elevID,0,  pos,-2,  cmd, goto,0
137.0,Elev,1,  arrived at src, 0, Elevator call,124.42557095980362,0,9,2,1
137.0, elevID,1,  pos,0,  cmd, goto,9
138.0,Elevator call,137.9515274326701,0,4,1,1, got allocated to elevator, 1
144.0,Elevator call,143.91335838799415,0,6,1,0, got allocated to elevator, 0
147.0,Elev,0,  arrived at src, 0, Elevator call,104.13701241869234,0,4,2,0
147.0,Elev,0,  arrived at dest, 0, this call is done!, Elevator call,109.21352909346587,-1,0,3,0, Done, dt, 37.786470906534134
147.0,Elev,0,  arrived at src, 0, Elevator call,143.91335838799415,0,6,2,0
147.0, elevID,0,  pos,0,  cmd, goto,4
156.0,Elev,1,  arrived at dest, 9, this call is done!, Elevator call,124.42557095980362,0,9,3,1, Done, dt, 31.574429040196378
156.0, elevID,1,  pos,9,  cmd, goto,8
161.0,Elev,0,  arrived at dest, 4, this call is done!, Elevator call,104.13701241869234,0,4,3,0, Done, dt, 56.862987581307664
161.0, elevID,0,  pos,4,  cmd, goto,-1
167.0,Elev,1,  arrived at src, 8, Elevator call,130.02495678190564,8,10,2,1
167.0, elevID,1,  pos,8,  cmd, goto,10
170.0,Elevator call,169.78458339380109,-1,0,1,1, got allocated to elevator, 1
171.0,Elevator call,170.0099620835246,0,6,1,1, got allocated to elevator, 1
172.0,Elevator call,171.21173315221364,-1,8,1,0, got allocated to elevator, 0
175.0,Elevator call,174.84385152106802,0,-1,1,1, got allocated to elevator, 1
176.0,Elev,0,  arrived at src, -1, Elevator call,130.224911275492,-1,1,2,0
176.0,Elev,0,  arrived at src, -1, Elevator call,171.21173315221364,-1,8,2,0
176.0, elevID,0,  pos,-1,  cmd, goto,0
179.0,Elev,1,  arrived at dest, 10, this call is done!, Elevator call,130.02495678190564,8,10,3,1, Done, dt, 48.975043218094356
179.0, elevID,1,  pos,10,  cmd, goto,0
187.0, elevID,0,  pos,0,  cmd, goto,3
188.0,Elevator call,187.11678617348463,-1,-2,1,1, got allocated to elevator, 1
188.0,Elevator call,187.7299317966884,-1,-2,1,1, got allocated to elevator, 1
196.0,Elevator call,195.90869649656992,0,7,1,1, got allocated to elevator, 1
198.0,Elevator call,197.5359191292572,-1,1,1,1, got allocated to elevator, 1
199.0,Elev,1,  arrived at src, 0, Elevator call,137.9515274326701,0,4,2,1
199.0,Elev,1,  arrived at src, 0, Elevator call,170.0099620835246,0,6,2,1
199.0,Elev,1,  arrived at src, 0, Elevator call,174.84385152106802,0,-1,2,1
199.0,Elev,1,  arrived at src, 0, Elevator call,195.90869649656992,0,7,2,1
199.0, elevID,1,  pos,0,  cmd, goto,4
200.0,Elev,0,  arrived at src, 3, Elevator call,114.39235096774041,3,0,2,0
200.0, elevID,0,  pos,3,  cmd, goto,0
206.0,Elevator call,205.9895199338651,-1,0,1,0, got allocated to elevator, 0
213.0,Elev,0,  arrived at dest, 0, this call is done!, Elevator call,114.39235096774041,3,0,3,0, Done, dt, 98.60764903225959
213.0, elevID,0,  pos,0,  cmd, goto,-1
213.0,Elev,1,  arrived at dest, 4, this call is done!, Elevator call,137.9515274326701,0,4,3,1, Done, dt, 75.0484725673299
213.0, elevID,1,  pos,4,  cmd, goto,-1
224.0,Elev,0,  arrived at src, -1, Elevator call,205.9895199338651,-1,0,2,0
224.0, elevID,0,  pos,-1,  cmd, goto,1
228.0,Elevator call,227.0798304557929,-1,5,1,0, got allocated to elevator, 0
228.0,Elev,1,  arrived at src, -1, Elevator call,169.78458339380109,-1,0,2,1
228.0,Elev,1,  arrived at dest, -1, this call is done!, Elevator call,174.84385152106802,0,-1,3,1, Done, dt, 53.15614847893198
228.0,Elev,1,  arrived at src, -1, Elevator call,187.11678617348463,-1,-2,2,1
228.0,Elev,1,  arrived at src, -1, Elevator call,187.7299317966884,-1,-2,2,1
228.0,Elev,1,  arrived at src, -1, Elevator call,197.5359191292572,-1,1,2,1
228.0, elevID,1,  pos,-1,  cmd, goto,0
232.0,Elevator call,231.51578817426258,-1,0,1,1, got allocated to elevator, 1
233.0,Elevator call,232.95043623946805,0,-1,1,1, got allocated to elevator, 1
236.0,Elev,0,  arrived at dest, 1, this call is done!, Elevator call,130.224911275492,-1,1,3,0, Done, dt, 105.77508872450801
236.0, elevID,0,  pos,1,  cmd, goto,0
239.0,Elev,1,  arrived at dest, 0, this call is done!, Elevator call,169.78458339380109,-1,0,3,1, Done, dt, 69.21541660619891
239.0,Elev,1,  arrived at src, 0, Elevator call,232.95043623946805,0,-1,2,1
239.0, elevID,1,  pos,0,  cmd, goto,6
247.0,Elev,0,  arrived at dest, 0, this call is done!, Elevator call,205.9895199338651,-1,0,3,0, Done, dt, 41.0104800661349
247.0, elevID,0,  pos,0,  cmd, goto,6
252.0,Elevator call,251.10444690749756,-1,-2,1,1, got allocated to elevator, 1
252.0,Elevator call,251.23593354161653,0,9,1,0, got allocated to elevator, 0
255.0,Elevator call,254.69771525200505,3,4,1,0, got allocated to elevator, 0
255.0,Elev,1,  arrived at dest, 6, this call is done!, Elevator call,170.0099620835246,0,6,3,1, Done, dt, 84.99003791647539
255.0, elevID,1,  pos,6,  cmd, goto,0
258.0,Elevator call,257.7974435335086,-1,0,1,0, got allocated to elevator, 0
263.0,Elev,0,  arrived at dest, 6, this call is done!, Elevator call,143.91335838799415,0,6,3,0, Done, dt, 119.08664161200585
263.0, elevID,0,  pos,6,  cmd, goto,-1
271.0, elevID,1,  pos,0,  cmd, goto,-1
280.0,Elev,0,  arrived at src, -1, Elevator call,227.0798304557929,-1,5,2,0
280.0,Elev,0,  arrived at src, -1, Elevator call,257.7974435335086,-1,0,2,0
280.0, elevID,0,  pos,-1,  cmd, goto,8
282.0,Elev,1,  arrived at src, -1, Elevator call,231.51578817426258,-1,0,2,1
282.0,Elev,1,  arrived at dest, -1, this call is done!, Elevator call,232.95043623946805,0,-1,3,1, Done, dt, 49.04956376053195
282.0,Elev,1,  arrived at src, -1, Elevator call,251.10444690749756,-1,-2,2,1
282.0, elevID,1,  pos,-1,  cmd, goto,-2
293.0,Elev,1,  arrived at dest, -2, this call is done!, Elevator call,187.11678617348463,-1,-2,3,1, Done, dt, 105.88321382651537
293.0,Elev,1,  arrived at dest, -2, this call is done!, Elevator call,187.7299317966884,-1,-2,3,1, Done, dt, 105.27006820331161
293.0,Elev,1,  arrived at dest, -2, this call is done!, Elevator call,251.10444690749756,-1,-2,3,1, Done, dt, 41.89555309250244
293.0, elevID,1,  pos,-2,  cmd, goto,-1
296.0,Elevator call,295.7943356681491,0,1,1,1, got allocated to elevator, 1
299.0,Elev,0,  arrived at dest, 8, this call is done!, Elevator call,171.21173315221364,-1,8,3,0, Done, dt, 127.78826684778636
299.0, elevID,0,  pos,8,  cmd, goto,-1
304.0, elevID,1,  pos,-1,  cmd, goto,-2
305.0,Elevator call,304.99843880775313,6,0,1,0, got allocated to elevator, 0
310.0,Elevator call,309.30053828560517,0,-1,1,0, got allocated to elevator, 0
313.0,Elevator call,312.30185564398687,0,-1,1,0, got allocated to elevator, 0
315.0, elevID,1,  pos,-2,  cmd, goto,0
317.0,Elevator call,316.03237827404377,0,-1,1,0, got allocated to elevator, 0
318.0, elevID,0,  pos,-1,  cmd, goto,0
320.0,Elevator call,319.90520204415634,6,5,1,1, got allocated to elevator, 1
321.0,Elevator call,320.97607492210807,-1,0,1,0, got allocated to elevator, 0
322.0,Elevator call,321.37040904796595,7,-1,1,1, got allocated to elevator, 1
327.0,Elev,1,  arrived at dest, 0, this call is done!, Elevator call,231.51578817426258,-1,0,3,1, Done, dt, 95.48421182573742
327.0,Elev,1,  arrived at src, 0, Elevator call,295.7943356681491,0,1,2,1
327.0, elevID,1,  pos,0,  cmd, goto,7
329.0,Elev,0,  arrived at src, 0, Elevator call,251.23593354161653,0,9,2,0
329.0,Elev,0,  arrived at dest, 0, this call is done!, Elevator call,257.7974435335086,-1,0,3,0, Done, dt, 71.20255646649139
329.0,Elev,0,  arrived at src, 0, Elevator call,309.30053828560517,0,-1,2,0
329.0,Elev,0,  arrived at src, 0, Elevator call,312.30185564398687,0,-1,2,0
329.0,Elev,0,  arrived at src, 0, Elevator call,316.03237827404377,0,-1,2,0
329.0, elevID,0,  pos,0,  cmd, goto,-1
333.0,Elevator call,332.4267319393355,0,10,1,0, got allocated to elevator, 0
337.0,Elevator call,336.93043046159545,-1,0,1,0, got allocated to elevator, 0
340.0,Elev,0,  arrived at dest, -1, this call is done!, Elevator call,309.30053828560517,0,-1,3,0, Done, dt, 30.69946171439483
340.0,Elev,0,  arrived at dest, -1, this call is done!, Elevator call,312.30185564398687,0,-1,3,0, Done, dt, 27.69814435601313
340.0,Elev,0,  arrived at dest, -1, this call is done!, Elevator call,316.03237827404377,0,-1,3,0, Done, dt, 23.967621725956235
340.0,Elev,0,  arrived at src, -1, Elevator call,320.97607492210807,-1,0,2,0
340.0,Elev,0,  arrived at src, -1, Elevator call,336.93043046159545,-1,0,2,0
340.0, elevID,0,  pos,-1,  cmd, goto,5
344.0,Elev,1,  arrived at dest, 7, this call is done!, Elevator call,195.90869649656992,0,7,3,1, Done, dt, 148.09130350343008
344.0,Elev,1,  arrived at src, 7, Elevator call,321.37040904796595,7,-1,2,1
344.0, elevID,1,  pos,7,  cmd, goto,-1
356.0,Elev,0,  arrived at dest, 5, this call is done!, Elevator call,227.0798304557929,-1,5,3,0, Done, dt, 128.9201695442071
356.0, elevID,0,  pos,5,  cmd, goto,0
362.0,Elev,1,  arrived at dest, -1, this call is done!, Elevator call,321.37040904796595,7,-1,3,1, Done, dt, 40.62959095203405
362.0, elevID,1,  pos,-1,  cmd, goto,1
371.0,Elev,0,  arrived at dest, 0, this call is done!, Elevator call,320.97607492210807,-1,0,3,0, Done, dt, 50.02392507789193
371.0,Elev,0,  arrived at src, 0, Elevator call,332.4267319393355,0,10,2,0
371.0,Elev,0,  arrived at dest, 0, this call is done!, Elevator call,336.93043046159545,-1,0,3,0, Done, dt, 34.06956953840455
371.0, elevID,0,  pos,0,  cmd, goto,9
374.0,Elev,1,  arrived at dest, 1, this call is done!, Elevator call,197.5359191292572,-1,1,3,1, Done, dt, 176.4640808707428
374.0,Elev,1,  arrived at dest, 1, this call is done!, Elevator call,295.7943356681491,0,1,3,1, Done, dt, 78.20566433185093
374.0, elevID,1,  pos,1,  cmd, goto,-1
376.0,Elevator call,375.49048095381363,1,0,1,0, got allocated to elevator, 0
386.0, elevID,1,  pos,-1,  cmd, goto,0
390.0,Elev,0,  arrived at dest, 9, this call is done!, Elevator call,251.23593354161653,0,9,3,0, Done, dt, 138.76406645838347
390.0, elevID,0,  pos,9,  cmd, goto,3
393.0,Elevator call,392.5160764870397,0,5,1,1, got allocated to elevator, 1
397.0,Elev,1,  arrived at src, 0, Elevator call,392.5160764870397,0,5,2,1
397.0, elevID,1,  pos,0,  cmd, goto,-1
406.0,Elevator call,405.1821140884023,-1,10,1,1, got allocated to elevator, 1
406.0,Elev,0,  arrived at src, 3, Elevator call,254.69771525200505,3,4,2,0
406.0, elevID,0,  pos,3,  cmd, goto,4
408.0,Elev,1,  arrived at src, -1, Elevator call,405.1821140884023,-1,10,2,1
408.0, elevID,1,  pos,-1,  cmd, goto,-2
417.0,Elev,0,  arrived at dest, 4, this call is done!, Elevator call,254.69771525200505,3,4,3,0, Done, dt, 162.30228474799495
417.0, elevID,0,  pos,4,  cmd, goto,6
419.0, elevID,1,  pos,-2,  cmd, goto,0
427.0,Elevator call,426.8615805478589,2,0,1,0, got allocated to elevator, 0
429.0,Elev,0,  arrived at src, 6, Elevator call,304.99843880775313,6,0,2,0
429.0, elevID,0,  pos,6,  cmd, goto,1
431.0, elevID,1,  pos,0,  cmd, goto,1
438.0,Elevator call,437.17111576125836,1,0,1,0, got allocated to elevator, 0
442.0, elevID,1,  pos,1,  cmd, goto,6
444.0,Elev,0,  arrived at src, 1, Elevator call,375.49048095381363,1,0,2,0
444.0,Elev,0,  arrived at src, 1, Elevator call,437.17111576125836,1,0,2,0
444.0, elevID,0,  pos,1,  cmd, goto,0
455.0,Elev,0,  arrived at dest, 0, this call is done!, Elevator call,304.99843880775313,6,0,3,0, Done, dt, 150.00156119224687
455.0,Elev,0,  arrived at dest, 0, this call is done!, Elevator call,375.49048095381363,1,0,3,0, Done, dt, 79.50951904618637
455.0,Elev,0,  arrived at dest, 0, this call is done!, Elevator call,437.17111576125836,1,0,3,0, Done, dt, 17.828884238741637
455.0, elevID,0,  pos,0,  cmd, goto,-1
457.0,Elev,1,  arrived at src, 6, Elevator call,319.90520204415634,6,5,2,1
457.0, elevID,1,  pos,6,  cmd, goto,5
466.0, elevID,0,  pos,-1,  cmd, goto,0
468.0,Elev,1,  arrived at dest, 5, this call is done!, Elevator call,319.90520204415634,6,5,3,1, Done, dt, 148.09479795584366
468.0,Elev,1,  arrived at dest, 5, this call is done!, Elevator call,392.5160764870397,0,5,3,1, Done, dt, 75.4839235129603
468.0, elevID,1,  pos,5,  cmd, goto,7
473.0,Elevator call,472.7445473930129,10,-1,1,1, got allocated to elevator, 1
477.0, elevID,0,  pos,0,  cmd, goto,10
480.0, elevID,1,  pos,7,  cmd, goto,-1
497.0,Elev,0,  arrived at dest, 10, this call is done!, Elevator call,332.4267319393355,0,10,3,0, Done, dt, 164.57326806066447
497.0, elevID,0,  pos,10,  cmd, goto,2
498.0, elevID,1,  pos,-1,  cmd, goto,0
501.0,Elevator call,500.3712044996745,8,-1,1,1, got allocated to elevator, 1
504.0,Elevator call,503.13847841893045,1,-1,1,1, got allocated to elevator, 1
505.0,Elevator call,504.4317942159655,0,-1,1,0, got allocated to elevator, 0
509.0, elevID,1,  pos,0,  cmd, goto,5
515.0,Elev,0,  arrived at src, 2, Elevator call,426.8615805478589,2,0,2,0
515.0, elevID,0,  pos,2,  cmd, goto,0
524.0, elevID,1,  pos,5,  cmd, goto,-1
527.0,Elev,0,  arrived at dest, 0, this call is done!, Elevator call,426.8615805478589,2,0,3,0, Done, dt, 100.13841945214108
527.0,Elev,0,  arrived at src, 0, Elevator call,504.4317942159655,0,-1,2,0
527.0, elevID,0,  pos,0,  cmd, goto,-1
530.0,Elevator call,529.6277472128405,3,-1,1,1, got allocated to elevator, 1
538.0,Elevator call,537.7866883694313,-1,6,1,1, got allocated to elevator, 1
538.0,Elev,0,  arrived at dest, -1, this call is done!, Elevator call,504.4317942159655,0,-1,3,0, Done, dt, 33.56820578403449
540.0,Elev,1,  arrived at src, -1, Elevator call,537.7866883694313,-1,6,2,1
540.0, elevID,1,  pos,-1,  cmd, goto,10
545.0,Elevator call,544.7880392034898,6,-1,1,1, got allocated to elevator, 1
555.0,Elevator call,554.0892922920482,4,0,1,1, got allocated to elevator, 1
558.0,Elevator call,557.2441390036331,10,0,1,1, got allocated to elevator, 1
561.0,Elev,1,  arrived at dest, 10, this call is done!, Elevator call,405.1821140884023,-1,10,3,1, Done, dt, 155.81788591159773
561.0,Elev,1,  arrived at src, 10, Elevator call,472.7445473930129,10,-1,2,1
561.0,Elev,1,  arrived at src, 10, Elevator call,557.2441390036331,10,0,2,1
561.0, elevID,1,  pos,10,  cmd, goto,6
566.0,Elevator call,565.0195521745534,0,-1,1,1, got allocated to elevator, 1
575.0,Elev,1,  arrived at dest, 6, this call is done!, Elevator call,537.7866883694313,-1,6,3,1, Done, dt, 37.21331163056868
575.0,Elev,1,  arrived at src, 6, Elevator call,544.7880392034898,6,-1,2,1
575.0, elevID,1,  pos,6,  cmd, goto,0
582.0,Elevator call,581.8703090238192,0,3,1,1, got allocated to elevator, 1
591.0,Elev,1,  arrived at dest, 0, this call is done!, Elevator call,557.2441390036331,10,0,3,1, Done, dt, 33.75586099636689
591.0,Elev,1,  arrived at src, 0, Elevator call,565.0195521745534,0,-1,2,1
591.0,Elev,1,  arrived at src, 0, Elevator call,581.8703090238192,0,3,2,1
591.0, elevID,1,  pos,0,  cmd, goto,-1
597.0,Elevator call,596.1232022872633,8,0,1,1, got allocated to elevator, 1
601.0,Elevator call,600.9312879686208,1,0,1,1, got allocated to elevator, 1
602.0,Elev,1,  arrived at dest, -1, this call is done!, Elevator call,472.7445473930129,10,-1,3,1, Done, dt, 129.2554526069871
602.0,Elev,1,  arrived at dest, -1, this call is done!, Elevator call,544.7880392034898,6,-1,3,1, Done, dt, 57.2119607965102
602.0,Elev,1,  arrived at dest, -1, this call is done!, Elevator call,565.0195521745534,0,-1,3,1, Done, dt, 36.98044782544662
602.0, elevID,1,  pos,-1,  cmd, goto,8
604.0,Elevator call,603.9342326983083,7,0,1,1, got allocated to elevator, 1
618.0,Elevator call,617.9628338542149,0,3,1,0, got allocated to elevator, 0
620.0,Elevator call,619.6454196970012,9,0,1,1, got allocated to elevator, 1
621.0,Elev,1,  arrived at src, 8, Elevator call,500.3712044996745,8,-1,2,1
621.0,Elev,1,  arrived at src, 8, Elevator call,596.1232022872633,8,0,2,1
621.0, elevID,1,  pos,8,  cmd, goto,-1
627.0,Elevator call,626.2116172047942,0,1,1,1, got allocated to elevator, 1
640.0,Elev,1,  arrived at dest, -1, this call is done!, Elevator call,500.3712044996745,8,-1,3,1, Done, dt, 139.6287955003255
640.0, elevID,1,  pos,-1,  cmd, goto,1
644.0,Elevator call,643.8547514955396,-1,2,1,1, got allocated to elevator, 1
652.0,Elev,1,  arrived at src, 1, Elevator call,503.13847841893045,1,-1,2,1
652.0,Elev,1,  arrived at src, 1, Elevator call,600.9312879686208,1,0,2,1
652.0, elevID,1,  pos,1,  cmd, goto,-1
661.0,Elevator call,660.0732907797126,6,10,1,1, got allocated to elevator, 1
662.0,Elevator call,661.0420820268716,-1,3,1,1, got allocated to elevator, 1
663.0,Elevator call,662.1730527520776,-1,5,1,1, got allocated to elevator, 1
664.0,Elev,1,  arrived at dest, -1, this call is done!, Elevator call,503.13847841893045,1,-1,3,1, Done, dt, 160.86152158106955
664.0,Elev,1,  arrived at src, -1, Elevator call,643.8547514955396,-1,2,2,1
664.0,Elev,1,  arrived at src, -1, Elevator call,661.0420820268716,-1,3,2,1
664.0,Elev,1,  arrived at src, -1, Elevator call,662.1730527520776,-1,5,2,1
664.0, elevID,1,  pos,-1,  cmd, goto,3
666.0,Elevator call,665.1155548533167,-1,8,1,1, got allocated to elevator, 1
667.0,Elevator call,666.0340294605869,4,0,1,1, got allocated to elevator, 1
667.0,Elevator call,666.2411586665262,5,-1,1,1, got allocated to elevator, 1
673.0,Elevator call,672.677314157026,0,-1,1,1, got allocated to elevator, 1
678.0,Elevator call,677.7341948387335,0,-1,1,1, got allocated to elevator, 1
678.0,Elev,1,  arrived at src, 3, Elevator call,529.6277472128405,3,-1,2,1
678.0,Elev,1,  arrived at dest, 3, this call is done!, Elevator call,581.8703090238192,0,3,3,1, Done, dt, 96.12969097618077
678.0,Elev,1,  arrived at dest, 3, this call is done!, Elevator call,661.0420820268716,-1,3,3,1, Done, dt, 16.95791797312836
678.0, elevID,1,  pos,3,  cmd, goto,0
679.0,Elevator call,678.9953584914538,-1,-2,1,1, got allocated to elevator, 1
691.0,Elev,1,  arrived at dest, 0, this call is done!, Elevator call,596.1232022872633,8,0,3,1, Done, dt, 94.87679771273667
691.0,Elev,1,  arrived at dest, 0, this call is done!, Elevator call,600.9312879686208,1,0,3,1, Done, dt, 90.06871203137916
691.0,Elev,1,  arrived at src, 0, Elevator call,626.2116172047942,0,1,2,1
691.0,Elev,1,  arrived at src, 0, Elevator call,672.677314157026,0,-1,2,1
691.0,Elev,1,  arrived at src, 0, Elevator call,677.7341948387335,0,-1,2,1
691.0, elevID,1,  pos,0,  cmd, goto,-1
696.0,Elevator call,695.2239881566923,0,10,1,1, got allocated to elevator, 1
702.0,Elev,1,  arrived at dest, -1, this call is done!, Elevator call,529.6277472128405,3,-1,3,1, Done, dt, 172.37225278715948
702.0,Elev,1,  arrived at src, -1, Elevator call,665.1155548533167,-1,8,2,1
702.0,Elev,1,  arrived at dest, -1, this call is done!, Elevator call,672.677314157026,0,-1,3,1, Done, dt, 29.32268584297401
702.0,Elev,1,  arrived at dest, -1, this call is done!, Elevator call,677.7341948387335,0,-1,3,1, Done, dt, 24.265805161266485
702.0,Elev,1,  arrived at src, -1, Elevator call,678.9953584914538,-1,-2,2,1
702.0, elevID,1,  pos,-1,  cmd, goto,6
707.0,Elevator call,706.1583474999188,-1,-2,1,1, got allocated to elevator, 1
711.0,Elevator call,710.3249770041223,0,1,1,0, got allocated to elevator, 0
714.0,Elevator call,713.0191971398395,1,0,1,1, got allocated to elevator, 1
714.0,Elevator call,713.2499766424826,10,-1,1,1, got allocated to elevator, 1
719.0,Elev,1,  arrived at src, 6, Elevator call,660.0732907797126,6,10,2,1
719.0, elevID,1,  pos,6,  cmd, goto,4
723.0,Elevator call,722.6161212799507,10,0,1,1, got allocated to elevator, 1
728.0,Elevator call,727.514602863032,-1,0,1,1, got allocated to elevator, 1
731.0,Elev,1,  arrived at src, 4, Elevator call,554.0892922920482,4,0,2,1
731.0,Elev,1,  arrived at src, 4, Elevator call,666.0340294605869,4,0,2,1
731.0, elevID,1,  pos,4,  cmd, goto,1
733.0,Elevator call,732.9746341348998,6,-1,1,1, got allocated to elevator, 1
738.0,Elevator call,737.314720213409,1,0,1,1, got allocated to elevator, 1
744.0,Elev,1,  arrived at dest, 1, this call is done!, Elevator call,626.2116172047942,0,1,3,1, Done, dt, 117.78838279520585
744.0,Elev,1,  arrived at src, 1, Elevator call,713.0191971398395,1,0,2,1
744.0,Elev,1,  arrived at src, 1, Elevator call,737.314720213409,1,0,2,1
744.0, elevID,1,  pos,1,  cmd, goto,4
757.0, elevID,1,  pos,4,  cmd, goto,1
770.0, elevID,1,  pos,1,  cmd, goto,0
780.0,Elevator call,779.399691386574,-1,5,1,0, got allocated to elevator, 0
780.0,Elev,0,  arrived at src, -1, Elevator call,779.399691386574,-1,5,2,0
781.0,Elev,1,  arrived at dest, 0, this call is done!, Elevator call,554.0892922920482,4,0,3,1, Done, dt, 226.91070770795181
781.0,Elev,1,  arrived at dest, 0, this call is done!, Elevator call,666.0340294605869,4,0,3,1, Done, dt, 114.96597053941309
781.0,Elev,1,  arrived at src, 0, Elevator call,695.2239881566923,0,10,2,1
781.0,Elev,1,  arrived at dest, 0, this call is done!, Elevator call,713.0191971398395,1,0,3,1, Done, dt, 67.98080286016045
781.0,Elev,1,  arrived at dest, 0, this call is done!, Elevator call,737.314720213409,1,0,3,1, Done, dt, 43.68527978659097
781.0, elevID,1,  pos,0,  cmd, goto,10
801.0,Elev,1,  arrived at dest, 10, this call is done!, Elevator call,660.0732907797126,6,10,3,1, Done, dt, 140.92670922028742
801.0,Elev,1,  arrived at dest, 10, this call is done!, Elevator call,695.2239881566923,0,10,3,1, Done, dt, 105.77601184330774
801.0,Elev,1,  arrived at src, 10, Elevator call,713.2499766424826,10,-1,2,1
801.0,Elev,1,  arrived at src, 10, Elevator call,722.6161212799507,10,0,2,1
801.0, elevID,1,  pos,10,  cmd, goto,8
806.0,Elevator call,805.6754743307536,-1,-2,1,1, got allocated to elevator, 1
811.0,Elevator call,810.4469089359914,2,0,1,1, got allocated to elevator, 1
813.0,Elev,1,  arrived at dest, 8, this call is done!, Elevator call,665.1155548533167,-1,8,3,1, Done, dt, 147.88444514668333
813.0, elevID,1,  pos,8,  cmd, goto,7
817.0,Elevator call,816.1516998390152,7,-1,1,1, got allocated to elevator, 1
824.0,Elev,1,  arrived at src, 7, Elevator call,603.9342326983083,7,0,2,1
824.0,Elev,1,  arrived at src, 7, Elevator call,816.1516998390152,7,-1,2,1
824.0, elevID,1,  pos,7,  cmd, goto,9
826.0,Elevator call,825.4575184586336,7,0,1,1, got allocated to elevator, 1
836.0,Elev,1,  arrived at src, 9, Elevator call,619.6454196970012,9,0,2,1
836.0, elevID,1,  pos,9,  cmd, goto,10
840.0,Elevator call,839.8525652620532,0,1,1,0, got allocated to elevator, 0
847.0, elevID,1,  pos,10,  cmd, goto,2
855.0,Elevator call,854.2002278085795,6,-1,1,1, got allocated to elevator, 1
864.0,Elevator call,863.893291272948,0,-1,1,1, got allocated to elevator, 1
865.0,Elev,1,  arrived at dest, 2, this call is done!, Elevator call,643.8547514955396,-1,2,3,1, Done, dt, 221.14524850446037
865.0,Elev,1,  arrived at src, 2, Elevator call,810.4469089359914,2,0,2,1
865.0, elevID,1,  pos,2,  cmd, goto,7
871.0,Elevator call,870.5053023797483,0,7,1,1, got allocated to elevator, 1
880.0,Elev,1,  arrived at src, 7, Elevator call,825.4575184586336,7,0,2,1
880.0, elevID,1,  pos,7,  cmd, goto,0
887.0,Elevator call,886.5649993239458,-1,-2,1,1, got allocated to elevator, 1
893.0,Elevator call,892.5212150591021,9,-1,1,1, got allocated to elevator, 1
897.0,Elev,1,  arrived at dest, 0, this call is done!, Elevator call,603.9342326983083,7,0,3,1, Done, dt, 293.0657673016917
897.0,Elev,1,  arrived at dest, 0, this call is done!, Elevator call,619.6454196970012,9,0,3,1, Done, dt, 277.3545803029988
897.0,Elev,1,  arrived at dest, 0, this call is done!, Elevator call,722.6161212799507,10,0,3,1, Done, dt, 174.38387872004932
897.0,Elev,1,  arrived at dest, 0, this call is done!, Elevator call,810.4469089359914,2,0,3,1, Done, dt, 86.55309106400864
897.0,Elev,1,  arrived at dest, 0, this call is done!, Elevator call,825.4575184586336,7,0,3,1, Done, dt, 71.54248154136644
897.0,Elev,1,  arrived at src, 0, Elevator call,863.893291272948,0,-1,2,1
897.0,Elev,1,  arrived at src, 0, Elevator call,870.5053023797483,0,7,2,1
897.0, elevID,1,  pos,0,  cmd, goto,3
910.0, elevID,1,  pos,3,  cmd, goto,0
911.0,Elevator call,910.5388559417848,6,5,1,1, got allocated to elevator, 1
916.0,Elevator call,915.9490574608818,4,-1,1,1, got allocated to elevator, 1
923.0, elevID,1,  pos,0,  cmd, goto,1
934.0,Elevator call,933.8580452488764,7,5,1,1, got allocated to elevator, 1
934.0, elevID,1,  pos,1,  cmd, goto,-1
946.0,Elev,1,  arrived at src, -1, Elevator call,706.1583474999188,-1,-2,2,1
946.0,Elev,1,  arrived at dest, -1, this call is done!, Elevator call,713.2499766424826,10,-1,3,1, Done, dt, 232.75002335751742
946.0,Elev,1,  arrived at src, -1, Elevator call,727.514602863032,-1,0,2,1
946.0,Elev,1,  arrived at src, -1, Elevator call,805.6754743307536,-1,-2,2,1
946.0,Elev,1,  arrived at dest, -1, this call is done!, Elevator call,816.1516998390152,7,-1,3,1, Done, dt, 129.84830016098476
946.0,Elev,1,  arrived at dest, -1, this call is done!, Elevator call,863.893291272948,0,-1,3,1, Done, dt, 82.10670872705202
946.0,Elev,1,  arrived at src, -1, Elevator call,886.5649993239458,-1,-2,2,1
946.0, elevID,1,  pos,-1,  cmd, goto,2
959.0, elevID,1,  pos,2,  cmd, goto,6
962.0,Elevator call,961.6862855708133,6,-1,1,1, got allocated to elevator, 1
973.0,Elevator call,972.8032126022729,1,0,1,1, got allocated to elevator, 1
973.0,Elev,1,  arrived at src, 6, Elevator call,732.9746341348998,6,-1,2,1
973.0,Elev,1,  arrived at src, 6, Elevator call,854.2002278085795,6,-1,2,1
973.0,Elev,1,  arrived at src, 6, Elevator call,910.5388559417848,6,5,2,1
973.0,Elev,1,  arrived at src, 6, Elevator call,961.6862855708133,6,-1,2,1
973.0, elevID,1,  pos,6,  cmd, goto,10
976.0,Elevator call,975.8361202753667,0,-1,1,1, got allocated to elevator, 1
979.0,Elevator call,978.5925148564796,10,0,1,1, got allocated to elevator, 1
979.0,Elevator call,978.6210500641439,10,-1,1,1, got allocated to elevator, 1
985.0,Elevator call,984.1840185574983,7,0,1,1, got allocated to elevator, 1
987.0,Elev,1,  arrived at src, 10, Elevator call,978.5925148564796,10,0,2,1
987.0,Elev,1,  arrived at src, 10, Elevator call,978.6210500641439,10,-1,2,1
987.0, elevID,1,  pos,10,  cmd, goto,-1
1000.0,************* Simulation Ended ************
Code Owners,207051707,208785154,  Case,2,  Total waiting time: 11136.792822120187,  average waiting time per call: 111.36792822120188,  unCompleted calls,24,  certificate, -3853765936
