**** The Simulator log: stage 2
0.0,OOP_Ex0_Elevator_Simulator
0.0,Simulated Building, ex0.simulator.Builging_A [-2,10]
0) ex0.simulator.Elevator_A, Elev_0, speed: 1.0, open/close: 2.0,  start/stop: 3.0
1) ex0.simulator.Elevator_A, Elev_1, speed: 1.0, open/close: 2.0,  start/stop: 3.0
0.0,Simulated Period starTime,0.0,  endTime,1000.0,  dt,1.0
0.0,Simulated  calls,Elevetor log, size: 100
0.0,**** Simulation starts!! ****
0.0, elevID,0,  pos,-2,  cmd, goto,-1
0.0, elevID,1,  pos,-2,  cmd, goto,-1
5.0,Elevator call,4.374727290393253,0,-1,1,0, got allocated to elevator, 0
11.0, elevID,0,  pos,-1,  cmd, goto,0
11.0, elevID,1,  pos,-1,  cmd, goto,0
17.0,Elevator call,16.957882888088932,-1,0,1,1, got allocated to elevator, 1
22.0,Elev,0,  arrived at src, 0, Elevator call,4.374727290393253,0,-1,2,0
22.0, elevID,0,  pos,0,  cmd, goto,1
22.0, elevID,1,  pos,0,  cmd, goto,1
23.0,Elevator call,22.094056301593582,0,-1,1,0, got allocated to elevator, 0
33.0, elevID,0,  pos,1,  cmd, goto,2
33.0, elevID,1,  pos,1,  cmd, goto,2
44.0, elevID,0,  pos,2,  cmd, goto,3
44.0, elevID,1,  pos,2,  cmd, goto,3
55.0, elevID,0,  pos,3,  cmd, goto,4
55.0, elevID,1,  pos,3,  cmd, goto,4
66.0, elevID,0,  pos,4,  cmd, goto,5
66.0, elevID,1,  pos,4,  cmd, goto,5
77.0, elevID,0,  pos,5,  cmd, goto,6
77.0, elevID,1,  pos,5,  cmd, goto,6
86.0,Elevator call,85.5209666204754,3,2,1,1, got allocated to elevator, 1
88.0, elevID,0,  pos,6,  cmd, goto,7
88.0, elevID,1,  pos,6,  cmd, goto,7
92.0,Elevator call,91.21019413453945,-1,-2,1,1, got allocated to elevator, 1
99.0, elevID,0,  pos,7,  cmd, goto,8
99.0, elevID,1,  pos,7,  cmd, goto,8
105.0,Elevator call,104.13701241869234,0,4,1,1, got allocated to elevator, 1
110.0,Elevator call,109.21352909346587,-1,0,1,0, got allocated to elevator, 0
110.0, elevID,0,  pos,8,  cmd, goto,9
110.0, elevID,1,  pos,8,  cmd, goto,9
115.0,Elevator call,114.39235096774041,3,0,1,1, got allocated to elevator, 1
121.0, elevID,0,  pos,9,  cmd, goto,10
121.0, elevID,1,  pos,9,  cmd, goto,10
125.0,Elevator call,124.42557095980362,0,9,1,1, got allocated to elevator, 1
131.0,Elevator call,130.02495678190564,8,10,1,0, got allocated to elevator, 0
131.0,Elevator call,130.224911275492,-1,1,1,0, got allocated to elevator, 0
132.0, elevID,0,  pos,10,  cmd, goto,9
132.0, elevID,1,  pos,10,  cmd, goto,9
138.0,Elevator call,137.9515274326701,0,4,1,0, got allocated to elevator, 0
143.0, elevID,0,  pos,9,  cmd, goto,8
143.0, elevID,1,  pos,9,  cmd, goto,8
144.0,Elevator call,143.91335838799415,0,6,1,1, got allocated to elevator, 1
154.0,Elev,0,  arrived at src, 8, Elevator call,130.02495678190564,8,10,2,0
154.0, elevID,0,  pos,8,  cmd, goto,7
154.0, elevID,1,  pos,8,  cmd, goto,7
165.0, elevID,0,  pos,7,  cmd, goto,6
165.0, elevID,1,  pos,7,  cmd, goto,6
170.0,Elevator call,169.78458339380109,-1,0,1,1, got allocated to elevator, 1
171.0,Elevator call,170.0099620835246,0,6,1,0, got allocated to elevator, 0
172.0,Elevator call,171.21173315221364,-1,8,1,1, got allocated to elevator, 1
175.0,Elevator call,174.84385152106802,0,-1,1,0, got allocated to elevator, 0
176.0, elevID,0,  pos,6,  cmd, goto,5
176.0, elevID,1,  pos,6,  cmd, goto,5
187.0, elevID,0,  pos,5,  cmd, goto,4
187.0, elevID,1,  pos,5,  cmd, goto,4
188.0,Elevator call,187.11678617348463,-1,-2,1,0, got allocated to elevator, 0
188.0,Elevator call,187.7299317966884,-1,-2,1,1, got allocated to elevator, 1
196.0,Elevator call,195.90869649656992,0,7,1,0, got allocated to elevator, 0
198.0,Elevator call,197.5359191292572,-1,1,1,0, got allocated to elevator, 0
198.0, elevID,0,  pos,4,  cmd, goto,3
198.0, elevID,1,  pos,4,  cmd, goto,3
206.0,Elevator call,205.9895199338651,-1,0,1,0, got allocated to elevator, 0
209.0, elevID,0,  pos,3,  cmd, goto,2
209.0,Elev,1,  arrived at src, 3, Elevator call,85.5209666204754,3,2,2,1
209.0,Elev,1,  arrived at src, 3, Elevator call,114.39235096774041,3,0,2,1
209.0, elevID,1,  pos,3,  cmd, goto,2
220.0, elevID,0,  pos,2,  cmd, goto,1
220.0,Elev,1,  arrived at dest, 2, this call is done!, Elevator call,85.5209666204754,3,2,3,1, Done, dt, 134.4790333795246
220.0, elevID,1,  pos,2,  cmd, goto,1
228.0,Elevator call,227.0798304557929,-1,5,1,0, got allocated to elevator, 0
231.0, elevID,0,  pos,1,  cmd, goto,0
231.0, elevID,1,  pos,1,  cmd, goto,0
232.0,Elevator call,231.51578817426258,-1,0,1,0, got allocated to elevator, 0
233.0,Elevator call,232.95043623946805,0,-1,1,0, got allocated to elevator, 0
242.0,Elev,0,  arrived at src, 0, Elevator call,22.094056301593582,0,-1,2,0
242.0,Elev,0,  arrived at src, 0, Elevator call,137.9515274326701,0,4,2,0
242.0,Elev,0,  arrived at src, 0, Elevator call,170.0099620835246,0,6,2,0
242.0,Elev,0,  arrived at src, 0, Elevator call,174.84385152106802,0,-1,2,0
242.0,Elev,0,  arrived at src, 0, Elevator call,195.90869649656992,0,7,2,0
242.0,Elev,0,  arrived at src, 0, Elevator call,232.95043623946805,0,-1,2,0
242.0, elevID,0,  pos,0,  cmd, goto,-1
242.0,Elev,1,  arrived at src, 0, Elevator call,104.13701241869234,0,4,2,1
242.0,Elev,1,  arrived at dest, 0, this call is done!, Elevator call,114.39235096774041,3,0,3,1, Done, dt, 127.60764903225959
242.0,Elev,1,  arrived at src, 0, Elevator call,124.42557095980362,0,9,2,1
242.0,Elev,1,  arrived at src, 0, Elevator call,143.91335838799415,0,6,2,1
242.0, elevID,1,  pos,0,  cmd, goto,-1
252.0,Elevator call,251.10444690749756,-1,-2,1,0, got allocated to elevator, 0
252.0,Elevator call,251.23593354161653,0,9,1,1, got allocated to elevator, 1
253.0,Elev,0,  arrived at dest, -1, this call is done!, Elevator call,4.374727290393253,0,-1,3,0, Done, dt, 248.62527270960675
253.0,Elev,0,  arrived at dest, -1, this call is done!, Elevator call,22.094056301593582,0,-1,3,0, Done, dt, 230.90594369840642
253.0,Elev,0,  arrived at src, -1, Elevator call,109.21352909346587,-1,0,2,0
253.0,Elev,0,  arrived at src, -1, Elevator call,130.224911275492,-1,1,2,0
253.0,Elev,0,  arrived at dest, -1, this call is done!, Elevator call,174.84385152106802,0,-1,3,0, Done, dt, 78.15614847893198
253.0,Elev,0,  arrived at src, -1, Elevator call,187.11678617348463,-1,-2,2,0
253.0,Elev,0,  arrived at src, -1, Elevator call,197.5359191292572,-1,1,2,0
253.0,Elev,0,  arrived at src, -1, Elevator call,205.9895199338651,-1,0,2,0
253.0,Elev,0,  arrived at src, -1, Elevator call,227.0798304557929,-1,5,2,0
253.0,Elev,0,  arrived at src, -1, Elevator call,231.51578817426258,-1,0,2,0
253.0,Elev,0,  arrived at dest, -1, this call is done!, Elevator call,232.95043623946805,0,-1,3,0, Done, dt, 20.049563760531953
253.0,Elev,0,  arrived at src, -1, Elevator call,251.10444690749756,-1,-2,2,0
253.0, elevID,0,  pos,-1,  cmd, goto,-2
253.0,Elev,1,  arrived at src, -1, Elevator call,16.957882888088932,-1,0,2,1
253.0,Elev,1,  arrived at src, -1, Elevator call,91.21019413453945,-1,-2,2,1
253.0,Elev,1,  arrived at src, -1, Elevator call,169.78458339380109,-1,0,2,1
253.0,Elev,1,  arrived at src, -1, Elevator call,171.21173315221364,-1,8,2,1
253.0,Elev,1,  arrived at src, -1, Elevator call,187.7299317966884,-1,-2,2,1
253.0, elevID,1,  pos,-1,  cmd, goto,-2
255.0,Elevator call,254.69771525200505,3,4,1,1, got allocated to elevator, 1
258.0,Elevator call,257.7974435335086,-1,0,1,1, got allocated to elevator, 1
264.0,Elev,0,  arrived at dest, -2, this call is done!, Elevator call,187.11678617348463,-1,-2,3,0, Done, dt, 76.88321382651537
264.0,Elev,0,  arrived at dest, -2, this call is done!, Elevator call,251.10444690749756,-1,-2,3,0, Done, dt, 12.895553092502439
264.0, elevID,0,  pos,-2,  cmd, goto,-1
264.0,Elev,1,  arrived at dest, -2, this call is done!, Elevator call,91.21019413453945,-1,-2,3,1, Done, dt, 172.78980586546055
264.0,Elev,1,  arrived at dest, -2, this call is done!, Elevator call,187.7299317966884,-1,-2,3,1, Done, dt, 76.27006820331161
264.0, elevID,1,  pos,-2,  cmd, goto,-1
275.0, elevID,0,  pos,-1,  cmd, goto,0
275.0,Elev,1,  arrived at src, -1, Elevator call,257.7974435335086,-1,0,2,1
275.0, elevID,1,  pos,-1,  cmd, goto,0
286.0,Elev,0,  arrived at dest, 0, this call is done!, Elevator call,109.21352909346587,-1,0,3,0, Done, dt, 176.78647090653413
286.0,Elev,0,  arrived at dest, 0, this call is done!, Elevator call,205.9895199338651,-1,0,3,0, Done, dt, 80.0104800661349
286.0,Elev,0,  arrived at dest, 0, this call is done!, Elevator call,231.51578817426258,-1,0,3,0, Done, dt, 54.48421182573742
286.0, elevID,0,  pos,0,  cmd, goto,1
286.0,Elev,1,  arrived at dest, 0, this call is done!, Elevator call,16.957882888088932,-1,0,3,1, Done, dt, 269.04211711191107
286.0,Elev,1,  arrived at dest, 0, this call is done!, Elevator call,169.78458339380109,-1,0,3,1, Done, dt, 116.21541660619891
286.0,Elev,1,  arrived at src, 0, Elevator call,251.23593354161653,0,9,2,1
286.0,Elev,1,  arrived at dest, 0, this call is done!, Elevator call,257.7974435335086,-1,0,3,1, Done, dt, 28.202556466491387
286.0, elevID,1,  pos,0,  cmd, goto,1
296.0,Elevator call,295.7943356681491,0,1,1,0, got allocated to elevator, 0
297.0,Elev,0,  arrived at dest, 1, this call is done!, Elevator call,130.224911275492,-1,1,3,0, Done, dt, 166.775088724508
297.0,Elev,0,  arrived at dest, 1, this call is done!, Elevator call,197.5359191292572,-1,1,3,0, Done, dt, 99.4640808707428
297.0, elevID,0,  pos,1,  cmd, goto,2
297.0, elevID,1,  pos,1,  cmd, goto,2
305.0,Elevator call,304.99843880775313,6,0,1,1, got allocated to elevator, 1
308.0, elevID,0,  pos,2,  cmd, goto,3
308.0, elevID,1,  pos,2,  cmd, goto,3
310.0,Elevator call,309.30053828560517,0,-1,1,0, got allocated to elevator, 0
313.0,Elevator call,312.30185564398687,0,-1,1,0, got allocated to elevator, 0
317.0,Elevator call,316.03237827404377,0,-1,1,1, got allocated to elevator, 1
319.0, elevID,0,  pos,3,  cmd, goto,4
319.0,Elev,1,  arrived at src, 3, Elevator call,254.69771525200505,3,4,2,1
319.0, elevID,1,  pos,3,  cmd, goto,4
320.0,Elevator call,319.90520204415634,6,5,1,1, got allocated to elevator, 1
321.0,Elevator call,320.97607492210807,-1,0,1,1, got allocated to elevator, 1
322.0,Elevator call,321.37040904796595,7,-1,1,1, got allocated to elevator, 1
330.0,Elev,0,  arrived at dest, 4, this call is done!, Elevator call,137.9515274326701,0,4,3,0, Done, dt, 192.0484725673299
330.0, elevID,0,  pos,4,  cmd, goto,5
330.0,Elev,1,  arrived at dest, 4, this call is done!, Elevator call,104.13701241869234,0,4,3,1, Done, dt, 225.86298758130766
330.0,Elev,1,  arrived at dest, 4, this call is done!, Elevator call,254.69771525200505,3,4,3,1, Done, dt, 75.30228474799495
330.0, elevID,1,  pos,4,  cmd, goto,5
333.0,Elevator call,332.4267319393355,0,10,1,0, got allocated to elevator, 0
337.0,Elevator call,336.93043046159545,-1,0,1,1, got allocated to elevator, 1
341.0,Elev,0,  arrived at dest, 5, this call is done!, Elevator call,227.0798304557929,-1,5,3,0, Done, dt, 113.92016954420711
341.0, elevID,0,  pos,5,  cmd, goto,6
341.0, elevID,1,  pos,5,  cmd, goto,6
352.0,Elev,0,  arrived at dest, 6, this call is done!, Elevator call,170.0099620835246,0,6,3,0, Done, dt, 181.9900379164754
352.0, elevID,0,  pos,6,  cmd, goto,7
352.0,Elev,1,  arrived at dest, 6, this call is done!, Elevator call,143.91335838799415,0,6,3,1, Done, dt, 208.08664161200585
352.0,Elev,1,  arrived at src, 6, Elevator call,304.99843880775313,6,0,2,1
352.0,Elev,1,  arrived at src, 6, Elevator call,319.90520204415634,6,5,2,1
352.0, elevID,1,  pos,6,  cmd, goto,7
363.0,Elev,0,  arrived at dest, 7, this call is done!, Elevator call,195.90869649656992,0,7,3,0, Done, dt, 167.09130350343008
363.0, elevID,0,  pos,7,  cmd, goto,8
363.0,Elev,1,  arrived at src, 7, Elevator call,321.37040904796595,7,-1,2,1
363.0, elevID,1,  pos,7,  cmd, goto,8
374.0, elevID,0,  pos,8,  cmd, goto,9
374.0,Elev,1,  arrived at dest, 8, this call is done!, Elevator call,171.21173315221364,-1,8,3,1, Done, dt, 202.78826684778636
374.0, elevID,1,  pos,8,  cmd, goto,9
376.0,Elevator call,375.49048095381363,1,0,1,0, got allocated to elevator, 0
385.0, elevID,0,  pos,9,  cmd, goto,10
385.0,Elev,1,  arrived at dest, 9, this call is done!, Elevator call,124.42557095980362,0,9,3,1, Done, dt, 260.5744290401964
385.0,Elev,1,  arrived at dest, 9, this call is done!, Elevator call,251.23593354161653,0,9,3,1, Done, dt, 133.76406645838347
385.0, elevID,1,  pos,9,  cmd, goto,10
393.0,Elevator call,392.5160764870397,0,5,1,1, got allocated to elevator, 1
396.0,Elev,0,  arrived at dest, 10, this call is done!, Elevator call,130.02495678190564,8,10,3,0, Done, dt, 265.97504321809436
396.0, elevID,0,  pos,10,  cmd, goto,9
396.0, elevID,1,  pos,10,  cmd, goto,9
406.0,Elevator call,405.1821140884023,-1,10,1,0, got allocated to elevator, 0
407.0, elevID,0,  pos,9,  cmd, goto,8
407.0, elevID,1,  pos,9,  cmd, goto,8
418.0, elevID,0,  pos,8,  cmd, goto,7
418.0, elevID,1,  pos,8,  cmd, goto,7
427.0,Elevator call,426.8615805478589,2,0,1,0, got allocated to elevator, 0
429.0, elevID,0,  pos,7,  cmd, goto,6
429.0, elevID,1,  pos,7,  cmd, goto,6
438.0,Elevator call,437.17111576125836,1,0,1,0, got allocated to elevator, 0
440.0, elevID,0,  pos,6,  cmd, goto,5
440.0, elevID,1,  pos,6,  cmd, goto,5
451.0, elevID,0,  pos,5,  cmd, goto,4
451.0,Elev,1,  arrived at dest, 5, this call is done!, Elevator call,319.90520204415634,6,5,3,1, Done, dt, 131.09479795584366
451.0, elevID,1,  pos,5,  cmd, goto,4
462.0, elevID,0,  pos,4,  cmd, goto,3
462.0, elevID,1,  pos,4,  cmd, goto,3
473.0,Elevator call,472.7445473930129,10,-1,1,0, got allocated to elevator, 0
473.0, elevID,0,  pos,3,  cmd, goto,2
473.0, elevID,1,  pos,3,  cmd, goto,2
484.0,Elev,0,  arrived at src, 2, Elevator call,426.8615805478589,2,0,2,0
484.0, elevID,0,  pos,2,  cmd, goto,1
484.0, elevID,1,  pos,2,  cmd, goto,1
495.0,Elev,0,  arrived at src, 1, Elevator call,375.49048095381363,1,0,2,0
495.0,Elev,0,  arrived at src, 1, Elevator call,437.17111576125836,1,0,2,0
495.0, elevID,0,  pos,1,  cmd, goto,0
495.0, elevID,1,  pos,1,  cmd, goto,0
501.0,Elevator call,500.3712044996745,8,-1,1,0, got allocated to elevator, 0
504.0,Elevator call,503.13847841893045,1,-1,1,0, got allocated to elevator, 0
505.0,Elevator call,504.4317942159655,0,-1,1,1, got allocated to elevator, 1
506.0,Elev,0,  arrived at src, 0, Elevator call,295.7943356681491,0,1,2,0
506.0,Elev,0,  arrived at src, 0, Elevator call,309.30053828560517,0,-1,2,0
506.0,Elev,0,  arrived at src, 0, Elevator call,312.30185564398687,0,-1,2,0
506.0,Elev,0,  arrived at src, 0, Elevator call,332.4267319393355,0,10,2,0
506.0,Elev,0,  arrived at dest, 0, this call is done!, Elevator call,375.49048095381363,1,0,3,0, Done, dt, 130.50951904618637
506.0,Elev,0,  arrived at dest, 0, this call is done!, Elevator call,426.8615805478589,2,0,3,0, Done, dt, 79.13841945214108
506.0,Elev,0,  arrived at dest, 0, this call is done!, Elevator call,437.17111576125836,1,0,3,0, Done, dt, 68.82888423874164
506.0, elevID,0,  pos,0,  cmd, goto,-1
506.0,Elev,1,  arrived at dest, 0, this call is done!, Elevator call,304.99843880775313,6,0,3,1, Done, dt, 201.00156119224687
506.0,Elev,1,  arrived at src, 0, Elevator call,316.03237827404377,0,-1,2,1
506.0,Elev,1,  arrived at src, 0, Elevator call,392.5160764870397,0,5,2,1
506.0,Elev,1,  arrived at src, 0, Elevator call,504.4317942159655,0,-1,2,1
506.0, elevID,1,  pos,0,  cmd, goto,-1
517.0,Elev,0,  arrived at dest, -1, this call is done!, Elevator call,309.30053828560517,0,-1,3,0, Done, dt, 207.69946171439483
517.0,Elev,0,  arrived at dest, -1, this call is done!, Elevator call,312.30185564398687,0,-1,3,0, Done, dt, 204.69814435601313
517.0,Elev,0,  arrived at src, -1, Elevator call,405.1821140884023,-1,10,2,0
517.0, elevID,0,  pos,-1,  cmd, goto,-2
517.0,Elev,1,  arrived at dest, -1, this call is done!, Elevator call,316.03237827404377,0,-1,3,1, Done, dt, 200.96762172595623
517.0,Elev,1,  arrived at src, -1, Elevator call,320.97607492210807,-1,0,2,1
517.0,Elev,1,  arrived at dest, -1, this call is done!, Elevator call,321.37040904796595,7,-1,3,1, Done, dt, 195.62959095203405
517.0,Elev,1,  arrived at src, -1, Elevator call,336.93043046159545,-1,0,2,1
517.0,Elev,1,  arrived at dest, -1, this call is done!, Elevator call,504.4317942159655,0,-1,3,1, Done, dt, 12.56820578403449
517.0, elevID,1,  pos,-1,  cmd, goto,-2
528.0, elevID,0,  pos,-2,  cmd, goto,-1
528.0, elevID,1,  pos,-2,  cmd, goto,-1
530.0,Elevator call,529.6277472128405,3,-1,1,1, got allocated to elevator, 1
538.0,Elevator call,537.7866883694313,-1,6,1,1, got allocated to elevator, 1
539.0, elevID,0,  pos,-1,  cmd, goto,0
539.0,Elev,1,  arrived at src, -1, Elevator call,537.7866883694313,-1,6,2,1
539.0, elevID,1,  pos,-1,  cmd, goto,0
545.0,Elevator call,544.7880392034898,6,-1,1,1, got allocated to elevator, 1
550.0, elevID,0,  pos,0,  cmd, goto,1
550.0,Elev,1,  arrived at dest, 0, this call is done!, Elevator call,320.97607492210807,-1,0,3,1, Done, dt, 229.02392507789193
550.0,Elev,1,  arrived at dest, 0, this call is done!, Elevator call,336.93043046159545,-1,0,3,1, Done, dt, 213.06956953840455
550.0, elevID,1,  pos,0,  cmd, goto,1
555.0,Elevator call,554.0892922920482,4,0,1,1, got allocated to elevator, 1
558.0,Elevator call,557.2441390036331,10,0,1,1, got allocated to elevator, 1
561.0,Elev,0,  arrived at dest, 1, this call is done!, Elevator call,295.7943356681491,0,1,3,0, Done, dt, 265.2056643318509
561.0,Elev,0,  arrived at src, 1, Elevator call,503.13847841893045,1,-1,2,0
561.0, elevID,0,  pos,1,  cmd, goto,2
561.0, elevID,1,  pos,1,  cmd, goto,2
566.0,Elevator call,565.0195521745534,0,-1,1,1, got allocated to elevator, 1
572.0, elevID,0,  pos,2,  cmd, goto,3
572.0, elevID,1,  pos,2,  cmd, goto,3
582.0,Elevator call,581.8703090238192,0,3,1,0, got allocated to elevator, 0
583.0, elevID,0,  pos,3,  cmd, goto,4
583.0,Elev,1,  arrived at src, 3, Elevator call,529.6277472128405,3,-1,2,1
583.0, elevID,1,  pos,3,  cmd, goto,4
594.0, elevID,0,  pos,4,  cmd, goto,5
594.0,Elev,1,  arrived at src, 4, Elevator call,554.0892922920482,4,0,2,1
594.0, elevID,1,  pos,4,  cmd, goto,5
597.0,Elevator call,596.1232022872633,8,0,1,0, got allocated to elevator, 0
601.0,Elevator call,600.9312879686208,1,0,1,1, got allocated to elevator, 1
604.0,Elevator call,603.9342326983083,7,0,1,0, got allocated to elevator, 0
605.0, elevID,0,  pos,5,  cmd, goto,6
605.0,Elev,1,  arrived at dest, 5, this call is done!, Elevator call,392.5160764870397,0,5,3,1, Done, dt, 212.4839235129603
605.0, elevID,1,  pos,5,  cmd, goto,6
616.0, elevID,0,  pos,6,  cmd, goto,7
616.0,Elev,1,  arrived at dest, 6, this call is done!, Elevator call,537.7866883694313,-1,6,3,1, Done, dt, 78.21331163056868
616.0,Elev,1,  arrived at src, 6, Elevator call,544.7880392034898,6,-1,2,1
616.0, elevID,1,  pos,6,  cmd, goto,7
618.0,Elevator call,617.9628338542149,0,3,1,1, got allocated to elevator, 1
620.0,Elevator call,619.6454196970012,9,0,1,1, got allocated to elevator, 1
627.0,Elevator call,626.2116172047942,0,1,1,0, got allocated to elevator, 0
627.0,Elev,0,  arrived at src, 7, Elevator call,603.9342326983083,7,0,2,0
627.0, elevID,0,  pos,7,  cmd, goto,8
627.0, elevID,1,  pos,7,  cmd, goto,8
638.0,Elev,0,  arrived at src, 8, Elevator call,500.3712044996745,8,-1,2,0
638.0,Elev,0,  arrived at src, 8, Elevator call,596.1232022872633,8,0,2,0
638.0, elevID,0,  pos,8,  cmd, goto,9
638.0, elevID,1,  pos,8,  cmd, goto,9
644.0,Elevator call,643.8547514955396,-1,2,1,1, got allocated to elevator, 1
649.0, elevID,0,  pos,9,  cmd, goto,10
649.0,Elev,1,  arrived at src, 9, Elevator call,619.6454196970012,9,0,2,1
649.0, elevID,1,  pos,9,  cmd, goto,10
660.0,Elev,0,  arrived at dest, 10, this call is done!, Elevator call,332.4267319393355,0,10,3,0, Done, dt, 327.5732680606645
660.0,Elev,0,  arrived at dest, 10, this call is done!, Elevator call,405.1821140884023,-1,10,3,0, Done, dt, 254.81788591159773
660.0,Elev,0,  arrived at src, 10, Elevator call,472.7445473930129,10,-1,2,0
660.0, elevID,0,  pos,10,  cmd, goto,9
660.0,Elev,1,  arrived at src, 10, Elevator call,557.2441390036331,10,0,2,1
660.0, elevID,1,  pos,10,  cmd, goto,9
661.0,Elevator call,660.0732907797126,6,10,1,1, got allocated to elevator, 1
662.0,Elevator call,661.0420820268716,-1,3,1,1, got allocated to elevator, 1
663.0,Elevator call,662.1730527520776,-1,5,1,1, got allocated to elevator, 1
666.0,Elevator call,665.1155548533167,-1,8,1,1, got allocated to elevator, 1
667.0,Elevator call,666.0340294605869,4,0,1,0, got allocated to elevator, 0
667.0,Elevator call,666.2411586665262,5,-1,1,0, got allocated to elevator, 0
671.0, elevID,0,  pos,9,  cmd, goto,8
671.0, elevID,1,  pos,9,  cmd, goto,8
673.0,Elevator call,672.677314157026,0,-1,1,1, got allocated to elevator, 1
678.0,Elevator call,677.7341948387335,0,-1,1,1, got allocated to elevator, 1
679.0,Elevator call,678.9953584914538,-1,-2,1,1, got allocated to elevator, 1
682.0, elevID,0,  pos,8,  cmd, goto,7
682.0, elevID,1,  pos,8,  cmd, goto,7
693.0, elevID,0,  pos,7,  cmd, goto,6
693.0, elevID,1,  pos,7,  cmd, goto,6
696.0,Elevator call,695.2239881566923,0,10,1,0, got allocated to elevator, 0
704.0, elevID,0,  pos,6,  cmd, goto,5
704.0,Elev,1,  arrived at src, 6, Elevator call,660.0732907797126,6,10,2,1
704.0, elevID,1,  pos,6,  cmd, goto,5
707.0,Elevator call,706.1583474999188,-1,-2,1,1, got allocated to elevator, 1
711.0,Elevator call,710.3249770041223,0,1,1,0, got allocated to elevator, 0
714.0,Elevator call,713.0191971398395,1,0,1,1, got allocated to elevator, 1
714.0,Elevator call,713.2499766424826,10,-1,1,0, got allocated to elevator, 0
715.0,Elev,0,  arrived at src, 5, Elevator call,666.2411586665262,5,-1,2,0
715.0, elevID,0,  pos,5,  cmd, goto,4
715.0, elevID,1,  pos,5,  cmd, goto,4
723.0,Elevator call,722.6161212799507,10,0,1,0, got allocated to elevator, 0
726.0,Elev,0,  arrived at src, 4, Elevator call,666.0340294605869,4,0,2,0
726.0, elevID,0,  pos,4,  cmd, goto,3
726.0, elevID,1,  pos,4,  cmd, goto,3
728.0,Elevator call,727.514602863032,-1,0,1,1, got allocated to elevator, 1
733.0,Elevator call,732.9746341348998,6,-1,1,0, got allocated to elevator, 0
737.0, elevID,0,  pos,3,  cmd, goto,2
737.0, elevID,1,  pos,3,  cmd, goto,2
738.0,Elevator call,737.314720213409,1,0,1,0, got allocated to elevator, 0
748.0, elevID,0,  pos,2,  cmd, goto,1
748.0, elevID,1,  pos,2,  cmd, goto,1
759.0,Elev,0,  arrived at src, 1, Elevator call,737.314720213409,1,0,2,0
759.0, elevID,0,  pos,1,  cmd, goto,0
759.0,Elev,1,  arrived at src, 1, Elevator call,600.9312879686208,1,0,2,1
759.0,Elev,1,  arrived at src, 1, Elevator call,713.0191971398395,1,0,2,1
759.0, elevID,1,  pos,1,  cmd, goto,0
770.0,Elev,0,  arrived at src, 0, Elevator call,581.8703090238192,0,3,2,0
770.0,Elev,0,  arrived at dest, 0, this call is done!, Elevator call,596.1232022872633,8,0,3,0, Done, dt, 173.87679771273667
770.0,Elev,0,  arrived at dest, 0, this call is done!, Elevator call,603.9342326983083,7,0,3,0, Done, dt, 166.06576730169172
770.0,Elev,0,  arrived at src, 0, Elevator call,626.2116172047942,0,1,2,0
770.0,Elev,0,  arrived at dest, 0, this call is done!, Elevator call,666.0340294605869,4,0,3,0, Done, dt, 103.96597053941309
770.0,Elev,0,  arrived at src, 0, Elevator call,695.2239881566923,0,10,2,0
770.0,Elev,0,  arrived at src, 0, Elevator call,710.3249770041223,0,1,2,0
770.0,Elev,0,  arrived at dest, 0, this call is done!, Elevator call,737.314720213409,1,0,3,0, Done, dt, 32.68527978659097
770.0, elevID,0,  pos,0,  cmd, goto,-1
770.0,Elev,1,  arrived at dest, 0, this call is done!, Elevator call,554.0892922920482,4,0,3,1, Done, dt, 215.91070770795181
770.0,Elev,1,  arrived at dest, 0, this call is done!, Elevator call,557.2441390036331,10,0,3,1, Done, dt, 212.7558609963669
770.0,Elev,1,  arrived at src, 0, Elevator call,565.0195521745534,0,-1,2,1
770.0,Elev,1,  arrived at dest, 0, this call is done!, Elevator call,600.9312879686208,1,0,3,1, Done, dt, 169.06871203137916
770.0,Elev,1,  arrived at src, 0, Elevator call,617.9628338542149,0,3,2,1
770.0,Elev,1,  arrived at dest, 0, this call is done!, Elevator call,619.6454196970012,9,0,3,1, Done, dt, 150.35458030299878
770.0,Elev,1,  arrived at src, 0, Elevator call,672.677314157026,0,-1,2,1
770.0,Elev,1,  arrived at src, 0, Elevator call,677.7341948387335,0,-1,2,1
770.0,Elev,1,  arrived at dest, 0, this call is done!, Elevator call,713.0191971398395,1,0,3,1, Done, dt, 56.98080286016045
770.0, elevID,1,  pos,0,  cmd, goto,-1
780.0,Elevator call,779.399691386574,-1,5,1,0, got allocated to elevator, 0
781.0,Elev,0,  arrived at dest, -1, this call is done!, Elevator call,472.7445473930129,10,-1,3,0, Done, dt, 308.2554526069871
781.0,Elev,0,  arrived at dest, -1, this call is done!, Elevator call,500.3712044996745,8,-1,3,0, Done, dt, 280.6287955003255
781.0,Elev,0,  arrived at dest, -1, this call is done!, Elevator call,503.13847841893045,1,-1,3,0, Done, dt, 277.86152158106955
781.0,Elev,0,  arrived at dest, -1, this call is done!, Elevator call,666.2411586665262,5,-1,3,0, Done, dt, 114.75884133347381
781.0,Elev,0,  arrived at src, -1, Elevator call,779.399691386574,-1,5,2,0
781.0, elevID,0,  pos,-1,  cmd, goto,-2
781.0,Elev,1,  arrived at dest, -1, this call is done!, Elevator call,529.6277472128405,3,-1,3,1, Done, dt, 251.37225278715948
781.0,Elev,1,  arrived at dest, -1, this call is done!, Elevator call,544.7880392034898,6,-1,3,1, Done, dt, 236.2119607965102
781.0,Elev,1,  arrived at dest, -1, this call is done!, Elevator call,565.0195521745534,0,-1,3,1, Done, dt, 215.98044782544662
781.0,Elev,1,  arrived at src, -1, Elevator call,643.8547514955396,-1,2,2,1
781.0,Elev,1,  arrived at src, -1, Elevator call,661.0420820268716,-1,3,2,1
781.0,Elev,1,  arrived at src, -1, Elevator call,662.1730527520776,-1,5,2,1
781.0,Elev,1,  arrived at src, -1, Elevator call,665.1155548533167,-1,8,2,1
781.0,Elev,1,  arrived at dest, -1, this call is done!, Elevator call,672.677314157026,0,-1,3,1, Done, dt, 108.32268584297401
781.0,Elev,1,  arrived at dest, -1, this call is done!, Elevator call,677.7341948387335,0,-1,3,1, Done, dt, 103.26580516126648
781.0,Elev,1,  arrived at src, -1, Elevator call,678.9953584914538,-1,-2,2,1
781.0,Elev,1,  arrived at src, -1, Elevator call,706.1583474999188,-1,-2,2,1
781.0,Elev,1,  arrived at src, -1, Elevator call,727.514602863032,-1,0,2,1
781.0, elevID,1,  pos,-1,  cmd, goto,-2
792.0, elevID,0,  pos,-2,  cmd, goto,-1
792.0,Elev,1,  arrived at dest, -2, this call is done!, Elevator call,678.9953584914538,-1,-2,3,1, Done, dt, 113.00464150854623
792.0,Elev,1,  arrived at dest, -2, this call is done!, Elevator call,706.1583474999188,-1,-2,3,1, Done, dt, 85.84165250008118
792.0, elevID,1,  pos,-2,  cmd, goto,-1
803.0, elevID,0,  pos,-1,  cmd, goto,0
803.0, elevID,1,  pos,-1,  cmd, goto,0
806.0,Elevator call,805.6754743307536,-1,-2,1,0, got allocated to elevator, 0
811.0,Elevator call,810.4469089359914,2,0,1,1, got allocated to elevator, 1
814.0, elevID,0,  pos,0,  cmd, goto,1
814.0,Elev,1,  arrived at dest, 0, this call is done!, Elevator call,727.514602863032,-1,0,3,1, Done, dt, 86.485397136968
814.0, elevID,1,  pos,0,  cmd, goto,1
817.0,Elevator call,816.1516998390152,7,-1,1,1, got allocated to elevator, 1
825.0,Elev,0,  arrived at dest, 1, this call is done!, Elevator call,626.2116172047942,0,1,3,0, Done, dt, 198.78838279520585
825.0,Elev,0,  arrived at dest, 1, this call is done!, Elevator call,710.3249770041223,0,1,3,0, Done, dt, 114.67502299587773
825.0, elevID,0,  pos,1,  cmd, goto,2
825.0, elevID,1,  pos,1,  cmd, goto,2
826.0,Elevator call,825.4575184586336,7,0,1,1, got allocated to elevator, 1
836.0, elevID,0,  pos,2,  cmd, goto,3
836.0,Elev,1,  arrived at dest, 2, this call is done!, Elevator call,643.8547514955396,-1,2,3,1, Done, dt, 192.14524850446037
836.0,Elev,1,  arrived at src, 2, Elevator call,810.4469089359914,2,0,2,1
836.0, elevID,1,  pos,2,  cmd, goto,3
840.0,Elevator call,839.8525652620532,0,1,1,0, got allocated to elevator, 0
847.0,Elev,0,  arrived at dest, 3, this call is done!, Elevator call,581.8703090238192,0,3,3,0, Done, dt, 265.12969097618077
847.0, elevID,0,  pos,3,  cmd, goto,4
847.0,Elev,1,  arrived at dest, 3, this call is done!, Elevator call,617.9628338542149,0,3,3,1, Done, dt, 229.03716614578514
847.0,Elev,1,  arrived at dest, 3, this call is done!, Elevator call,661.0420820268716,-1,3,3,1, Done, dt, 185.95791797312836
847.0, elevID,1,  pos,3,  cmd, goto,4
855.0,Elevator call,854.2002278085795,6,-1,1,1, got allocated to elevator, 1
858.0, elevID,0,  pos,4,  cmd, goto,5
858.0, elevID,1,  pos,4,  cmd, goto,5
864.0,Elevator call,863.893291272948,0,-1,1,0, got allocated to elevator, 0
869.0,Elev,0,  arrived at dest, 5, this call is done!, Elevator call,779.399691386574,-1,5,3,0, Done, dt, 89.60030861342602
869.0, elevID,0,  pos,5,  cmd, goto,6
869.0,Elev,1,  arrived at dest, 5, this call is done!, Elevator call,662.1730527520776,-1,5,3,1, Done, dt, 206.82694724792236
869.0, elevID,1,  pos,5,  cmd, goto,6
871.0,Elevator call,870.5053023797483,0,7,1,1, got allocated to elevator, 1
880.0,Elev,0,  arrived at src, 6, Elevator call,732.9746341348998,6,-1,2,0
880.0, elevID,0,  pos,6,  cmd, goto,7
880.0,Elev,1,  arrived at src, 6, Elevator call,854.2002278085795,6,-1,2,1
880.0, elevID,1,  pos,6,  cmd, goto,7
887.0,Elevator call,886.5649993239458,-1,-2,1,0, got allocated to elevator, 0
891.0, elevID,0,  pos,7,  cmd, goto,8
891.0,Elev,1,  arrived at src, 7, Elevator call,816.1516998390152,7,-1,2,1
891.0,Elev,1,  arrived at src, 7, Elevator call,825.4575184586336,7,0,2,1
891.0, elevID,1,  pos,7,  cmd, goto,8
893.0,Elevator call,892.5212150591021,9,-1,1,1, got allocated to elevator, 1
902.0, elevID,0,  pos,8,  cmd, goto,9
902.0,Elev,1,  arrived at dest, 8, this call is done!, Elevator call,665.1155548533167,-1,8,3,1, Done, dt, 236.88444514668333
902.0, elevID,1,  pos,8,  cmd, goto,9
911.0,Elevator call,910.5388559417848,6,5,1,1, got allocated to elevator, 1
913.0, elevID,0,  pos,9,  cmd, goto,10
913.0,Elev,1,  arrived at src, 9, Elevator call,892.5212150591021,9,-1,2,1
913.0, elevID,1,  pos,9,  cmd, goto,10
916.0,Elevator call,915.9490574608818,4,-1,1,0, got allocated to elevator, 0
924.0,Elev,0,  arrived at dest, 10, this call is done!, Elevator call,695.2239881566923,0,10,3,0, Done, dt, 228.77601184330774
924.0,Elev,0,  arrived at src, 10, Elevator call,713.2499766424826,10,-1,2,0
924.0,Elev,0,  arrived at src, 10, Elevator call,722.6161212799507,10,0,2,0
924.0, elevID,0,  pos,10,  cmd, goto,9
924.0,Elev,1,  arrived at dest, 10, this call is done!, Elevator call,660.0732907797126,6,10,3,1, Done, dt, 263.9267092202874
924.0, elevID,1,  pos,10,  cmd, goto,9
934.0,Elevator call,933.8580452488764,7,5,1,0, got allocated to elevator, 0
935.0, elevID,0,  pos,9,  cmd, goto,8
935.0, elevID,1,  pos,9,  cmd, goto,8
946.0, elevID,0,  pos,8,  cmd, goto,7
946.0, elevID,1,  pos,8,  cmd, goto,7
957.0,Elev,0,  arrived at src, 7, Elevator call,933.8580452488764,7,5,2,0
957.0, elevID,0,  pos,7,  cmd, goto,6
957.0, elevID,1,  pos,7,  cmd, goto,6
962.0,Elevator call,961.6862855708133,6,-1,1,1, got allocated to elevator, 1
968.0, elevID,0,  pos,6,  cmd, goto,5
968.0,Elev,1,  arrived at src, 6, Elevator call,910.5388559417848,6,5,2,1
968.0,Elev,1,  arrived at src, 6, Elevator call,961.6862855708133,6,-1,2,1
968.0, elevID,1,  pos,6,  cmd, goto,5
973.0,Elevator call,972.8032126022729,1,0,1,1, got allocated to elevator, 1
976.0,Elevator call,975.8361202753667,0,-1,1,1, got allocated to elevator, 1
979.0,Elevator call,978.5925148564796,10,0,1,1, got allocated to elevator, 1
979.0,Elevator call,978.6210500641439,10,-1,1,1, got allocated to elevator, 1
979.0,Elev,0,  arrived at dest, 5, this call is done!, Elevator call,933.8580452488764,7,5,3,0, Done, dt, 45.14195475112365
979.0, elevID,0,  pos,5,  cmd, goto,4
979.0,Elev,1,  arrived at dest, 5, this call is done!, Elevator call,910.5388559417848,6,5,3,1, Done, dt, 68.46114405821515
979.0, elevID,1,  pos,5,  cmd, goto,4
985.0,Elevator call,984.1840185574983,7,0,1,0, got allocated to elevator, 0
990.0,Elev,0,  arrived at src, 4, Elevator call,915.9490574608818,4,-1,2,0
990.0, elevID,0,  pos,4,  cmd, goto,3
990.0, elevID,1,  pos,4,  cmd, goto,3
1000.0,************* Simulation Ended ************
Code Owners,207051707,208785154,  Case,2,  Total waiting time: 15596.792822120195,  average waiting time per call: 155.96792822120196,  unCompleted calls,20,  certificate, -5255496194
