**** The Simulator log: stage 2
0.0,OOP_Ex0_Elevator_Simulator
0.0,Simulated Building, ex0.simulator.Builging_A [-2,10]
0) ex0.simulator.Elevator_A, Elev_0, speed: 1.0, open/close: 2.0,  start/stop: 3.0
1) ex0.simulator.Elevator_A, Elev_1, speed: 1.0, open/close: 2.0,  start/stop: 3.0
0.0,Simulated Period starTime,0.0,  endTime,1000.0,  dt,1.0
0.0,Simulated  calls,Elevetor log, size: 100
0.0,**** Simulation starts!! ****
5.0,Elevator call,4.374727290393253,0,-1,1,0, got allocated to elevator, 0
5.0, elevID,0,  pos,-2,  cmd, goto,0
17.0,Elevator call,16.957882888088932,-1,0,1,0, got allocated to elevator, 0
17.0,Elev,0,  arrived at src, 0, Elevator call,4.374727290393253,0,-1,2,0
17.0, elevID,0,  pos,0,  cmd, goto,-1
23.0,Elevator call,22.094056301593582,0,-1,1,0, got allocated to elevator, 0
28.0,Elev,0,  arrived at dest, -1, this call is done!, Elevator call,4.374727290393253,0,-1,3,0, Done, dt, 23.625272709606747
28.0,Elev,0,  arrived at src, -1, Elevator call,16.957882888088932,-1,0,2,0
28.0, elevID,0,  pos,-1,  cmd, goto,0
39.0,Elev,0,  arrived at dest, 0, this call is done!, Elevator call,16.957882888088932,-1,0,3,0, Done, dt, 22.042117111911068
39.0,Elev,0,  arrived at src, 0, Elevator call,22.094056301593582,0,-1,2,0
39.0, elevID,0,  pos,0,  cmd, goto,-1
50.0,Elev,0,  arrived at dest, -1, this call is done!, Elevator call,22.094056301593582,0,-1,3,0, Done, dt, 27.905943698406418
86.0,Elevator call,85.5209666204754,3,2,1,0, got allocated to elevator, 0
86.0, elevID,0,  pos,-1,  cmd, goto,3
92.0,Elevator call,91.21019413453945,-1,-2,1,0, got allocated to elevator, 0
100.0,Elev,0,  arrived at src, 3, Elevator call,85.5209666204754,3,2,2,0
100.0, elevID,0,  pos,3,  cmd, goto,2
105.0,Elevator call,104.13701241869234,0,4,1,0, got allocated to elevator, 0
110.0,Elevator call,109.21352909346587,-1,0,1,0, got allocated to elevator, 0
111.0,Elev,0,  arrived at dest, 2, this call is done!, Elevator call,85.5209666204754,3,2,3,0, Done, dt, 25.479033379524594
111.0, elevID,0,  pos,2,  cmd, goto,-1
115.0,Elevator call,114.39235096774041,3,0,1,1, got allocated to elevator, 1
115.0, elevID,1,  pos,-2,  cmd, goto,3
124.0,Elev,0,  arrived at src, -1, Elevator call,91.21019413453945,-1,-2,2,0
124.0,Elev,0,  arrived at src, -1, Elevator call,109.21352909346587,-1,0,2,0
124.0, elevID,0,  pos,-1,  cmd, goto,-2
125.0,Elevator call,124.42557095980362,0,9,1,1, got allocated to elevator, 1
130.0,Elev,1,  arrived at src, 3, Elevator call,114.39235096774041,3,0,2,1
130.0, elevID,1,  pos,3,  cmd, goto,0
131.0,Elevator call,130.02495678190564,8,10,1,1, got allocated to elevator, 1
131.0,Elevator call,130.224911275492,-1,1,1,0, got allocated to elevator, 0
135.0,Elev,0,  arrived at dest, -2, this call is done!, Elevator call,91.21019413453945,-1,-2,3,0, Done, dt, 43.78980586546055
135.0, elevID,0,  pos,-2,  cmd, goto,0
138.0,Elevator call,137.9515274326701,0,4,1,0, got allocated to elevator, 0
143.0,Elev,1,  arrived at dest, 0, this call is done!, Elevator call,114.39235096774041,3,0,3,1, Done, dt, 28.607649032259587
143.0,Elev,1,  arrived at src, 0, Elevator call,124.42557095980362,0,9,2,1
143.0, elevID,1,  pos,0,  cmd, goto,9
144.0,Elevator call,143.91335838799415,0,6,1,1, got allocated to elevator, 1
147.0,Elev,0,  arrived at src, 0, Elevator call,104.13701241869234,0,4,2,0
147.0,Elev,0,  arrived at dest, 0, this call is done!, Elevator call,109.21352909346587,-1,0,3,0, Done, dt, 37.786470906534134
147.0,Elev,0,  arrived at src, 0, Elevator call,137.9515274326701,0,4,2,0
147.0, elevID,0,  pos,0,  cmd, goto,4
161.0,Elev,0,  arrived at dest, 4, this call is done!, Elevator call,104.13701241869234,0,4,3,0, Done, dt, 56.862987581307664
161.0,Elev,0,  arrived at dest, 4, this call is done!, Elevator call,137.9515274326701,0,4,3,0, Done, dt, 23.048472567329895
161.0, elevID,0,  pos,4,  cmd, goto,-1
162.0,Elev,1,  arrived at dest, 9, this call is done!, Elevator call,124.42557095980362,0,9,3,1, Done, dt, 37.57442904019638
162.0, elevID,1,  pos,9,  cmd, goto,8
170.0,Elevator call,169.78458339380109,-1,0,1,0, got allocated to elevator, 0
171.0,Elevator call,170.0099620835246,0,6,1,1, got allocated to elevator, 1
172.0,Elevator call,171.21173315221364,-1,8,1,1, got allocated to elevator, 1
173.0,Elev,1,  arrived at src, 8, Elevator call,130.02495678190564,8,10,2,1
173.0, elevID,1,  pos,8,  cmd, goto,10
175.0,Elevator call,174.84385152106802,0,-1,1,0, got allocated to elevator, 0
176.0,Elev,0,  arrived at src, -1, Elevator call,130.224911275492,-1,1,2,0
176.0,Elev,0,  arrived at src, -1, Elevator call,169.78458339380109,-1,0,2,0
176.0, elevID,0,  pos,-1,  cmd, goto,0
185.0,Elev,1,  arrived at dest, 10, this call is done!, Elevator call,130.02495678190564,8,10,3,1, Done, dt, 54.975043218094356
185.0, elevID,1,  pos,10,  cmd, goto,0
187.0,Elev,0,  arrived at dest, 0, this call is done!, Elevator call,169.78458339380109,-1,0,3,0, Done, dt, 17.215416606198914
187.0,Elev,0,  arrived at src, 0, Elevator call,174.84385152106802,0,-1,2,0
187.0, elevID,0,  pos,0,  cmd, goto,-1
188.0,Elevator call,187.11678617348463,-1,-2,1,0, got allocated to elevator, 0
188.0,Elevator call,187.7299317966884,-1,-2,1,1, got allocated to elevator, 1
196.0,Elevator call,195.90869649656992,0,7,1,1, got allocated to elevator, 1
198.0,Elevator call,197.5359191292572,-1,1,1,0, got allocated to elevator, 0
198.0,Elev,0,  arrived at dest, -1, this call is done!, Elevator call,174.84385152106802,0,-1,3,0, Done, dt, 23.156148478931982
198.0,Elev,0,  arrived at src, -1, Elevator call,187.11678617348463,-1,-2,2,0
198.0,Elev,0,  arrived at src, -1, Elevator call,197.5359191292572,-1,1,2,0
198.0, elevID,0,  pos,-1,  cmd, goto,1
205.0,Elev,1,  arrived at src, 0, Elevator call,143.91335838799415,0,6,2,1
205.0,Elev,1,  arrived at src, 0, Elevator call,170.0099620835246,0,6,2,1
205.0,Elev,1,  arrived at src, 0, Elevator call,195.90869649656992,0,7,2,1
205.0, elevID,1,  pos,0,  cmd, goto,6
206.0,Elevator call,205.9895199338651,-1,0,1,0, got allocated to elevator, 0
210.0,Elev,0,  arrived at dest, 1, this call is done!, Elevator call,130.224911275492,-1,1,3,0, Done, dt, 79.77508872450801
210.0,Elev,0,  arrived at dest, 1, this call is done!, Elevator call,197.5359191292572,-1,1,3,0, Done, dt, 12.464080870742805
210.0, elevID,0,  pos,1,  cmd, goto,0
221.0, elevID,0,  pos,0,  cmd, goto,4
221.0,Elev,1,  arrived at dest, 6, this call is done!, Elevator call,143.91335838799415,0,6,3,1, Done, dt, 77.08664161200585
221.0,Elev,1,  arrived at dest, 6, this call is done!, Elevator call,170.0099620835246,0,6,3,1, Done, dt, 50.99003791647539
221.0, elevID,1,  pos,6,  cmd, goto,0
228.0,Elevator call,227.0798304557929,-1,5,1,1, got allocated to elevator, 1
232.0,Elevator call,231.51578817426258,-1,0,1,0, got allocated to elevator, 0
233.0,Elevator call,232.95043623946805,0,-1,1,0, got allocated to elevator, 0
235.0, elevID,0,  pos,4,  cmd, goto,-1
237.0, elevID,1,  pos,0,  cmd, goto,6
250.0,Elev,0,  arrived at src, -1, Elevator call,205.9895199338651,-1,0,2,0
250.0,Elev,0,  arrived at src, -1, Elevator call,231.51578817426258,-1,0,2,0
250.0, elevID,0,  pos,-1,  cmd, goto,0
252.0,Elevator call,251.10444690749756,-1,-2,1,0, got allocated to elevator, 0
252.0,Elevator call,251.23593354161653,0,9,1,0, got allocated to elevator, 0
253.0, elevID,1,  pos,6,  cmd, goto,-1
255.0,Elevator call,254.69771525200505,3,4,1,1, got allocated to elevator, 1
258.0,Elevator call,257.7974435335086,-1,0,1,0, got allocated to elevator, 0
261.0,Elev,0,  arrived at dest, 0, this call is done!, Elevator call,205.9895199338651,-1,0,3,0, Done, dt, 55.0104800661349
261.0,Elev,0,  arrived at dest, 0, this call is done!, Elevator call,231.51578817426258,-1,0,3,0, Done, dt, 29.484211825737418
261.0,Elev,0,  arrived at src, 0, Elevator call,232.95043623946805,0,-1,2,0
261.0,Elev,0,  arrived at src, 0, Elevator call,251.23593354161653,0,9,2,0
261.0, elevID,0,  pos,0,  cmd, goto,-1
270.0,Elev,1,  arrived at src, -1, Elevator call,171.21173315221364,-1,8,2,1
270.0,Elev,1,  arrived at src, -1, Elevator call,187.7299317966884,-1,-2,2,1
270.0,Elev,1,  arrived at src, -1, Elevator call,227.0798304557929,-1,5,2,1
270.0, elevID,1,  pos,-1,  cmd, goto,8
272.0,Elev,0,  arrived at dest, -1, this call is done!, Elevator call,232.95043623946805,0,-1,3,0, Done, dt, 39.04956376053195
272.0,Elev,0,  arrived at src, -1, Elevator call,251.10444690749756,-1,-2,2,0
272.0,Elev,0,  arrived at src, -1, Elevator call,257.7974435335086,-1,0,2,0
272.0, elevID,0,  pos,-1,  cmd, goto,-2
283.0,Elev,0,  arrived at dest, -2, this call is done!, Elevator call,187.11678617348463,-1,-2,3,0, Done, dt, 95.88321382651537
283.0,Elev,0,  arrived at dest, -2, this call is done!, Elevator call,251.10444690749756,-1,-2,3,0, Done, dt, 31.89555309250244
283.0, elevID,0,  pos,-2,  cmd, goto,1
289.0,Elev,1,  arrived at dest, 8, this call is done!, Elevator call,171.21173315221364,-1,8,3,1, Done, dt, 117.78826684778636
289.0, elevID,1,  pos,8,  cmd, goto,-1
296.0,Elevator call,295.7943356681491,0,1,1,1, got allocated to elevator, 1
296.0, elevID,0,  pos,1,  cmd, goto,-1
305.0,Elevator call,304.99843880775313,6,0,1,0, got allocated to elevator, 0
308.0, elevID,0,  pos,-1,  cmd, goto,0
308.0, elevID,1,  pos,-1,  cmd, goto,-2
310.0,Elevator call,309.30053828560517,0,-1,1,0, got allocated to elevator, 0
313.0,Elevator call,312.30185564398687,0,-1,1,1, got allocated to elevator, 1
317.0,Elevator call,316.03237827404377,0,-1,1,0, got allocated to elevator, 0
319.0,Elev,0,  arrived at dest, 0, this call is done!, Elevator call,257.7974435335086,-1,0,3,0, Done, dt, 61.20255646649139
319.0,Elev,0,  arrived at src, 0, Elevator call,309.30053828560517,0,-1,2,0
319.0,Elev,0,  arrived at src, 0, Elevator call,316.03237827404377,0,-1,2,0
319.0, elevID,0,  pos,0,  cmd, goto,-1
319.0,Elev,1,  arrived at dest, -2, this call is done!, Elevator call,187.7299317966884,-1,-2,3,1, Done, dt, 131.2700682033116
319.0, elevID,1,  pos,-2,  cmd, goto,0
320.0,Elevator call,319.90520204415634,6,5,1,1, got allocated to elevator, 1
321.0,Elevator call,320.97607492210807,-1,0,1,0, got allocated to elevator, 0
322.0,Elevator call,321.37040904796595,7,-1,1,1, got allocated to elevator, 1
330.0,Elev,0,  arrived at dest, -1, this call is done!, Elevator call,309.30053828560517,0,-1,3,0, Done, dt, 20.69946171439483
330.0,Elev,0,  arrived at dest, -1, this call is done!, Elevator call,316.03237827404377,0,-1,3,0, Done, dt, 13.967621725956235
330.0,Elev,0,  arrived at src, -1, Elevator call,320.97607492210807,-1,0,2,0
330.0, elevID,0,  pos,-1,  cmd, goto,0
331.0,Elev,1,  arrived at src, 0, Elevator call,295.7943356681491,0,1,2,1
331.0,Elev,1,  arrived at src, 0, Elevator call,312.30185564398687,0,-1,2,1
331.0, elevID,1,  pos,0,  cmd, goto,7
333.0,Elevator call,332.4267319393355,0,10,1,0, got allocated to elevator, 0
337.0,Elevator call,336.93043046159545,-1,0,1,0, got allocated to elevator, 0
341.0,Elev,0,  arrived at dest, 0, this call is done!, Elevator call,320.97607492210807,-1,0,3,0, Done, dt, 20.02392507789193
341.0,Elev,0,  arrived at src, 0, Elevator call,332.4267319393355,0,10,2,0
341.0, elevID,0,  pos,0,  cmd, goto,9
348.0,Elev,1,  arrived at dest, 7, this call is done!, Elevator call,195.90869649656992,0,7,3,1, Done, dt, 152.09130350343008
348.0,Elev,1,  arrived at src, 7, Elevator call,321.37040904796595,7,-1,2,1
348.0, elevID,1,  pos,7,  cmd, goto,-1
360.0,Elev,0,  arrived at dest, 9, this call is done!, Elevator call,251.23593354161653,0,9,3,0, Done, dt, 108.76406645838347
360.0, elevID,0,  pos,9,  cmd, goto,6
366.0,Elev,1,  arrived at dest, -1, this call is done!, Elevator call,312.30185564398687,0,-1,3,1, Done, dt, 53.69814435601313
366.0,Elev,1,  arrived at dest, -1, this call is done!, Elevator call,321.37040904796595,7,-1,3,1, Done, dt, 44.62959095203405
366.0, elevID,1,  pos,-1,  cmd, goto,5
373.0,Elev,0,  arrived at src, 6, Elevator call,304.99843880775313,6,0,2,0
373.0, elevID,0,  pos,6,  cmd, goto,0
376.0,Elevator call,375.49048095381363,1,0,1,0, got allocated to elevator, 0
382.0,Elev,1,  arrived at dest, 5, this call is done!, Elevator call,227.0798304557929,-1,5,3,1, Done, dt, 154.9201695442071
382.0, elevID,1,  pos,5,  cmd, goto,3
389.0,Elev,0,  arrived at dest, 0, this call is done!, Elevator call,304.99843880775313,6,0,3,0, Done, dt, 84.00156119224687
389.0, elevID,0,  pos,0,  cmd, goto,-1
393.0,Elevator call,392.5160764870397,0,5,1,1, got allocated to elevator, 1
394.0,Elev,1,  arrived at src, 3, Elevator call,254.69771525200505,3,4,2,1
394.0, elevID,1,  pos,3,  cmd, goto,4
400.0,Elev,0,  arrived at src, -1, Elevator call,336.93043046159545,-1,0,2,0
400.0, elevID,0,  pos,-1,  cmd, goto,0
405.0,Elev,1,  arrived at dest, 4, this call is done!, Elevator call,254.69771525200505,3,4,3,1, Done, dt, 150.30228474799495
405.0, elevID,1,  pos,4,  cmd, goto,0
406.0,Elevator call,405.1821140884023,-1,10,1,0, got allocated to elevator, 0
411.0,Elev,0,  arrived at dest, 0, this call is done!, Elevator call,336.93043046159545,-1,0,3,0, Done, dt, 74.06956953840455
411.0, elevID,0,  pos,0,  cmd, goto,-1
419.0,Elev,1,  arrived at src, 0, Elevator call,392.5160764870397,0,5,2,1
419.0, elevID,1,  pos,0,  cmd, goto,1
422.0,Elev,0,  arrived at src, -1, Elevator call,405.1821140884023,-1,10,2,0
422.0, elevID,0,  pos,-1,  cmd, goto,0
427.0,Elevator call,426.8615805478589,2,0,1,1, got allocated to elevator, 1
430.0,Elev,1,  arrived at dest, 1, this call is done!, Elevator call,295.7943356681491,0,1,3,1, Done, dt, 134.20566433185093
430.0, elevID,1,  pos,1,  cmd, goto,0
433.0, elevID,0,  pos,0,  cmd, goto,10
438.0,Elevator call,437.17111576125836,1,0,1,0, got allocated to elevator, 0
441.0, elevID,1,  pos,0,  cmd, goto,-1
452.0, elevID,1,  pos,-1,  cmd, goto,6
453.0,Elev,0,  arrived at dest, 10, this call is done!, Elevator call,332.4267319393355,0,10,3,0, Done, dt, 120.57326806066447
453.0,Elev,0,  arrived at dest, 10, this call is done!, Elevator call,405.1821140884023,-1,10,3,0, Done, dt, 47.81788591159773
453.0, elevID,0,  pos,10,  cmd, goto,-1
469.0,Elev,1,  arrived at src, 6, Elevator call,319.90520204415634,6,5,2,1
469.0, elevID,1,  pos,6,  cmd, goto,5
473.0,Elevator call,472.7445473930129,10,-1,1,0, got allocated to elevator, 0
474.0, elevID,0,  pos,-1,  cmd, goto,0
480.0,Elev,1,  arrived at dest, 5, this call is done!, Elevator call,319.90520204415634,6,5,3,1, Done, dt, 160.09479795584366
480.0,Elev,1,  arrived at dest, 5, this call is done!, Elevator call,392.5160764870397,0,5,3,1, Done, dt, 87.4839235129603
480.0, elevID,1,  pos,5,  cmd, goto,7
485.0, elevID,0,  pos,0,  cmd, goto,1
492.0, elevID,1,  pos,7,  cmd, goto,-1
496.0,Elev,0,  arrived at src, 1, Elevator call,375.49048095381363,1,0,2,0
496.0,Elev,0,  arrived at src, 1, Elevator call,437.17111576125836,1,0,2,0
496.0, elevID,0,  pos,1,  cmd, goto,0
501.0,Elevator call,500.3712044996745,8,-1,1,0, got allocated to elevator, 0
504.0,Elevator call,503.13847841893045,1,-1,1,0, got allocated to elevator, 0
505.0,Elevator call,504.4317942159655,0,-1,1,1, got allocated to elevator, 1
507.0,Elev,0,  arrived at dest, 0, this call is done!, Elevator call,375.49048095381363,1,0,3,0, Done, dt, 131.50951904618637
507.0,Elev,0,  arrived at dest, 0, this call is done!, Elevator call,437.17111576125836,1,0,3,0, Done, dt, 69.82888423874164
507.0, elevID,0,  pos,0,  cmd, goto,-1
510.0, elevID,1,  pos,-1,  cmd, goto,0
518.0, elevID,0,  pos,-1,  cmd, goto,10
521.0,Elev,1,  arrived at src, 0, Elevator call,504.4317942159655,0,-1,2,1
521.0, elevID,1,  pos,0,  cmd, goto,5
530.0,Elevator call,529.6277472128405,3,-1,1,1, got allocated to elevator, 1
536.0, elevID,1,  pos,5,  cmd, goto,2
538.0,Elevator call,537.7866883694313,-1,6,1,0, got allocated to elevator, 0
539.0,Elev,0,  arrived at src, 10, Elevator call,472.7445473930129,10,-1,2,0
539.0, elevID,0,  pos,10,  cmd, goto,1
545.0,Elevator call,544.7880392034898,6,-1,1,0, got allocated to elevator, 0
549.0,Elev,1,  arrived at src, 2, Elevator call,426.8615805478589,2,0,2,1
549.0, elevID,1,  pos,2,  cmd, goto,0
555.0,Elevator call,554.0892922920482,4,0,1,0, got allocated to elevator, 0
558.0,Elevator call,557.2441390036331,10,0,1,1, got allocated to elevator, 1
558.0,Elev,0,  arrived at src, 1, Elevator call,503.13847841893045,1,-1,2,0
558.0, elevID,0,  pos,1,  cmd, goto,0
561.0,Elev,1,  arrived at dest, 0, this call is done!, Elevator call,426.8615805478589,2,0,3,1, Done, dt, 134.13841945214108
561.0, elevID,1,  pos,0,  cmd, goto,-1
566.0,Elevator call,565.0195521745534,0,-1,1,0, got allocated to elevator, 0
569.0,Elev,0,  arrived at src, 0, Elevator call,565.0195521745534,0,-1,2,0
569.0, elevID,0,  pos,0,  cmd, goto,10
572.0,Elev,1,  arrived at dest, -1, this call is done!, Elevator call,504.4317942159655,0,-1,3,1, Done, dt, 67.56820578403449
572.0, elevID,1,  pos,-1,  cmd, goto,3
582.0,Elevator call,581.8703090238192,0,3,1,1, got allocated to elevator, 1
586.0,Elev,1,  arrived at src, 3, Elevator call,529.6277472128405,3,-1,2,1
586.0, elevID,1,  pos,3,  cmd, goto,-1
589.0, elevID,0,  pos,10,  cmd, goto,8
597.0,Elevator call,596.1232022872633,8,0,1,1, got allocated to elevator, 1
600.0,Elev,1,  arrived at dest, -1, this call is done!, Elevator call,529.6277472128405,3,-1,3,1, Done, dt, 70.37225278715948
600.0, elevID,1,  pos,-1,  cmd, goto,10
601.0,Elevator call,600.9312879686208,1,0,1,0, got allocated to elevator, 0
601.0,Elev,0,  arrived at src, 8, Elevator call,500.3712044996745,8,-1,2,0
601.0, elevID,0,  pos,8,  cmd, goto,1
604.0,Elevator call,603.9342326983083,7,0,1,1, got allocated to elevator, 1
618.0,Elevator call,617.9628338542149,0,3,1,0, got allocated to elevator, 0
618.0,Elev,0,  arrived at src, 1, Elevator call,600.9312879686208,1,0,2,0
618.0, elevID,0,  pos,1,  cmd, goto,6
620.0,Elevator call,619.6454196970012,9,0,1,1, got allocated to elevator, 1
621.0,Elev,1,  arrived at src, 10, Elevator call,557.2441390036331,10,0,2,1
621.0, elevID,1,  pos,10,  cmd, goto,0
627.0,Elevator call,626.2116172047942,0,1,1,1, got allocated to elevator, 1
633.0,Elev,0,  arrived at src, 6, Elevator call,544.7880392034898,6,-1,2,0
633.0, elevID,0,  pos,6,  cmd, goto,1
641.0,Elev,1,  arrived at dest, 0, this call is done!, Elevator call,557.2441390036331,10,0,3,1, Done, dt, 83.75586099636689
641.0,Elev,1,  arrived at src, 0, Elevator call,581.8703090238192,0,3,2,1
641.0,Elev,1,  arrived at src, 0, Elevator call,626.2116172047942,0,1,2,1
641.0, elevID,1,  pos,0,  cmd, goto,3
644.0,Elevator call,643.8547514955396,-1,2,1,1, got allocated to elevator, 1
648.0, elevID,0,  pos,1,  cmd, goto,0
654.0,Elev,1,  arrived at dest, 3, this call is done!, Elevator call,581.8703090238192,0,3,3,1, Done, dt, 72.12969097618077
654.0, elevID,1,  pos,3,  cmd, goto,8
659.0,Elev,0,  arrived at dest, 0, this call is done!, Elevator call,600.9312879686208,1,0,3,0, Done, dt, 58.068712031379164
659.0,Elev,0,  arrived at src, 0, Elevator call,617.9628338542149,0,3,2,0
659.0, elevID,0,  pos,0,  cmd, goto,-1
661.0,Elevator call,660.0732907797126,6,10,1,0, got allocated to elevator, 0
662.0,Elevator call,661.0420820268716,-1,3,1,1, got allocated to elevator, 1
663.0,Elevator call,662.1730527520776,-1,5,1,1, got allocated to elevator, 1
666.0,Elevator call,665.1155548533167,-1,8,1,0, got allocated to elevator, 0
667.0,Elevator call,666.0340294605869,4,0,1,1, got allocated to elevator, 1
667.0,Elevator call,666.2411586665262,5,-1,1,0, got allocated to elevator, 0
669.0,Elev,1,  arrived at src, 8, Elevator call,596.1232022872633,8,0,2,1
669.0, elevID,1,  pos,8,  cmd, goto,0
670.0,Elev,0,  arrived at dest, -1, this call is done!, Elevator call,472.7445473930129,10,-1,3,0, Done, dt, 197.2554526069871
670.0,Elev,0,  arrived at dest, -1, this call is done!, Elevator call,500.3712044996745,8,-1,3,0, Done, dt, 169.6287955003255
670.0,Elev,0,  arrived at dest, -1, this call is done!, Elevator call,503.13847841893045,1,-1,3,0, Done, dt, 166.86152158106955
670.0,Elev,0,  arrived at src, -1, Elevator call,537.7866883694313,-1,6,2,0
670.0,Elev,0,  arrived at dest, -1, this call is done!, Elevator call,544.7880392034898,6,-1,3,0, Done, dt, 125.2119607965102
670.0,Elev,0,  arrived at dest, -1, this call is done!, Elevator call,565.0195521745534,0,-1,3,0, Done, dt, 104.98044782544662
670.0,Elev,0,  arrived at src, -1, Elevator call,665.1155548533167,-1,8,2,0
670.0, elevID,0,  pos,-1,  cmd, goto,6
673.0,Elevator call,672.677314157026,0,-1,1,0, got allocated to elevator, 0
678.0,Elevator call,677.7341948387335,0,-1,1,0, got allocated to elevator, 0
679.0,Elevator call,678.9953584914538,-1,-2,1,0, got allocated to elevator, 0
687.0,Elev,0,  arrived at dest, 6, this call is done!, Elevator call,537.7866883694313,-1,6,3,0, Done, dt, 149.21331163056868
687.0,Elev,0,  arrived at src, 6, Elevator call,660.0732907797126,6,10,2,0
687.0, elevID,0,  pos,6,  cmd, goto,4
687.0,Elev,1,  arrived at dest, 0, this call is done!, Elevator call,596.1232022872633,8,0,3,1, Done, dt, 90.87679771273667
687.0, elevID,1,  pos,0,  cmd, goto,7
696.0,Elevator call,695.2239881566923,0,10,1,1, got allocated to elevator, 1
699.0,Elev,0,  arrived at src, 4, Elevator call,554.0892922920482,4,0,2,0
699.0, elevID,0,  pos,4,  cmd, goto,0
704.0,Elev,1,  arrived at src, 7, Elevator call,603.9342326983083,7,0,2,1
704.0, elevID,1,  pos,7,  cmd, goto,0
707.0,Elevator call,706.1583474999188,-1,-2,1,0, got allocated to elevator, 0
711.0,Elevator call,710.3249770041223,0,1,1,0, got allocated to elevator, 0
713.0,Elev,0,  arrived at dest, 0, this call is done!, Elevator call,554.0892922920482,4,0,3,0, Done, dt, 158.91070770795181
713.0,Elev,0,  arrived at src, 0, Elevator call,672.677314157026,0,-1,2,0
713.0,Elev,0,  arrived at src, 0, Elevator call,677.7341948387335,0,-1,2,0
713.0,Elev,0,  arrived at src, 0, Elevator call,710.3249770041223,0,1,2,0
713.0, elevID,0,  pos,0,  cmd, goto,3
714.0,Elevator call,713.0191971398395,1,0,1,0, got allocated to elevator, 0
714.0,Elevator call,713.2499766424826,10,-1,1,0, got allocated to elevator, 0
721.0,Elev,1,  arrived at dest, 0, this call is done!, Elevator call,603.9342326983083,7,0,3,1, Done, dt, 117.06576730169172
721.0,Elev,1,  arrived at src, 0, Elevator call,695.2239881566923,0,10,2,1
721.0, elevID,1,  pos,0,  cmd, goto,9
723.0,Elevator call,722.6161212799507,10,0,1,1, got allocated to elevator, 1
726.0,Elev,0,  arrived at dest, 3, this call is done!, Elevator call,617.9628338542149,0,3,3,0, Done, dt, 108.03716614578514
726.0, elevID,0,  pos,3,  cmd, goto,6
728.0,Elevator call,727.514602863032,-1,0,1,0, got allocated to elevator, 0
733.0,Elevator call,732.9746341348998,6,-1,1,0, got allocated to elevator, 0
738.0,Elevator call,737.314720213409,1,0,1,0, got allocated to elevator, 0
739.0,Elev,0,  arrived at src, 6, Elevator call,732.9746341348998,6,-1,2,0
739.0, elevID,0,  pos,6,  cmd, goto,10
740.0,Elev,1,  arrived at src, 9, Elevator call,619.6454196970012,9,0,2,1
740.0, elevID,1,  pos,9,  cmd, goto,0
753.0,Elev,0,  arrived at dest, 10, this call is done!, Elevator call,660.0732907797126,6,10,3,0, Done, dt, 92.92670922028742
753.0,Elev,0,  arrived at src, 10, Elevator call,713.2499766424826,10,-1,2,0
753.0, elevID,0,  pos,10,  cmd, goto,-1
759.0,Elev,1,  arrived at dest, 0, this call is done!, Elevator call,619.6454196970012,9,0,3,1, Done, dt, 139.35458030299878
759.0, elevID,1,  pos,0,  cmd, goto,1
770.0,Elev,1,  arrived at dest, 1, this call is done!, Elevator call,626.2116172047942,0,1,3,1, Done, dt, 143.78838279520585
770.0, elevID,1,  pos,1,  cmd, goto,-1
774.0,Elev,0,  arrived at dest, -1, this call is done!, Elevator call,672.677314157026,0,-1,3,0, Done, dt, 101.32268584297401
774.0,Elev,0,  arrived at dest, -1, this call is done!, Elevator call,677.7341948387335,0,-1,3,0, Done, dt, 96.26580516126648
774.0,Elev,0,  arrived at src, -1, Elevator call,678.9953584914538,-1,-2,2,0
774.0,Elev,0,  arrived at src, -1, Elevator call,706.1583474999188,-1,-2,2,0
774.0,Elev,0,  arrived at dest, -1, this call is done!, Elevator call,713.2499766424826,10,-1,3,0, Done, dt, 60.75002335751742
774.0,Elev,0,  arrived at src, -1, Elevator call,727.514602863032,-1,0,2,0
774.0,Elev,0,  arrived at dest, -1, this call is done!, Elevator call,732.9746341348998,6,-1,3,0, Done, dt, 41.025365865100184
774.0, elevID,0,  pos,-1,  cmd, goto,8
780.0,Elevator call,779.399691386574,-1,5,1,0, got allocated to elevator, 0
782.0,Elev,1,  arrived at src, -1, Elevator call,643.8547514955396,-1,2,2,1
782.0,Elev,1,  arrived at src, -1, Elevator call,661.0420820268716,-1,3,2,1
782.0,Elev,1,  arrived at src, -1, Elevator call,662.1730527520776,-1,5,2,1
782.0, elevID,1,  pos,-1,  cmd, goto,2
793.0,Elev,0,  arrived at dest, 8, this call is done!, Elevator call,665.1155548533167,-1,8,3,0, Done, dt, 127.88444514668333
793.0, elevID,0,  pos,8,  cmd, goto,5
795.0,Elev,1,  arrived at dest, 2, this call is done!, Elevator call,643.8547514955396,-1,2,3,1, Done, dt, 151.14524850446037
795.0, elevID,1,  pos,2,  cmd, goto,-1
806.0,Elevator call,805.6754743307536,-1,-2,1,1, got allocated to elevator, 1
806.0,Elev,0,  arrived at src, 5, Elevator call,666.2411586665262,5,-1,2,0
806.0, elevID,0,  pos,5,  cmd, goto,1
808.0,Elev,1,  arrived at src, -1, Elevator call,805.6754743307536,-1,-2,2,1
808.0, elevID,1,  pos,-1,  cmd, goto,3
811.0,Elevator call,810.4469089359914,2,0,1,1, got allocated to elevator, 1
817.0,Elevator call,816.1516998390152,7,-1,1,0, got allocated to elevator, 0
820.0,Elev,0,  arrived at dest, 1, this call is done!, Elevator call,710.3249770041223,0,1,3,0, Done, dt, 109.67502299587773
820.0,Elev,0,  arrived at src, 1, Elevator call,713.0191971398395,1,0,2,0
820.0,Elev,0,  arrived at src, 1, Elevator call,737.314720213409,1,0,2,0
820.0, elevID,0,  pos,1,  cmd, goto,0
822.0,Elev,1,  arrived at dest, 3, this call is done!, Elevator call,661.0420820268716,-1,3,3,1, Done, dt, 160.95791797312836
822.0, elevID,1,  pos,3,  cmd, goto,-1
826.0,Elevator call,825.4575184586336,7,0,1,1, got allocated to elevator, 1
831.0,Elev,0,  arrived at dest, 0, this call is done!, Elevator call,713.0191971398395,1,0,3,0, Done, dt, 117.98080286016045
831.0,Elev,0,  arrived at dest, 0, this call is done!, Elevator call,727.514602863032,-1,0,3,0, Done, dt, 103.485397136968
831.0,Elev,0,  arrived at dest, 0, this call is done!, Elevator call,737.314720213409,1,0,3,0, Done, dt, 93.68527978659097
831.0, elevID,0,  pos,0,  cmd, goto,-1
836.0, elevID,1,  pos,-1,  cmd, goto,5
840.0,Elevator call,839.8525652620532,0,1,1,0, got allocated to elevator, 0
842.0,Elev,0,  arrived at dest, -1, this call is done!, Elevator call,666.2411586665262,5,-1,3,0, Done, dt, 175.7588413334738
842.0,Elev,0,  arrived at src, -1, Elevator call,779.399691386574,-1,5,2,0
842.0, elevID,0,  pos,-1,  cmd, goto,-2
852.0,Elev,1,  arrived at dest, 5, this call is done!, Elevator call,662.1730527520776,-1,5,3,1, Done, dt, 189.82694724792236
852.0, elevID,1,  pos,5,  cmd, goto,4
853.0,Elev,0,  arrived at dest, -2, this call is done!, Elevator call,678.9953584914538,-1,-2,3,0, Done, dt, 174.00464150854623
853.0,Elev,0,  arrived at dest, -2, this call is done!, Elevator call,706.1583474999188,-1,-2,3,0, Done, dt, 146.84165250008118
853.0, elevID,0,  pos,-2,  cmd, goto,-1
855.0,Elevator call,854.2002278085795,6,-1,1,0, got allocated to elevator, 0
863.0,Elev,1,  arrived at src, 4, Elevator call,666.0340294605869,4,0,2,1
863.0, elevID,1,  pos,4,  cmd, goto,0
864.0,Elevator call,863.893291272948,0,-1,1,0, got allocated to elevator, 0
864.0, elevID,0,  pos,-1,  cmd, goto,-2
871.0,Elevator call,870.5053023797483,0,7,1,1, got allocated to elevator, 1
875.0, elevID,0,  pos,-2,  cmd, goto,0
877.0,Elev,1,  arrived at dest, 0, this call is done!, Elevator call,666.0340294605869,4,0,3,1, Done, dt, 210.9659705394131
877.0,Elev,1,  arrived at src, 0, Elevator call,870.5053023797483,0,7,2,1
877.0, elevID,1,  pos,0,  cmd, goto,10
887.0,Elevator call,886.5649993239458,-1,-2,1,0, got allocated to elevator, 0
887.0,Elev,0,  arrived at src, 0, Elevator call,839.8525652620532,0,1,2,0
887.0,Elev,0,  arrived at src, 0, Elevator call,863.893291272948,0,-1,2,0
887.0, elevID,0,  pos,0,  cmd, goto,1
893.0,Elevator call,892.5212150591021,9,-1,1,0, got allocated to elevator, 0
897.0,Elev,1,  arrived at dest, 10, this call is done!, Elevator call,695.2239881566923,0,10,3,1, Done, dt, 201.77601184330774
897.0,Elev,1,  arrived at src, 10, Elevator call,722.6161212799507,10,0,2,1
897.0, elevID,1,  pos,10,  cmd, goto,0
898.0,Elev,0,  arrived at dest, 1, this call is done!, Elevator call,839.8525652620532,0,1,3,0, Done, dt, 58.14743473794681
898.0, elevID,0,  pos,1,  cmd, goto,10
911.0,Elevator call,910.5388559417848,6,5,1,1, got allocated to elevator, 1
916.0,Elevator call,915.9490574608818,4,-1,1,0, got allocated to elevator, 0
917.0, elevID,0,  pos,10,  cmd, goto,6
917.0,Elev,1,  arrived at dest, 0, this call is done!, Elevator call,722.6161212799507,10,0,3,1, Done, dt, 194.38387872004932
917.0, elevID,1,  pos,0,  cmd, goto,-1
928.0, elevID,1,  pos,-1,  cmd, goto,-2
931.0,Elev,0,  arrived at src, 6, Elevator call,854.2002278085795,6,-1,2,0
931.0, elevID,0,  pos,6,  cmd, goto,7
934.0,Elevator call,933.8580452488764,7,5,1,1, got allocated to elevator, 1
939.0,Elev,1,  arrived at dest, -2, this call is done!, Elevator call,805.6754743307536,-1,-2,3,1, Done, dt, 133.32452566924644
939.0, elevID,1,  pos,-2,  cmd, goto,2
942.0,Elev,0,  arrived at src, 7, Elevator call,816.1516998390152,7,-1,2,0
942.0, elevID,0,  pos,7,  cmd, goto,6
953.0, elevID,0,  pos,6,  cmd, goto,0
953.0,Elev,1,  arrived at src, 2, Elevator call,810.4469089359914,2,0,2,1
953.0, elevID,1,  pos,2,  cmd, goto,0
962.0,Elevator call,961.6862855708133,6,-1,1,0, got allocated to elevator, 0
965.0,Elev,1,  arrived at dest, 0, this call is done!, Elevator call,810.4469089359914,2,0,3,1, Done, dt, 154.55309106400864
965.0, elevID,1,  pos,0,  cmd, goto,7
969.0, elevID,0,  pos,0,  cmd, goto,9
973.0,Elevator call,972.8032126022729,1,0,1,1, got allocated to elevator, 1
976.0,Elevator call,975.8361202753667,0,-1,1,0, got allocated to elevator, 0
979.0,Elevator call,978.5925148564796,10,0,1,0, got allocated to elevator, 0
979.0,Elevator call,978.6210500641439,10,-1,1,1, got allocated to elevator, 1
982.0,Elev,1,  arrived at src, 7, Elevator call,825.4575184586336,7,0,2,1
982.0,Elev,1,  arrived at dest, 7, this call is done!, Elevator call,870.5053023797483,0,7,3,1, Done, dt, 111.49469762025171
982.0,Elev,1,  arrived at src, 7, Elevator call,933.8580452488764,7,5,2,1
982.0, elevID,1,  pos,7,  cmd, goto,0
985.0,Elevator call,984.1840185574983,7,0,1,0, got allocated to elevator, 0
988.0,Elev,0,  arrived at src, 9, Elevator call,892.5212150591021,9,-1,2,0
988.0, elevID,0,  pos,9,  cmd, goto,4
999.0,Elev,1,  arrived at dest, 0, this call is done!, Elevator call,825.4575184586336,7,0,3,1, Done, dt, 173.54248154136644
999.0, elevID,1,  pos,0,  cmd, goto,7
1000.0,************* Simulation Ended ************
Code Owners,207051707,208785154,  Case,2,  Total waiting time: 9466.792822120191,  average waiting time per call: 94.6679282212019,  unCompleted calls,15,  certificate, -3328819350
