**** The Simulator log: stage 2
0.0,OOP_Ex0_Elevator_Simulator
0.0,Simulated Building, ex0.simulator.Builging_A [-2,10]
0) ex0.simulator.Elevator_A, Elev_0, speed: 1.0, open/close: 2.0,  start/stop: 3.0
1) ex0.simulator.Elevator_A, Elev_1, speed: 1.0, open/close: 2.0,  start/stop: 3.0
0.0,Simulated Period starTime,0.0,  endTime,1000.0,  dt,1.0
0.0,Simulated  calls,Elevetor log, size: 100
0.0,**** Simulation starts!! ****
0.0, elevID,0,  pos,-2,  cmd, goto,2
0.0, elevID,1,  pos,-2,  cmd, goto,8
5.0,Elevator call,4.374727290393253,0,-1,1,0, got allocated to elevator, 0
14.0, elevID,0,  pos,2,  cmd, goto,1
17.0,Elevator call,16.957882888088932,-1,0,1,1, got allocated to elevator, 1
20.0, elevID,1,  pos,8,  cmd, goto,9
23.0,Elevator call,22.094056301593582,0,-1,1,0, got allocated to elevator, 0
25.0, elevID,0,  pos,1,  cmd, goto,0
31.0, elevID,1,  pos,9,  cmd, goto,10
36.0,Elev,0,  arrived at src, 0, Elevator call,4.374727290393253,0,-1,2,0
36.0,Elev,0,  arrived at src, 0, Elevator call,22.094056301593582,0,-1,2,0
36.0, elevID,0,  pos,0,  cmd, goto,-1
42.0, elevID,1,  pos,10,  cmd, goto,-2
47.0,Elev,0,  arrived at dest, -1, this call is done!, Elevator call,4.374727290393253,0,-1,3,0, Done, dt, 42.62527270960675
47.0,Elev,0,  arrived at dest, -1, this call is done!, Elevator call,22.094056301593582,0,-1,3,0, Done, dt, 24.905943698406418
47.0, elevID,0,  pos,-1,  cmd, goto,-2
58.0, elevID,0,  pos,-2,  cmd, goto,10
64.0, elevID,1,  pos,-2,  cmd, goto,-1
75.0,Elev,1,  arrived at src, -1, Elevator call,16.957882888088932,-1,0,2,1
75.0, elevID,1,  pos,-1,  cmd, goto,0
80.0, elevID,0,  pos,10,  cmd, goto,9
86.0,Elevator call,85.5209666204754,3,2,1,0, got allocated to elevator, 0
86.0,Elev,1,  arrived at dest, 0, this call is done!, Elevator call,16.957882888088932,-1,0,3,1, Done, dt, 69.04211711191107
86.0, elevID,1,  pos,0,  cmd, goto,1
91.0, elevID,0,  pos,9,  cmd, goto,8
92.0,Elevator call,91.21019413453945,-1,-2,1,0, got allocated to elevator, 0
97.0, elevID,1,  pos,1,  cmd, goto,2
102.0, elevID,0,  pos,8,  cmd, goto,7
105.0,Elevator call,104.13701241869234,0,4,1,1, got allocated to elevator, 1
108.0, elevID,1,  pos,2,  cmd, goto,3
110.0,Elevator call,109.21352909346587,-1,0,1,1, got allocated to elevator, 1
113.0, elevID,0,  pos,7,  cmd, goto,6
115.0,Elevator call,114.39235096774041,3,0,1,0, got allocated to elevator, 0
119.0, elevID,1,  pos,3,  cmd, goto,4
124.0, elevID,0,  pos,6,  cmd, goto,5
125.0,Elevator call,124.42557095980362,0,9,1,1, got allocated to elevator, 1
130.0, elevID,1,  pos,4,  cmd, goto,5
131.0,Elevator call,130.02495678190564,8,10,1,1, got allocated to elevator, 1
131.0,Elevator call,130.224911275492,-1,1,1,1, got allocated to elevator, 1
135.0, elevID,0,  pos,5,  cmd, goto,4
138.0,Elevator call,137.9515274326701,0,4,1,1, got allocated to elevator, 1
141.0, elevID,1,  pos,5,  cmd, goto,6
144.0,Elevator call,143.91335838799415,0,6,1,1, got allocated to elevator, 1
146.0, elevID,0,  pos,4,  cmd, goto,3
152.0, elevID,1,  pos,6,  cmd, goto,7
157.0,Elev,0,  arrived at src, 3, Elevator call,85.5209666204754,3,2,2,0
157.0,Elev,0,  arrived at src, 3, Elevator call,114.39235096774041,3,0,2,0
157.0, elevID,0,  pos,3,  cmd, goto,2
163.0, elevID,1,  pos,7,  cmd, goto,8
168.0,Elev,0,  arrived at dest, 2, this call is done!, Elevator call,85.5209666204754,3,2,3,0, Done, dt, 82.4790333795246
168.0, elevID,0,  pos,2,  cmd, goto,1
170.0,Elevator call,169.78458339380109,-1,0,1,1, got allocated to elevator, 1
171.0,Elevator call,170.0099620835246,0,6,1,1, got allocated to elevator, 1
172.0,Elevator call,171.21173315221364,-1,8,1,1, got allocated to elevator, 1
174.0,Elev,1,  arrived at src, 8, Elevator call,130.02495678190564,8,10,2,1
174.0, elevID,1,  pos,8,  cmd, goto,9
175.0,Elevator call,174.84385152106802,0,-1,1,0, got allocated to elevator, 0
179.0, elevID,0,  pos,1,  cmd, goto,0
185.0, elevID,1,  pos,9,  cmd, goto,10
188.0,Elevator call,187.11678617348463,-1,-2,1,0, got allocated to elevator, 0
188.0,Elevator call,187.7299317966884,-1,-2,1,0, got allocated to elevator, 0
190.0,Elev,0,  arrived at dest, 0, this call is done!, Elevator call,114.39235096774041,3,0,3,0, Done, dt, 75.60764903225959
190.0,Elev,0,  arrived at src, 0, Elevator call,174.84385152106802,0,-1,2,0
190.0, elevID,0,  pos,0,  cmd, goto,-1
196.0,Elevator call,195.90869649656992,0,7,1,1, got allocated to elevator, 1
196.0,Elev,1,  arrived at dest, 10, this call is done!, Elevator call,130.02495678190564,8,10,3,1, Done, dt, 65.97504321809436
196.0, elevID,1,  pos,10,  cmd, goto,-2
198.0,Elevator call,197.5359191292572,-1,1,1,1, got allocated to elevator, 1
201.0,Elev,0,  arrived at src, -1, Elevator call,91.21019413453945,-1,-2,2,0
201.0,Elev,0,  arrived at dest, -1, this call is done!, Elevator call,174.84385152106802,0,-1,3,0, Done, dt, 26.156148478931982
201.0,Elev,0,  arrived at src, -1, Elevator call,187.11678617348463,-1,-2,2,0
201.0,Elev,0,  arrived at src, -1, Elevator call,187.7299317966884,-1,-2,2,0
201.0, elevID,0,  pos,-1,  cmd, goto,-2
206.0,Elevator call,205.9895199338651,-1,0,1,1, got allocated to elevator, 1
212.0,Elev,0,  arrived at dest, -2, this call is done!, Elevator call,91.21019413453945,-1,-2,3,0, Done, dt, 120.78980586546055
212.0,Elev,0,  arrived at dest, -2, this call is done!, Elevator call,187.11678617348463,-1,-2,3,0, Done, dt, 24.883213826515373
212.0,Elev,0,  arrived at dest, -2, this call is done!, Elevator call,187.7299317966884,-1,-2,3,0, Done, dt, 24.27006820331161
212.0, elevID,0,  pos,-2,  cmd, goto,10
218.0, elevID,1,  pos,-2,  cmd, goto,-1
228.0,Elevator call,227.0798304557929,-1,5,1,1, got allocated to elevator, 1
229.0,Elev,1,  arrived at src, -1, Elevator call,109.21352909346587,-1,0,2,1
229.0,Elev,1,  arrived at src, -1, Elevator call,130.224911275492,-1,1,2,1
229.0,Elev,1,  arrived at src, -1, Elevator call,169.78458339380109,-1,0,2,1
229.0,Elev,1,  arrived at src, -1, Elevator call,171.21173315221364,-1,8,2,1
229.0,Elev,1,  arrived at src, -1, Elevator call,197.5359191292572,-1,1,2,1
229.0,Elev,1,  arrived at src, -1, Elevator call,205.9895199338651,-1,0,2,1
229.0,Elev,1,  arrived at src, -1, Elevator call,227.0798304557929,-1,5,2,1
229.0, elevID,1,  pos,-1,  cmd, goto,0
232.0,Elevator call,231.51578817426258,-1,0,1,1, got allocated to elevator, 1
233.0,Elevator call,232.95043623946805,0,-1,1,0, got allocated to elevator, 0
234.0, elevID,0,  pos,10,  cmd, goto,9
240.0,Elev,1,  arrived at src, 0, Elevator call,104.13701241869234,0,4,2,1
240.0,Elev,1,  arrived at dest, 0, this call is done!, Elevator call,109.21352909346587,-1,0,3,1, Done, dt, 130.78647090653413
240.0,Elev,1,  arrived at src, 0, Elevator call,124.42557095980362,0,9,2,1
240.0,Elev,1,  arrived at src, 0, Elevator call,137.9515274326701,0,4,2,1
240.0,Elev,1,  arrived at src, 0, Elevator call,143.91335838799415,0,6,2,1
240.0,Elev,1,  arrived at dest, 0, this call is done!, Elevator call,169.78458339380109,-1,0,3,1, Done, dt, 70.21541660619891
240.0,Elev,1,  arrived at src, 0, Elevator call,170.0099620835246,0,6,2,1
240.0,Elev,1,  arrived at src, 0, Elevator call,195.90869649656992,0,7,2,1
240.0,Elev,1,  arrived at dest, 0, this call is done!, Elevator call,205.9895199338651,-1,0,3,1, Done, dt, 34.0104800661349
240.0, elevID,1,  pos,0,  cmd, goto,1
245.0, elevID,0,  pos,9,  cmd, goto,8
251.0,Elev,1,  arrived at dest, 1, this call is done!, Elevator call,130.224911275492,-1,1,3,1, Done, dt, 120.77508872450801
251.0,Elev,1,  arrived at dest, 1, this call is done!, Elevator call,197.5359191292572,-1,1,3,1, Done, dt, 53.464080870742805
251.0, elevID,1,  pos,1,  cmd, goto,2
252.0,Elevator call,251.10444690749756,-1,-2,1,0, got allocated to elevator, 0
252.0,Elevator call,251.23593354161653,0,9,1,1, got allocated to elevator, 1
255.0,Elevator call,254.69771525200505,3,4,1,1, got allocated to elevator, 1
256.0, elevID,0,  pos,8,  cmd, goto,7
258.0,Elevator call,257.7974435335086,-1,0,1,1, got allocated to elevator, 1
262.0, elevID,1,  pos,2,  cmd, goto,3
267.0, elevID,0,  pos,7,  cmd, goto,6
273.0,Elev,1,  arrived at src, 3, Elevator call,254.69771525200505,3,4,2,1
273.0, elevID,1,  pos,3,  cmd, goto,4
278.0, elevID,0,  pos,6,  cmd, goto,5
284.0,Elev,1,  arrived at dest, 4, this call is done!, Elevator call,104.13701241869234,0,4,3,1, Done, dt, 179.86298758130766
284.0,Elev,1,  arrived at dest, 4, this call is done!, Elevator call,137.9515274326701,0,4,3,1, Done, dt, 146.0484725673299
284.0,Elev,1,  arrived at dest, 4, this call is done!, Elevator call,254.69771525200505,3,4,3,1, Done, dt, 29.302284747994946
284.0, elevID,1,  pos,4,  cmd, goto,5
289.0, elevID,0,  pos,5,  cmd, goto,4
295.0,Elev,1,  arrived at dest, 5, this call is done!, Elevator call,227.0798304557929,-1,5,3,1, Done, dt, 67.92016954420711
295.0, elevID,1,  pos,5,  cmd, goto,6
296.0,Elevator call,295.7943356681491,0,1,1,1, got allocated to elevator, 1
300.0, elevID,0,  pos,4,  cmd, goto,3
305.0,Elevator call,304.99843880775313,6,0,1,0, got allocated to elevator, 0
306.0,Elev,1,  arrived at dest, 6, this call is done!, Elevator call,143.91335838799415,0,6,3,1, Done, dt, 162.08664161200585
306.0,Elev,1,  arrived at dest, 6, this call is done!, Elevator call,170.0099620835246,0,6,3,1, Done, dt, 135.9900379164754
306.0, elevID,1,  pos,6,  cmd, goto,7
310.0,Elevator call,309.30053828560517,0,-1,1,0, got allocated to elevator, 0
311.0, elevID,0,  pos,3,  cmd, goto,2
313.0,Elevator call,312.30185564398687,0,-1,1,0, got allocated to elevator, 0
317.0,Elevator call,316.03237827404377,0,-1,1,0, got allocated to elevator, 0
317.0,Elev,1,  arrived at dest, 7, this call is done!, Elevator call,195.90869649656992,0,7,3,1, Done, dt, 121.09130350343008
317.0, elevID,1,  pos,7,  cmd, goto,8
320.0,Elevator call,319.90520204415634,6,5,1,0, got allocated to elevator, 0
321.0,Elevator call,320.97607492210807,-1,0,1,1, got allocated to elevator, 1
322.0,Elevator call,321.37040904796595,7,-1,1,0, got allocated to elevator, 0
322.0, elevID,0,  pos,2,  cmd, goto,1
328.0,Elev,1,  arrived at dest, 8, this call is done!, Elevator call,171.21173315221364,-1,8,3,1, Done, dt, 156.78826684778636
328.0, elevID,1,  pos,8,  cmd, goto,9
333.0,Elevator call,332.4267319393355,0,10,1,1, got allocated to elevator, 1
333.0, elevID,0,  pos,1,  cmd, goto,0
337.0,Elevator call,336.93043046159545,-1,0,1,1, got allocated to elevator, 1
339.0,Elev,1,  arrived at dest, 9, this call is done!, Elevator call,124.42557095980362,0,9,3,1, Done, dt, 214.57442904019638
339.0, elevID,1,  pos,9,  cmd, goto,10
344.0,Elev,0,  arrived at src, 0, Elevator call,232.95043623946805,0,-1,2,0
344.0,Elev,0,  arrived at src, 0, Elevator call,309.30053828560517,0,-1,2,0
344.0,Elev,0,  arrived at src, 0, Elevator call,312.30185564398687,0,-1,2,0
344.0,Elev,0,  arrived at src, 0, Elevator call,316.03237827404377,0,-1,2,0
344.0, elevID,0,  pos,0,  cmd, goto,-1
350.0, elevID,1,  pos,10,  cmd, goto,-2
355.0,Elev,0,  arrived at dest, -1, this call is done!, Elevator call,232.95043623946805,0,-1,3,0, Done, dt, 122.04956376053195
355.0,Elev,0,  arrived at src, -1, Elevator call,251.10444690749756,-1,-2,2,0
355.0,Elev,0,  arrived at dest, -1, this call is done!, Elevator call,309.30053828560517,0,-1,3,0, Done, dt, 45.69946171439483
355.0,Elev,0,  arrived at dest, -1, this call is done!, Elevator call,312.30185564398687,0,-1,3,0, Done, dt, 42.69814435601313
355.0,Elev,0,  arrived at dest, -1, this call is done!, Elevator call,316.03237827404377,0,-1,3,0, Done, dt, 38.967621725956235
355.0, elevID,0,  pos,-1,  cmd, goto,-2
366.0,Elev,0,  arrived at dest, -2, this call is done!, Elevator call,251.10444690749756,-1,-2,3,0, Done, dt, 114.89555309250244
366.0, elevID,0,  pos,-2,  cmd, goto,10
372.0, elevID,1,  pos,-2,  cmd, goto,-1
376.0,Elevator call,375.49048095381363,1,0,1,0, got allocated to elevator, 0
383.0,Elev,1,  arrived at src, -1, Elevator call,231.51578817426258,-1,0,2,1
383.0,Elev,1,  arrived at src, -1, Elevator call,257.7974435335086,-1,0,2,1
383.0,Elev,1,  arrived at src, -1, Elevator call,320.97607492210807,-1,0,2,1
383.0,Elev,1,  arrived at src, -1, Elevator call,336.93043046159545,-1,0,2,1
383.0, elevID,1,  pos,-1,  cmd, goto,0
388.0, elevID,0,  pos,10,  cmd, goto,9
393.0,Elevator call,392.5160764870397,0,5,1,1, got allocated to elevator, 1
394.0,Elev,1,  arrived at dest, 0, this call is done!, Elevator call,231.51578817426258,-1,0,3,1, Done, dt, 162.48421182573742
394.0,Elev,1,  arrived at src, 0, Elevator call,251.23593354161653,0,9,2,1
394.0,Elev,1,  arrived at dest, 0, this call is done!, Elevator call,257.7974435335086,-1,0,3,1, Done, dt, 136.2025564664914
394.0,Elev,1,  arrived at src, 0, Elevator call,295.7943356681491,0,1,2,1
394.0,Elev,1,  arrived at dest, 0, this call is done!, Elevator call,320.97607492210807,-1,0,3,1, Done, dt, 73.02392507789193
394.0,Elev,1,  arrived at src, 0, Elevator call,332.4267319393355,0,10,2,1
394.0,Elev,1,  arrived at dest, 0, this call is done!, Elevator call,336.93043046159545,-1,0,3,1, Done, dt, 57.06956953840455
394.0,Elev,1,  arrived at src, 0, Elevator call,392.5160764870397,0,5,2,1
394.0, elevID,1,  pos,0,  cmd, goto,1
399.0, elevID,0,  pos,9,  cmd, goto,8
405.0,Elev,1,  arrived at dest, 1, this call is done!, Elevator call,295.7943356681491,0,1,3,1, Done, dt, 109.20566433185093
405.0, elevID,1,  pos,1,  cmd, goto,2
406.0,Elevator call,405.1821140884023,-1,10,1,1, got allocated to elevator, 1
410.0, elevID,0,  pos,8,  cmd, goto,7
416.0, elevID,1,  pos,2,  cmd, goto,3
421.0,Elev,0,  arrived at src, 7, Elevator call,321.37040904796595,7,-1,2,0
421.0, elevID,0,  pos,7,  cmd, goto,6
427.0,Elevator call,426.8615805478589,2,0,1,0, got allocated to elevator, 0
427.0, elevID,1,  pos,3,  cmd, goto,4
432.0,Elev,0,  arrived at src, 6, Elevator call,304.99843880775313,6,0,2,0
432.0,Elev,0,  arrived at src, 6, Elevator call,319.90520204415634,6,5,2,0
432.0, elevID,0,  pos,6,  cmd, goto,5
438.0,Elevator call,437.17111576125836,1,0,1,0, got allocated to elevator, 0
438.0, elevID,1,  pos,4,  cmd, goto,5
443.0,Elev,0,  arrived at dest, 5, this call is done!, Elevator call,319.90520204415634,6,5,3,0, Done, dt, 123.09479795584366
443.0, elevID,0,  pos,5,  cmd, goto,4
449.0,Elev,1,  arrived at dest, 5, this call is done!, Elevator call,392.5160764870397,0,5,3,1, Done, dt, 56.4839235129603
449.0, elevID,1,  pos,5,  cmd, goto,6
454.0, elevID,0,  pos,4,  cmd, goto,3
460.0, elevID,1,  pos,6,  cmd, goto,7
465.0, elevID,0,  pos,3,  cmd, goto,2
471.0, elevID,1,  pos,7,  cmd, goto,8
473.0,Elevator call,472.7445473930129,10,-1,1,0, got allocated to elevator, 0
476.0,Elev,0,  arrived at src, 2, Elevator call,426.8615805478589,2,0,2,0
476.0, elevID,0,  pos,2,  cmd, goto,1
482.0, elevID,1,  pos,8,  cmd, goto,9
487.0,Elev,0,  arrived at src, 1, Elevator call,375.49048095381363,1,0,2,0
487.0,Elev,0,  arrived at src, 1, Elevator call,437.17111576125836,1,0,2,0
487.0, elevID,0,  pos,1,  cmd, goto,0
493.0,Elev,1,  arrived at dest, 9, this call is done!, Elevator call,251.23593354161653,0,9,3,1, Done, dt, 241.76406645838347
493.0, elevID,1,  pos,9,  cmd, goto,10
498.0,Elev,0,  arrived at dest, 0, this call is done!, Elevator call,304.99843880775313,6,0,3,0, Done, dt, 193.00156119224687
498.0,Elev,0,  arrived at dest, 0, this call is done!, Elevator call,375.49048095381363,1,0,3,0, Done, dt, 122.50951904618637
498.0,Elev,0,  arrived at dest, 0, this call is done!, Elevator call,426.8615805478589,2,0,3,0, Done, dt, 71.13841945214108
498.0,Elev,0,  arrived at dest, 0, this call is done!, Elevator call,437.17111576125836,1,0,3,0, Done, dt, 60.82888423874164
498.0, elevID,0,  pos,0,  cmd, goto,-1
501.0,Elevator call,500.3712044996745,8,-1,1,0, got allocated to elevator, 0
504.0,Elevator call,503.13847841893045,1,-1,1,0, got allocated to elevator, 0
504.0,Elev,1,  arrived at dest, 10, this call is done!, Elevator call,332.4267319393355,0,10,3,1, Done, dt, 171.57326806066447
504.0, elevID,1,  pos,10,  cmd, goto,-2
505.0,Elevator call,504.4317942159655,0,-1,1,0, got allocated to elevator, 0
509.0,Elev,0,  arrived at dest, -1, this call is done!, Elevator call,321.37040904796595,7,-1,3,0, Done, dt, 187.62959095203405
509.0, elevID,0,  pos,-1,  cmd, goto,-2
520.0, elevID,0,  pos,-2,  cmd, goto,10
526.0, elevID,1,  pos,-2,  cmd, goto,-1
530.0,Elevator call,529.6277472128405,3,-1,1,0, got allocated to elevator, 0
537.0,Elev,1,  arrived at src, -1, Elevator call,405.1821140884023,-1,10,2,1
537.0, elevID,1,  pos,-1,  cmd, goto,0
538.0,Elevator call,537.7866883694313,-1,6,1,1, got allocated to elevator, 1
542.0,Elev,0,  arrived at src, 10, Elevator call,472.7445473930129,10,-1,2,0
542.0, elevID,0,  pos,10,  cmd, goto,9
545.0,Elevator call,544.7880392034898,6,-1,1,0, got allocated to elevator, 0
548.0, elevID,1,  pos,0,  cmd, goto,1
553.0, elevID,0,  pos,9,  cmd, goto,8
555.0,Elevator call,554.0892922920482,4,0,1,0, got allocated to elevator, 0
558.0,Elevator call,557.2441390036331,10,0,1,0, got allocated to elevator, 0
559.0, elevID,1,  pos,1,  cmd, goto,2
564.0,Elev,0,  arrived at src, 8, Elevator call,500.3712044996745,8,-1,2,0
564.0, elevID,0,  pos,8,  cmd, goto,7
566.0,Elevator call,565.0195521745534,0,-1,1,0, got allocated to elevator, 0
570.0, elevID,1,  pos,2,  cmd, goto,3
575.0, elevID,0,  pos,7,  cmd, goto,6
581.0, elevID,1,  pos,3,  cmd, goto,4
582.0,Elevator call,581.8703090238192,0,3,1,1, got allocated to elevator, 1
586.0,Elev,0,  arrived at src, 6, Elevator call,544.7880392034898,6,-1,2,0
586.0, elevID,0,  pos,6,  cmd, goto,5
592.0, elevID,1,  pos,4,  cmd, goto,5
597.0,Elevator call,596.1232022872633,8,0,1,0, got allocated to elevator, 0
597.0, elevID,0,  pos,5,  cmd, goto,4
601.0,Elevator call,600.9312879686208,1,0,1,0, got allocated to elevator, 0
603.0, elevID,1,  pos,5,  cmd, goto,6
604.0,Elevator call,603.9342326983083,7,0,1,0, got allocated to elevator, 0
608.0,Elev,0,  arrived at src, 4, Elevator call,554.0892922920482,4,0,2,0
608.0, elevID,0,  pos,4,  cmd, goto,3
614.0, elevID,1,  pos,6,  cmd, goto,7
618.0,Elevator call,617.9628338542149,0,3,1,1, got allocated to elevator, 1
619.0,Elev,0,  arrived at src, 3, Elevator call,529.6277472128405,3,-1,2,0
619.0, elevID,0,  pos,3,  cmd, goto,2
620.0,Elevator call,619.6454196970012,9,0,1,0, got allocated to elevator, 0
625.0, elevID,1,  pos,7,  cmd, goto,8
627.0,Elevator call,626.2116172047942,0,1,1,1, got allocated to elevator, 1
630.0, elevID,0,  pos,2,  cmd, goto,1
636.0, elevID,1,  pos,8,  cmd, goto,9
641.0,Elev,0,  arrived at src, 1, Elevator call,503.13847841893045,1,-1,2,0
641.0,Elev,0,  arrived at src, 1, Elevator call,600.9312879686208,1,0,2,0
641.0, elevID,0,  pos,1,  cmd, goto,0
644.0,Elevator call,643.8547514955396,-1,2,1,1, got allocated to elevator, 1
647.0, elevID,1,  pos,9,  cmd, goto,10
652.0,Elev,0,  arrived at src, 0, Elevator call,504.4317942159655,0,-1,2,0
652.0,Elev,0,  arrived at dest, 0, this call is done!, Elevator call,554.0892922920482,4,0,3,0, Done, dt, 97.91070770795181
652.0,Elev,0,  arrived at src, 0, Elevator call,565.0195521745534,0,-1,2,0
652.0,Elev,0,  arrived at dest, 0, this call is done!, Elevator call,600.9312879686208,1,0,3,0, Done, dt, 51.068712031379164
652.0, elevID,0,  pos,0,  cmd, goto,-1
658.0,Elev,1,  arrived at dest, 10, this call is done!, Elevator call,405.1821140884023,-1,10,3,1, Done, dt, 252.81788591159773
658.0, elevID,1,  pos,10,  cmd, goto,-2
661.0,Elevator call,660.0732907797126,6,10,1,1, got allocated to elevator, 1
662.0,Elevator call,661.0420820268716,-1,3,1,1, got allocated to elevator, 1
663.0,Elevator call,662.1730527520776,-1,5,1,1, got allocated to elevator, 1
663.0,Elev,0,  arrived at dest, -1, this call is done!, Elevator call,472.7445473930129,10,-1,3,0, Done, dt, 190.2554526069871
663.0,Elev,0,  arrived at dest, -1, this call is done!, Elevator call,500.3712044996745,8,-1,3,0, Done, dt, 162.6287955003255
663.0,Elev,0,  arrived at dest, -1, this call is done!, Elevator call,503.13847841893045,1,-1,3,0, Done, dt, 159.86152158106955
663.0,Elev,0,  arrived at dest, -1, this call is done!, Elevator call,504.4317942159655,0,-1,3,0, Done, dt, 158.5682057840345
663.0,Elev,0,  arrived at dest, -1, this call is done!, Elevator call,529.6277472128405,3,-1,3,0, Done, dt, 133.37225278715948
663.0,Elev,0,  arrived at dest, -1, this call is done!, Elevator call,544.7880392034898,6,-1,3,0, Done, dt, 118.2119607965102
663.0,Elev,0,  arrived at dest, -1, this call is done!, Elevator call,565.0195521745534,0,-1,3,0, Done, dt, 97.98044782544662
663.0, elevID,0,  pos,-1,  cmd, goto,-2
666.0,Elevator call,665.1155548533167,-1,8,1,1, got allocated to elevator, 1
667.0,Elevator call,666.0340294605869,4,0,1,0, got allocated to elevator, 0
667.0,Elevator call,666.2411586665262,5,-1,1,0, got allocated to elevator, 0
673.0,Elevator call,672.677314157026,0,-1,1,0, got allocated to elevator, 0
674.0, elevID,0,  pos,-2,  cmd, goto,10
678.0,Elevator call,677.7341948387335,0,-1,1,0, got allocated to elevator, 0
679.0,Elevator call,678.9953584914538,-1,-2,1,0, got allocated to elevator, 0
680.0, elevID,1,  pos,-2,  cmd, goto,-1
691.0,Elev,1,  arrived at src, -1, Elevator call,537.7866883694313,-1,6,2,1
691.0,Elev,1,  arrived at src, -1, Elevator call,643.8547514955396,-1,2,2,1
691.0,Elev,1,  arrived at src, -1, Elevator call,661.0420820268716,-1,3,2,1
691.0,Elev,1,  arrived at src, -1, Elevator call,662.1730527520776,-1,5,2,1
691.0,Elev,1,  arrived at src, -1, Elevator call,665.1155548533167,-1,8,2,1
691.0, elevID,1,  pos,-1,  cmd, goto,0
696.0,Elevator call,695.2239881566923,0,10,1,1, got allocated to elevator, 1
696.0,Elev,0,  arrived at src, 10, Elevator call,557.2441390036331,10,0,2,0
696.0, elevID,0,  pos,10,  cmd, goto,9
702.0,Elev,1,  arrived at src, 0, Elevator call,581.8703090238192,0,3,2,1
702.0,Elev,1,  arrived at src, 0, Elevator call,617.9628338542149,0,3,2,1
702.0,Elev,1,  arrived at src, 0, Elevator call,626.2116172047942,0,1,2,1
702.0,Elev,1,  arrived at src, 0, Elevator call,695.2239881566923,0,10,2,1
702.0, elevID,1,  pos,0,  cmd, goto,1
707.0,Elevator call,706.1583474999188,-1,-2,1,0, got allocated to elevator, 0
707.0,Elev,0,  arrived at src, 9, Elevator call,619.6454196970012,9,0,2,0
707.0, elevID,0,  pos,9,  cmd, goto,8
711.0,Elevator call,710.3249770041223,0,1,1,1, got allocated to elevator, 1
713.0,Elev,1,  arrived at dest, 1, this call is done!, Elevator call,626.2116172047942,0,1,3,1, Done, dt, 86.78838279520585
713.0, elevID,1,  pos,1,  cmd, goto,2
714.0,Elevator call,713.0191971398395,1,0,1,0, got allocated to elevator, 0
714.0,Elevator call,713.2499766424826,10,-1,1,0, got allocated to elevator, 0
718.0,Elev,0,  arrived at src, 8, Elevator call,596.1232022872633,8,0,2,0
718.0, elevID,0,  pos,8,  cmd, goto,7
723.0,Elevator call,722.6161212799507,10,0,1,0, got allocated to elevator, 0
724.0,Elev,1,  arrived at dest, 2, this call is done!, Elevator call,643.8547514955396,-1,2,3,1, Done, dt, 80.14524850446037
724.0, elevID,1,  pos,2,  cmd, goto,3
728.0,Elevator call,727.514602863032,-1,0,1,1, got allocated to elevator, 1
729.0,Elev,0,  arrived at src, 7, Elevator call,603.9342326983083,7,0,2,0
729.0, elevID,0,  pos,7,  cmd, goto,6
733.0,Elevator call,732.9746341348998,6,-1,1,0, got allocated to elevator, 0
735.0,Elev,1,  arrived at dest, 3, this call is done!, Elevator call,581.8703090238192,0,3,3,1, Done, dt, 153.12969097618077
735.0,Elev,1,  arrived at dest, 3, this call is done!, Elevator call,617.9628338542149,0,3,3,1, Done, dt, 117.03716614578514
735.0,Elev,1,  arrived at dest, 3, this call is done!, Elevator call,661.0420820268716,-1,3,3,1, Done, dt, 73.95791797312836
735.0, elevID,1,  pos,3,  cmd, goto,4
738.0,Elevator call,737.314720213409,1,0,1,0, got allocated to elevator, 0
740.0,Elev,0,  arrived at src, 6, Elevator call,732.9746341348998,6,-1,2,0
740.0, elevID,0,  pos,6,  cmd, goto,5
746.0, elevID,1,  pos,4,  cmd, goto,5
751.0,Elev,0,  arrived at src, 5, Elevator call,666.2411586665262,5,-1,2,0
751.0, elevID,0,  pos,5,  cmd, goto,4
757.0,Elev,1,  arrived at dest, 5, this call is done!, Elevator call,662.1730527520776,-1,5,3,1, Done, dt, 94.82694724792236
757.0, elevID,1,  pos,5,  cmd, goto,6
762.0,Elev,0,  arrived at src, 4, Elevator call,666.0340294605869,4,0,2,0
762.0, elevID,0,  pos,4,  cmd, goto,3
768.0,Elev,1,  arrived at dest, 6, this call is done!, Elevator call,537.7866883694313,-1,6,3,1, Done, dt, 230.21331163056868
768.0,Elev,1,  arrived at src, 6, Elevator call,660.0732907797126,6,10,2,1
768.0, elevID,1,  pos,6,  cmd, goto,7
773.0, elevID,0,  pos,3,  cmd, goto,2
779.0, elevID,1,  pos,7,  cmd, goto,8
780.0,Elevator call,779.399691386574,-1,5,1,1, got allocated to elevator, 1
784.0, elevID,0,  pos,2,  cmd, goto,1
790.0,Elev,1,  arrived at dest, 8, this call is done!, Elevator call,665.1155548533167,-1,8,3,1, Done, dt, 124.88444514668333
790.0, elevID,1,  pos,8,  cmd, goto,9
795.0,Elev,0,  arrived at src, 1, Elevator call,713.0191971398395,1,0,2,0
795.0,Elev,0,  arrived at src, 1, Elevator call,737.314720213409,1,0,2,0
795.0, elevID,0,  pos,1,  cmd, goto,0
801.0, elevID,1,  pos,9,  cmd, goto,10
806.0,Elevator call,805.6754743307536,-1,-2,1,0, got allocated to elevator, 0
806.0,Elev,0,  arrived at dest, 0, this call is done!, Elevator call,557.2441390036331,10,0,3,0, Done, dt, 248.7558609963669
806.0,Elev,0,  arrived at dest, 0, this call is done!, Elevator call,596.1232022872633,8,0,3,0, Done, dt, 209.87679771273667
806.0,Elev,0,  arrived at dest, 0, this call is done!, Elevator call,603.9342326983083,7,0,3,0, Done, dt, 202.06576730169172
806.0,Elev,0,  arrived at dest, 0, this call is done!, Elevator call,619.6454196970012,9,0,3,0, Done, dt, 186.35458030299878
806.0,Elev,0,  arrived at dest, 0, this call is done!, Elevator call,666.0340294605869,4,0,3,0, Done, dt, 139.9659705394131
806.0,Elev,0,  arrived at src, 0, Elevator call,672.677314157026,0,-1,2,0
806.0,Elev,0,  arrived at src, 0, Elevator call,677.7341948387335,0,-1,2,0
806.0,Elev,0,  arrived at dest, 0, this call is done!, Elevator call,713.0191971398395,1,0,3,0, Done, dt, 92.98080286016045
806.0,Elev,0,  arrived at dest, 0, this call is done!, Elevator call,737.314720213409,1,0,3,0, Done, dt, 68.68527978659097
806.0, elevID,0,  pos,0,  cmd, goto,-1
811.0,Elevator call,810.4469089359914,2,0,1,0, got allocated to elevator, 0
812.0,Elev,1,  arrived at dest, 10, this call is done!, Elevator call,660.0732907797126,6,10,3,1, Done, dt, 151.92670922028742
812.0,Elev,1,  arrived at dest, 10, this call is done!, Elevator call,695.2239881566923,0,10,3,1, Done, dt, 116.77601184330774
812.0, elevID,1,  pos,10,  cmd, goto,-2
817.0,Elevator call,816.1516998390152,7,-1,1,0, got allocated to elevator, 0
817.0,Elev,0,  arrived at dest, -1, this call is done!, Elevator call,666.2411586665262,5,-1,3,0, Done, dt, 150.7588413334738
817.0,Elev,0,  arrived at dest, -1, this call is done!, Elevator call,672.677314157026,0,-1,3,0, Done, dt, 144.322685842974
817.0,Elev,0,  arrived at dest, -1, this call is done!, Elevator call,677.7341948387335,0,-1,3,0, Done, dt, 139.26580516126648
817.0,Elev,0,  arrived at src, -1, Elevator call,678.9953584914538,-1,-2,2,0
817.0,Elev,0,  arrived at src, -1, Elevator call,706.1583474999188,-1,-2,2,0
817.0,Elev,0,  arrived at dest, -1, this call is done!, Elevator call,732.9746341348998,6,-1,3,0, Done, dt, 84.02536586510018
817.0,Elev,0,  arrived at src, -1, Elevator call,805.6754743307536,-1,-2,2,0
817.0, elevID,0,  pos,-1,  cmd, goto,-2
826.0,Elevator call,825.4575184586336,7,0,1,0, got allocated to elevator, 0
828.0,Elev,0,  arrived at dest, -2, this call is done!, Elevator call,678.9953584914538,-1,-2,3,0, Done, dt, 149.00464150854623
828.0,Elev,0,  arrived at dest, -2, this call is done!, Elevator call,706.1583474999188,-1,-2,3,0, Done, dt, 121.84165250008118
828.0,Elev,0,  arrived at dest, -2, this call is done!, Elevator call,805.6754743307536,-1,-2,3,0, Done, dt, 22.32452566924644
828.0, elevID,0,  pos,-2,  cmd, goto,10
834.0, elevID,1,  pos,-2,  cmd, goto,-1
840.0,Elevator call,839.8525652620532,0,1,1,1, got allocated to elevator, 1
845.0,Elev,1,  arrived at src, -1, Elevator call,727.514602863032,-1,0,2,1
845.0,Elev,1,  arrived at src, -1, Elevator call,779.399691386574,-1,5,2,1
845.0, elevID,1,  pos,-1,  cmd, goto,0
850.0,Elev,0,  arrived at src, 10, Elevator call,713.2499766424826,10,-1,2,0
850.0,Elev,0,  arrived at src, 10, Elevator call,722.6161212799507,10,0,2,0
850.0, elevID,0,  pos,10,  cmd, goto,9
855.0,Elevator call,854.2002278085795,6,-1,1,0, got allocated to elevator, 0
856.0,Elev,1,  arrived at src, 0, Elevator call,710.3249770041223,0,1,2,1
856.0,Elev,1,  arrived at dest, 0, this call is done!, Elevator call,727.514602863032,-1,0,3,1, Done, dt, 128.485397136968
856.0,Elev,1,  arrived at src, 0, Elevator call,839.8525652620532,0,1,2,1
856.0, elevID,1,  pos,0,  cmd, goto,1
861.0, elevID,0,  pos,9,  cmd, goto,8
864.0,Elevator call,863.893291272948,0,-1,1,0, got allocated to elevator, 0
867.0,Elev,1,  arrived at dest, 1, this call is done!, Elevator call,710.3249770041223,0,1,3,1, Done, dt, 156.67502299587773
867.0,Elev,1,  arrived at dest, 1, this call is done!, Elevator call,839.8525652620532,0,1,3,1, Done, dt, 27.14743473794681
867.0, elevID,1,  pos,1,  cmd, goto,2
871.0,Elevator call,870.5053023797483,0,7,1,1, got allocated to elevator, 1
872.0, elevID,0,  pos,8,  cmd, goto,7
878.0, elevID,1,  pos,2,  cmd, goto,3
883.0,Elev,0,  arrived at src, 7, Elevator call,816.1516998390152,7,-1,2,0
883.0,Elev,0,  arrived at src, 7, Elevator call,825.4575184586336,7,0,2,0
883.0, elevID,0,  pos,7,  cmd, goto,6
887.0,Elevator call,886.5649993239458,-1,-2,1,0, got allocated to elevator, 0
889.0, elevID,1,  pos,3,  cmd, goto,4
893.0,Elevator call,892.5212150591021,9,-1,1,0, got allocated to elevator, 0
894.0,Elev,0,  arrived at src, 6, Elevator call,854.2002278085795,6,-1,2,0
894.0, elevID,0,  pos,6,  cmd, goto,5
900.0, elevID,1,  pos,4,  cmd, goto,5
905.0, elevID,0,  pos,5,  cmd, goto,4
911.0,Elevator call,910.5388559417848,6,5,1,0, got allocated to elevator, 0
911.0,Elev,1,  arrived at dest, 5, this call is done!, Elevator call,779.399691386574,-1,5,3,1, Done, dt, 131.60030861342602
911.0, elevID,1,  pos,5,  cmd, goto,6
916.0,Elevator call,915.9490574608818,4,-1,1,0, got allocated to elevator, 0
916.0,Elev,0,  arrived at src, 4, Elevator call,915.9490574608818,4,-1,2,0
916.0, elevID,0,  pos,4,  cmd, goto,3
922.0, elevID,1,  pos,6,  cmd, goto,7
927.0, elevID,0,  pos,3,  cmd, goto,2
933.0, elevID,1,  pos,7,  cmd, goto,8
934.0,Elevator call,933.8580452488764,7,5,1,0, got allocated to elevator, 0
938.0,Elev,0,  arrived at src, 2, Elevator call,810.4469089359914,2,0,2,0
938.0, elevID,0,  pos,2,  cmd, goto,1
944.0, elevID,1,  pos,8,  cmd, goto,9
949.0, elevID,0,  pos,1,  cmd, goto,0
955.0, elevID,1,  pos,9,  cmd, goto,10
960.0,Elev,0,  arrived at dest, 0, this call is done!, Elevator call,722.6161212799507,10,0,3,0, Done, dt, 237.38387872004932
960.0,Elev,0,  arrived at dest, 0, this call is done!, Elevator call,810.4469089359914,2,0,3,0, Done, dt, 149.55309106400864
960.0,Elev,0,  arrived at dest, 0, this call is done!, Elevator call,825.4575184586336,7,0,3,0, Done, dt, 134.54248154136644
960.0,Elev,0,  arrived at src, 0, Elevator call,863.893291272948,0,-1,2,0
960.0, elevID,0,  pos,0,  cmd, goto,-1
962.0,Elevator call,961.6862855708133,6,-1,1,0, got allocated to elevator, 0
966.0, elevID,1,  pos,10,  cmd, goto,-2
971.0,Elev,0,  arrived at dest, -1, this call is done!, Elevator call,713.2499766424826,10,-1,3,0, Done, dt, 257.7500233575174
971.0,Elev,0,  arrived at dest, -1, this call is done!, Elevator call,816.1516998390152,7,-1,3,0, Done, dt, 154.84830016098476
971.0,Elev,0,  arrived at dest, -1, this call is done!, Elevator call,854.2002278085795,6,-1,3,0, Done, dt, 116.79977219142052
971.0,Elev,0,  arrived at dest, -1, this call is done!, Elevator call,863.893291272948,0,-1,3,0, Done, dt, 107.10670872705202
971.0,Elev,0,  arrived at src, -1, Elevator call,886.5649993239458,-1,-2,2,0
971.0,Elev,0,  arrived at dest, -1, this call is done!, Elevator call,915.9490574608818,4,-1,3,0, Done, dt, 55.05094253911818
971.0, elevID,0,  pos,-1,  cmd, goto,-2
973.0,Elevator call,972.8032126022729,1,0,1,0, got allocated to elevator, 0
976.0,Elevator call,975.8361202753667,0,-1,1,0, got allocated to elevator, 0
979.0,Elevator call,978.5925148564796,10,0,1,0, got allocated to elevator, 0
979.0,Elevator call,978.6210500641439,10,-1,1,0, got allocated to elevator, 0
982.0,Elev,0,  arrived at dest, -2, this call is done!, Elevator call,886.5649993239458,-1,-2,3,0, Done, dt, 95.43500067605419
982.0, elevID,0,  pos,-2,  cmd, goto,10
985.0,Elevator call,984.1840185574983,7,0,1,0, got allocated to elevator, 0
988.0, elevID,1,  pos,-2,  cmd, goto,-1
999.0, elevID,1,  pos,-1,  cmd, goto,0
1000.0,************* Simulation Ended ************
Code Owners,207051707,208785154,  Case,2,  Total waiting time: 11215.792822120187,  average waiting time per call: 112.15792822120187,  unCompleted calls,10,  certificate, -3782849478
