**** The Simulator log: stage 2
0.0,OOP_Ex0_Elevator_Simulator
0.0,Simulated Building, ex0.simulator.Builging_A [-2,10]
0) ex0.simulator.Elevator_A, Elev_0, speed: 1.0, open/close: 2.0,  start/stop: 3.0
1) ex0.simulator.Elevator_A, Elev_1, speed: 1.0, open/close: 2.0,  start/stop: 3.0
0.0,Simulated Period starTime,0.0,  endTime,1000.0,  dt,1.0
0.0,Simulated  calls,Elevetor log, size: 100
0.0,**** Simulation starts!! ****
5.0,Elevator call,4.374727290393253,0,-1,1,0, got allocated to elevator, 0
5.0, elevID,0,  pos,-2,  cmd, goto,0
17.0,Elevator call,16.957882888088932,-1,0,1,1, got allocated to elevator, 1
17.0,Elev,0,  arrived at src, 0, Elevator call,4.374727290393253,0,-1,2,0
17.0, elevID,0,  pos,0,  cmd, goto,-1
17.0, elevID,1,  pos,-2,  cmd, goto,-1
23.0,Elevator call,22.094056301593582,0,-1,1,1, got allocated to elevator, 1
28.0,Elev,0,  arrived at dest, -1, this call is done!, Elevator call,4.374727290393253,0,-1,3,0, Done, dt, 23.625272709606747
28.0,Elev,1,  arrived at src, -1, Elevator call,16.957882888088932,-1,0,2,1
28.0, elevID,1,  pos,-1,  cmd, goto,0
39.0,Elev,1,  arrived at dest, 0, this call is done!, Elevator call,16.957882888088932,-1,0,3,1, Done, dt, 22.042117111911068
39.0,Elev,1,  arrived at src, 0, Elevator call,22.094056301593582,0,-1,2,1
39.0, elevID,1,  pos,0,  cmd, goto,-1
50.0,Elev,1,  arrived at dest, -1, this call is done!, Elevator call,22.094056301593582,0,-1,3,1, Done, dt, 27.905943698406418
86.0,Elevator call,85.5209666204754,3,2,1,0, got allocated to elevator, 0
86.0, elevID,0,  pos,-1,  cmd, goto,3
92.0,Elevator call,91.21019413453945,-1,-2,1,1, got allocated to elevator, 1
92.0,Elev,1,  arrived at src, -1, Elevator call,91.21019413453945,-1,-2,2,1
92.0, elevID,1,  pos,-1,  cmd, goto,-2
100.0,Elev,0,  arrived at src, 3, Elevator call,85.5209666204754,3,2,2,0
100.0, elevID,0,  pos,3,  cmd, goto,2
103.0,Elev,1,  arrived at dest, -2, this call is done!, Elevator call,91.21019413453945,-1,-2,3,1, Done, dt, 11.78980586546055
105.0,Elevator call,104.13701241869234,0,4,1,1, got allocated to elevator, 1
105.0, elevID,1,  pos,-2,  cmd, goto,0
110.0,Elevator call,109.21352909346587,-1,0,1,0, got allocated to elevator, 0
111.0,Elev,0,  arrived at dest, 2, this call is done!, Elevator call,85.5209666204754,3,2,3,0, Done, dt, 25.479033379524594
111.0, elevID,0,  pos,2,  cmd, goto,-1
115.0,Elevator call,114.39235096774041,3,0,1,1, got allocated to elevator, 1
117.0,Elev,1,  arrived at src, 0, Elevator call,104.13701241869234,0,4,2,1
117.0, elevID,1,  pos,0,  cmd, goto,4
124.0,Elev,0,  arrived at src, -1, Elevator call,109.21352909346587,-1,0,2,0
124.0, elevID,0,  pos,-1,  cmd, goto,0
125.0,Elevator call,124.42557095980362,0,9,1,1, got allocated to elevator, 1
131.0,Elevator call,130.02495678190564,8,10,1,1, got allocated to elevator, 1
131.0,Elevator call,130.224911275492,-1,1,1,0, got allocated to elevator, 0
131.0,Elev,1,  arrived at dest, 4, this call is done!, Elevator call,104.13701241869234,0,4,3,1, Done, dt, 26.862987581307664
131.0, elevID,1,  pos,4,  cmd, goto,3
135.0,Elev,0,  arrived at dest, 0, this call is done!, Elevator call,109.21352909346587,-1,0,3,0, Done, dt, 25.786470906534134
135.0, elevID,0,  pos,0,  cmd, goto,-1
138.0,Elevator call,137.9515274326701,0,4,1,0, got allocated to elevator, 0
142.0,Elev,1,  arrived at src, 3, Elevator call,114.39235096774041,3,0,2,1
142.0, elevID,1,  pos,3,  cmd, goto,0
144.0,Elevator call,143.91335838799415,0,6,1,0, got allocated to elevator, 0
146.0,Elev,0,  arrived at src, -1, Elevator call,130.224911275492,-1,1,2,0
146.0, elevID,0,  pos,-1,  cmd, goto,1
155.0,Elev,1,  arrived at dest, 0, this call is done!, Elevator call,114.39235096774041,3,0,3,1, Done, dt, 40.60764903225959
155.0,Elev,1,  arrived at src, 0, Elevator call,124.42557095980362,0,9,2,1
155.0, elevID,1,  pos,0,  cmd, goto,9
158.0,Elev,0,  arrived at dest, 1, this call is done!, Elevator call,130.224911275492,-1,1,3,0, Done, dt, 27.77508872450801
158.0, elevID,0,  pos,1,  cmd, goto,0
169.0,Elev,0,  arrived at src, 0, Elevator call,137.9515274326701,0,4,2,0
169.0,Elev,0,  arrived at src, 0, Elevator call,143.91335838799415,0,6,2,0
169.0, elevID,0,  pos,0,  cmd, goto,4
170.0,Elevator call,169.78458339380109,-1,0,1,0, got allocated to elevator, 0
171.0,Elevator call,170.0099620835246,0,6,1,0, got allocated to elevator, 0
172.0,Elevator call,171.21173315221364,-1,8,1,0, got allocated to elevator, 0
174.0,Elev,1,  arrived at dest, 9, this call is done!, Elevator call,124.42557095980362,0,9,3,1, Done, dt, 49.57442904019638
174.0, elevID,1,  pos,9,  cmd, goto,8
175.0,Elevator call,174.84385152106802,0,-1,1,0, got allocated to elevator, 0
183.0,Elev,0,  arrived at dest, 4, this call is done!, Elevator call,137.9515274326701,0,4,3,0, Done, dt, 45.048472567329895
183.0, elevID,0,  pos,4,  cmd, goto,0
185.0,Elev,1,  arrived at src, 8, Elevator call,130.02495678190564,8,10,2,1
185.0, elevID,1,  pos,8,  cmd, goto,10
188.0,Elevator call,187.11678617348463,-1,-2,1,0, got allocated to elevator, 0
188.0,Elevator call,187.7299317966884,-1,-2,1,0, got allocated to elevator, 0
196.0,Elevator call,195.90869649656992,0,7,1,0, got allocated to elevator, 0
197.0,Elev,0,  arrived at src, 0, Elevator call,170.0099620835246,0,6,2,0
197.0,Elev,0,  arrived at src, 0, Elevator call,174.84385152106802,0,-1,2,0
197.0,Elev,0,  arrived at src, 0, Elevator call,195.90869649656992,0,7,2,0
197.0, elevID,0,  pos,0,  cmd, goto,6
197.0,Elev,1,  arrived at dest, 10, this call is done!, Elevator call,130.02495678190564,8,10,3,1, Done, dt, 66.97504321809436
198.0,Elevator call,197.5359191292572,-1,1,1,0, got allocated to elevator, 0
206.0,Elevator call,205.9895199338651,-1,0,1,0, got allocated to elevator, 0
213.0,Elev,0,  arrived at dest, 6, this call is done!, Elevator call,143.91335838799415,0,6,3,0, Done, dt, 69.08664161200585
213.0,Elev,0,  arrived at dest, 6, this call is done!, Elevator call,170.0099620835246,0,6,3,0, Done, dt, 42.99003791647539
213.0, elevID,0,  pos,6,  cmd, goto,-1
228.0,Elevator call,227.0798304557929,-1,5,1,0, got allocated to elevator, 0
230.0,Elev,0,  arrived at src, -1, Elevator call,169.78458339380109,-1,0,2,0
230.0,Elev,0,  arrived at src, -1, Elevator call,171.21173315221364,-1,8,2,0
230.0,Elev,0,  arrived at dest, -1, this call is done!, Elevator call,174.84385152106802,0,-1,3,0, Done, dt, 55.15614847893198
230.0,Elev,0,  arrived at src, -1, Elevator call,187.11678617348463,-1,-2,2,0
230.0,Elev,0,  arrived at src, -1, Elevator call,187.7299317966884,-1,-2,2,0
230.0,Elev,0,  arrived at src, -1, Elevator call,197.5359191292572,-1,1,2,0
230.0,Elev,0,  arrived at src, -1, Elevator call,205.9895199338651,-1,0,2,0
230.0,Elev,0,  arrived at src, -1, Elevator call,227.0798304557929,-1,5,2,0
230.0, elevID,0,  pos,-1,  cmd, goto,0
232.0,Elevator call,231.51578817426258,-1,0,1,0, got allocated to elevator, 0
233.0,Elevator call,232.95043623946805,0,-1,1,0, got allocated to elevator, 0
241.0,Elev,0,  arrived at dest, 0, this call is done!, Elevator call,169.78458339380109,-1,0,3,0, Done, dt, 71.21541660619891
241.0,Elev,0,  arrived at dest, 0, this call is done!, Elevator call,205.9895199338651,-1,0,3,0, Done, dt, 35.0104800661349
241.0,Elev,0,  arrived at src, 0, Elevator call,232.95043623946805,0,-1,2,0
241.0, elevID,0,  pos,0,  cmd, goto,6
252.0,Elevator call,251.10444690749756,-1,-2,1,0, got allocated to elevator, 0
252.0,Elevator call,251.23593354161653,0,9,1,0, got allocated to elevator, 0
255.0,Elevator call,254.69771525200505,3,4,1,0, got allocated to elevator, 0
257.0, elevID,0,  pos,6,  cmd, goto,-1
258.0,Elevator call,257.7974435335086,-1,0,1,0, got allocated to elevator, 0
274.0,Elev,0,  arrived at src, -1, Elevator call,231.51578817426258,-1,0,2,0
274.0,Elev,0,  arrived at dest, -1, this call is done!, Elevator call,232.95043623946805,0,-1,3,0, Done, dt, 41.04956376053195
274.0,Elev,0,  arrived at src, -1, Elevator call,251.10444690749756,-1,-2,2,0
274.0,Elev,0,  arrived at src, -1, Elevator call,257.7974435335086,-1,0,2,0
274.0, elevID,0,  pos,-1,  cmd, goto,8
293.0,Elev,0,  arrived at dest, 8, this call is done!, Elevator call,171.21173315221364,-1,8,3,0, Done, dt, 121.78826684778636
293.0, elevID,0,  pos,8,  cmd, goto,0
296.0,Elevator call,295.7943356681491,0,1,1,0, got allocated to elevator, 0
305.0,Elevator call,304.99843880775313,6,0,1,1, got allocated to elevator, 1
305.0, elevID,1,  pos,10,  cmd, goto,6
310.0,Elevator call,309.30053828560517,0,-1,1,0, got allocated to elevator, 0
311.0,Elev,0,  arrived at dest, 0, this call is done!, Elevator call,231.51578817426258,-1,0,3,0, Done, dt, 79.48421182573742
311.0,Elev,0,  arrived at src, 0, Elevator call,251.23593354161653,0,9,2,0
311.0,Elev,0,  arrived at dest, 0, this call is done!, Elevator call,257.7974435335086,-1,0,3,0, Done, dt, 53.20255646649139
311.0,Elev,0,  arrived at src, 0, Elevator call,295.7943356681491,0,1,2,0
311.0,Elev,0,  arrived at src, 0, Elevator call,309.30053828560517,0,-1,2,0
311.0, elevID,0,  pos,0,  cmd, goto,-1
313.0,Elevator call,312.30185564398687,0,-1,1,0, got allocated to elevator, 0
317.0,Elevator call,316.03237827404377,0,-1,1,0, got allocated to elevator, 0
319.0,Elev,1,  arrived at src, 6, Elevator call,304.99843880775313,6,0,2,1
319.0, elevID,1,  pos,6,  cmd, goto,0
320.0,Elevator call,319.90520204415634,6,5,1,0, got allocated to elevator, 0
321.0,Elevator call,320.97607492210807,-1,0,1,0, got allocated to elevator, 0
322.0,Elevator call,321.37040904796595,7,-1,1,0, got allocated to elevator, 0
322.0,Elev,0,  arrived at dest, -1, this call is done!, Elevator call,309.30053828560517,0,-1,3,0, Done, dt, 12.699461714394829
322.0,Elev,0,  arrived at src, -1, Elevator call,320.97607492210807,-1,0,2,0
322.0, elevID,0,  pos,-1,  cmd, goto,-2
333.0,Elevator call,332.4267319393355,0,10,1,1, got allocated to elevator, 1
333.0,Elev,0,  arrived at dest, -2, this call is done!, Elevator call,187.11678617348463,-1,-2,3,0, Done, dt, 145.88321382651537
333.0,Elev,0,  arrived at dest, -2, this call is done!, Elevator call,187.7299317966884,-1,-2,3,0, Done, dt, 145.2700682033116
333.0,Elev,0,  arrived at dest, -2, this call is done!, Elevator call,251.10444690749756,-1,-2,3,0, Done, dt, 81.89555309250244
333.0, elevID,0,  pos,-2,  cmd, goto,-1
335.0,Elev,1,  arrived at dest, 0, this call is done!, Elevator call,304.99843880775313,6,0,3,1, Done, dt, 30.001561192246868
335.0,Elev,1,  arrived at src, 0, Elevator call,332.4267319393355,0,10,2,1
335.0, elevID,1,  pos,0,  cmd, goto,10
337.0,Elevator call,336.93043046159545,-1,0,1,0, got allocated to elevator, 0
344.0,Elev,0,  arrived at src, -1, Elevator call,336.93043046159545,-1,0,2,0
344.0, elevID,0,  pos,-1,  cmd, goto,-2
355.0, elevID,0,  pos,-2,  cmd, goto,0
355.0,Elev,1,  arrived at dest, 10, this call is done!, Elevator call,332.4267319393355,0,10,3,1, Done, dt, 22.573268060664475
367.0,Elev,0,  arrived at src, 0, Elevator call,312.30185564398687,0,-1,2,0
367.0,Elev,0,  arrived at src, 0, Elevator call,316.03237827404377,0,-1,2,0
367.0,Elev,0,  arrived at dest, 0, this call is done!, Elevator call,320.97607492210807,-1,0,3,0, Done, dt, 46.02392507789193
367.0,Elev,0,  arrived at dest, 0, this call is done!, Elevator call,336.93043046159545,-1,0,3,0, Done, dt, 30.06956953840455
367.0, elevID,0,  pos,0,  cmd, goto,7
376.0,Elevator call,375.49048095381363,1,0,1,0, got allocated to elevator, 0
384.0,Elev,0,  arrived at dest, 7, this call is done!, Elevator call,195.90869649656992,0,7,3,0, Done, dt, 188.09130350343008
384.0,Elev,0,  arrived at src, 7, Elevator call,321.37040904796595,7,-1,2,0
384.0, elevID,0,  pos,7,  cmd, goto,-1
393.0,Elevator call,392.5160764870397,0,5,1,0, got allocated to elevator, 0
402.0,Elev,0,  arrived at dest, -1, this call is done!, Elevator call,312.30185564398687,0,-1,3,0, Done, dt, 89.69814435601313
402.0,Elev,0,  arrived at dest, -1, this call is done!, Elevator call,316.03237827404377,0,-1,3,0, Done, dt, 85.96762172595623
402.0,Elev,0,  arrived at dest, -1, this call is done!, Elevator call,321.37040904796595,7,-1,3,0, Done, dt, 80.62959095203405
402.0, elevID,0,  pos,-1,  cmd, goto,0
406.0,Elevator call,405.1821140884023,-1,10,1,0, got allocated to elevator, 0
413.0,Elev,0,  arrived at src, 0, Elevator call,392.5160764870397,0,5,2,0
413.0, elevID,0,  pos,0,  cmd, goto,1
424.0,Elev,0,  arrived at dest, 1, this call is done!, Elevator call,197.5359191292572,-1,1,3,0, Done, dt, 226.4640808707428
424.0,Elev,0,  arrived at dest, 1, this call is done!, Elevator call,295.7943356681491,0,1,3,0, Done, dt, 128.20566433185093
424.0,Elev,0,  arrived at src, 1, Elevator call,375.49048095381363,1,0,2,0
424.0, elevID,0,  pos,1,  cmd, goto,-1
427.0,Elevator call,426.8615805478589,2,0,1,1, got allocated to elevator, 1
427.0, elevID,1,  pos,10,  cmd, goto,2
436.0,Elev,0,  arrived at src, -1, Elevator call,405.1821140884023,-1,10,2,0
436.0, elevID,0,  pos,-1,  cmd, goto,0
438.0,Elevator call,437.17111576125836,1,0,1,1, got allocated to elevator, 1
445.0,Elev,1,  arrived at src, 2, Elevator call,426.8615805478589,2,0,2,1
445.0, elevID,1,  pos,2,  cmd, goto,0
447.0,Elev,0,  arrived at dest, 0, this call is done!, Elevator call,375.49048095381363,1,0,3,0, Done, dt, 71.50951904618637
447.0, elevID,0,  pos,0,  cmd, goto,-1
457.0,Elev,1,  arrived at dest, 0, this call is done!, Elevator call,426.8615805478589,2,0,3,1, Done, dt, 30.13841945214108
457.0, elevID,1,  pos,0,  cmd, goto,1
458.0, elevID,0,  pos,-1,  cmd, goto,0
468.0,Elev,1,  arrived at src, 1, Elevator call,437.17111576125836,1,0,2,1
468.0, elevID,1,  pos,1,  cmd, goto,0
469.0, elevID,0,  pos,0,  cmd, goto,5
473.0,Elevator call,472.7445473930129,10,-1,1,0, got allocated to elevator, 0
479.0,Elev,1,  arrived at dest, 0, this call is done!, Elevator call,437.17111576125836,1,0,3,1, Done, dt, 41.82888423874164
484.0,Elev,0,  arrived at dest, 5, this call is done!, Elevator call,227.0798304557929,-1,5,3,0, Done, dt, 256.9201695442071
484.0,Elev,0,  arrived at dest, 5, this call is done!, Elevator call,392.5160764870397,0,5,3,0, Done, dt, 91.4839235129603
484.0, elevID,0,  pos,5,  cmd, goto,-1
500.0, elevID,0,  pos,-1,  cmd, goto,0
501.0,Elevator call,500.3712044996745,8,-1,1,0, got allocated to elevator, 0
504.0,Elevator call,503.13847841893045,1,-1,1,0, got allocated to elevator, 0
505.0,Elevator call,504.4317942159655,0,-1,1,1, got allocated to elevator, 1
505.0,Elev,1,  arrived at src, 0, Elevator call,504.4317942159655,0,-1,2,1
505.0, elevID,1,  pos,0,  cmd, goto,-1
511.0, elevID,0,  pos,0,  cmd, goto,-1
516.0,Elev,1,  arrived at dest, -1, this call is done!, Elevator call,504.4317942159655,0,-1,3,1, Done, dt, 11.56820578403449
522.0, elevID,0,  pos,-1,  cmd, goto,-2
530.0,Elevator call,529.6277472128405,3,-1,1,0, got allocated to elevator, 0
533.0, elevID,0,  pos,-2,  cmd, goto,0
538.0,Elevator call,537.7866883694313,-1,6,1,1, got allocated to elevator, 1
538.0,Elev,1,  arrived at src, -1, Elevator call,537.7866883694313,-1,6,2,1
538.0, elevID,1,  pos,-1,  cmd, goto,6
545.0,Elevator call,544.7880392034898,6,-1,1,1, got allocated to elevator, 1
545.0, elevID,0,  pos,0,  cmd, goto,9
555.0,Elevator call,554.0892922920482,4,0,1,1, got allocated to elevator, 1
555.0,Elev,1,  arrived at dest, 6, this call is done!, Elevator call,537.7866883694313,-1,6,3,1, Done, dt, 17.213311630568683
555.0,Elev,1,  arrived at src, 6, Elevator call,544.7880392034898,6,-1,2,1
555.0, elevID,1,  pos,6,  cmd, goto,-1
558.0,Elevator call,557.2441390036331,10,0,1,1, got allocated to elevator, 1
564.0,Elev,0,  arrived at dest, 9, this call is done!, Elevator call,251.23593354161653,0,9,3,0, Done, dt, 312.76406645838347
564.0, elevID,0,  pos,9,  cmd, goto,3
566.0,Elevator call,565.0195521745534,0,-1,1,0, got allocated to elevator, 0
572.0,Elev,1,  arrived at dest, -1, this call is done!, Elevator call,544.7880392034898,6,-1,3,1, Done, dt, 27.211960796510198
572.0, elevID,1,  pos,-1,  cmd, goto,4
580.0,Elev,0,  arrived at src, 3, Elevator call,254.69771525200505,3,4,2,0
580.0,Elev,0,  arrived at src, 3, Elevator call,529.6277472128405,3,-1,2,0
580.0, elevID,0,  pos,3,  cmd, goto,4
582.0,Elevator call,581.8703090238192,0,3,1,1, got allocated to elevator, 1
587.0,Elev,1,  arrived at src, 4, Elevator call,554.0892922920482,4,0,2,1
587.0, elevID,1,  pos,4,  cmd, goto,0
591.0,Elev,0,  arrived at dest, 4, this call is done!, Elevator call,254.69771525200505,3,4,3,0, Done, dt, 336.3022847479949
591.0, elevID,0,  pos,4,  cmd, goto,-1
597.0,Elevator call,596.1232022872633,8,0,1,1, got allocated to elevator, 1
601.0,Elevator call,600.9312879686208,1,0,1,1, got allocated to elevator, 1
601.0,Elev,1,  arrived at dest, 0, this call is done!, Elevator call,554.0892922920482,4,0,3,1, Done, dt, 46.910707707951815
601.0,Elev,1,  arrived at src, 0, Elevator call,581.8703090238192,0,3,2,1
601.0, elevID,1,  pos,0,  cmd, goto,10
604.0,Elevator call,603.9342326983083,7,0,1,1, got allocated to elevator, 1
606.0,Elev,0,  arrived at dest, -1, this call is done!, Elevator call,529.6277472128405,3,-1,3,0, Done, dt, 76.37225278715948
606.0, elevID,0,  pos,-1,  cmd, goto,0
617.0,Elev,0,  arrived at src, 0, Elevator call,565.0195521745534,0,-1,2,0
617.0, elevID,0,  pos,0,  cmd, goto,-1
618.0,Elevator call,617.9628338542149,0,3,1,1, got allocated to elevator, 1
620.0,Elevator call,619.6454196970012,9,0,1,1, got allocated to elevator, 1
621.0,Elev,1,  arrived at src, 10, Elevator call,557.2441390036331,10,0,2,1
621.0, elevID,1,  pos,10,  cmd, goto,0
627.0,Elevator call,626.2116172047942,0,1,1,1, got allocated to elevator, 1
628.0,Elev,0,  arrived at dest, -1, this call is done!, Elevator call,565.0195521745534,0,-1,3,0, Done, dt, 62.98044782544662
628.0, elevID,0,  pos,-1,  cmd, goto,0
639.0, elevID,0,  pos,0,  cmd, goto,-1
641.0,Elev,1,  arrived at dest, 0, this call is done!, Elevator call,557.2441390036331,10,0,3,1, Done, dt, 83.75586099636689
641.0,Elev,1,  arrived at src, 0, Elevator call,617.9628338542149,0,3,2,1
641.0,Elev,1,  arrived at src, 0, Elevator call,626.2116172047942,0,1,2,1
641.0, elevID,1,  pos,0,  cmd, goto,3
644.0,Elevator call,643.8547514955396,-1,2,1,0, got allocated to elevator, 0
650.0,Elev,0,  arrived at src, -1, Elevator call,643.8547514955396,-1,2,2,0
650.0, elevID,0,  pos,-1,  cmd, goto,0
654.0,Elev,1,  arrived at dest, 3, this call is done!, Elevator call,581.8703090238192,0,3,3,1, Done, dt, 72.12969097618077
654.0,Elev,1,  arrived at dest, 3, this call is done!, Elevator call,617.9628338542149,0,3,3,1, Done, dt, 36.037166145785136
654.0, elevID,1,  pos,3,  cmd, goto,8
661.0,Elevator call,660.0732907797126,6,10,1,0, got allocated to elevator, 0
661.0, elevID,0,  pos,0,  cmd, goto,-1
662.0,Elevator call,661.0420820268716,-1,3,1,1, got allocated to elevator, 1
663.0,Elevator call,662.1730527520776,-1,5,1,0, got allocated to elevator, 0
666.0,Elevator call,665.1155548533167,-1,8,1,1, got allocated to elevator, 1
667.0,Elevator call,666.0340294605869,4,0,1,1, got allocated to elevator, 1
667.0,Elevator call,666.2411586665262,5,-1,1,0, got allocated to elevator, 0
669.0,Elev,1,  arrived at src, 8, Elevator call,596.1232022872633,8,0,2,1
669.0, elevID,1,  pos,8,  cmd, goto,0
672.0,Elev,0,  arrived at src, -1, Elevator call,662.1730527520776,-1,5,2,0
672.0, elevID,0,  pos,-1,  cmd, goto,6
673.0,Elevator call,672.677314157026,0,-1,1,0, got allocated to elevator, 0
678.0,Elevator call,677.7341948387335,0,-1,1,0, got allocated to elevator, 0
679.0,Elevator call,678.9953584914538,-1,-2,1,1, got allocated to elevator, 1
687.0,Elev,1,  arrived at dest, 0, this call is done!, Elevator call,596.1232022872633,8,0,3,1, Done, dt, 90.87679771273667
687.0, elevID,1,  pos,0,  cmd, goto,1
689.0,Elev,0,  arrived at src, 6, Elevator call,319.90520204415634,6,5,2,0
689.0,Elev,0,  arrived at src, 6, Elevator call,660.0732907797126,6,10,2,0
689.0, elevID,0,  pos,6,  cmd, goto,5
696.0,Elevator call,695.2239881566923,0,10,1,0, got allocated to elevator, 0
698.0,Elev,1,  arrived at src, 1, Elevator call,600.9312879686208,1,0,2,1
698.0,Elev,1,  arrived at dest, 1, this call is done!, Elevator call,626.2116172047942,0,1,3,1, Done, dt, 71.78838279520585
698.0, elevID,1,  pos,1,  cmd, goto,0
700.0,Elev,0,  arrived at dest, 5, this call is done!, Elevator call,319.90520204415634,6,5,3,0, Done, dt, 380.09479795584366
700.0,Elev,0,  arrived at dest, 5, this call is done!, Elevator call,662.1730527520776,-1,5,3,0, Done, dt, 37.82694724792236
700.0,Elev,0,  arrived at src, 5, Elevator call,666.2411586665262,5,-1,2,0
700.0, elevID,0,  pos,5,  cmd, goto,7
707.0,Elevator call,706.1583474999188,-1,-2,1,1, got allocated to elevator, 1
709.0,Elev,1,  arrived at dest, 0, this call is done!, Elevator call,600.9312879686208,1,0,3,1, Done, dt, 108.06871203137916
709.0, elevID,1,  pos,0,  cmd, goto,7
711.0,Elevator call,710.3249770041223,0,1,1,1, got allocated to elevator, 1
712.0, elevID,0,  pos,7,  cmd, goto,1
714.0,Elevator call,713.0191971398395,1,0,1,0, got allocated to elevator, 0
714.0,Elevator call,713.2499766424826,10,-1,1,0, got allocated to elevator, 0
723.0,Elevator call,722.6161212799507,10,0,1,1, got allocated to elevator, 1
726.0,Elev,1,  arrived at src, 7, Elevator call,603.9342326983083,7,0,2,1
726.0, elevID,1,  pos,7,  cmd, goto,0
728.0,Elevator call,727.514602863032,-1,0,1,0, got allocated to elevator, 0
728.0,Elev,0,  arrived at src, 1, Elevator call,503.13847841893045,1,-1,2,0
728.0,Elev,0,  arrived at src, 1, Elevator call,713.0191971398395,1,0,2,0
728.0, elevID,0,  pos,1,  cmd, goto,0
733.0,Elevator call,732.9746341348998,6,-1,1,0, got allocated to elevator, 0
738.0,Elevator call,737.314720213409,1,0,1,0, got allocated to elevator, 0
739.0,Elev,0,  arrived at src, 0, Elevator call,672.677314157026,0,-1,2,0
739.0,Elev,0,  arrived at src, 0, Elevator call,677.7341948387335,0,-1,2,0
739.0,Elev,0,  arrived at src, 0, Elevator call,695.2239881566923,0,10,2,0
739.0,Elev,0,  arrived at dest, 0, this call is done!, Elevator call,713.0191971398395,1,0,3,0, Done, dt, 25.980802860160452
739.0, elevID,0,  pos,0,  cmd, goto,-1
743.0,Elev,1,  arrived at dest, 0, this call is done!, Elevator call,603.9342326983083,7,0,3,1, Done, dt, 139.06576730169172
743.0,Elev,1,  arrived at src, 0, Elevator call,710.3249770041223,0,1,2,1
743.0, elevID,1,  pos,0,  cmd, goto,3
750.0,Elev,0,  arrived at dest, -1, this call is done!, Elevator call,503.13847841893045,1,-1,3,0, Done, dt, 246.86152158106955
750.0,Elev,0,  arrived at dest, -1, this call is done!, Elevator call,666.2411586665262,5,-1,3,0, Done, dt, 83.75884133347381
750.0,Elev,0,  arrived at dest, -1, this call is done!, Elevator call,672.677314157026,0,-1,3,0, Done, dt, 77.32268584297401
750.0,Elev,0,  arrived at dest, -1, this call is done!, Elevator call,677.7341948387335,0,-1,3,0, Done, dt, 72.26580516126648
750.0,Elev,0,  arrived at src, -1, Elevator call,727.514602863032,-1,0,2,0
750.0, elevID,0,  pos,-1,  cmd, goto,0
756.0, elevID,1,  pos,3,  cmd, goto,9
761.0,Elev,0,  arrived at dest, 0, this call is done!, Elevator call,727.514602863032,-1,0,3,0, Done, dt, 33.485397136968004
761.0, elevID,0,  pos,0,  cmd, goto,1
772.0,Elev,0,  arrived at src, 1, Elevator call,737.314720213409,1,0,2,0
772.0, elevID,0,  pos,1,  cmd, goto,0
772.0,Elev,1,  arrived at src, 9, Elevator call,619.6454196970012,9,0,2,1
772.0, elevID,1,  pos,9,  cmd, goto,0
780.0,Elevator call,779.399691386574,-1,5,1,0, got allocated to elevator, 0
783.0,Elev,0,  arrived at dest, 0, this call is done!, Elevator call,737.314720213409,1,0,3,0, Done, dt, 45.68527978659097
783.0, elevID,0,  pos,0,  cmd, goto,-1
791.0,Elev,1,  arrived at dest, 0, this call is done!, Elevator call,619.6454196970012,9,0,3,1, Done, dt, 171.35458030299878
791.0, elevID,1,  pos,0,  cmd, goto,1
794.0,Elev,0,  arrived at src, -1, Elevator call,779.399691386574,-1,5,2,0
794.0, elevID,0,  pos,-1,  cmd, goto,6
802.0,Elev,1,  arrived at dest, 1, this call is done!, Elevator call,710.3249770041223,0,1,3,1, Done, dt, 91.67502299587773
802.0, elevID,1,  pos,1,  cmd, goto,-1
806.0,Elevator call,805.6754743307536,-1,-2,1,1, got allocated to elevator, 1
811.0,Elevator call,810.4469089359914,2,0,1,1, got allocated to elevator, 1
811.0,Elev,0,  arrived at src, 6, Elevator call,732.9746341348998,6,-1,2,0
811.0, elevID,0,  pos,6,  cmd, goto,10
814.0,Elev,1,  arrived at src, -1, Elevator call,661.0420820268716,-1,3,2,1
814.0,Elev,1,  arrived at src, -1, Elevator call,665.1155548533167,-1,8,2,1
814.0,Elev,1,  arrived at src, -1, Elevator call,678.9953584914538,-1,-2,2,1
814.0,Elev,1,  arrived at src, -1, Elevator call,706.1583474999188,-1,-2,2,1
814.0,Elev,1,  arrived at src, -1, Elevator call,805.6754743307536,-1,-2,2,1
814.0, elevID,1,  pos,-1,  cmd, goto,3
817.0,Elevator call,816.1516998390152,7,-1,1,0, got allocated to elevator, 0
825.0,Elev,0,  arrived at dest, 10, this call is done!, Elevator call,405.1821140884023,-1,10,3,0, Done, dt, 419.8178859115977
825.0,Elev,0,  arrived at src, 10, Elevator call,472.7445473930129,10,-1,2,0
825.0,Elev,0,  arrived at dest, 10, this call is done!, Elevator call,660.0732907797126,6,10,3,0, Done, dt, 164.92670922028742
825.0,Elev,0,  arrived at dest, 10, this call is done!, Elevator call,695.2239881566923,0,10,3,0, Done, dt, 129.77601184330774
825.0,Elev,0,  arrived at src, 10, Elevator call,713.2499766424826,10,-1,2,0
825.0, elevID,0,  pos,10,  cmd, goto,8
826.0,Elevator call,825.4575184586336,7,0,1,1, got allocated to elevator, 1
828.0,Elev,1,  arrived at dest, 3, this call is done!, Elevator call,661.0420820268716,-1,3,3,1, Done, dt, 166.95791797312836
828.0, elevID,1,  pos,3,  cmd, goto,-1
837.0,Elev,0,  arrived at src, 8, Elevator call,500.3712044996745,8,-1,2,0
837.0, elevID,0,  pos,8,  cmd, goto,3
840.0,Elevator call,839.8525652620532,0,1,1,1, got allocated to elevator, 1
842.0, elevID,1,  pos,-1,  cmd, goto,8
852.0, elevID,0,  pos,3,  cmd, goto,1
855.0,Elevator call,854.2002278085795,6,-1,1,0, got allocated to elevator, 0
861.0,Elev,1,  arrived at dest, 8, this call is done!, Elevator call,665.1155548533167,-1,8,3,1, Done, dt, 195.88444514668333
861.0, elevID,1,  pos,8,  cmd, goto,4
864.0,Elevator call,863.893291272948,0,-1,1,0, got allocated to elevator, 0
864.0, elevID,0,  pos,1,  cmd, goto,0
871.0,Elevator call,870.5053023797483,0,7,1,0, got allocated to elevator, 0
875.0,Elev,0,  arrived at src, 0, Elevator call,863.893291272948,0,-1,2,0
875.0,Elev,0,  arrived at src, 0, Elevator call,870.5053023797483,0,7,2,0
875.0, elevID,0,  pos,0,  cmd, goto,-1
875.0,Elev,1,  arrived at src, 4, Elevator call,666.0340294605869,4,0,2,1
875.0, elevID,1,  pos,4,  cmd, goto,0
886.0,Elev,0,  arrived at dest, -1, this call is done!, Elevator call,472.7445473930129,10,-1,3,0, Done, dt, 413.2554526069871
886.0,Elev,0,  arrived at dest, -1, this call is done!, Elevator call,500.3712044996745,8,-1,3,0, Done, dt, 385.6287955003255
886.0,Elev,0,  arrived at dest, -1, this call is done!, Elevator call,713.2499766424826,10,-1,3,0, Done, dt, 172.75002335751742
886.0,Elev,0,  arrived at dest, -1, this call is done!, Elevator call,732.9746341348998,6,-1,3,0, Done, dt, 153.02536586510018
886.0,Elev,0,  arrived at dest, -1, this call is done!, Elevator call,863.893291272948,0,-1,3,0, Done, dt, 22.106708727052023
886.0, elevID,0,  pos,-1,  cmd, goto,2
887.0,Elevator call,886.5649993239458,-1,-2,1,1, got allocated to elevator, 1
889.0,Elev,1,  arrived at dest, 0, this call is done!, Elevator call,666.0340294605869,4,0,3,1, Done, dt, 222.9659705394131
889.0,Elev,1,  arrived at src, 0, Elevator call,839.8525652620532,0,1,2,1
889.0, elevID,1,  pos,0,  cmd, goto,-1
893.0,Elevator call,892.5212150591021,9,-1,1,0, got allocated to elevator, 0
899.0,Elev,0,  arrived at dest, 2, this call is done!, Elevator call,643.8547514955396,-1,2,3,0, Done, dt, 255.14524850446037
899.0, elevID,0,  pos,2,  cmd, goto,-1
900.0,Elev,1,  arrived at src, -1, Elevator call,886.5649993239458,-1,-2,2,1
900.0, elevID,1,  pos,-1,  cmd, goto,-2
911.0,Elevator call,910.5388559417848,6,5,1,0, got allocated to elevator, 0
911.0,Elev,1,  arrived at dest, -2, this call is done!, Elevator call,678.9953584914538,-1,-2,3,1, Done, dt, 232.00464150854623
911.0,Elev,1,  arrived at dest, -2, this call is done!, Elevator call,706.1583474999188,-1,-2,3,1, Done, dt, 204.84165250008118
911.0,Elev,1,  arrived at dest, -2, this call is done!, Elevator call,805.6754743307536,-1,-2,3,1, Done, dt, 105.32452566924644
911.0,Elev,1,  arrived at dest, -2, this call is done!, Elevator call,886.5649993239458,-1,-2,3,1, Done, dt, 24.435000676054187
911.0, elevID,1,  pos,-2,  cmd, goto,-1
912.0, elevID,0,  pos,-1,  cmd, goto,5
916.0,Elevator call,915.9490574608818,4,-1,1,0, got allocated to elevator, 0
922.0, elevID,1,  pos,-1,  cmd, goto,-2
928.0,Elev,0,  arrived at dest, 5, this call is done!, Elevator call,779.399691386574,-1,5,3,0, Done, dt, 148.60030861342602
928.0, elevID,0,  pos,5,  cmd, goto,1
933.0, elevID,1,  pos,-2,  cmd, goto,0
934.0,Elevator call,933.8580452488764,7,5,1,0, got allocated to elevator, 0
942.0, elevID,0,  pos,1,  cmd, goto,0
945.0, elevID,1,  pos,0,  cmd, goto,1
953.0, elevID,0,  pos,0,  cmd, goto,-1
956.0,Elev,1,  arrived at dest, 1, this call is done!, Elevator call,839.8525652620532,0,1,3,1, Done, dt, 116.14743473794681
956.0, elevID,1,  pos,1,  cmd, goto,10
962.0,Elevator call,961.6862855708133,6,-1,1,1, got allocated to elevator, 1
964.0, elevID,0,  pos,-1,  cmd, goto,0
973.0,Elevator call,972.8032126022729,1,0,1,0, got allocated to elevator, 0
975.0, elevID,0,  pos,0,  cmd, goto,10
975.0,Elev,1,  arrived at src, 10, Elevator call,722.6161212799507,10,0,2,1
975.0, elevID,1,  pos,10,  cmd, goto,0
976.0,Elevator call,975.8361202753667,0,-1,1,0, got allocated to elevator, 0
979.0,Elevator call,978.5925148564796,10,0,1,0, got allocated to elevator, 0
979.0,Elevator call,978.6210500641439,10,-1,1,0, got allocated to elevator, 0
985.0,Elevator call,984.1840185574983,7,0,1,0, got allocated to elevator, 0
995.0,Elev,0,  arrived at src, 10, Elevator call,978.5925148564796,10,0,2,0
995.0,Elev,0,  arrived at src, 10, Elevator call,978.6210500641439,10,-1,2,0
995.0, elevID,0,  pos,10,  cmd, goto,6
995.0,Elev,1,  arrived at dest, 0, this call is done!, Elevator call,722.6161212799507,10,0,3,1, Done, dt, 272.3838787200493
995.0, elevID,1,  pos,0,  cmd, goto,-1
1000.0,************* Simulation Ended ************
Code Owners,207051707,208785154,  Case,2,  Total waiting time: 10651.792822120187,  average waiting time per call: 106.51792822120187,  unCompleted calls,15,  certificate, -3738007730
