**** The Simulator log: stage 2
0.0,OOP_Ex0_Elevator_Simulator
0.0,Simulated Building, ex0.simulator.Builging_A [-2,10]
0) ex0.simulator.Elevator_A, Elev_0, speed: 1.0, open/close: 2.0,  start/stop: 3.0
1) ex0.simulator.Elevator_A, Elev_1, speed: 1.0, open/close: 2.0,  start/stop: 3.0
0.0,Simulated Period starTime,0.0,  endTime,1000.0,  dt,1.0
0.0,Simulated  calls,Elevetor log, size: 100
0.0,**** Simulation starts!! ****
5.0, elevID,0,  pos,-2,  cmd, goto,0
5.0,Elevator call,4.374727290393253,0,-1,1,0, got allocated to elevator, 0
17.0, elevID,1,  pos,-2,  cmd, goto,-1
17.0,Elevator call,16.957882888088932,-1,0,1,1, got allocated to elevator, 1
17.0,Elev,0,  arrived at src, 0, Elevator call,4.374727290393253,0,-1,2,0
17.0, elevID,0,  pos,0,  cmd, goto,0
17.0, elevID,0,  pos,0,  cmd, goto,-1
23.0,Elevator call,22.094056301593582,0,-1,1,1, got allocated to elevator, 1
28.0,Elev,0,  arrived at dest, -1, this call is done!, Elevator call,4.374727290393253,0,-1,3,0, Done, dt, 23.625272709606747
28.0, elevID,0,  pos,-1,  cmd, goto,0
28.0,Elev,1,  arrived at src, -1, Elevator call,16.957882888088932,-1,0,2,1
28.0, elevID,1,  pos,-1,  cmd, goto,-1
28.0, elevID,1,  pos,-1,  cmd, goto,0
39.0,Elev,1,  arrived at dest, 0, this call is done!, Elevator call,16.957882888088932,-1,0,3,1, Done, dt, 22.042117111911068
39.0,Elev,1,  arrived at src, 0, Elevator call,22.094056301593582,0,-1,2,1
39.0, elevID,1,  pos,0,  cmd, goto,-1
50.0,Elev,1,  arrived at dest, -1, this call is done!, Elevator call,22.094056301593582,0,-1,3,1, Done, dt, 27.905943698406418
50.0, elevID,1,  pos,-1,  cmd, goto,0
86.0, elevID,0,  pos,0,  cmd, goto,3
86.0,Elevator call,85.5209666204754,3,2,1,0, got allocated to elevator, 0
92.0, elevID,1,  pos,0,  cmd, goto,-1
92.0,Elevator call,91.21019413453945,-1,-2,1,1, got allocated to elevator, 1
99.0,Elev,0,  arrived at src, 3, Elevator call,85.5209666204754,3,2,2,0
99.0, elevID,0,  pos,3,  cmd, goto,3
99.0, elevID,0,  pos,3,  cmd, goto,2
103.0,Elev,1,  arrived at src, -1, Elevator call,91.21019413453945,-1,-2,2,1
103.0, elevID,1,  pos,-1,  cmd, goto,-1
103.0, elevID,1,  pos,-1,  cmd, goto,-2
105.0,Elevator call,104.13701241869234,0,4,1,1, got allocated to elevator, 1
110.0, elevID,0,  pos,2,  cmd, goto,3
110.0,Elevator call,109.21352909346587,-1,0,1,0, got allocated to elevator, 0
114.0,Elev,1,  arrived at dest, -2, this call is done!, Elevator call,91.21019413453945,-1,-2,3,1, Done, dt, 22.78980586546055
114.0, elevID,1,  pos,-2,  cmd, goto,-1
115.0,Elevator call,114.39235096774041,3,0,1,1, got allocated to elevator, 1
121.0, elevID,0,  pos,3,  cmd, goto,3
121.0, elevID,0,  pos,3,  cmd, goto,2
125.0,Elevator call,124.42557095980362,0,9,1,0, got allocated to elevator, 0
125.0, elevID,1,  pos,-1,  cmd, goto,0
131.0,Elevator call,130.02495678190564,8,10,1,0, got allocated to elevator, 0
131.0,Elevator call,130.224911275492,-1,1,1,1, got allocated to elevator, 1
132.0,Elev,0,  arrived at dest, 2, this call is done!, Elevator call,85.5209666204754,3,2,3,0, Done, dt, 46.479033379524594
132.0, elevID,0,  pos,2,  cmd, goto,3
136.0,Elev,1,  arrived at src, 0, Elevator call,104.13701241869234,0,4,2,1
136.0, elevID,1,  pos,0,  cmd, goto,0
136.0, elevID,1,  pos,0,  cmd, goto,4
138.0,Elevator call,137.9515274326701,0,4,1,1, got allocated to elevator, 1
143.0, elevID,0,  pos,3,  cmd, goto,-1
144.0,Elevator call,143.91335838799415,0,6,1,0, got allocated to elevator, 0
150.0,Elev,1,  arrived at dest, 4, this call is done!, Elevator call,104.13701241869234,0,4,3,1, Done, dt, 45.862987581307664
150.0, elevID,1,  pos,4,  cmd, goto,0
157.0,Elev,0,  arrived at src, -1, Elevator call,109.21352909346587,-1,0,2,0
157.0, elevID,0,  pos,-1,  cmd, goto,-1
157.0, elevID,0,  pos,-1,  cmd, goto,0
164.0,Elev,1,  arrived at src, 0, Elevator call,137.9515274326701,0,4,2,1
164.0, elevID,1,  pos,0,  cmd, goto,3
168.0,Elev,0,  arrived at dest, 0, this call is done!, Elevator call,109.21352909346587,-1,0,3,0, Done, dt, 58.786470906534134
168.0,Elev,0,  arrived at src, 0, Elevator call,124.42557095980362,0,9,2,0
168.0,Elev,0,  arrived at src, 0, Elevator call,143.91335838799415,0,6,2,0
168.0, elevID,0,  pos,0,  cmd, goto,-1
170.0,Elevator call,169.78458339380109,-1,0,1,1, got allocated to elevator, 1
171.0,Elevator call,170.0099620835246,0,6,1,0, got allocated to elevator, 0
172.0,Elevator call,171.21173315221364,-1,8,1,1, got allocated to elevator, 1
175.0,Elevator call,174.84385152106802,0,-1,1,0, got allocated to elevator, 0
177.0,Elev,1,  arrived at src, 3, Elevator call,114.39235096774041,3,0,2,1
177.0, elevID,1,  pos,3,  cmd, goto,3
177.0, elevID,1,  pos,3,  cmd, goto,0
179.0, elevID,0,  pos,-1,  cmd, goto,0
188.0,Elevator call,187.11678617348463,-1,-2,1,1, got allocated to elevator, 1
188.0,Elevator call,187.7299317966884,-1,-2,1,0, got allocated to elevator, 0
190.0,Elev,0,  arrived at src, 0, Elevator call,170.0099620835246,0,6,2,0
190.0,Elev,0,  arrived at src, 0, Elevator call,174.84385152106802,0,-1,2,0
190.0, elevID,0,  pos,0,  cmd, goto,0
190.0, elevID,0,  pos,0,  cmd, goto,9
190.0,Elev,1,  arrived at dest, 0, this call is done!, Elevator call,114.39235096774041,3,0,3,1, Done, dt, 75.60764903225959
190.0, elevID,1,  pos,0,  cmd, goto,3
196.0,Elevator call,195.90869649656992,0,7,1,1, got allocated to elevator, 1
198.0,Elevator call,197.5359191292572,-1,1,1,0, got allocated to elevator, 0
203.0, elevID,1,  pos,3,  cmd, goto,-1
206.0,Elevator call,205.9895199338651,-1,0,1,1, got allocated to elevator, 1
209.0,Elev,0,  arrived at dest, 9, this call is done!, Elevator call,124.42557095980362,0,9,3,0, Done, dt, 84.57442904019638
209.0, elevID,0,  pos,9,  cmd, goto,0
217.0,Elev,1,  arrived at src, -1, Elevator call,130.224911275492,-1,1,2,1
217.0,Elev,1,  arrived at src, -1, Elevator call,169.78458339380109,-1,0,2,1
217.0,Elev,1,  arrived at src, -1, Elevator call,171.21173315221364,-1,8,2,1
217.0,Elev,1,  arrived at src, -1, Elevator call,187.11678617348463,-1,-2,2,1
217.0,Elev,1,  arrived at src, -1, Elevator call,205.9895199338651,-1,0,2,1
217.0, elevID,1,  pos,-1,  cmd, goto,-1
217.0, elevID,1,  pos,-1,  cmd, goto,1
228.0, elevID,0,  pos,0,  cmd, goto,8
228.0,Elevator call,227.0798304557929,-1,5,1,0, got allocated to elevator, 0
229.0,Elev,1,  arrived at dest, 1, this call is done!, Elevator call,130.224911275492,-1,1,3,1, Done, dt, 98.77508872450801
229.0, elevID,1,  pos,1,  cmd, goto,-1
232.0,Elevator call,231.51578817426258,-1,0,1,1, got allocated to elevator, 1
233.0,Elevator call,232.95043623946805,0,-1,1,0, got allocated to elevator, 0
241.0,Elev,1,  arrived at src, -1, Elevator call,231.51578817426258,-1,0,2,1
241.0, elevID,1,  pos,-1,  cmd, goto,0
246.0,Elev,0,  arrived at src, 8, Elevator call,130.02495678190564,8,10,2,0
246.0, elevID,0,  pos,8,  cmd, goto,8
246.0, elevID,0,  pos,8,  cmd, goto,10
252.0, elevID,1,  pos,0,  cmd, goto,0
252.0, elevID,1,  pos,0,  cmd, goto,4
252.0,Elevator call,251.10444690749756,-1,-2,1,1, got allocated to elevator, 1
252.0,Elevator call,251.23593354161653,0,9,1,1, got allocated to elevator, 1
255.0,Elevator call,254.69771525200505,3,4,1,1, got allocated to elevator, 1
258.0,Elevator call,257.7974435335086,-1,0,1,1, got allocated to elevator, 1
258.0,Elev,0,  arrived at dest, 10, this call is done!, Elevator call,130.02495678190564,8,10,3,0, Done, dt, 127.97504321809436
258.0, elevID,0,  pos,10,  cmd, goto,8
266.0,Elev,1,  arrived at dest, 4, this call is done!, Elevator call,137.9515274326701,0,4,3,1, Done, dt, 128.0484725673299
266.0, elevID,1,  pos,4,  cmd, goto,0
270.0, elevID,0,  pos,8,  cmd, goto,0
280.0,Elev,1,  arrived at dest, 0, this call is done!, Elevator call,169.78458339380109,-1,0,3,1, Done, dt, 110.21541660619891
280.0,Elev,1,  arrived at src, 0, Elevator call,195.90869649656992,0,7,2,1
280.0,Elev,1,  arrived at dest, 0, this call is done!, Elevator call,205.9895199338651,-1,0,3,1, Done, dt, 74.0104800661349
280.0,Elev,1,  arrived at dest, 0, this call is done!, Elevator call,231.51578817426258,-1,0,3,1, Done, dt, 48.48421182573742
280.0,Elev,1,  arrived at src, 0, Elevator call,251.23593354161653,0,9,2,1
280.0, elevID,1,  pos,0,  cmd, goto,-1
288.0,Elev,0,  arrived at src, 0, Elevator call,232.95043623946805,0,-1,2,0
288.0, elevID,0,  pos,0,  cmd, goto,0
288.0, elevID,0,  pos,0,  cmd, goto,6
291.0,Elev,1,  arrived at src, -1, Elevator call,251.10444690749756,-1,-2,2,1
291.0,Elev,1,  arrived at src, -1, Elevator call,257.7974435335086,-1,0,2,1
291.0, elevID,1,  pos,-1,  cmd, goto,-1
291.0, elevID,1,  pos,-1,  cmd, goto,8
296.0,Elevator call,295.7943356681491,0,1,1,1, got allocated to elevator, 1
304.0,Elev,0,  arrived at dest, 6, this call is done!, Elevator call,143.91335838799415,0,6,3,0, Done, dt, 160.08664161200585
304.0,Elev,0,  arrived at dest, 6, this call is done!, Elevator call,170.0099620835246,0,6,3,0, Done, dt, 133.9900379164754
304.0, elevID,0,  pos,6,  cmd, goto,0
305.0,Elevator call,304.99843880775313,6,0,1,0, got allocated to elevator, 0
310.0,Elevator call,309.30053828560517,0,-1,1,0, got allocated to elevator, 0
310.0,Elev,1,  arrived at dest, 8, this call is done!, Elevator call,171.21173315221364,-1,8,3,1, Done, dt, 138.78826684778636
310.0, elevID,1,  pos,8,  cmd, goto,-1
313.0,Elevator call,312.30185564398687,0,-1,1,0, got allocated to elevator, 0
317.0,Elevator call,316.03237827404377,0,-1,1,0, got allocated to elevator, 0
320.0,Elevator call,319.90520204415634,6,5,1,1, got allocated to elevator, 1
320.0,Elev,0,  arrived at src, 0, Elevator call,309.30053828560517,0,-1,2,0
320.0,Elev,0,  arrived at src, 0, Elevator call,312.30185564398687,0,-1,2,0
320.0,Elev,0,  arrived at src, 0, Elevator call,316.03237827404377,0,-1,2,0
320.0, elevID,0,  pos,0,  cmd, goto,0
320.0, elevID,0,  pos,0,  cmd, goto,-1
321.0,Elevator call,320.97607492210807,-1,0,1,1, got allocated to elevator, 1
322.0,Elevator call,321.37040904796595,7,-1,1,0, got allocated to elevator, 0
329.0,Elev,1,  arrived at src, -1, Elevator call,320.97607492210807,-1,0,2,1
329.0, elevID,1,  pos,-1,  cmd, goto,-1
329.0, elevID,1,  pos,-1,  cmd, goto,-2
331.0,Elev,0,  arrived at dest, -1, this call is done!, Elevator call,174.84385152106802,0,-1,3,0, Done, dt, 156.15614847893198
331.0,Elev,0,  arrived at src, -1, Elevator call,187.7299317966884,-1,-2,2,0
331.0,Elev,0,  arrived at src, -1, Elevator call,197.5359191292572,-1,1,2,0
331.0,Elev,0,  arrived at src, -1, Elevator call,227.0798304557929,-1,5,2,0
331.0,Elev,0,  arrived at dest, -1, this call is done!, Elevator call,232.95043623946805,0,-1,3,0, Done, dt, 98.04956376053195
331.0,Elev,0,  arrived at dest, -1, this call is done!, Elevator call,309.30053828560517,0,-1,3,0, Done, dt, 21.69946171439483
331.0,Elev,0,  arrived at dest, -1, this call is done!, Elevator call,312.30185564398687,0,-1,3,0, Done, dt, 18.69814435601313
331.0,Elev,0,  arrived at dest, -1, this call is done!, Elevator call,316.03237827404377,0,-1,3,0, Done, dt, 14.967621725956235
331.0, elevID,0,  pos,-1,  cmd, goto,0
333.0,Elevator call,332.4267319393355,0,10,1,0, got allocated to elevator, 0
337.0,Elevator call,336.93043046159545,-1,0,1,0, got allocated to elevator, 0
340.0,Elev,1,  arrived at dest, -2, this call is done!, Elevator call,187.11678617348463,-1,-2,3,1, Done, dt, 152.88321382651537
340.0,Elev,1,  arrived at dest, -2, this call is done!, Elevator call,251.10444690749756,-1,-2,3,1, Done, dt, 88.89555309250244
340.0, elevID,1,  pos,-2,  cmd, goto,-1
342.0,Elev,0,  arrived at src, 0, Elevator call,332.4267319393355,0,10,2,0
342.0, elevID,0,  pos,0,  cmd, goto,-1
351.0, elevID,1,  pos,-1,  cmd, goto,0
353.0,Elev,0,  arrived at src, -1, Elevator call,336.93043046159545,-1,0,2,0
353.0, elevID,0,  pos,-1,  cmd, goto,-1
353.0, elevID,0,  pos,-1,  cmd, goto,-2
362.0,Elev,1,  arrived at dest, 0, this call is done!, Elevator call,257.7974435335086,-1,0,3,1, Done, dt, 104.20255646649139
362.0,Elev,1,  arrived at src, 0, Elevator call,295.7943356681491,0,1,2,1
362.0,Elev,1,  arrived at dest, 0, this call is done!, Elevator call,320.97607492210807,-1,0,3,1, Done, dt, 41.02392507789193
362.0, elevID,1,  pos,0,  cmd, goto,0
362.0, elevID,1,  pos,0,  cmd, goto,7
364.0,Elev,0,  arrived at dest, -2, this call is done!, Elevator call,187.7299317966884,-1,-2,3,0, Done, dt, 176.2700682033116
364.0, elevID,0,  pos,-2,  cmd, goto,-1
375.0, elevID,0,  pos,-1,  cmd, goto,-1
375.0, elevID,0,  pos,-1,  cmd, goto,1
376.0,Elevator call,375.49048095381363,1,0,1,0, got allocated to elevator, 0
379.0,Elev,1,  arrived at dest, 7, this call is done!, Elevator call,195.90869649656992,0,7,3,1, Done, dt, 183.09130350343008
379.0, elevID,1,  pos,7,  cmd, goto,0
387.0,Elev,0,  arrived at dest, 1, this call is done!, Elevator call,197.5359191292572,-1,1,3,0, Done, dt, 189.4640808707428
387.0,Elev,0,  arrived at src, 1, Elevator call,375.49048095381363,1,0,2,0
387.0, elevID,0,  pos,1,  cmd, goto,-1
393.0,Elevator call,392.5160764870397,0,5,1,1, got allocated to elevator, 1
396.0,Elev,1,  arrived at src, 0, Elevator call,392.5160764870397,0,5,2,1
396.0, elevID,1,  pos,0,  cmd, goto,0
396.0, elevID,1,  pos,0,  cmd, goto,9
399.0, elevID,0,  pos,-1,  cmd, goto,-1
399.0, elevID,0,  pos,-1,  cmd, goto,5
406.0,Elevator call,405.1821140884023,-1,10,1,1, got allocated to elevator, 1
415.0,Elev,0,  arrived at dest, 5, this call is done!, Elevator call,227.0798304557929,-1,5,3,0, Done, dt, 187.9201695442071
415.0, elevID,0,  pos,5,  cmd, goto,-1
415.0,Elev,1,  arrived at dest, 9, this call is done!, Elevator call,251.23593354161653,0,9,3,1, Done, dt, 163.76406645838347
415.0, elevID,1,  pos,9,  cmd, goto,0
427.0,Elevator call,426.8615805478589,2,0,1,1, got allocated to elevator, 1
431.0, elevID,0,  pos,-1,  cmd, goto,6
434.0, elevID,1,  pos,0,  cmd, goto,3
438.0,Elevator call,437.17111576125836,1,0,1,0, got allocated to elevator, 0
447.0,Elev,1,  arrived at src, 3, Elevator call,254.69771525200505,3,4,2,1
447.0, elevID,1,  pos,3,  cmd, goto,3
447.0, elevID,1,  pos,3,  cmd, goto,4
448.0,Elev,0,  arrived at src, 6, Elevator call,304.99843880775313,6,0,2,0
448.0, elevID,0,  pos,6,  cmd, goto,6
448.0, elevID,0,  pos,6,  cmd, goto,0
458.0,Elev,1,  arrived at dest, 4, this call is done!, Elevator call,254.69771525200505,3,4,3,1, Done, dt, 203.30228474799495
458.0, elevID,1,  pos,4,  cmd, goto,3
464.0,Elev,0,  arrived at dest, 0, this call is done!, Elevator call,304.99843880775313,6,0,3,0, Done, dt, 159.00156119224687
464.0,Elev,0,  arrived at dest, 0, this call is done!, Elevator call,336.93043046159545,-1,0,3,0, Done, dt, 127.06956953840455
464.0,Elev,0,  arrived at dest, 0, this call is done!, Elevator call,375.49048095381363,1,0,3,0, Done, dt, 88.50951904618637
464.0, elevID,0,  pos,0,  cmd, goto,6
469.0, elevID,1,  pos,3,  cmd, goto,0
473.0,Elevator call,472.7445473930129,10,-1,1,0, got allocated to elevator, 0
480.0, elevID,0,  pos,6,  cmd, goto,7
482.0, elevID,1,  pos,0,  cmd, goto,0
482.0, elevID,1,  pos,0,  cmd, goto,1
491.0,Elev,0,  arrived at src, 7, Elevator call,321.37040904796595,7,-1,2,0
491.0, elevID,0,  pos,7,  cmd, goto,7
491.0, elevID,0,  pos,7,  cmd, goto,-1
493.0,Elev,1,  arrived at dest, 1, this call is done!, Elevator call,295.7943356681491,0,1,3,1, Done, dt, 197.20566433185093
493.0, elevID,1,  pos,1,  cmd, goto,0
501.0,Elevator call,500.3712044996745,8,-1,1,1, got allocated to elevator, 1
504.0,Elevator call,503.13847841893045,1,-1,1,0, got allocated to elevator, 0
504.0, elevID,1,  pos,0,  cmd, goto,6
505.0,Elevator call,504.4317942159655,0,-1,1,1, got allocated to elevator, 1
509.0,Elev,0,  arrived at dest, -1, this call is done!, Elevator call,321.37040904796595,7,-1,3,0, Done, dt, 187.62959095203405
509.0, elevID,0,  pos,-1,  cmd, goto,7
520.0,Elev,1,  arrived at src, 6, Elevator call,319.90520204415634,6,5,2,1
520.0, elevID,1,  pos,6,  cmd, goto,6
520.0, elevID,1,  pos,6,  cmd, goto,5
527.0, elevID,0,  pos,7,  cmd, goto,0
530.0,Elevator call,529.6277472128405,3,-1,1,0, got allocated to elevator, 0
531.0,Elev,1,  arrived at dest, 5, this call is done!, Elevator call,319.90520204415634,6,5,3,1, Done, dt, 211.09479795584366
531.0,Elev,1,  arrived at dest, 5, this call is done!, Elevator call,392.5160764870397,0,5,3,1, Done, dt, 138.4839235129603
531.0, elevID,1,  pos,5,  cmd, goto,6
538.0,Elevator call,537.7866883694313,-1,6,1,1, got allocated to elevator, 1
542.0, elevID,1,  pos,6,  cmd, goto,-1
544.0, elevID,0,  pos,0,  cmd, goto,0
544.0, elevID,0,  pos,0,  cmd, goto,10
545.0,Elevator call,544.7880392034898,6,-1,1,0, got allocated to elevator, 0
555.0,Elevator call,554.0892922920482,4,0,1,0, got allocated to elevator, 0
558.0,Elevator call,557.2441390036331,10,0,1,1, got allocated to elevator, 1
559.0,Elev,1,  arrived at src, -1, Elevator call,405.1821140884023,-1,10,2,1
559.0,Elev,1,  arrived at src, -1, Elevator call,537.7866883694313,-1,6,2,1
559.0, elevID,1,  pos,-1,  cmd, goto,-1
559.0, elevID,1,  pos,-1,  cmd, goto,10
564.0,Elev,0,  arrived at dest, 10, this call is done!, Elevator call,332.4267319393355,0,10,3,0, Done, dt, 231.57326806066447
564.0,Elev,0,  arrived at src, 10, Elevator call,472.7445473930129,10,-1,2,0
564.0, elevID,0,  pos,10,  cmd, goto,0
566.0,Elevator call,565.0195521745534,0,-1,1,1, got allocated to elevator, 1
580.0,Elev,1,  arrived at dest, 10, this call is done!, Elevator call,405.1821140884023,-1,10,3,1, Done, dt, 174.81788591159773
580.0,Elev,1,  arrived at src, 10, Elevator call,557.2441390036331,10,0,2,1
580.0, elevID,1,  pos,10,  cmd, goto,-1
582.0,Elevator call,581.8703090238192,0,3,1,0, got allocated to elevator, 0
584.0,Elev,0,  arrived at src, 0, Elevator call,581.8703090238192,0,3,2,0
584.0, elevID,0,  pos,0,  cmd, goto,1
595.0,Elev,0,  arrived at src, 1, Elevator call,437.17111576125836,1,0,2,0
595.0,Elev,0,  arrived at src, 1, Elevator call,503.13847841893045,1,-1,2,0
595.0, elevID,0,  pos,1,  cmd, goto,1
595.0, elevID,0,  pos,1,  cmd, goto,0
597.0,Elevator call,596.1232022872633,8,0,1,1, got allocated to elevator, 1
601.0,Elevator call,600.9312879686208,1,0,1,0, got allocated to elevator, 0
601.0, elevID,1,  pos,-1,  cmd, goto,2
604.0,Elevator call,603.9342326983083,7,0,1,1, got allocated to elevator, 1
606.0,Elev,0,  arrived at dest, 0, this call is done!, Elevator call,437.17111576125836,1,0,3,0, Done, dt, 168.82888423874164
606.0, elevID,0,  pos,0,  cmd, goto,1
614.0,Elev,1,  arrived at src, 2, Elevator call,426.8615805478589,2,0,2,1
614.0, elevID,1,  pos,2,  cmd, goto,2
614.0, elevID,1,  pos,2,  cmd, goto,0
617.0,Elev,0,  arrived at src, 1, Elevator call,600.9312879686208,1,0,2,0
617.0, elevID,0,  pos,1,  cmd, goto,10
618.0,Elevator call,617.9628338542149,0,3,1,0, got allocated to elevator, 0
620.0,Elevator call,619.6454196970012,9,0,1,0, got allocated to elevator, 0
626.0,Elev,1,  arrived at dest, 0, this call is done!, Elevator call,426.8615805478589,2,0,3,1, Done, dt, 199.13841945214108
626.0,Elev,1,  arrived at src, 0, Elevator call,504.4317942159655,0,-1,2,1
626.0,Elev,1,  arrived at dest, 0, this call is done!, Elevator call,557.2441390036331,10,0,3,1, Done, dt, 68.75586099636689
626.0,Elev,1,  arrived at src, 0, Elevator call,565.0195521745534,0,-1,2,1
626.0, elevID,1,  pos,0,  cmd, goto,2
627.0,Elevator call,626.2116172047942,0,1,1,1, got allocated to elevator, 1
636.0, elevID,0,  pos,10,  cmd, goto,10
636.0, elevID,0,  pos,10,  cmd, goto,-1
638.0, elevID,1,  pos,2,  cmd, goto,8
644.0,Elevator call,643.8547514955396,-1,2,1,1, got allocated to elevator, 1
654.0,Elev,1,  arrived at src, 8, Elevator call,500.3712044996745,8,-1,2,1
654.0,Elev,1,  arrived at src, 8, Elevator call,596.1232022872633,8,0,2,1
654.0, elevID,1,  pos,8,  cmd, goto,8
654.0, elevID,1,  pos,8,  cmd, goto,-1
657.0,Elev,0,  arrived at dest, -1, this call is done!, Elevator call,472.7445473930129,10,-1,3,0, Done, dt, 184.2554526069871
657.0,Elev,0,  arrived at dest, -1, this call is done!, Elevator call,503.13847841893045,1,-1,3,0, Done, dt, 153.86152158106955
657.0, elevID,0,  pos,-1,  cmd, goto,10
661.0,Elevator call,660.0732907797126,6,10,1,0, got allocated to elevator, 0
662.0,Elevator call,661.0420820268716,-1,3,1,0, got allocated to elevator, 0
663.0,Elevator call,662.1730527520776,-1,5,1,1, got allocated to elevator, 1
666.0,Elevator call,665.1155548533167,-1,8,1,0, got allocated to elevator, 0
667.0,Elevator call,666.0340294605869,4,0,1,1, got allocated to elevator, 1
667.0,Elevator call,666.2411586665262,5,-1,1,0, got allocated to elevator, 0
673.0,Elevator call,672.677314157026,0,-1,1,0, got allocated to elevator, 0
673.0,Elev,1,  arrived at dest, -1, this call is done!, Elevator call,500.3712044996745,8,-1,3,1, Done, dt, 172.6287955003255
673.0,Elev,1,  arrived at dest, -1, this call is done!, Elevator call,504.4317942159655,0,-1,3,1, Done, dt, 168.5682057840345
673.0,Elev,1,  arrived at dest, -1, this call is done!, Elevator call,565.0195521745534,0,-1,3,1, Done, dt, 107.98044782544662
673.0,Elev,1,  arrived at src, -1, Elevator call,643.8547514955396,-1,2,2,1
673.0,Elev,1,  arrived at src, -1, Elevator call,662.1730527520776,-1,5,2,1
673.0, elevID,1,  pos,-1,  cmd, goto,8
678.0, elevID,0,  pos,10,  cmd, goto,3
678.0,Elevator call,677.7341948387335,0,-1,1,0, got allocated to elevator, 0
679.0,Elevator call,678.9953584914538,-1,-2,1,1, got allocated to elevator, 1
692.0, elevID,1,  pos,8,  cmd, goto,-1
695.0,Elev,0,  arrived at src, 3, Elevator call,529.6277472128405,3,-1,2,0
695.0,Elev,0,  arrived at dest, 3, this call is done!, Elevator call,581.8703090238192,0,3,3,0, Done, dt, 113.12969097618077
695.0, elevID,0,  pos,3,  cmd, goto,3
695.0, elevID,0,  pos,3,  cmd, goto,-1
696.0,Elevator call,695.2239881566923,0,10,1,1, got allocated to elevator, 1
707.0,Elevator call,706.1583474999188,-1,-2,1,1, got allocated to elevator, 1
709.0,Elev,0,  arrived at dest, -1, this call is done!, Elevator call,529.6277472128405,3,-1,3,0, Done, dt, 179.37225278715948
709.0,Elev,0,  arrived at src, -1, Elevator call,661.0420820268716,-1,3,2,0
709.0,Elev,0,  arrived at src, -1, Elevator call,665.1155548533167,-1,8,2,0
709.0, elevID,0,  pos,-1,  cmd, goto,3
711.0, elevID,1,  pos,-1,  cmd, goto,-1
711.0, elevID,1,  pos,-1,  cmd, goto,6
711.0,Elevator call,710.3249770041223,0,1,1,1, got allocated to elevator, 1
714.0,Elevator call,713.0191971398395,1,0,1,1, got allocated to elevator, 1
714.0,Elevator call,713.2499766424826,10,-1,1,0, got allocated to elevator, 0
723.0, elevID,0,  pos,3,  cmd, goto,6
723.0,Elevator call,722.6161212799507,10,0,1,0, got allocated to elevator, 0
728.0, elevID,1,  pos,6,  cmd, goto,-1
728.0,Elevator call,727.514602863032,-1,0,1,1, got allocated to elevator, 1
733.0,Elevator call,732.9746341348998,6,-1,1,0, got allocated to elevator, 0
736.0,Elev,0,  arrived at src, 6, Elevator call,544.7880392034898,6,-1,2,0
736.0,Elev,0,  arrived at src, 6, Elevator call,660.0732907797126,6,10,2,0
736.0,Elev,0,  arrived at src, 6, Elevator call,732.9746341348998,6,-1,2,0
736.0, elevID,0,  pos,6,  cmd, goto,6
736.0, elevID,0,  pos,6,  cmd, goto,-1
738.0,Elevator call,737.314720213409,1,0,1,0, got allocated to elevator, 0
745.0,Elev,1,  arrived at src, -1, Elevator call,678.9953584914538,-1,-2,2,1
745.0,Elev,1,  arrived at src, -1, Elevator call,706.1583474999188,-1,-2,2,1
745.0,Elev,1,  arrived at src, -1, Elevator call,727.514602863032,-1,0,2,1
745.0, elevID,1,  pos,-1,  cmd, goto,-1
745.0, elevID,1,  pos,-1,  cmd, goto,6
753.0,Elev,0,  arrived at dest, -1, this call is done!, Elevator call,544.7880392034898,6,-1,3,0, Done, dt, 208.2119607965102
753.0,Elev,0,  arrived at dest, -1, this call is done!, Elevator call,732.9746341348998,6,-1,3,0, Done, dt, 20.025365865100184
753.0, elevID,0,  pos,-1,  cmd, goto,6
762.0,Elev,1,  arrived at dest, 6, this call is done!, Elevator call,537.7866883694313,-1,6,3,1, Done, dt, 224.21331163056868
762.0, elevID,1,  pos,6,  cmd, goto,-1
770.0, elevID,0,  pos,6,  cmd, goto,4
779.0, elevID,1,  pos,-1,  cmd, goto,8
780.0,Elevator call,779.399691386574,-1,5,1,1, got allocated to elevator, 1
782.0,Elev,0,  arrived at src, 4, Elevator call,554.0892922920482,4,0,2,0
782.0, elevID,0,  pos,4,  cmd, goto,4
782.0, elevID,0,  pos,4,  cmd, goto,0
796.0,Elev,0,  arrived at dest, 0, this call is done!, Elevator call,554.0892922920482,4,0,3,0, Done, dt, 241.91070770795181
796.0,Elev,0,  arrived at dest, 0, this call is done!, Elevator call,600.9312879686208,1,0,3,0, Done, dt, 195.06871203137916
796.0,Elev,0,  arrived at src, 0, Elevator call,617.9628338542149,0,3,2,0
796.0,Elev,0,  arrived at src, 0, Elevator call,672.677314157026,0,-1,2,0
796.0,Elev,0,  arrived at src, 0, Elevator call,677.7341948387335,0,-1,2,0
796.0, elevID,0,  pos,0,  cmd, goto,4
798.0, elevID,1,  pos,8,  cmd, goto,8
798.0, elevID,1,  pos,8,  cmd, goto,0
806.0,Elevator call,805.6754743307536,-1,-2,1,0, got allocated to elevator, 0
810.0, elevID,0,  pos,4,  cmd, goto,0
811.0,Elevator call,810.4469089359914,2,0,1,1, got allocated to elevator, 1
816.0,Elev,1,  arrived at dest, 0, this call is done!, Elevator call,596.1232022872633,8,0,3,1, Done, dt, 219.87679771273667
816.0,Elev,1,  arrived at src, 0, Elevator call,626.2116172047942,0,1,2,1
816.0,Elev,1,  arrived at src, 0, Elevator call,695.2239881566923,0,10,2,1
816.0,Elev,1,  arrived at src, 0, Elevator call,710.3249770041223,0,1,2,1
816.0,Elev,1,  arrived at dest, 0, this call is done!, Elevator call,727.514602863032,-1,0,3,1, Done, dt, 88.485397136968
816.0, elevID,1,  pos,0,  cmd, goto,8
817.0,Elevator call,816.1516998390152,7,-1,1,1, got allocated to elevator, 1
824.0, elevID,0,  pos,0,  cmd, goto,0
824.0, elevID,0,  pos,0,  cmd, goto,3
826.0,Elevator call,825.4575184586336,7,0,1,0, got allocated to elevator, 0
834.0, elevID,1,  pos,8,  cmd, goto,7
837.0,Elev,0,  arrived at dest, 3, this call is done!, Elevator call,617.9628338542149,0,3,3,0, Done, dt, 219.03716614578514
837.0,Elev,0,  arrived at dest, 3, this call is done!, Elevator call,661.0420820268716,-1,3,3,0, Done, dt, 175.95791797312836
837.0, elevID,0,  pos,3,  cmd, goto,0
840.0,Elevator call,839.8525652620532,0,1,1,0, got allocated to elevator, 0
845.0,Elev,1,  arrived at src, 7, Elevator call,603.9342326983083,7,0,2,1
845.0,Elev,1,  arrived at src, 7, Elevator call,816.1516998390152,7,-1,2,1
845.0, elevID,1,  pos,7,  cmd, goto,7
845.0, elevID,1,  pos,7,  cmd, goto,0
850.0,Elev,0,  arrived at src, 0, Elevator call,839.8525652620532,0,1,2,0
850.0, elevID,0,  pos,0,  cmd, goto,9
855.0,Elevator call,854.2002278085795,6,-1,1,1, got allocated to elevator, 1
862.0,Elev,1,  arrived at dest, 0, this call is done!, Elevator call,603.9342326983083,7,0,3,1, Done, dt, 258.0657673016917
862.0, elevID,1,  pos,0,  cmd, goto,7
864.0,Elevator call,863.893291272948,0,-1,1,1, got allocated to elevator, 1
869.0,Elev,0,  arrived at src, 9, Elevator call,619.6454196970012,9,0,2,0
869.0, elevID,0,  pos,9,  cmd, goto,9
869.0, elevID,0,  pos,9,  cmd, goto,0
871.0,Elevator call,870.5053023797483,0,7,1,0, got allocated to elevator, 0
879.0, elevID,1,  pos,7,  cmd, goto,0
887.0,Elevator call,886.5649993239458,-1,-2,1,0, got allocated to elevator, 0
888.0,Elev,0,  arrived at dest, 0, this call is done!, Elevator call,619.6454196970012,9,0,3,0, Done, dt, 268.3545803029988
888.0,Elev,0,  arrived at src, 0, Elevator call,870.5053023797483,0,7,2,0
888.0, elevID,0,  pos,0,  cmd, goto,9
893.0,Elevator call,892.5212150591021,9,-1,1,1, got allocated to elevator, 1
896.0,Elev,1,  arrived at src, 0, Elevator call,863.893291272948,0,-1,2,1
896.0, elevID,1,  pos,0,  cmd, goto,0
896.0, elevID,1,  pos,0,  cmd, goto,1
907.0, elevID,0,  pos,9,  cmd, goto,6
907.0,Elev,1,  arrived at dest, 1, this call is done!, Elevator call,626.2116172047942,0,1,3,1, Done, dt, 280.78838279520585
907.0,Elev,1,  arrived at dest, 1, this call is done!, Elevator call,710.3249770041223,0,1,3,1, Done, dt, 196.67502299587773
907.0,Elev,1,  arrived at src, 1, Elevator call,713.0191971398395,1,0,2,1
907.0, elevID,1,  pos,1,  cmd, goto,0
911.0,Elevator call,910.5388559417848,6,5,1,1, got allocated to elevator, 1
916.0,Elevator call,915.9490574608818,4,-1,1,0, got allocated to elevator, 0
918.0,Elev,1,  arrived at dest, 0, this call is done!, Elevator call,713.0191971398395,1,0,3,1, Done, dt, 204.98080286016045
918.0, elevID,1,  pos,0,  cmd, goto,-1
920.0, elevID,0,  pos,6,  cmd, goto,6
920.0, elevID,0,  pos,6,  cmd, goto,10
929.0,Elev,1,  arrived at src, -1, Elevator call,779.399691386574,-1,5,2,1
929.0,Elev,1,  arrived at dest, -1, this call is done!, Elevator call,816.1516998390152,7,-1,3,1, Done, dt, 112.84830016098476
929.0,Elev,1,  arrived at dest, -1, this call is done!, Elevator call,863.893291272948,0,-1,3,1, Done, dt, 65.10670872705202
929.0, elevID,1,  pos,-1,  cmd, goto,-1
929.0, elevID,1,  pos,-1,  cmd, goto,2
934.0,Elevator call,933.8580452488764,7,5,1,1, got allocated to elevator, 1
934.0,Elev,0,  arrived at dest, 10, this call is done!, Elevator call,660.0732907797126,6,10,3,0, Done, dt, 273.9267092202874
934.0,Elev,0,  arrived at src, 10, Elevator call,713.2499766424826,10,-1,2,0
934.0,Elev,0,  arrived at src, 10, Elevator call,722.6161212799507,10,0,2,0
934.0, elevID,0,  pos,10,  cmd, goto,6
942.0,Elev,1,  arrived at dest, 2, this call is done!, Elevator call,643.8547514955396,-1,2,3,1, Done, dt, 298.14524850446037
942.0,Elev,1,  arrived at src, 2, Elevator call,810.4469089359914,2,0,2,1
942.0, elevID,1,  pos,2,  cmd, goto,-1
948.0, elevID,0,  pos,6,  cmd, goto,-1
955.0, elevID,1,  pos,-1,  cmd, goto,-1
955.0, elevID,1,  pos,-1,  cmd, goto,5
962.0,Elevator call,961.6862855708133,6,-1,1,1, got allocated to elevator, 1
965.0,Elev,0,  arrived at dest, -1, this call is done!, Elevator call,672.677314157026,0,-1,3,0, Done, dt, 292.322685842974
965.0,Elev,0,  arrived at dest, -1, this call is done!, Elevator call,677.7341948387335,0,-1,3,0, Done, dt, 287.2658051612665
965.0,Elev,0,  arrived at dest, -1, this call is done!, Elevator call,713.2499766424826,10,-1,3,0, Done, dt, 251.75002335751742
965.0,Elev,0,  arrived at src, -1, Elevator call,805.6754743307536,-1,-2,2,0
965.0,Elev,0,  arrived at src, -1, Elevator call,886.5649993239458,-1,-2,2,0
965.0, elevID,0,  pos,-1,  cmd, goto,-1
965.0, elevID,0,  pos,-1,  cmd, goto,8
971.0,Elev,1,  arrived at dest, 5, this call is done!, Elevator call,662.1730527520776,-1,5,3,1, Done, dt, 308.82694724792236
971.0,Elev,1,  arrived at dest, 5, this call is done!, Elevator call,779.399691386574,-1,5,3,1, Done, dt, 191.60030861342602
971.0, elevID,1,  pos,5,  cmd, goto,-1
973.0,Elevator call,972.8032126022729,1,0,1,1, got allocated to elevator, 1
976.0,Elevator call,975.8361202753667,0,-1,1,1, got allocated to elevator, 1
979.0,Elevator call,978.5925148564796,10,0,1,0, got allocated to elevator, 0
979.0,Elevator call,978.6210500641439,10,-1,1,1, got allocated to elevator, 1
984.0,Elev,0,  arrived at dest, 8, this call is done!, Elevator call,665.1155548533167,-1,8,3,0, Done, dt, 318.88444514668333
984.0, elevID,0,  pos,8,  cmd, goto,-1
985.0,Elevator call,984.1840185574983,7,0,1,0, got allocated to elevator, 0
987.0, elevID,1,  pos,-1,  cmd, goto,4
1000.0,************* Simulation Ended ************
Code Owners,207051707,208785154,  Case,2,  Total waiting time: 15192.792822120191,  average waiting time per call: 151.9279282212019,  unCompleted calls,24,  certificate, -5105946664
